#Generations: 160
#Individuals: 6000
38.61
36.9336
35.5859
34.4054
33.3207
32.3531
31.4028
30.5414
29.7307
28.9605
28.2743
27.6443
27.0322
26.4573
25.8719
25.327
24.7861
24.2928
23.8037
23.3713
22.9233
22.5044
22.0911
21.6709
21.2709
20.8622
20.3873
19.9419
19.5
19.085
18.6527
18.229
17.8191
17.3812
16.9676
16.5692
16.2014
15.8434
15.4874
15.1178
14.7201
14.2993
13.9087
13.5222
13.1481
12.7918
12.4698
12.1665
11.8727
11.6166
11.3644
11.138
10.9253
10.7595
10.5954
10.4463
10.3043
10.1986
10.0958
10.0013
9.90829
9.81418
9.7282
9.63604
9.53617
9.43558
9.32071
9.17297
8.99899
8.80714
8.60849
8.41692
8.25461
8.12651
8.02595
7.93224
7.85444
7.79215
7.72726
7.66718
7.62771
7.59657
7.56364
7.53317
7.51601
7.50538
7.49679
7.48919
7.48189
7.47633
7.47249
7.46816
7.46192
7.45864
7.45834
7.45798
7.45747
7.45661
7.455
7.45223
7.44753
7.44174
7.4405
7.44017
7.44006
7.43994
7.43977
7.43942
7.43913
7.43872
7.43832
7.43734
7.43682
7.43607
7.43474
7.43348
7.43233
7.43088
7.42859
7.42689
7.42385
7.42022
7.41573
7.41045
7.40307
7.39318
7.38153
7.36547
7.35061
7.33353
7.31832
7.29987
7.28081
7.25954
7.24605
7.23477
7.21518
7.183
7.12646
7.03905
6.95812
6.91869
6.88291
6.82615
6.72465
6.59385
6.42286
6.36005
6.33331
6.28894
6.26515
6.2642
6.26306
6.26125
6.25811
6.25272
6.24406
6.2403
6.2403
6.2403
#
6.2403
6.2403
6.2403
6.2403
6.2403
6.2403
6.2403
6.2403
6.2403
6.2403
6.2403
6.2403
6.2403
6.2403
6.2403
6.2403
6.2403
6.2403
6.2403
6.2403
6.2403
6.2403
6.2403
6.2403
6.2403
6.2403
6.2403
6.2403
6.2403
6.2403
6.2403
6.2403
6.2403
6.2403
6.2403
6.2403
6.2403
6.2403
6.2403
6.2403
6.2403
6.2403
6.2403
6.2403
6.2403
6.2403
6.2403
6.2403
6.2403
6.2403
6.2403
6.2403
6.2403
6.2403
6.2403
6.2403
6.2403
6.2403
6.2403
6.2403
6.2403
6.2403
6.2403
6.2403
6.2403
6.2403
6.2403
6.2403
6.2403
6.2403
6.2403
6.2403
6.2403
6.2403
6.2403
6.2403
6.2403
6.2403
6.2403
6.2403
6.2403
6.2403
6.2403
6.2403
6.2403
6.2403
6.2403
6.2403
6.2403
6.2403
6.2403
6.2403
6.2403
6.2403
6.2403
6.2403
6.2403
6.2403
6.2403
6.2403
6.2403
6.2403
6.2403
6.2403
6.2403
6.2403
6.2403
6.2403
6.2403
6.2403
6.2403
6.2403
6.2403
6.2403
6.2403
6.2403
6.2403
6.2403
6.2403
6.2403
6.2403
6.2403
6.2403
6.2403
6.2403
6.2403
6.2403
6.2403
6.2403
6.2403
6.2403
6.2403
6.2403
6.2403
6.2403
6.2403
6.2403
6.2403
6.2403
6.2403
6.2403
6.2403
6.2403
6.2403
6.2403
6.2403
6.2403
6.2403
6.2403
6.2403
6.2403
6.2403
6.2403
6.2403
6.2403
6.2403
6.2403
6.2403
6.2403
6.2403
6.2403
6.2403
6.2403
6.2403
6.2403
6.2403
6.2403
6.2403
6.2403
6.2403
6.2403
6.2403
6.2403
6.2403
6.2403
6.2403
6.2403
6.2403
6.2403
6.2403
6.2403
6.2403
6.2403
6.2403
6.2403
6.2403
6.2403
6.2403
6.2403
6.2403
6.2403
6.2403
6.2403
6.2403
6.2403
6.2403
6.2403
6.2403
6.2403
6.2403
6.2403
6.2403
6.2403
6.2403
6.2403
6.2403
6.2403
6.2403
6.2403
6.2403
6.2403
6.2403
6.2403
6.2403
6.2403
6.2403
6.2403
6.2403
6.2403
6.2403
6.2403
6.2403
6.2403
6.2403
6.2403
6.2403
6.2403
6.2403
6.2403
6.2403
6.2403
6.2403
6.2403
6.2403
6.2403
6.2403
6.2403
6.2403
6.2403
6.2403
6.2403
6.2403
6.2403
6.2403
6.2403
6.2403
6.2403
6.2403
6.2403
6.2403
6.2403
6.2403
6.2403
6.2403
6.2403
6.2403
6.2403
6.2403
6.2403
6.2403
6.2403
6.2403
6.2403
6.2403
6.2403
6.2403
6.2403
6.2403
6.2403
6.2403
6.2403
6.2403
6.2403
6.2403
6.2403
6.2403
6.2403
6.2403
6.2403
6.2403
6.2403
6.2403
6.2403
6.2403
6.2403
6.2403
6.2403
6.2403
6.2403
6.2403
6.2403
6.2403
6.2403
6.2403
6.2403
6.2403
6.2403
6.2403
6.2403
6.2403
6.2403
6.2403
6.2403
6.2403
6.2403
6.2403
6.2403
6.2403
6.2403
6.2403
6.2403
6.2403
6.2403
6.2403
6.2403
6.2403
6.2403
6.2403
6.2403
6.2403
6.2403
6.2403
6.2403
6.2403
6.2403
6.2403
6.2403
6.2403
6.2403
6.2403
6.2403
6.2403
6.2403
6.2403
6.2403
6.2403
6.2403
6.2403
6.2403
6.2403
6.2403
6.2403
6.2403
6.2403
6.2403
6.2403
6.2403
6.2403
6.2403
6.2403
6.2403
6.2403
6.2403
6.2403
6.2403
6.2403
6.2403
6.2403
6.2403
6.2403
6.2403
6.2403
6.2403
6.2403
6.2403
6.2403
6.2403
6.2403
6.2403
6.2403
6.2403
6.2403
6.2403
6.2403
6.2403
6.2403
6.2403
6.2403
6.2403
6.2403
6.2403
6.2403
6.2403
6.2403
6.2403
6.2403
6.2403
6.2403
6.2403
6.2403
6.2403
6.2403
6.2403
6.2403
6.2403
6.2403
6.2403
6.2403
6.2403
6.2403
6.2403
6.2403
6.2403
6.2403
6.2403
6.2403
6.2403
6.2403
6.2403
6.2403
6.2403
6.2403
6.2403
6.2403
6.2403
6.2403
6.2403
6.2403
6.2403
6.2403
6.2403
6.2403
6.2403
6.2403
6.2403
6.2403
6.2403
6.2403
6.2403
6.2403
6.2403
6.2403
6.2403
6.2403
6.2403
6.2403
6.2403
6.2403
6.2403
6.2403
6.2403
6.2403
6.2403
6.2403
6.2403
6.2403
6.2403
6.2403
6.2403
6.2403
6.2403
6.2403
6.2403
6.2403
6.2403
6.2403
6.2403
6.2403
6.2403
6.2403
6.2403
6.2403
6.2403
6.2403
6.2403
6.2403
6.2403
6.2403
6.2403
6.2403
6.2403
6.2403
6.2403
6.2403
6.2403
6.2403
6.2403
6.2403
6.2403
6.2403
6.2403
6.2403
6.2403
6.2403
6.2403
6.2403
6.2403
6.2403
6.2403
6.2403
6.2403
6.2403
6.2403
6.2403
6.2403
6.2403
6.2403
6.2403
6.2403
6.2403
6.2403
6.2403
6.2403
6.2403
6.2403
6.2403
6.2403
6.2403
6.2403
6.2403
6.2403
6.2403
6.2403
6.2403
6.2403
6.2403
6.2403
6.2403
6.2403
6.2403
6.2403
6.2403
6.2403
6.2403
6.2403
6.2403
6.2403
6.2403
6.2403
6.2403
6.2403
6.2403
6.2403
6.2403
6.2403
6.2403
6.2403
6.2403
6.2403
6.2403
6.2403
6.2403
6.2403
6.2403
6.2403
6.2403
6.2403
6.2403
6.2403
6.2403
6.2403
6.2403
6.2403
6.2403
6.2403
6.2403
6.2403
6.2403
6.2403
6.2403
6.2403
6.2403
6.2403
6.2403
6.2403
6.2403
6.2403
6.2403
6.2403
6.2403
6.2403
6.2403
6.2403
6.2403
6.2403
6.2403
6.2403
6.2403
6.2403
6.2403
6.2403
6.2403
6.2403
6.2403
6.2403
6.2403
6.2403
6.2403
6.2403
6.2403
6.2403
6.2403
6.2403
6.2403
6.2403
6.2403
6.2403
6.2403
6.2403
6.2403
6.2403
6.2403
6.2403
6.2403
6.2403
6.2403
6.2403
6.2403
6.2403
6.2403
6.2403
6.2403
6.2403
6.2403
6.2403
6.2403
6.2403
6.2403
6.2403
6.2403
6.2403
6.2403
6.2403
6.2403
6.2403
6.2403
6.2403
6.2403
6.2403
6.2403
6.2403
6.2403
6.2403
6.2403
6.2403
6.2403
6.2403
6.2403
6.2403
6.2403
6.2403
6.2403
6.2403
6.2403
6.2403
6.2403
6.2403
6.2403
6.2403
6.2403
6.2403
6.2403
6.2403
6.2403
6.2403
6.2403
6.2403
6.2403
6.2403
6.2403
6.2403
6.2403
6.2403
6.2403
6.2403
6.2403
6.2403
6.2403
6.2403
6.2403
6.2403
6.2403
6.2403
6.2403
6.2403
6.2403
6.2403
6.2403
6.2403
6.2403
6.2403
6.2403
6.2403
6.2403
6.2403
6.2403
6.2403
6.2403
6.2403
6.2403
6.2403
6.2403
6.2403
6.2403
6.2403
6.2403
6.2403
6.2403
6.2403
6.2403
6.2403
6.2403
6.2403
6.2403
6.2403
6.2403
6.2403
6.2403
6.2403
6.2403
6.2403
6.2403
6.2403
6.2403
6.2403
6.2403
6.2403
6.2403
6.2403
6.2403
6.2403
6.2403
6.2403
6.2403
6.2403
6.2403
6.2403
6.2403
6.2403
6.2403
6.2403
6.2403
6.2403
6.2403
6.2403
6.2403
6.2403
6.2403
6.2403
6.2403
6.2403
6.2403
6.2403
6.2403
6.2403
6.2403
6.2403
6.2403
6.2403
6.2403
6.2403
6.2403
6.2403
6.2403
6.2403
6.2403
6.2403
6.2403
6.2403
6.2403
6.2403
6.2403
6.2403
6.2403
6.2403
6.2403
6.2403
6.2403
6.2403
6.2403
6.2403
6.2403
6.2403
6.2403
6.2403
6.2403
6.2403
6.2403
6.2403
6.2403
6.2403
6.2403
6.2403
6.2403
6.2403
6.2403
6.2403
6.2403
6.2403
6.2403
6.2403
6.2403
6.2403
6.2403
6.2403
6.2403
6.2403
6.2403
6.2403
6.2403
6.2403
6.2403
6.2403
6.2403
6.2403
6.2403
6.2403
6.2403
6.2403
6.2403
6.2403
6.2403
6.2403
6.2403
6.2403
6.2403
6.2403
6.2403
6.2403
6.2403
6.2403
6.2403
6.2403
6.2403
6.2403
6.2403
6.2403
6.2403
6.2403
6.2403
6.2403
6.2403
6.2403
6.2403
6.2403
6.2403
6.2403
6.2403
6.2403
6.2403
6.2403
6.2403
6.2403
6.2403
6.2403
6.2403
6.2403
6.2403
6.2403
6.2403
6.2403
6.2403
6.2403
6.2403
6.2403
6.2403
6.2403
6.2403
6.2403
6.2403
6.2403
6.2403
6.2403
6.2403
6.2403
6.2403
6.2403
6.2403
6.2403
6.2403
6.2403
6.2403
6.2403
6.2403
6.2403
6.2403
6.2403
6.2403
6.2403
6.2403
6.2403
6.2403
6.2403
6.2403
6.2403
6.2403
6.2403
6.2403
6.2403
6.2403
6.2403
6.2403
6.2403
6.2403
6.2403
6.2403
6.2403
6.2403
6.2403
6.2403
6.2403
6.2403
6.2403
6.2403
6.2403
6.2403
6.2403
6.2403
6.2403
6.2403
6.2403
6.2403
6.2403
6.2403
6.2403
6.2403
6.2403
6.2403
6.2403
6.2403
6.2403
6.2403
6.2403
6.2403
6.2403
6.2403
6.2403
6.2403
6.2403
6.2403
6.2403
6.2403
6.2403
6.2403
6.2403
6.2403
6.2403
6.2403
6.2403
6.2403
6.2403
6.2403
6.2403
6.2403
6.2403
6.2403
6.2403
6.2403
6.2403
6.2403
6.2403
6.2403
6.2403
6.2403
6.2403
6.2403
6.2403
6.2403
6.2403
6.2403
6.2403
6.2403
6.2403
6.2403
6.2403
6.2403
6.2403
6.2403
6.2403
6.2403
6.2403
6.2403
6.2403
6.2403
6.2403
6.2403
6.2403
6.2403
6.2403
6.2403
6.2403
6.2403
6.2403
6.2403
6.2403
6.2403
6.2403
6.2403
6.2403
6.2403
6.2403
6.2403
6.2403
6.2403
6.2403
6.2403
6.2403
6.2403
6.2403
6.2403
6.2403
6.2403
6.2403
6.2403
6.2403
6.2403
6.2403
6.2403
6.2403
6.2403
6.2403
6.2403
6.2403
6.2403
6.2403
6.2403
6.2403
6.2403
6.2403
6.2403
6.2403
6.2403
6.2403
6.2403
6.2403
6.2403
6.2403
6.2403
6.2403
6.2403
6.2403
6.2403
6.2403
6.2403
6.2403
6.2403
6.2403
6.2403
6.2403
6.2403
6.2403
6.2403
6.2403
6.2403
6.2403
6.2403
6.2403
6.2403
6.2403
6.2403
6.2403
6.2403
6.2403
6.2403
6.2403
6.2403
6.2403
6.2403
6.2403
6.2403
6.2403
6.2403
6.2403
6.2403
6.2403
6.2403
6.2403
6.2403
6.2403
6.2403
6.2403
6.2403
6.2403
6.2403
6.2403
6.2403
6.2403
6.2403
6.2403
6.2403
6.2403
6.2403
6.2403
6.2403
6.2403
6.2403
6.2403
6.2403
6.2403
6.2403
6.2403
6.2403
6.2403
6.2403
6.2403
6.2403
6.2403
6.2403
6.2403
6.2403
6.2403
6.2403
6.2403
6.2403
6.2403
6.2403
6.2403
6.2403
6.2403
6.2403
6.2403
6.2403
6.2403
6.2403
6.2403
6.2403
6.2403
6.2403
6.2403
6.2403
6.2403
6.2403
6.2403
6.2403
6.2403
6.2403
6.2403
6.2403
6.2403
6.2403
6.2403
6.2403
6.2403
6.2403
6.2403
6.2403
6.2403
6.2403
6.2403
6.2403
6.2403
6.2403
6.2403
6.2403
6.2403
6.2403
6.2403
6.2403
6.2403
6.2403
6.2403
6.2403
6.2403
6.2403
6.2403
6.2403
6.2403
6.2403
6.2403
6.2403
6.2403
6.2403
6.2403
6.2403
6.2403
6.2403
6.2403
6.2403
6.2403
6.2403
6.2403
6.2403
6.2403
6.2403
6.2403
6.2403
6.2403
6.2403
6.2403
6.2403
6.2403
6.2403
6.2403
6.2403
6.2403
6.2403
6.2403
6.2403
6.2403
6.2403
6.2403
6.2403
6.2403
6.2403
6.2403
6.2403
6.2403
6.2403
6.2403
6.2403
6.2403
6.2403
6.2403
6.2403
6.2403
6.2403
6.2403
6.2403
6.2403
6.2403
6.2403
6.2403
6.2403
6.2403
6.2403
6.2403
6.2403
6.2403
6.2403
6.2403
6.2403
6.2403
6.2403
6.2403
6.2403
6.2403
6.2403
6.2403
6.2403
6.2403
6.2403
6.2403
6.2403
6.2403
6.2403
6.2403
6.2403
6.2403
6.2403
6.2403
6.2403
6.2403
6.2403
6.2403
6.2403
6.2403
6.2403
6.2403
6.2403
6.2403
6.2403
6.2403
6.2403
6.2403
6.2403
6.2403
6.2403
6.2403
6.2403
6.2403
6.2403
6.2403
6.2403
6.2403
6.2403
6.2403
6.2403
6.2403
6.2403
6.2403
6.2403
6.2403
6.2403
6.2403
6.2403
6.2403
6.2403
6.2403
6.2403
6.2403
6.2403
6.2403
6.2403
6.2403
6.2403
6.2403
6.2403
6.2403
6.2403
6.2403
6.2403
6.2403
6.2403
6.2403
6.2403
6.2403
6.2403
6.2403
6.2403
6.2403
6.2403
6.2403
6.2403
6.2403
6.2403
6.2403
6.2403
6.2403
6.2403
6.2403
6.2403
6.2403
6.2403
6.2403
6.2403
6.2403
6.2403
6.2403
6.2403
6.2403
6.2403
6.2403
6.2403
6.2403
6.2403
6.2403
6.2403
6.2403
6.2403
6.2403
6.2403
6.2403
6.2403
6.2403
6.2403
6.2403
6.2403
6.2403
6.2403
6.2403
6.2403
6.2403
6.2403
6.2403
6.2403
6.2403
6.2403
6.2403
6.2403
6.2403
6.2403
6.2403
6.2403
6.2403
6.2403
6.2403
6.2403
6.2403
6.2403
6.2403
6.2403
6.2403
6.2403
6.2403
6.2403
6.2403
6.2403
6.2403
6.2403
6.2403
6.2403
6.2403
6.2403
6.2403
6.2403
6.2403
6.2403
6.2403
6.2403
6.2403
6.2403
6.2403
6.2403
6.2403
6.2403
6.2403
6.2403
6.2403
6.2403
6.2403
6.2403
6.2403
6.2403
6.2403
6.2403
6.2403
6.2403
6.2403
6.2403
6.2403
6.2403
6.2403
6.2403
6.2403
6.2403
6.2403
6.2403
6.2403
6.2403
6.2403
6.2403
6.2403
6.2403
6.2403
6.2403
6.2403
6.2403
6.2403
6.2403
6.2403
6.2403
6.2403
6.2403
6.2403
6.2403
6.2403
6.2403
6.2403
6.2403
6.2403
6.2403
6.2403
6.2403
6.2403
6.2403
6.2403
6.2403
6.2403
6.2403
6.2403
6.2403
6.2403
6.2403
6.2403
6.2403
6.2403
6.2403
6.2403
6.2403
6.2403
6.2403
6.2403
6.2403
6.2403
6.2403
6.2403
6.2403
6.2403
6.2403
6.2403
6.2403
6.2403
6.2403
6.2403
6.2403
6.2403
6.2403
6.2403
6.2403
6.2403
6.2403
6.2403
6.2403
6.2403
6.2403
6.2403
6.2403
6.2403
6.2403
6.2403
6.2403
6.2403
6.2403
6.2403
6.2403
6.2403
6.2403
6.2403
6.2403
6.2403
6.2403
6.2403
6.2403
6.2403
6.2403
6.2403
6.2403
6.2403
6.2403
6.2403
6.2403
6.2403
6.2403
6.2403
6.2403
6.2403
6.2403
6.2403
6.2403
6.2403
6.2403
6.2403
6.2403
6.2403
6.2403
6.2403
6.2403
6.2403
6.2403
6.2403
6.2403
6.2403
6.2403
6.2403
6.2403
6.2403
6.2403
6.2403
6.2403
6.2403
6.2403
6.2403
6.2403
6.2403
6.2403
6.2403
6.2403
6.2403
6.2403
6.2403
6.2403
6.2403
6.2403
6.2403
6.2403
6.2403
6.2403
6.2403
6.2403
6.2403
6.2403
6.2403
6.2403
6.2403
6.2403
6.2403
6.2403
6.2403
6.2403
6.2403
6.2403
6.2403
6.2403
6.2403
6.2403
6.2403
6.2403
6.2403
6.2403
6.2403
6.2403
6.2403
6.2403
6.2403
6.2403
6.2403
6.2403
6.2403
6.2403
6.2403
6.2403
6.2403
6.2403
6.2403
6.2403
6.2403
6.2403
6.2403
6.2403
6.2403
6.2403
6.2403
6.2403
6.2403
6.2403
6.2403
6.2403
6.2403
6.2403
6.2403
6.2403
6.2403
6.2403
6.2403
6.2403
6.2403
6.2403
6.2403
6.2403
6.2403
6.2403
6.2403
6.2403
6.2403
6.2403
6.2403
6.2403
6.2403
6.2403
6.2403
6.2403
6.2403
6.2403
6.2403
6.2403
6.2403
6.2403
6.2403
6.2403
6.2403
6.2403
6.2403
6.2403
6.2403
6.2403
6.2403
6.2403
6.2403
6.2403
6.2403
6.2403
6.2403
6.2403
6.2403
6.2403
6.2403
6.2403
6.2403
6.2403
6.2403
6.2403
6.2403
6.2403
6.2403
6.2403
6.2403
6.2403
6.2403
6.2403
6.2403
6.2403
6.2403
6.2403
6.2403
6.2403
6.2403
6.2403
6.2403
6.2403
6.2403
6.2403
6.2403
6.2403
6.2403
6.2403
6.2403
6.2403
6.2403
6.2403
6.2403
6.2403
6.2403
6.2403
6.2403
6.2403
6.2403
6.2403
6.2403
6.2403
6.2403
6.2403
6.2403
6.2403
6.2403
6.2403
6.2403
6.2403
6.2403
6.2403
6.2403
6.2403
6.2403
6.2403
6.2403
6.2403
6.2403
6.2403
6.2403
6.2403
6.2403
6.2403
6.2403
6.2403
6.2403
6.2403
6.2403
6.2403
6.2403
6.2403
6.2403
6.2403
6.2403
6.2403
6.2403
6.2403
6.2403
6.2403
6.2403
6.2403
6.2403
6.2403
6.2403
6.2403
6.2403
6.2403
6.2403
6.2403
6.2403
6.2403
6.2403
6.2403
6.2403
6.2403
6.2403
6.2403
6.2403
6.2403
6.2403
6.2403
6.2403
6.2403
6.2403
6.2403
6.2403
6.2403
6.2403
6.2403
6.2403
6.2403
6.2403
6.2403
6.2403
6.2403
6.2403
6.2403
6.2403
6.2403
6.2403
6.2403
6.2403
6.2403
6.2403
6.2403
6.2403
6.2403
6.2403
6.2403
6.2403
6.2403
6.2403
6.2403
6.2403
6.2403
6.2403
6.2403
6.2403
6.2403
6.2403
6.2403
6.2403
6.2403
6.2403
6.2403
6.2403
6.2403
6.2403
6.2403
6.2403
6.2403
6.2403
6.2403
6.2403
6.2403
6.2403
6.2403
6.2403
6.2403
6.2403
6.2403
6.2403
6.2403
6.2403
6.2403
6.2403
6.2403
6.2403
6.2403
6.2403
6.2403
6.2403
6.2403
6.2403
6.2403
6.2403
6.2403
6.2403
6.2403
6.2403
6.2403
6.2403
6.2403
6.2403
6.2403
6.2403
6.2403
6.2403
6.2403
6.2403
6.2403
6.2403
6.2403
6.2403
6.2403
6.2403
6.2403
6.2403
6.2403
6.2403
6.2403
6.2403
6.2403
6.2403
6.2403
6.2403
6.2403
6.2403
6.2403
6.2403
6.2403
6.2403
6.2403
6.2403
6.2403
6.2403
6.2403
6.2403
6.2403
6.2403
6.2403
6.2403
6.2403
6.2403
6.2403
6.2403
6.2403
6.2403
6.2403
6.2403
6.2403
6.2403
6.2403
6.2403
6.2403
6.2403
6.2403
6.2403
6.2403
6.2403
6.2403
6.2403
6.2403
6.2403
6.2403
6.2403
6.2403
6.2403
6.2403
6.2403
6.2403
6.2403
6.2403
6.2403
6.2403
6.2403
6.2403
6.2403
6.2403
6.2403
6.2403
6.2403
6.2403
6.2403
6.2403
6.2403
6.2403
6.2403
6.2403
6.2403
6.2403
6.2403
6.2403
6.2403
6.2403
6.2403
6.2403
6.2403
6.2403
6.2403
6.2403
6.2403
6.2403
6.2403
6.2403
6.2403
6.2403
6.2403
6.2403
6.2403
6.2403
6.2403
6.2403
6.2403
6.2403
6.2403
6.2403
6.2403
6.2403
6.2403
6.2403
6.2403
6.2403
6.2403
6.2403
6.2403
6.2403
6.2403
6.2403
6.2403
6.2403
6.2403
6.2403
6.2403
6.2403
6.2403
6.2403
6.2403
6.2403
6.2403
6.2403
6.2403
6.2403
6.2403
6.2403
6.2403
6.2403
6.2403
6.2403
6.2403
6.2403
6.2403
6.2403
6.2403
6.2403
6.2403
6.2403
6.2403
6.2403
6.2403
6.2403
6.2403
6.2403
6.2403
6.2403
6.2403
6.2403
6.2403
6.2403
6.2403
6.2403
6.2403
6.2403
6.2403
6.2403
6.2403
6.2403
6.2403
6.2403
6.2403
6.2403
6.2403
6.2403
6.2403
6.2403
6.2403
6.2403
6.2403
6.2403
6.2403
6.2403
6.2403
6.2403
6.2403
6.2403
6.2403
6.2403
6.2403
6.2403
6.2403
6.2403
6.2403
6.2403
6.2403
6.2403
6.2403
6.2403
6.2403
6.2403
6.2403
6.2403
6.2403
6.2403
6.2403
6.2403
6.2403
6.2403
6.2403
6.2403
6.2403
6.2403
6.2403
6.2403
6.2403
6.2403
6.2403
6.2403
6.2403
6.2403
6.2403
6.2403
6.2403
6.2403
6.2403
6.2403
6.2403
6.2403
6.2403
6.2403
6.2403
6.2403
6.2403
6.2403
6.2403
6.2403
6.2403
6.2403
6.2403
6.2403
6.2403
6.2403
6.2403
6.2403
6.2403
6.2403
6.2403
6.2403
6.2403
6.2403
6.2403
6.2403
6.2403
6.2403
6.2403
6.2403
6.2403
6.2403
6.2403
6.2403
6.2403
6.2403
6.2403
6.2403
6.2403
6.2403
6.2403
6.2403
6.2403
6.2403
6.2403
6.2403
6.2403
6.2403
6.2403
6.2403
6.2403
6.2403
6.2403
6.2403
6.2403
6.2403
6.2403
6.2403
6.2403
6.2403
6.2403
6.2403
6.2403
6.2403
6.2403
6.2403
6.2403
6.2403
6.2403
6.2403
6.2403
6.2403
6.2403
6.2403
6.2403
6.2403
6.2403
6.2403
6.2403
6.2403
6.2403
6.2403
6.2403
6.2403
6.2403
6.2403
6.2403
6.2403
6.2403
6.2403
6.2403
6.2403
6.2403
6.2403
6.2403
6.2403
6.2403
6.2403
6.2403
6.2403
6.2403
6.2403
6.2403
6.2403
6.2403
6.2403
6.2403
6.2403
6.2403
6.2403
6.2403
6.2403
6.2403
6.2403
6.2403
6.2403
6.2403
6.2403
6.2403
6.2403
6.2403
6.2403
6.2403
6.2403
6.2403
6.2403
6.2403
6.2403
6.2403
6.2403
6.2403
6.2403
6.2403
6.2403
6.2403
6.2403
6.2403
6.2403
6.2403
6.2403
6.2403
6.2403
6.2403
6.2403
6.2403
6.2403
6.2403
6.2403
6.2403
6.2403
6.2403
6.2403
6.2403
6.2403
6.2403
6.2403
6.2403
6.2403
6.2403
6.2403
6.2403
6.2403
6.2403
6.2403
6.2403
6.2403
6.2403
6.2403
6.2403
6.2403
6.2403
6.2403
6.2403
6.2403
6.2403
6.2403
6.2403
6.2403
6.2403
6.2403
6.2403
6.2403
6.2403
6.2403
6.2403
6.2403
6.2403
6.2403
6.2403
6.2403
6.2403
6.2403
6.2403
6.2403
6.2403
6.2403
6.2403
6.2403
6.2403
6.2403
6.2403
6.2403
6.2403
6.2403
6.2403
6.2403
6.2403
6.2403
6.2403
6.2403
6.2403
6.2403
6.2403
6.2403
6.2403
6.2403
6.2403
6.2403
6.2403
6.2403
6.2403
6.2403
6.2403
6.2403
6.2403
6.2403
6.2403
6.2403
6.2403
6.2403
6.2403
6.2403
6.2403
6.2403
6.2403
6.2403
6.2403
6.2403
6.2403
6.2403
6.2403
6.2403
6.2403
6.2403
6.2403
6.2403
6.2403
6.2403
6.2403
6.2403
6.2403
6.2403
6.2403
6.2403
6.2403
6.2403
6.2403
6.2403
6.2403
6.2403
6.2403
6.2403
6.2403
6.2403
6.2403
6.2403
6.2403
6.2403
6.2403
6.2403
6.2403
6.2403
6.2403
6.2403
6.2403
6.2403
6.2403
6.2403
6.2403
6.2403
6.2403
6.2403
6.2403
6.2403
6.2403
6.2403
6.2403
6.2403
6.2403
6.2403
6.2403
6.2403
6.2403
6.2403
6.2403
6.2403
6.2403
6.2403
6.2403
6.2403
6.2403
6.2403
6.2403
6.2403
6.2403
6.2403
6.2403
6.2403
6.2403
6.2403
6.2403
6.2403
6.2403
6.2403
6.2403
6.2403
6.2403
6.2403
6.2403
6.2403
6.2403
6.2403
6.2403
6.2403
6.2403
6.2403
6.2403
6.2403
6.2403
6.2403
6.2403
6.2403
6.2403
6.2403
6.2403
6.2403
6.2403
6.2403
6.2403
6.2403
6.2403
6.2403
6.2403
6.2403
6.2403
6.2403
6.2403
6.2403
6.2403
6.2403
6.2403
6.2403
6.2403
6.2403
6.2403
6.2403
6.2403
6.2403
6.2403
6.2403
6.2403
6.2403
6.2403
6.2403
6.2403
6.2403
6.2403
6.2403
6.2403
6.2403
6.2403
6.2403
6.2403
6.2403
6.2403
6.2403
6.2403
6.2403
6.2403
6.2403
6.2403
6.2403
6.2403
6.2403
6.2403
6.2403
6.2403
6.2403
6.2403
6.2403
6.2403
6.2403
6.2403
6.2403
6.2403
6.2403
6.2403
6.2403
6.2403
6.2403
6.2403
6.2403
6.2403
6.2403
6.2403
6.2403
6.2403
6.2403
6.2403
6.2403
6.2403
6.2403
6.2403
6.2403
6.2403
6.2403
6.2403
6.2403
6.2403
6.2403
6.2403
6.2403
6.2403
6.2403
6.2403
6.2403
6.2403
6.2403
6.2403
6.2403
6.2403
6.2403
6.2403
6.2403
6.2403
6.2403
6.2403
6.2403
6.2403
6.2403
6.2403
6.2403
6.2403
6.2403
6.2403
6.2403
6.2403
6.2403
6.2403
6.2403
6.2403
6.2403
6.2403
6.2403
6.2403
6.2403
6.2403
6.2403
6.2403
6.2403
6.2403
6.2403
6.2403
6.2403
6.2403
6.2403
6.2403
6.2403
6.2403
6.2403
6.2403
6.2403
6.2403
6.2403
6.2403
6.2403
6.2403
6.2403
6.2403
6.2403
6.2403
6.2403
6.2403
6.2403
6.2403
6.2403
6.2403
6.2403
6.2403
6.2403
6.2403
6.2403
6.2403
6.2403
6.2403
6.2403
6.2403
6.2403
6.2403
6.2403
6.2403
6.2403
6.2403
6.2403
6.2403
6.2403
6.2403
6.2403
6.2403
6.2403
6.2403
6.2403
6.2403
6.2403
6.2403
6.2403
6.2403
6.2403
6.2403
6.2403
6.2403
6.2403
6.2403
6.2403
6.2403
6.2403
6.2403
6.2403
6.2403
6.2403
6.2403
6.2403
6.2403
6.2403
6.2403
6.2403
6.2403
6.2403
6.2403
6.2403
6.2403
6.2403
6.2403
6.2403
6.2403
6.2403
6.2403
6.2403
6.2403
6.2403
6.2403
6.2403
6.2403
6.2403
6.2403
6.2403
6.2403
6.2403
6.2403
6.2403
6.2403
6.2403
6.2403
6.2403
6.2403
6.2403
6.2403
6.2403
6.2403
6.2403
6.2403
6.2403
6.2403
6.2403
6.2403
6.2403
6.2403
6.2403
6.2403
6.2403
6.2403
6.2403
6.2403
6.2403
6.2403
6.2403
6.2403
6.2403
6.2403
6.2403
6.2403
6.2403
6.2403
6.2403
6.2403
6.2403
6.2403
6.2403
6.2403
6.2403
6.2403
6.2403
6.2403
6.2403
6.2403
6.2403
6.2403
6.2403
6.2403
6.2403
6.2403
6.2403
6.2403
6.2403
6.2403
6.2403
6.2403
6.2403
6.2403
6.2403
6.2403
6.2403
6.2403
6.2403
6.2403
6.2403
6.2403
6.2403
6.2403
6.2403
6.2403
6.2403
6.2403
6.2403
6.2403
6.2403
6.2403
6.2403
6.2403
6.2403
6.2403
6.2403
6.2403
6.2403
6.2403
6.2403
6.2403
6.2403
6.2403
6.2403
6.2403
6.2403
6.2403
6.2403
6.2403
6.2403
6.2403
6.2403
6.2403
6.2403
6.2403
6.2403
6.2403
6.2403
6.2403
6.2403
6.2403
6.2403
6.2403
6.2403
6.2403
6.2403
6.2403
6.2403
6.2403
6.2403
6.2403
6.2403
6.2403
6.2403
6.2403
6.2403
6.2403
6.2403
6.2403
6.2403
6.2403
6.2403
6.2403
6.2403
6.2403
6.2403
6.2403
6.2403
6.2403
6.2403
6.2403
6.2403
6.2403
6.2403
6.2403
6.2403
6.2403
6.2403
6.2403
6.2403
6.2403
6.2403
6.2403
6.2403
6.2403
6.2403
6.2403
6.2403
6.2403
6.2403
6.2403
6.2403
6.2403
6.2403
6.2403
6.2403
6.2403
6.2403
6.2403
6.2403
6.2403
6.2403
6.2403
6.2403
6.2403
6.2403
6.2403
6.2403
6.2403
6.2403
6.2403
6.2403
6.2403
6.2403
6.2403
6.2403
6.2403
6.2403
6.2403
6.2403
6.2403
6.2403
6.2403
6.2403
6.2403
6.2403
6.2403
6.2403
6.2403
6.2403
6.2403
6.2403
6.2403
6.2403
6.2403
6.2403
6.2403
6.2403
6.2403
6.2403
6.2403
6.2403
6.2403
6.2403
6.2403
6.2403
6.2403
6.2403
6.2403
6.2403
6.2403
6.2403
6.2403
6.2403
6.2403
6.2403
6.2403
6.2403
6.2403
6.2403
6.2403
6.2403
6.2403
6.2403
6.2403
6.2403
6.2403
6.2403
6.2403
6.2403
6.2403
6.2403
6.2403
6.2403
6.2403
6.2403
6.2403
6.2403
6.2403
6.2403
6.2403
6.2403
6.2403
6.2403
6.2403
6.2403
6.2403
6.2403
6.2403
6.2403
6.2403
6.2403
6.2403
6.2403
6.2403
6.2403
6.2403
6.2403
6.2403
6.2403
6.2403
6.2403
6.2403
6.2403
6.2403
6.2403
6.2403
6.2403
6.2403
6.2403
6.2403
6.2403
6.2403
6.2403
6.2403
6.2403
6.2403
6.2403
6.2403
6.2403
6.2403
6.2403
6.2403
6.2403
6.2403
6.2403
6.2403
6.2403
6.2403
6.2403
6.2403
6.2403
6.2403
6.2403
6.2403
6.2403
6.2403
6.2403
6.2403
6.2403
6.2403
6.2403
6.2403
6.2403
6.2403
6.2403
6.2403
6.2403
6.2403
6.2403
6.2403
6.2403
6.2403
6.2403
6.2403
6.2403
6.2403
6.2403
6.2403
6.2403
6.2403
6.2403
6.2403
6.2403
6.2403
6.2403
6.2403
6.2403
6.2403
6.2403
6.2403
6.2403
6.2403
6.2403
6.2403
6.2403
6.2403
6.2403
6.2403
6.2403
6.2403
6.2403
6.2403
6.2403
6.2403
6.2403
6.2403
6.2403
6.2403
6.2403
6.2403
6.2403
6.2403
6.2403
6.2403
6.2403
6.2403
6.2403
6.2403
6.2403
6.2403
6.2403
6.2403
6.2403
6.2403
6.2403
6.2403
6.2403
6.2403
6.2403
6.2403
6.2403
6.2403
6.2403
6.2403
6.2403
6.2403
6.2403
6.2403
6.2403
6.2403
6.2403
6.2403
6.2403
6.2403
6.2403
6.2403
6.2403
6.2403
6.2403
6.2403
6.2403
6.2403
6.2403
6.2403
6.2403
6.2403
6.2403
6.2403
6.2403
6.2403
6.2403
6.2403
6.2403
6.2403
6.2403
6.2403
6.2403
6.2403
6.2403
6.2403
6.2403
6.2403
6.2403
6.2403
6.2403
6.2403
6.2403
6.2403
6.2403
6.2403
6.2403
6.2403
6.2403
6.2403
6.2403
6.2403
6.2403
6.2403
6.2403
6.2403
6.2403
6.2403
6.2403
6.2403
6.2403
6.2403
6.2403
6.2403
6.2403
6.2403
6.2403
6.2403
6.2403
6.2403
6.2403
6.2403
6.2403
6.2403
6.2403
6.2403
6.2403
6.2403
6.2403
6.2403
6.2403
6.2403
6.2403
6.2403
6.2403
6.2403
6.2403
6.2403
6.2403
6.2403
6.2403
6.2403
6.2403
6.2403
6.2403
6.2403
6.2403
6.2403
6.2403
6.2403
6.2403
6.2403
6.2403
6.2403
6.2403
6.2403
6.2403
6.2403
6.2403
6.2403
6.2403
6.2403
6.2403
6.2403
6.2403
6.2403
6.2403
6.2403
6.2403
6.2403
6.2403
6.2403
6.2403
6.2403
6.2403
6.2403
6.2403
6.2403
6.2403
6.2403
6.2403
6.2403
6.2403
6.2403
6.2403
6.2403
6.2403
6.2403
6.2403
6.2403
6.2403
6.2403
6.2403
6.2403
6.2403
6.2403
6.2403
6.2403
6.2403
6.2403
6.2403
6.2403
6.2403
6.2403
6.2403
6.2403
6.2403
6.2403
6.2403
6.2403
6.2403
6.2403
6.2403
6.2403
6.2403
6.2403
6.2403
6.2403
6.2403
6.2403
6.2403
6.2403
6.2403
6.2403
6.2403
6.2403
6.2403
6.2403
6.2403
6.2403
6.2403
6.2403
6.2403
6.2403
6.2403
6.2403
6.2403
6.2403
6.2403
6.2403
6.2403
6.2403
6.2403
6.2403
6.2403
6.2403
6.2403
6.2403
6.2403
6.2403
6.2403
6.2403
6.2403
6.2403
6.2403
6.2403
6.2403
6.2403
6.2403
6.2403
6.2403
6.2403
6.2403
6.2403
6.2403
6.2403
6.2403
6.2403
6.2403
6.2403
6.2403
6.2403
6.2403
6.2403
6.2403
6.2403
6.2403
6.2403
6.2403
6.2403
6.2403
6.2403
6.2403
6.2403
6.2403
6.2403
6.2403
6.2403
6.2403
6.2403
6.2403
6.2403
6.2403
6.2403
6.2403
6.2403
6.2403
6.2403
6.2403
6.2403
6.2403
6.2403
6.2403
6.2403
6.2403
6.2403
6.2403
6.2403
6.2403
6.2403
6.2403
6.2403
6.2403
6.2403
6.2403
6.2403
6.2403
6.2403
6.2403
6.2403
6.2403
6.2403
6.2403
6.2403
6.2403
6.2403
6.2403
6.2403
6.2403
6.2403
6.2403
6.2403
6.2403
6.2403
6.2403
6.2403
6.2403
6.2403
6.2403
6.2403
6.2403
6.2403
6.2403
6.2403
6.2403
6.2403
6.2403
6.2403
6.2403
6.2403
6.2403
6.2403
6.2403
6.2403
6.2403
6.2403
6.2403
6.2403
6.2403
6.2403
6.2403
6.2403
6.2403
6.2403
6.2403
6.2403
6.2403
6.2403
6.2403
6.2403
6.2403
6.2403
6.2403
6.2403
6.2403
6.2403
6.2403
6.2403
6.2403
6.2403
6.2403
6.2403
6.2403
6.2403
6.2403
6.2403
6.2403
6.2403
6.2403
6.2403
6.2403
6.2403
6.2403
6.2403
6.2403
6.2403
6.2403
6.2403
6.2403
6.2403
6.2403
6.2403
6.2403
6.2403
6.2403
6.2403
6.2403
6.2403
6.2403
6.2403
6.2403
6.2403
6.2403
6.2403
6.2403
6.2403
6.2403
6.2403
6.2403
6.2403
6.2403
6.2403
6.2403
6.2403
6.2403
6.2403
6.2403
6.2403
6.2403
6.2403
6.2403
6.2403
6.2403
6.2403
6.2403
6.2403
6.2403
6.2403
6.2403
6.2403
6.2403
6.2403
6.2403
6.2403
6.2403
6.2403
6.2403
6.2403
6.2403
6.2403
6.2403
6.2403
6.2403
6.2403
6.2403
6.2403
6.2403
6.2403
6.2403
6.2403
6.2403
6.2403
6.2403
6.2403
6.2403
6.2403
6.2403
6.2403
6.2403
6.2403
6.2403
6.2403
6.2403
6.2403
6.2403
6.2403
6.2403
6.2403
6.2403
6.2403
6.2403
6.2403
6.2403
6.2403
6.2403
6.2403
6.2403
6.2403
6.2403
6.2403
6.2403
6.2403
6.2403
6.2403
6.2403
6.2403
6.2403
6.2403
6.2403
6.2403
6.2403
6.2403
6.2403
6.2403
6.2403
6.2403
6.2403
6.2403
6.2403
6.2403
6.2403
6.2403
6.2403
6.2403
6.2403
6.2403
6.2403
6.2403
6.2403
6.2403
6.2403
6.2403
6.2403
6.2403
6.2403
6.2403
6.2403
6.2403
6.2403
6.2403
6.2403
6.2403
6.2403
6.2403
6.2403
6.2403
6.2403
6.2403
6.2403
6.2403
6.2403
6.2403
6.2403
6.2403
6.2403
6.2403
6.2403
6.2403
6.2403
6.2403
6.2403
6.2403
6.2403
6.2403
6.2403
6.2403
6.2403
6.2403
6.2403
6.2403
6.2403
6.2403
6.2403
6.2403
6.2403
6.2403
6.2403
6.2403
6.2403
6.2403
6.2403
6.2403
6.2403
6.2403
6.2403
6.2403
6.2403
6.2403
6.2403
6.2403
6.2403
6.2403
6.2403
6.2403
6.2403
6.2403
6.2403
6.2403
6.2403
6.2403
6.2403
6.2403
6.2403
6.2403
6.2403
6.2403
6.2403
6.2403
6.2403
6.2403
6.2403
6.2403
6.2403
6.2403
6.2403
6.2403
6.2403
6.2403
6.2403
6.2403
6.2403
6.2403
6.2403
6.2403
6.2403
6.2403
6.2403
6.2403
6.2403
6.2403
6.2403
6.2403
6.2403
6.2403
6.2403
6.2403
6.2403
6.2403
6.2403
6.2403
6.2403
6.2403
6.2403
6.2403
6.2403
6.2403
6.2403
6.2403
6.2403
6.2403
6.2403
6.2403
6.2403
6.2403
6.2403
6.2403
6.2403
6.2403
6.2403
6.2403
6.2403
6.2403
6.2403
6.2403
6.2403
6.2403
6.2403
6.2403
6.2403
6.2403
6.2403
6.2403
6.2403
6.2403
6.2403
6.2403
6.2403
6.2403
6.2403
6.2403
6.2403
6.2403
6.2403
6.2403
6.2403
6.2403
6.2403
6.2403
6.2403
6.2403
6.2403
6.2403
6.2403
6.2403
6.2403
6.2403
6.2403
6.2403
6.2403
6.2403
6.2403
6.2403
6.2403
6.2403
6.2403
6.2403
6.2403
6.2403
6.2403
6.2403
6.2403
6.2403
6.2403
6.2403
6.2403
6.2403
6.2403
6.2403
6.2403
6.2403
6.2403
6.2403
6.2403
6.2403
6.2403
6.2403
6.2403
6.2403
6.2403
6.2403
6.2403
6.2403
6.2403
6.2403
6.2403
6.2403
6.2403
6.2403
6.2403
6.2403
6.2403
6.2403
6.2403
6.2403
6.2403
6.2403
6.2403
6.2403
6.2403
6.2403
6.2403
6.2403
6.2403
6.2403
6.2403
6.2403
6.2403
6.2403
6.2403
6.2403
6.2403
6.2403
6.2403
6.2403
6.2403
6.2403
6.2403
6.2403
6.2403
6.2403
6.2403
6.2403
6.2403
6.2403
6.2403
6.2403
6.2403
6.2403
6.2403
6.2403
6.2403
6.2403
6.2403
6.2403
6.2403
6.2403
6.2403
6.2403
6.2403
6.2403
6.2403
6.2403
6.2403
6.2403
6.2403
6.2403
6.2403
6.2403
6.2403
6.2403
6.2403
6.2403
6.2403
6.2403
6.2403
6.2403
6.2403
6.2403
6.2403
6.2403
6.2403
6.2403
6.2403
6.2403
6.2403
6.2403
6.2403
6.2403
6.2403
6.2403
6.2403
6.2403
6.2403
6.2403
6.2403
6.2403
6.2403
6.2403
6.2403
6.2403
6.2403
6.2403
6.2403
6.2403
6.2403
6.2403
6.2403
6.2403
6.2403
6.2403
6.2403
6.2403
6.2403
6.2403
6.2403
6.2403
6.2403
6.2403
6.2403
6.2403
6.2403
6.2403
6.2403
6.2403
6.2403
6.2403
6.2403
6.2403
6.2403
6.2403
6.2403
6.2403
6.2403
6.2403
6.2403
6.2403
6.2403
6.2403
6.2403
6.2403
6.2403
6.2403
6.2403
6.2403
6.2403
6.2403
6.2403
6.2403
6.2403
6.2403
6.2403
6.2403
6.2403
6.2403
6.2403
6.2403
6.2403
6.2403
6.2403
6.2403
6.2403
6.2403
6.2403
6.2403
6.2403
6.2403
6.2403
6.2403
6.2403
6.2403
6.2403
6.2403
6.2403
6.2403
6.2403
6.2403
6.2403
6.2403
6.2403
6.2403
6.2403
6.2403
6.2403
6.2403
6.2403
6.2403
6.2403
6.2403
6.2403
6.2403
6.2403
6.2403
6.2403
6.2403
6.2403
6.2403
6.2403
6.2403
6.2403
6.2403
6.2403
6.2403
6.2403
6.2403
6.2403
6.2403
6.2403
6.2403
6.2403
6.2403
6.2403
6.2403
6.2403
6.2403
6.2403
6.2403
6.2403
6.2403
6.2403
6.2403
6.2403
6.2403
6.2403
6.2403
6.2403
6.2403
6.2403
6.2403
6.2403
6.2403
6.2403
6.2403
6.2403
6.2403
6.2403
6.2403
6.2403
6.2403
6.2403
6.2403
6.2403
6.2403
6.2403
6.2403
6.2403
6.2403
6.2403
6.2403
6.2403
6.2403
6.2403
6.2403
6.2403
6.2403
6.2403
6.2403
6.2403
6.2403
6.2403
6.2403
6.2403
6.2403
6.2403
6.2403
6.2403
6.2403
6.2403
6.2403
6.2403
6.2403
6.2403
6.2403
6.2403
6.2403
6.2403
6.2403
6.2403
6.2403
6.2403
6.2403
6.2403
6.2403
6.2403
6.2403
6.2403
6.2403
6.2403
6.2403
6.2403
6.2403
6.2403
6.2403
6.2403
6.2403
6.2403
6.2403
6.2403
6.2403
6.2403
6.2403
6.2403
6.2403
6.2403
6.2403
6.2403
6.2403
6.2403
6.2403
6.2403
6.2403
6.2403
6.2403
6.2403
6.2403
6.2403
6.2403
6.2403
6.2403
6.2403
6.2403
6.2403
6.2403
6.2403
6.2403
6.2403
6.2403
6.2403
6.2403
6.2403
6.2403
6.2403
6.2403
6.2403
6.2403
6.2403
6.2403
6.2403
6.2403
6.2403
6.2403
6.2403
6.2403
6.2403
6.2403
6.2403
6.2403
6.2403
6.2403
6.2403
6.2403
6.2403
6.2403
6.2403
6.2403
6.2403
6.2403
6.2403
6.2403
6.2403
6.2403
6.2403
6.2403
6.2403
6.2403
6.2403
6.2403
6.2403
6.2403
6.2403
6.2403
6.2403
6.2403
6.2403
6.2403
6.2403
6.2403
6.2403
6.2403
6.2403
6.2403
6.2403
6.2403
6.2403
6.2403
6.2403
6.2403
6.2403
6.2403
6.2403
6.2403
6.2403
6.2403
6.2403
6.2403
6.2403
6.2403
6.2403
6.2403
6.2403
6.2403
6.2403
6.2403
6.2403
6.2403
6.2403
6.2403
6.2403
6.2403
6.2403
6.2403
6.2403
6.2403
6.2403
6.2403
6.2403
6.2403
6.2403
6.2403
6.2403
6.2403
6.2403
6.2403
6.2403
6.2403
6.2403
6.2403
6.2403
6.2403
6.2403
6.2403
6.2403
6.2403
6.2403
6.2403
6.2403
6.2403
6.2403
6.2403
6.2403
6.2403
6.2403
6.2403
6.2403
6.2403
6.2403
6.2403
6.2403
6.2403
6.2403
6.2403
6.2403
6.2403
6.2403
6.2403
6.2403
6.2403
6.2403
6.2403
6.2403
6.2403
6.2403
6.2403
6.2403
6.2403
6.2403
6.2403
6.2403
6.2403
6.2403
6.2403
6.2403
6.2403
6.2403
6.2403
6.2403
6.2403
6.2403
6.2403
6.2403
6.2403
6.2403
6.2403
6.2403
6.2403
6.2403
6.2403
6.2403
6.2403
6.2403
6.2403
6.2403
6.2403
6.2403
6.2403
6.2403
6.2403
6.2403
6.2403
6.2403
6.2403
6.2403
6.2403
6.2403
6.2403
6.2403
6.2403
6.2403
6.2403
6.2403
6.2403
6.2403
6.2403
6.24788
6.24788
6.24788
6.24788
6.24788
6.24788
6.24788
6.24788
6.25319
6.25319
6.25319
6.25319
6.25319
6.25319
6.25319
6.25319
6.25319
6.25319
6.25777
6.25777
6.25777
6.25777
6.25777
6.25777
6.25777
6.26019
6.26019
6.26019
6.26019
6.26019
6.26019
6.26019
6.26019
6.26019
6.26019
6.26019
6.26019
6.26186
6.26186
6.26186
6.26186
6.26186
6.26186
6.26186
6.26186
6.26571
6.26571
6.26571
6.26571
6.26571
6.26571
6.26571
6.26571
6.26571
6.26571
6.26571
6.26571
6.26571
6.26571
6.26571
6.26571
6.26571
6.26571
6.26571
6.26571
6.26571
6.26571
6.26571
6.26571
6.26571
6.26571
6.26571
6.26571
6.26571
6.26571
6.26571
6.26571
6.26571
6.26571
6.26571
6.26571
6.26571
6.26571
6.26571
6.26571
6.26571
6.26571
6.26571
6.26571
6.26571
6.26571
6.26571
6.26571
6.26571
6.26571
6.26571
6.26571
6.26571
6.26571
6.26571
6.26571
6.26571
6.26571
6.26571
6.26571
6.26571
6.26571
6.26571
6.26571
6.26571
6.26571
6.26571
6.26571
6.26571
6.26571
6.26571
6.26571
6.26571
6.26571
6.26571
6.26571
6.26571
6.26571
6.26571
6.26571
6.26571
6.26571
6.26571
6.26571
6.26571
6.26571
6.26571
6.26571
6.26571
6.26571
6.26571
6.26571
6.26571
6.26571
6.26571
6.26571
6.26571
6.26571
6.26571
6.26571
6.26571
6.26571
6.26571
6.26571
6.26571
6.26571
6.26571
6.26571
6.26571
6.26571
6.26571
6.26571
6.26571
6.26571
6.26571
6.26571
6.26571
6.26571
6.26571
6.26571
6.26571
6.26571
6.26571
6.26571
6.26571
6.26571
6.26571
6.26571
6.26571
6.26571
6.26571
6.26571
6.26571
6.26571
6.26571
6.26571
6.26571
6.26571
6.26571
6.26571
6.26571
6.26571
6.26571
6.26571
6.26571
6.26571
6.26571
6.26571
6.26571
6.26571
6.26571
6.26571
6.26571
6.26571
6.26571
6.26571
6.26571
6.26571
6.26571
6.26571
6.26571
6.26571
6.26571
6.26571
6.26571
6.26571
6.26571
6.26571
6.26571
6.26571
6.26571
6.26571
6.26571
6.26571
6.26571
6.26571
6.26571
6.26571
6.26571
6.26571
6.26571
6.26571
6.26571
6.26571
6.26571
6.26571
6.26571
6.26571
6.26571
6.26571
6.26571
6.26571
6.26571
6.26571
6.26571
6.26571
6.26571
6.26571
6.26571
6.26571
6.26571
6.26571
6.26571
6.26571
6.26571
6.26571
6.26571
6.26571
6.26571
6.26571
6.26571
6.26571
6.26571
6.26571
6.26571
6.26571
6.26571
6.26571
6.26571
6.26571
6.26571
6.26571
6.26571
6.26571
6.26571
6.26571
6.26571
6.26571
6.26571
6.26571
6.26571
6.26571
6.26571
6.26571
6.26571
6.26571
6.26571
6.26571
6.26571
6.26571
6.26571
6.26571
6.26571
6.26571
6.26571
6.26571
6.26571
6.26571
6.26571
6.26571
6.26571
6.26571
6.26571
6.26571
6.26571
6.26571
6.26571
6.26571
6.26571
6.26571
6.26571
6.26571
6.26571
6.26571
6.26571
6.26571
6.26571
6.26571
6.26571
6.26571
6.26571
6.26571
6.26571
6.26571
6.26571
6.26571
6.26571
6.26571
6.26571
6.26571
6.26571
6.26571
6.26571
6.26571
6.26571
6.26571
6.26571
6.26571
6.26571
6.26571
6.26571
6.26571
6.26571
6.26571
6.26571
6.26571
6.26571
6.26571
6.26571
6.26571
6.26571
6.26571
6.26571
6.26571
6.26571
6.26571
6.26571
6.26571
6.26571
6.26571
6.26571
6.26571
6.26571
6.26571
6.26571
6.26571
6.26571
6.26571
6.26571
6.26571
6.26571
6.26571
6.26571
6.26571
6.26571
6.26571
6.26571
6.26571
6.26571
6.26571
6.26571
6.26571
6.26571
6.26571
6.26571
6.26571
6.26571
6.26571
6.26571
6.26571
6.26571
6.26571
6.26571
6.26571
6.26571
6.26571
6.26571
6.26571
6.26571
6.26571
6.26571
6.26571
6.26571
6.26571
6.26571
6.26571
6.26571
6.26571
6.26571
6.26571
6.26571
6.26571
6.26571
6.26571
6.26571
6.26571
6.26571
6.26571
6.26571
6.26571
6.26571
6.26571
6.26571
6.26571
6.26571
6.26571
6.26571
6.26571
6.26571
6.26571
6.26571
6.26571
6.26571
6.26571
6.26571
6.26571
6.26571
6.26571
6.26571
6.26571
6.26571
6.26571
6.26571
6.26571
6.26571
6.26571
6.26571
6.26571
6.26571
6.26571
6.26571
6.26571
6.26571
6.26571
6.26571
6.26571
6.26571
6.26571
6.26571
6.26571
6.26571
6.26571
6.26571
6.26571
6.26571
6.26571
6.26571
6.26571
6.26571
6.26571
6.26571
6.26571
6.26571
6.26571
6.26571
6.26571
6.26571
6.26571
6.26571
6.26571
6.26571
6.26571
6.26571
6.26571
6.26571
6.26571
6.26571
6.26571
6.26571
6.26571
6.26571
6.26571
6.26571
6.26571
6.26571
6.26571
6.26571
6.26571
6.26571
6.26571
6.26571
6.26571
6.26571
6.26571
6.26571
6.26571
6.26571
6.26571
6.26571
6.26571
6.26571
6.26571
6.26571
6.26571
6.26571
6.27329
6.28318
6.28674
6.28674
6.28674
6.28674
6.28674
6.28674
6.28674
6.28674
6.28674
6.28674
6.30539
6.30539
6.31214
6.31666
6.33004
6.33004
6.3301
6.33075
6.37523
6.37523
6.37523
6.37523
6.37523
6.39478
6.39478
6.40064
6.40183
6.40202
6.40202
6.40202
6.40202
6.40222
6.41726
6.41726
6.41726
6.42863
6.42863
6.4537
6.45398
6.45398
6.45398
6.48844
6.48844
6.48844
6.48844
6.48844
6.5049
6.5049
6.5049
6.50526
6.5053
6.507
6.50764
6.52675
6.53192
6.53675
6.54569
6.54569
6.54569
6.54569
6.54812
6.55322
6.56315
6.5703
6.57862
6.58855
6.58855
6.59527
6.59527
6.69408
6.70522
6.72238
6.72238
6.72238
6.72399
6.72826
6.73777
6.73777
6.73834
6.74779
6.78319
6.78319
6.78319
6.78319
6.78319
6.78319
6.80517
6.80517
6.80517
6.80517
6.80519
6.80546
6.8086
6.8097
6.81774
6.81774
6.81774
6.81774
6.81774
6.82702
6.83058
6.83086
6.83743
6.83814
6.83814
6.83814
6.83814
6.83814
6.8393
6.85388
6.87061
6.87061
6.88155
6.88155
6.88155
6.88257
6.89383
6.89383
6.89601
6.89901
6.90695
6.90798
6.97665
6.97665
6.97665
6.97665
6.97665
6.97665
6.97665
7.00206
7.02874
7.02874
7.04072
7.04072
7.04072
7.04072
7.04072
7.04072
7.04072
7.04188
7.0451
7.04624
7.04624
7.05346
7.06612
7.06612
7.0873
7.09518
7.09518
7.10116
7.10347
7.10347
7.1054
7.11029
7.11324
7.11324
7.11324
7.11324
7.11324
7.11324
7.12856
7.12856
7.12856
7.13889
7.15068
7.15068
7.15068
7.1577
7.20521
7.20521
7.20521
7.20531
7.21246
7.21483
7.21574
7.21574
7.21574
7.21658
7.21658
7.2199
7.22556
7.23061
7.23061
7.23151
7.23246
7.23246
7.23502
7.24477
7.25096
7.25729
7.2615
7.26179
7.26721
7.26721
7.27973
7.27973
7.28334
7.30216
7.33068
7.33212
7.34008
7.34531
7.35119
7.35524
7.38806
7.38971
7.39228
7.39524
7.39531
7.41293
7.41346
7.41545
7.4166
7.41931
7.42167
7.4227
7.42337
7.42337
7.42475
7.44139
7.44139
7.46081
7.46081
7.46081
7.47331
7.4737
7.4737
7.47844
7.47844
7.47844
7.48891
7.50385
7.50385
7.50407
7.50873
7.51789
7.51789
7.52361
7.52361
7.5388
7.53959
7.53986
7.54896
7.54896
7.55044
7.55225
7.55393
7.55574
7.55574
7.55881
7.56405
7.56529
7.56697
7.56697
7.5729
7.5729
7.5729
7.5729
7.5729
7.5729
7.5729
7.5729
7.5729
7.5729
7.5729
7.57729
7.58426
7.59282
7.59282
7.59282
7.59282
7.59282
7.5983
7.60713
7.62738
7.62738
7.62738
7.62738
7.6493
7.67252
7.67465
7.67465
7.67465
7.70025
7.70025
7.70025
7.70025
7.70615
7.70615
7.70615
7.70828
7.70874
7.71566
7.71566
7.7198
7.7198
7.7198
7.72963
7.74107
7.78516
7.79467
7.83312
7.83795
7.84275
7.85457
7.85745
7.87331
7.88197
7.89021
7.89761
7.91388
7.91397
7.9162
7.9162
7.9162
7.91928
7.92879
7.93252
7.93477
7.94468
7.94791
7.95324
7.95324
7.95403
7.95403
7.97865
7.98846
7.99005
7.99497
8.00099
8.00784
8.02297
8.02418
8.02418
8.0264
8.0264
8.04207
8.05132
8.05475
8.06077
8.06448
8.06494
8.06507
8.06507
8.07639
8.0812
8.0812
8.11164
8.11164
8.11439
8.12409
8.13488
8.13543
8.14025
8.14636
8.14666
8.14693
8.16111
8.17297
8.19698
8.19969
8.20085
8.20098
8.20098
8.2078
8.21068
8.21068
8.21252
8.2133
8.22728
8.22728
8.22728
8.22728
8.22728
8.23844
8.23844
8.2508
8.2508
8.25232
8.25269
8.25269
8.25406
8.25406
8.25762
8.26055
8.26747
8.27206
8.27476
8.27701
8.27701
8.28101
8.28984
8.29041
8.29114
8.30034
8.3029
8.30415
8.30415
8.30885
8.30885
8.31934
8.31934
8.32081
8.32127
8.32562
8.33087
8.33112
8.33112
8.33622
8.33622
8.33923
8.36681
8.36681
8.37431
8.37431
8.37431
8.37532
8.38016
8.38224
8.39684
8.40236
8.41362
8.41594
8.42232
8.42469
8.42527
8.43183
8.44402
8.44402
8.46943
8.46943
8.49393
8.50095
8.52488
8.52857
8.53062
8.53062
8.53099
8.5343
8.53629
8.53977
8.53977
8.5404
8.55603
8.55925
8.5632
8.56453
8.56696
8.57835
8.588
8.59515
8.61496
8.62296
8.62296
8.62528
8.63216
8.63809
8.64122
8.64251
8.64742
8.65304
8.65304
8.66185
8.66342
8.66791
8.67315
8.67316
8.67886
8.67886
8.6955
8.69616
8.69805
8.71474
8.71481
8.71481
8.73297
8.73297
8.73297
8.73297
8.73441
8.73474
8.74304
8.74724
8.74724
8.74724
8.74889
8.75069
8.75361
8.76506
8.77673
8.78619
8.8023
8.80278
8.81473
8.81486
8.81597
8.81597
8.82062
8.82062
8.82765
8.83821
8.84138
8.84183
8.85735
8.86368
8.88932
8.89054
8.8953
8.89674
8.9019
8.91254
8.91388
8.91388
8.91513
8.9244
8.94054
8.94135
8.94481
8.94617
8.94617
8.94617
8.95294
8.9637
8.9637
8.96779
8.96843
8.97084
8.97548
8.97907
8.98382
8.98787
8.98787
8.99837
9.00448
9.00553
9.00559
9.00559
9.00559
9.008
9.01012
9.0106
9.01182
9.01182
9.01182
9.01737
9.01737
9.02051
9.02974
9.03641
9.03641
9.03641
9.03641
9.03969
9.04434
9.04612
9.04782
9.05006
9.051
9.051
9.051
9.05448
9.05456
9.05586
9.06856
9.0711
9.07193
9.07467
9.07563
9.08986
9.09375
9.09375
9.09375
9.09375
9.09412
9.09412
9.09994
9.10741
9.11436
9.11436
9.116
9.116
9.116
9.116
9.12234
9.13556
9.13598
9.1381
9.13876
9.13876
9.13977
9.13983
9.13983
9.14302
9.14373
9.14462
9.14636
9.15038
9.15043
9.15156
9.15466
9.15636
9.15636
9.16188
9.16766
9.16843
9.17903
9.18001
9.18012
9.18012
9.19404
9.19541
9.20202
9.20202
9.20202
9.20202
9.22742
9.2321
9.23276
9.2381
9.24354
9.25019
9.25722
9.25722
9.25722
9.25722
9.25722
9.26061
9.26731
9.27011
9.27028
9.27028
9.2707
9.2707
9.27793
9.28378
9.28378
9.28396
9.28922
9.30153
9.30426
9.30576
9.30983
9.31641
9.31822
9.31831
9.32481
9.33209
9.33524
9.34138
9.3548
9.35494
9.36134
9.36532
9.36542
9.36621
9.36894
9.37238
9.3725
9.38962
9.39565
9.39565
9.39797
9.39797
9.39797
9.39936
9.40079
9.4071
9.40766
9.41226
9.41226
9.41916
9.41916
9.42338
9.42998
9.43006
9.43106
9.43187
9.43215
9.43381
9.43382
9.43459
9.43459
9.43459
9.44038
9.44868
9.44938
9.45
9.45046
9.45755
9.45951
9.45993
9.4603
9.46064
9.46485
9.46485
9.47183
9.47289
9.47459
9.47493
9.47493
9.47679
9.48951
9.50275
9.50426
9.51195
9.52091
9.53636
9.53862
9.54903
9.54903
9.55031
9.55031
9.55132
9.55132
9.55132
9.56079
9.56252
9.56266
9.57066
9.58357
9.58738
9.59328
9.59387
9.59652
9.59652
9.59941
9.60007
9.60209
9.60595
9.60754
9.60817
9.61318
9.62644
9.6282
9.62937
9.63636
9.6367
9.64243
9.64445
9.65161
9.65982
9.6621
9.6621
9.6621
9.66226
9.67126
9.67501
9.67729
9.67865
9.67865
9.6915
9.69667
9.70103
9.70406
9.7047
9.7047
9.7085
9.71257
9.7131
9.71326
9.71326
9.7188
9.71955
9.72139
9.72139
9.72139
9.73186
9.73586
9.73586
9.73586
9.73739
9.74289
9.7458
9.74595
9.74595
9.74766
9.7679
9.77136
9.78294
9.78465
9.78737
9.78737
9.79007
9.79121
9.80381
9.80793
9.81393
9.81498
9.81595
9.81734
9.82072
9.82363
9.82518
9.828
9.83527
9.83527
9.83527
9.83838
9.85314
9.85314
9.86118
9.86159
9.86446
9.87066
9.87102
9.87238
9.87238
9.87714
9.87855
9.8819
9.89327
9.8965
9.89966
9.90005
9.90051
9.90255
9.90272
9.90332
9.90412
9.90524
9.91026
9.91402
9.92386
9.9284
9.93295
9.9345
9.93555
9.93555
9.94197
9.94816
9.94949
9.96286
9.9659
9.96704
9.97478
9.97915
9.9806
9.9806
9.99158
9.99399
10.0033
10.0076
10.0198
10.0198
10.0198
10.0213
10.0315
10.0315
10.0361
10.0384
10.0384
10.0384
10.0413
10.0425
10.0457
10.0457
10.0467
10.0499
10.0559
10.0572
10.0578
10.058
10.0638
10.0639
10.0643
10.0651
10.0655
10.0655
10.0656
10.0707
10.0757
10.0781
10.0789
10.0815
10.0909
10.0924
10.1
10.1066
10.1088
10.11
10.1171
10.1171
10.1265
10.1279
10.1288
10.1314
10.1322
10.1331
10.1342
10.1352
10.1386
10.1421
10.1433
10.1448
10.1513
10.1543
10.1548
10.156
10.1655
10.167
10.1714
10.1746
10.1758
10.185
10.1858
10.1858
10.1928
10.1949
10.1958
10.1985
10.2028
10.2052
10.2094
10.2094
10.214
10.2199
10.2299
10.2307
10.2322
10.2501
10.2509
10.2691
10.2699
10.274
10.2815
10.2868
10.2878
10.2896
10.2999
10.2999
10.3037
10.3069
10.3076
10.3135
10.3149
10.3149
10.3149
10.3285
10.3293
10.333
10.3363
10.3464
10.3467
10.3506
10.3546
10.359
10.3634
10.3637
10.3666
10.3779
10.3898
10.3906
10.3921
10.4096
10.4174
10.4268
10.4337
10.4345
10.4359
10.4359
10.4373
10.445
10.4534
10.4631
10.4732
10.4781
10.4815
10.495
10.4971
10.5001
10.5001
10.5012
10.5019
10.5032
10.5032
10.5032
10.5098
10.5101
10.5143
10.5224
10.5234
10.5242
10.53
10.5329
10.534
10.5374
10.538
10.5394
10.5397
10.5429
10.5447
10.5456
10.5483
10.5486
10.555
10.5622
10.5701
10.5745
10.5759
10.5759
10.5775
10.5796
10.587
10.6119
10.6131
10.6131
10.6157
10.616
10.6181
10.6222
10.6222
10.6246
10.6252
10.6327
10.6327
10.6327
10.6344
10.6409
10.6409
10.6473
10.6569
10.6593
10.6664
10.6706
10.6706
10.6706
10.6722
10.6835
10.6969
10.6977
10.6981
10.7081
10.7126
10.7236
10.7236
10.7272
10.7331
10.7332
10.7406
10.75
10.7541
10.7572
10.7679
10.7739
10.7739
10.7956
10.8039
10.8053
10.8058
10.8058
10.8058
10.8071
10.8071
10.8233
10.8237
10.826
10.8565
10.8565
10.8591
10.8627
10.864
10.8651
10.8651
10.8651
10.8693
10.876
10.8886
10.889
10.8901
10.8911
10.8918
10.8918
10.8951
10.8998
10.9013
10.9211
10.9224
10.9224
10.9224
10.9247
10.9298
10.9302
10.9359
10.9365
10.939
10.9415
10.9415
10.9415
10.9415
10.9465
10.9515
10.9592
10.9643
10.9802
10.9806
10.9834
10.9932
10.9932
10.9932
10.9973
11.0014
11.0046
11.0142
11.0213
11.022
11.03
11.0417
11.0436
11.0557
11.0577
11.0577
11.0623
11.0623
11.0645
11.0789
11.0868
11.0868
11.0868
11.1253
11.1393
11.149
11.158
11.1597
11.1597
11.1613
11.1706
11.1781
11.1851
11.1851
11.1916
11.1917
11.199
11.2041
11.2048
11.2048
11.2052
11.2158
11.2755
11.3043
11.3167
11.3167
11.3167
11.3391
11.4
11.4
11.4239
11.4317
11.4529
11.4812
11.4812
11.5764
11.6005
11.6289
11.6444
11.6616
11.7081
11.7334
11.7334
11.7398
11.7607
11.7655
11.7655
11.7848
11.8025
11.8104
11.832
11.8674
11.9136
11.9281
11.9642
11.9779
11.9779
11.9885
11.9899
12.0453
12.0456
12.0456
12.0638
12.066
12.0744
12.0873
12.0873
12.1127
12.1293
12.1293
12.1332
12.196
12.2196
12.2657
12.2757
12.2757
12.2757
12.2806
12.2814
12.2915
12.2915
12.323
12.3623
12.3652
12.3652
12.3707
12.3707
12.3715
12.3849
12.4103
12.4555
12.4555
12.4732
12.495
12.495
12.5199
12.5212
12.528
12.5523
12.5606
12.565
12.5737
12.5752
12.5752
12.598
12.6164
12.6247
12.6538
12.6593
12.6658
12.6713
12.6787
12.6897
12.708
12.7165
12.7574
12.8033
12.8103
12.8103
12.8423
12.8677
12.8998
12.9192
12.9211
12.9281
12.9281
12.9281
12.9331
12.9655
12.9655
12.974
13.0006
13.0309
13.057
13.09
13.1154
13.1255
13.2015
13.2015
13.2015
13.2015
13.2071
13.2164
13.226
13.226
13.2377
13.2418
13.2514
13.2544
13.2582
13.3034
13.3053
13.3107
13.3114
13.3302
13.3328
13.353
13.3611
13.3708
13.3776
13.3912
13.4139
13.4193
13.4216
13.4387
13.4641
13.4781
13.4963
13.5194
13.5262
13.5262
13.5468
13.5928
13.6118
13.6438
13.6505
13.6998
13.6998
13.7127
13.7296
13.7652
13.7775
13.7777
13.8075
13.8329
13.8436
13.9109