#Generations: 160
#Individuals: 6000
59.4121
55.6249
52.5843
49.8932
47.5527
45.3404
43.4392
41.584
39.8331
38.2613
36.7753
35.502
34.2237
33.0923
31.9738
30.9875
29.932
29.0703
28.2155
27.3807
26.5776
25.823
25.0749
24.4056
23.7049
23.05
22.4248
21.7825
21.1314
20.519
19.8763
19.298
18.7835
18.1902
17.7056
17.165
16.6954
16.1524
15.6639
15.1843
14.7097
14.2334
13.7803
13.2724
12.8256
12.2708
11.7532
11.1592
10.5728
9.97878
9.35093
8.73902
8.15989
7.63952
7.17374
6.76863
6.38396
6.04212
5.73428
5.44856
5.20601
4.99425
4.81099
4.6486
4.51855
4.41159
4.32702
4.25537
4.19504
4.13766
4.08664
4.03973
3.99839
3.96202
3.92854
3.8957
3.86337
3.83002
3.80388
3.78515
3.77368
3.76689
3.76186
3.75758
3.75389
3.7502
3.7466
3.74338
3.74055
3.73834
3.73646
3.735
3.73383
3.73313
3.73294
3.73288
3.73288
3.73283
3.73272
3.73258
3.73241
3.73207
3.73189
3.73156
3.73122
3.73083
3.72991
3.7288
3.72806
3.72662
3.72515
3.72277
3.72052
3.71748
3.7125
3.70763
3.70152
3.69331
3.68235
3.67149
3.65367
3.63122
3.60007
3.5677
3.54199
3.5296
3.48932
3.44807
3.36607
3.30298
3.24378
3.21006
3.20039
3.2022
3.20498
3.19927
3.12645
3.12076
3.05382
3.04351
3.00535
2.97218
2.91566
2.84683
2.80196
2.78491
2.77956
2.78836
2.81871
2.85874
2.90567
2.92729
2.9899
3.05639
3.13573
3.14184
3.00692
2.83368
2.71981
2.63922
#
2.19855
2.19855
2.20735
2.20735
2.20735
2.20735
2.20735
2.20735
2.20735
2.20735
2.20735
2.20735
2.20735
2.20735
2.20735
2.20964
2.20964
2.21501
2.21844
2.21844
2.21844
2.21844
2.21844
2.21844
2.21844
2.21844
2.21844
2.21844
2.21844
2.21844
2.21844
2.21844
2.21844
2.21844
2.21844
2.21844
2.21844
2.21844
2.21844
2.21844
2.21844
2.21844
2.21844
2.21844
2.21844
2.21844
2.21844
2.21844
2.21844
2.21844
2.21844
2.21844
2.21844
2.21844
2.21844
2.21844
2.21844
2.21859
2.2238
2.2238
2.2238
2.24371
2.24371
2.24371
2.24371
2.24371
2.24371
2.24371
2.24371
2.24371
2.24371
2.25251
2.25251
2.25251
2.25251
2.25251
2.25251
2.2636
2.2636
2.2636
2.2636
2.2636
2.2636
2.2636
2.2636
2.2636
2.2636
2.2636
2.26545
2.26896
2.27898
2.30818
2.34648
2.34648
2.36674
2.36674
2.36674
2.36674
2.36674
2.36674
2.36674
2.36674
2.36674
2.36674
2.36674
2.36674
2.36674
2.36674
2.36674
2.36674
2.36674
2.36674
2.36674
2.36674
2.36674
2.36674
2.36674
2.36674
2.36674
2.36674
2.36674
2.36674
2.36674
2.36674
2.36674
2.36674
2.36674
2.36674
2.36674
2.36674
2.36674
2.36674
2.36674
2.36674
2.36674
2.36674
2.36674
2.36674
2.36674
2.36674
2.36674
2.36674
2.36674
2.36674
2.36674
2.36674
2.36674
2.36674
2.36674
2.36674
2.36674
2.36674
2.36674
2.36674
2.36674
2.36674
2.36674
2.36674
2.36674
2.36674
2.36674
2.36674
2.36674
2.36674
2.36674
2.36674
2.36674
2.36674
2.36674
2.36674
2.36674
2.36674
2.36674
2.36674
2.36674
2.36674
2.36674
2.36674
2.36674
2.36674
2.36674
2.36674
2.36674
2.36674
2.36674
2.36674
2.36674
2.36674
2.36674
2.36674
2.36674
2.36674
2.36674
2.36674
2.36674
2.36674
2.36674
2.36674
2.36674
2.36674
2.36674
2.36674
2.36674
2.36674
2.36674
2.36674
2.36674
2.36674
2.36674
2.36674
2.36674
2.36674
2.36674
2.36674
2.36674
2.36674
2.36674
2.36674
2.36674
2.36674
2.36674
2.36674
2.36674
2.36674
2.36674
2.36674
2.36674
2.36674
2.36674
2.36674
2.36674
2.36674
2.36674
2.36674
2.36674
2.36674
2.36674
2.36674
2.36674
2.36674
2.36674
2.36674
2.36674
2.36674
2.36674
2.36674
2.36674
2.36674
2.36674
2.36674
2.36674
2.36674
2.36674
2.36674
2.36674
2.36674
2.36674
2.36674
2.36674
2.36674
2.36674
2.36674
2.36674
2.36674
2.36674
2.36674
2.36674
2.36674
2.36674
2.36674
2.36674
2.36674
2.36674
2.36674
2.36674
2.36674
2.36674
2.36674
2.36674
2.36674
2.36674
2.36674
2.36674
2.36674
2.36674
2.36674
2.36674
2.36674
2.36674
2.36674
2.36674
2.36674
2.36674
2.36674
2.36674
2.36674
2.36674
2.36674
2.36674
2.36674
2.36674
2.36674
2.36674
2.36674
2.36674
2.36674
2.36674
2.36674
2.36674
2.36674
2.36674
2.36674
2.36674
2.36674
2.36674
2.36674
2.36674
2.36674
2.36674
2.36674
2.36674
2.36674
2.36674
2.36674
2.36674
2.36674
2.36674
2.36798
2.36851
2.36851
2.36851
2.37016
2.37016
2.37016
2.37016
2.37016
2.3721
2.3721
2.3721
2.3721
2.3721
2.3721
2.3721
2.3721
2.3721
2.3721
2.3721
2.3721
2.3721
2.3721
2.3721
2.3721
2.3721
2.3721
2.3721
2.3721
2.3721
2.3721
2.3721
2.3721
2.3721
2.3721
2.3721
2.3721
2.3721
2.3721
2.3721
2.3721
2.3721
2.3721
2.3721
2.3721
2.3721
2.3721
2.3721
2.3721
2.3721
2.3721
2.3721
2.3721
2.3721
2.3721
2.3721
2.3721
2.3721
2.3721
2.3721
2.3721
2.3721
2.3721
2.3721
2.3721
2.3721
2.3721
2.3721
2.3721
2.3721
2.3721
2.3721
2.3721
2.3721
2.3721
2.3721
2.3721
2.3721
2.3721
2.3721
2.3721
2.3721
2.3721
2.3721
2.3721
2.3721
2.3721
2.3721
2.3721
2.3721
2.3721
2.3721
2.3721
2.3721
2.3721
2.3721
2.3721
2.3721
2.3721
2.3721
2.3721
2.3721
2.3721
2.3721
2.3721
2.3721
2.3721
2.3721
2.3721
2.3721
2.3721
2.3721
2.3721
2.3721
2.3721
2.3721
2.3721
2.3721
2.3721
2.3721
2.3721
2.3721
2.3721
2.3721
2.3721
2.3721
2.3721
2.3721
2.3721
2.3721
2.3721
2.3721
2.3721
2.3721
2.3721
2.3721
2.3721
2.37553
2.37553
2.37553
2.37553
2.37553
2.37553
2.37553
2.37553
2.37553
2.37553
2.37553
2.37553
2.37553
2.37553
2.37553
2.37553
2.37553
2.37553
2.37553
2.37553
2.37553
2.37553
2.37553
2.37553
2.37553
2.37553
2.37553
2.37553
2.37553
2.37553
2.37553
2.37553
2.37553
2.37553
2.37553
2.37553
2.37553
2.37553
2.37553
2.37553
2.37553
2.37553
2.37553
2.37553
2.37553
2.37553
2.37553
2.37553
2.37553
2.37553
2.37553
2.37553
2.37553
2.37553
2.37553
2.3809
2.3809
2.3809
2.3809
2.3809
2.3809
2.3809
2.3809
2.3809
2.3809
2.3809
2.38319
2.38324
2.38331
2.38662
2.38662
2.38662
2.38662
2.38662
2.38662
2.38662
2.38662
2.38662
2.38662
2.38662
2.38662
2.38662
2.38662
2.38662
2.38982
2.39164
2.39199
2.39527
2.39527
2.39763
2.39763
2.39763
2.39763
2.39763
2.39763
2.39763
2.39763
2.39763
2.39763
2.39763
2.39763
2.39763
2.39763
2.39763
2.39763
2.39763
2.40124
2.40299
2.40308
2.40898
2.40898
2.40898
2.40898
2.40898
2.41177
2.41177
2.41797
2.41797
2.41797
2.41797
2.41797
2.41797
2.41797
2.41797
2.41797
2.41797
2.41797
2.41797
2.41797
2.41797
2.41797
2.41797
2.41797
2.41797
2.41797
2.41797
2.41797
2.41797
2.41797
2.41797
2.41797
2.41797
2.41797
2.41797
2.41797
2.41797
2.41797
2.41797
2.41797
2.41797
2.41797
2.41797
2.41797
2.41797
2.41797
2.41797
2.41797
2.41797
2.41797
2.41797
2.41797
2.41797
2.41797
2.41797
2.41797
2.41797
2.41797
2.41797
2.41797
2.41797
2.41797
2.41797
2.41797
2.41797
2.41797
2.41797
2.41797
2.41797
2.41797
2.41797
2.41797
2.41797
2.41797
2.41797
2.41797
2.41797
2.41797
2.41797
2.41797
2.41797
2.41797
2.41797
2.41797
2.41797
2.41797
2.41797
2.41797
2.41797
2.41797
2.41797
2.41797
2.41797
2.41797
2.41797
2.41797
2.41797
2.41797
2.41797
2.41797
2.41797
2.41797
2.41797
2.41797
2.41797
2.41797
2.41797
2.41797
2.41797
2.41797
2.41797
2.41797
2.41797
2.41797
2.41797
2.41797
2.41797
2.41797
2.41797
2.41797
2.41797
2.41797
2.41797
2.41797
2.41797
2.41797
2.41797
2.41797
2.41797
2.41797
2.41797
2.41797
2.41797
2.41797
2.41797
2.41797
2.41797
2.41797
2.41797
2.42138
2.42138
2.42314
2.42333
2.42333
2.42333
2.42333
2.42676
2.42676
2.42676
2.42676
2.42676
2.42676
2.42676
2.42676
2.42676
2.42676
2.42676
2.42676
2.42676
2.42676
2.42676
2.42676
2.42676
2.42676
2.42676
2.42676
2.42676
2.42676
2.42676
2.42676
2.42676
2.42676
2.42676
2.42676
2.42676
2.43165
2.43165
2.43165
2.43165
2.43165
2.43165
2.43165
2.43165
2.43165
2.43165
2.43165
2.43165
2.43165
2.43165
2.43165
2.43165
2.43165
2.43165
2.43165
2.43165
2.43165
2.43165
2.43165
2.43307
2.43414
2.43414
2.43414
2.43414
2.43414
2.43414
2.43414
2.43414
2.43414
2.43414
2.43414
2.43414
2.43414
2.43414
2.43414
2.43414
2.43414
2.43414
2.43414
2.43414
2.43414
2.43414
2.43414
2.43414
2.43414
2.43414
2.43442
2.43603
2.43785
2.43904
2.43951
2.43951
2.43951
2.44044
2.44044
2.44044
2.44044
2.44044
2.44044
2.44044
2.44044
2.44044
2.44044
2.44044
2.44044
2.44044
2.44044
2.44044
2.44044
2.44044
2.44044
2.44044
2.44044
2.44044
2.44044
2.44044
2.44044
2.44044
2.44044
2.44044
2.44044
2.44044
2.44044
2.44044
2.44044
2.44044
2.44044
2.44044
2.44044
2.44044
2.44044
2.44044
2.44044
2.44044
2.44044
2.44044
2.44044
2.44044
2.44044
2.44044
2.44044
2.44044
2.44044
2.44044
2.44044
2.44044
2.44044
2.44044
2.44044
2.44044
2.44044
2.44044
2.44044
2.44044
2.44044
2.44044
2.44044
2.44044
2.44044
2.44044
2.44044
2.44044
2.44044
2.44044
2.44044
2.44044
2.44044
2.44274
2.44294
2.44294
2.44581
2.44716
2.44716
2.44716
2.44716
2.44716
2.44716
2.44811
2.44811
2.44811
2.44811
2.44811
2.44811
2.4483
2.4483
2.44885
2.44885
2.44885
2.44885
2.44885
2.44885
2.44885
2.44885
2.44885
2.44885
2.44885
2.44885
2.44885
2.44885
2.44885
2.44885
2.44885
2.44885
2.44885
2.44885
2.44885
2.44885
2.44885
2.44885
2.44885
2.44885
2.45153
2.45153
2.45153
2.45153
2.45153
2.45153
2.45153
2.45339
2.45339
2.45339
2.45339
2.45339
2.45339
2.45339
2.45339
2.45339
2.45339
2.45339
2.4569
2.4569
2.4569
2.45765
2.45809
2.46021
2.46021
2.46021
2.46021
2.46021
2.46021
2.46021
2.46021
2.46021
2.46021
2.46021
2.46021
2.46021
2.46021
2.46021
2.46021
2.46021
2.46021
2.465
2.46666
2.46666
2.46666
2.46812
2.46812
2.47181
2.47181
2.47181
2.48288
2.48288
2.48288
2.48288
2.48288
2.48288
2.4846
2.4846
2.4846
2.4846
2.4846
2.4846
2.4846
2.4846
2.4846
2.4846
2.4846
2.4846
2.4846
2.4846
2.4846
2.4846
2.4846
2.4846
2.4846
2.4846
2.4846
2.48537
2.48537
2.48537
2.48537
2.48537
2.48537
2.48537
2.48537
2.48537
2.48537
2.4878
2.4878
2.48997
2.48997
2.48997
2.48997
2.49174
2.49174
2.49174
2.49417
2.49417
2.49417
2.49417
2.49485
2.49485
2.49485
2.49485
2.49485
2.49485
2.49485
2.49485
2.49485
2.49485
2.49485
2.49485
2.49485
2.49485
2.49485
2.49485
2.49485
2.49485
2.49485
2.49485
2.49485
2.49485
2.49485
2.49485
2.49485
2.49485
2.49485
2.49485
2.49485
2.49485
2.49485
2.49485
2.49485
2.49485
2.49485
2.49485
2.49485
2.49485
2.49485
2.49485
2.49485
2.49485
2.49485
2.49485
2.49485
2.49485
2.49485
2.49485
2.49485
2.49485
2.49485
2.49485
2.49485
2.49485
2.49485
2.49485
2.49485
2.49485
2.49485
2.49485
2.49485
2.49485
2.49485
2.49485
2.49485
2.49485
2.49485
2.49485
2.49485
2.49485
2.49485
2.49485
2.49485
2.49485
2.49485
2.49485
2.49659
2.49821
2.49821
2.49933
2.49933
2.50276
2.50357
2.50357
2.50357
2.50462
2.50593
2.50593
2.50593
2.50593
2.50593
2.50593
2.50593
2.50593
2.50593
2.50593
2.50593
2.50593
2.50593
2.50593
2.50598
2.50785
2.50786
2.50786
2.50786
2.50786
2.50786
2.50786
2.50786
2.50786
2.50813
2.50813
2.50813
2.50813
2.50813
2.50813
2.50813
2.50813
2.50813
2.50813
2.50813
2.50813
2.50813
2.50813
2.50813
2.50813
2.50813
2.50813
2.50813
2.50813
2.50813
2.50813
2.50813
2.50813
2.50813
2.50813
2.50813
2.50813
2.50813
2.50813
2.50813
2.50813
2.50813
2.50813
2.50813
2.50813
2.50813
2.50813
2.50813
2.50813
2.50813
2.50813
2.50813
2.50962
2.50962
2.51072
2.5113
2.5113
2.5113
2.5113
2.5113
2.5113
2.5113
2.5113
2.5113
2.5113
2.5113
2.5113
2.5113
2.5113
2.5113
2.5113
2.5113
2.5113
2.5113
2.5113
2.5113
2.5113
2.5113
2.5113
2.5113
2.5113
2.5113
2.5113
2.5113
2.5113
2.5113
2.5113
2.5113
2.5113
2.5113
2.5113
2.5113
2.5113
2.5113
2.5113
2.5113
2.5113
2.5113
2.5113
2.5113
2.5113
2.5113
2.5113
2.5113
2.5113
2.5113
2.5113
2.5113
2.5113
2.5113
2.51171
2.51314
2.51335
2.51335
2.51335
2.51335
2.51335
2.51335
2.51377
2.51377
2.51377
2.5139
2.5139
2.51623
2.51639
2.51639
2.51639
2.51639
2.51639
2.51848
2.5208
2.5208
2.52215
2.52215
2.52215
2.52327
2.52392
2.52392
2.52392
2.52429
2.52429
2.52432
2.52432
2.52432
2.52432
2.52432
2.52432
2.52432
2.52432
2.52432
2.52432
2.52432
2.52432
2.52432
2.52432
2.52432
2.52432
2.52449
2.52449
2.52449
2.52449
2.5261
2.52864
2.53211
2.53211
2.53211
2.53211
2.53309
2.53324
2.53583
2.53583
2.53583
2.53583
2.53583
2.53583
2.53583
2.53583
2.53583
2.53583
2.54
2.54
2.54
2.54
2.54
2.54
2.54
2.54
2.54
2.54
2.54
2.54
2.54
2.54
2.54
2.54
2.54
2.54
2.54
2.54
2.54
2.54
2.54
2.54
2.54
2.54
2.54
2.54
2.54
2.54
2.54
2.54
2.54
2.54
2.54
2.54
2.54
2.54
2.54
2.54
2.54
2.54
2.54
2.54
2.54
2.54
2.54
2.54
2.54
2.54
2.54
2.54
2.54
2.54
2.54
2.54
2.54
2.54
2.54
2.54
2.54
2.54
2.54
2.54
2.54
2.54
2.54
2.54
2.54273
2.54273
2.54689
2.55037
2.55037
2.55094
2.55094
2.55109
2.55109
2.55109
2.55109
2.55109
2.55109
2.55109
2.55109
2.55109
2.55109
2.55109
2.55109
2.55109
2.55109
2.55109
2.55109
2.55109
2.55109
2.55109
2.55109
2.55109
2.55109
2.55109
2.55109
2.55109
2.55109
2.55109
2.55109
2.55109
2.55109
2.55109
2.55109
2.55109
2.55109
2.55109
2.55109
2.55109
2.55109
2.55109
2.55109
2.55109
2.55152
2.55303
2.5552
2.5552
2.5552
2.5552
2.5552
2.5552
2.5552
2.55646
2.55646
2.55646
2.55646
2.55656
2.55656
2.55656
2.55943
2.56007
2.56038
2.56312
2.56536
2.56728
2.56849
2.56849
2.57216
2.57456
2.57456
2.57456
2.57479
2.57733
2.57805
2.57957
2.57957
2.57957
2.57957
2.57957
2.57957
2.57957
2.57957
2.57957
2.57957
2.57957
2.57957
2.57957
2.57957
2.57957
2.57957
2.57957
2.57957
2.57957
2.57957
2.57957
2.57957
2.57957
2.57957
2.57957
2.57957
2.57957
2.57957
2.57957
2.57957
2.57957
2.57957
2.57957
2.57957
2.57957
2.57957
2.57957
2.57957
2.57957
2.57957
2.57999
2.57999
2.57999
2.57999
2.57999
2.58055
2.58055
2.58055
2.58055
2.58055
2.58241
2.58241
2.58241
2.58241
2.58241
2.58341
2.58341
2.58342
2.58342
2.58342
2.58391
2.58459
2.58536
2.58536
2.58536
2.58536
2.58536
2.58536
2.58536
2.58536
2.58536
2.58536
2.58536
2.58536
2.58536
2.58536
2.58536
2.58536
2.58536
2.58536
2.58536
2.58536
2.58536
2.58536
2.58536
2.58536
2.58536
2.58536
2.58536
2.58536
2.58536
2.58752
2.58778
2.59373
2.59487
2.59487
2.59487
2.59487
2.59487
2.59487
2.59602
2.59602
2.59602
2.59631
2.59812
2.59812
2.59812
2.59812
2.59932
2.60319
2.6059
2.6059
2.6059
2.6059
2.6059
2.6059
2.6059
2.6059
2.6059
2.6059
2.6059
2.6059
2.6059
2.6059
2.6059
2.6059
2.6059
2.6059
2.60593
2.60593
2.60593
2.60779
2.60923
2.60923
2.60932
2.60932
2.60932
2.61122
2.61122
2.61469
2.62292
2.62292
2.62292
2.62578
2.62641
2.62641
2.62841
2.62975
2.62975
2.63122
2.63122
2.63122
2.63122
2.63122
2.63122
2.63122
2.63122
2.63122
2.63122
2.63122
2.63377
2.63465
2.63679
2.63679
2.63679
2.63679
2.64135
2.64224
2.64496
2.64709
2.6474
2.64814
2.64996
2.64996
2.65106
2.65106
2.65106
2.65106
2.65106
2.65106
2.65106
2.65106
2.65106
2.65106
2.65106
2.65106
2.65106
2.65106
2.65106
2.65106
2.65106
2.65106
2.65106
2.65106
2.65106
2.65106
2.65106
2.65106
2.65106
2.65106
2.65106
2.65106
2.65106
2.65106
2.65106
2.65106
2.65106
2.65106
2.65106
2.65106
2.65106
2.65106
2.65106
2.65106
2.65106
2.65106
2.65106
2.65106
2.65106
2.65106
2.65106
2.65106
2.65106
2.65106
2.65106
2.65106
2.65106
2.65106
2.65106
2.65106
2.65106
2.65106
2.65106
2.65106
2.65106
2.65106
2.65106
2.65106
2.65106
2.65106
2.65106
2.65106
2.65106
2.65106
2.65106
2.65106
2.65106
2.65106
2.65106
2.65106
2.65106
2.65106
2.65106
2.65106
2.65106
2.65106
2.65106
2.65106
2.65106
2.65106
2.65106
2.65106
2.65106
2.65106
2.65106
2.65106
2.65106
2.65106
2.65106
2.65106
2.65106
2.65106
2.65106
2.65106
2.65106
2.65106
2.65106
2.65106
2.65106
2.65106
2.65106
2.65106
2.65106
2.65106
2.65106
2.65106
2.65106
2.65106
2.65106
2.65106
2.65106
2.65106
2.65106
2.65106
2.65106
2.65106
2.65106
2.65106
2.65106
2.65106
2.65106
2.65106
2.65106
2.65106
2.65106
2.65106
2.65106
2.65106
2.65106
2.65106
2.65106
2.65106
2.65106
2.65106
2.65106
2.65106
2.65106
2.65106
2.65106
2.65106
2.65106
2.65106
2.65106
2.65106
2.65106
2.65106
2.65106
2.65106
2.65106
2.65106
2.65106
2.65106
2.65106
2.65106
2.65106
2.65106
2.65106
2.65106
2.65106
2.65106
2.65106
2.65106
2.65106
2.65106
2.65106
2.65106
2.65106
2.65106
2.65106
2.65106
2.65106
2.65106
2.65106
2.65106
2.65106
2.65106
2.65106
2.65106
2.65106
2.65106
2.65106
2.65106
2.65106
2.65106
2.65106
2.65106
2.65106
2.65106
2.65106
2.65106
2.65106
2.65106
2.65106
2.65106
2.65106
2.65106
2.65106
2.65106
2.65106
2.65106
2.65106
2.65106
2.65106
2.65106
2.65106
2.65106
2.65106
2.65106
2.65106
2.65106
2.65106
2.65106
2.65106
2.65106
2.65106
2.65106
2.65106
2.65106
2.65106
2.65106
2.65106
2.65106
2.65106
2.65106
2.65106
2.65106
2.65106
2.65106
2.65106
2.65106
2.65106
2.65106
2.65106
2.65106
2.65106
2.65106
2.65106
2.65106
2.65106
2.65106
2.65106
2.65106
2.65106
2.65106
2.65106
2.65106
2.65106
2.65106
2.65106
2.65106
2.65106
2.65106
2.65106
2.65106
2.65106
2.65106
2.65106
2.65106
2.65106
2.65106
2.65106
2.65106
2.65106
2.65106
2.65106
2.65106
2.65106
2.65106
2.65106
2.65106
2.65106
2.65106
2.65106
2.65106
2.65106
2.65106
2.65106
2.65106
2.65106
2.65106
2.65106
2.65106
2.65106
2.65106
2.65106
2.65106
2.65106
2.65106
2.65106
2.65106
2.65106
2.65106
2.65106
2.65106
2.65106
2.65106
2.65106
2.65106
2.65106
2.65106
2.65106
2.65106
2.65106
2.65106
2.65106
2.65106
2.65106
2.65106
2.65106
2.65106
2.65106
2.65106
2.65106
2.65106
2.65106
2.65106
2.65106
2.65106
2.65106
2.65106
2.65106
2.65106
2.65106
2.65106
2.65106
2.65106
2.65106
2.65106
2.65106
2.65106
2.65106
2.65106
2.65106
2.65106
2.65106
2.65106
2.65106
2.65106
2.65106
2.65106
2.65106
2.65106
2.65106
2.65106
2.65106
2.65106
2.65106
2.65106
2.65106
2.65106
2.65106
2.65106
2.65106
2.65106
2.65106
2.65106
2.65106
2.65106
2.65106
2.65106
2.65106
2.65106
2.65106
2.65106
2.65106
2.65106
2.65106
2.65106
2.65106
2.65106
2.65106
2.65106
2.65106
2.65106
2.65106
2.65106
2.65106
2.65106
2.65106
2.65106
2.65106
2.65106
2.65106
2.65106
2.65106
2.65106
2.65106
2.65106
2.65106
2.65106
2.65106
2.65106
2.65106
2.65106
2.65106
2.65106
2.65106
2.65106
2.65106
2.65106
2.65106
2.65106
2.65106
2.65106
2.65106
2.65106
2.65106
2.65106
2.65106
2.65106
2.65106
2.65106
2.65106
2.65106
2.65106
2.65106
2.65106
2.65106
2.65106
2.65106
2.65106
2.65106
2.65106
2.65106
2.65106
2.65106
2.65106
2.65106
2.65106
2.65106
2.65106
2.65106
2.65106
2.65106
2.65106
2.65106
2.65106
2.65106
2.65106
2.65106
2.65106
2.65106
2.65106
2.65106
2.65106
2.65106
2.65106
2.65106
2.65106
2.65106
2.65106
2.65106
2.65106
2.65106
2.65106
2.65106
2.65106
2.65106
2.65106
2.65106
2.65106
2.65106
2.65106
2.65106
2.65106
2.65106
2.65106
2.65106
2.65106
2.65106
2.65106
2.65106
2.65106
2.65106
2.65106
2.65106
2.65106
2.65106
2.65106
2.65106
2.65106
2.65106
2.65106
2.65106
2.65106
2.65106
2.65106
2.65106
2.65106
2.65106
2.65106
2.65106
2.65106
2.65106
2.65106
2.65106
2.65106
2.65106
2.65106
2.65106
2.65106
2.65106
2.65106
2.65106
2.65106
2.65106
2.65106
2.65106
2.65106
2.65106
2.65106
2.65106
2.65106
2.65106
2.65106
2.65106
2.65106
2.65106
2.65106
2.65106
2.65106
2.65106
2.65106
2.65106
2.65106
2.65106
2.65106
2.65106
2.65106
2.65106
2.65106
2.65106
2.65106
2.65106
2.65106
2.65106
2.65106
2.65106
2.65106
2.65106
2.65106
2.65106
2.65106
2.65106
2.65106
2.65106
2.65106
2.65106
2.65106
2.65106
2.65106
2.65106
2.65106
2.65106
2.65106
2.65106
2.65106
2.65106
2.65106
2.65106
2.65106
2.65106
2.65106
2.65106
2.65106
2.65106
2.65106
2.65106
2.65106
2.65106
2.65106
2.65106
2.65106
2.65106
2.65106
2.65106
2.65106
2.65106
2.65106
2.65106
2.65106
2.65106
2.65106
2.65106
2.65106
2.65106
2.65106
2.65106
2.65106
2.65106
2.65106
2.65106
2.65106
2.65106
2.65106
2.65106
2.65106
2.65106
2.65106
2.65106
2.65106
2.65106
2.65106
2.65106
2.65106
2.65106
2.65106
2.65106
2.65106
2.65106
2.65106
2.65106
2.65106
2.65106
2.65106
2.65106
2.65106
2.65106
2.65106
2.65106
2.65106
2.65106
2.65106
2.65106
2.65106
2.65106
2.65106
2.65106
2.65106
2.65106
2.65106
2.65106
2.65106
2.65106
2.65106
2.65106
2.65106
2.65106
2.65106
2.65106
2.65106
2.65106
2.65106
2.65106
2.65106
2.65106
2.65106
2.65106
2.65106
2.65106
2.65106
2.65106
2.65106
2.65106
2.65106
2.65106
2.65106
2.65106
2.65106
2.65106
2.65106
2.65106
2.65106
2.65106
2.65106
2.65106
2.65106
2.65106
2.65106
2.65106
2.65106
2.65106
2.65106
2.65106
2.65106
2.65106
2.65106
2.65106
2.65106
2.65106
2.65106
2.65106
2.65106
2.65106
2.65106
2.65106
2.65106
2.65106
2.65106
2.65106
2.65106
2.65106
2.65106
2.65106
2.65106
2.65106
2.65106
2.65106
2.65106
2.65106
2.65106
2.65106
2.65106
2.65106
2.65106
2.65106
2.65106
2.65106
2.65106
2.65106
2.65106
2.65106
2.65106
2.65106
2.65106
2.65106
2.65106
2.65106
2.65106
2.65106
2.65106
2.65106
2.65106
2.65106
2.65106
2.65106
2.65106
2.65106
2.65106
2.65106
2.65106
2.65106
2.65106
2.65106
2.65106
2.65106
2.65106
2.65106
2.65106
2.65106
2.65106
2.65284
2.65284
2.65284
2.65448
2.65448
2.65448
2.65448
2.65643
2.65643
2.65643
2.65643
2.65643
2.65643
2.65643
2.65643
2.65643
2.65643
2.65643
2.65643
2.65643
2.65643
2.65643
2.65985
2.65985
2.65985
2.65985
2.65985
2.65985
2.65985
2.65985
2.65985
2.65985
2.65985
2.65985
2.65985
2.65985
2.65985
2.65985
2.65985
2.65985
2.65985
2.65985
2.65985
2.65985
2.65985
2.65985
2.65985
2.65985
2.65985
2.65985
2.65985
2.65985
2.65985
2.65985
2.65985
2.65985
2.65985
2.65985
2.65985
2.65985
2.65985
2.65985
2.65985
2.65985
2.66215
2.6622
2.6622
2.6622
2.6622
2.66327
2.66522
2.66522
2.66522
2.66522
2.66752
2.67012
2.67012
2.6737
2.68091
2.68139
2.68195
2.68195
2.68195
2.68195
2.68195
2.68195
2.68195
2.68195
2.68195
2.68391
2.68585
2.68839
2.69074
2.69074
2.6933
2.6933
2.6933
2.69464
2.7021
2.7021
2.7157
2.71582
2.7171
2.71847
2.71847
2.71847
2.71847
2.71847
2.71847
2.71847
2.72035
2.72107
2.72107
2.72383
2.72383
2.72461
2.72461
2.72461
2.7252
2.72726
2.72726
2.72726
2.72726
2.72726
2.72726
2.72726
2.72794
2.73001
2.73001
2.73102
2.73109
2.73149
2.73214
2.73215
2.73537
2.7357
2.7357
2.73756
2.73756
2.73903
2.74107
2.74257
2.74452
2.74456
2.74577
2.74577
2.74647
2.74767
2.74767
2.75943
2.75943
2.76165
2.76212
2.76693
2.76751
2.76893
2.76893
2.76893
2.76893
2.76893
2.76893
2.76893
2.76893
2.76893
2.76893
2.76893
2.76893
2.76893
2.76893
2.76893
2.77671
2.77671
2.77671
2.78091
2.78253
2.78334
2.7879
2.78892
2.78892
2.789
2.79026
2.79768
2.79768
2.79768
2.80281
2.80281
2.80281
2.80632
2.80647
2.8076
2.80789
2.81043
2.8116
2.81373
2.814
2.81511
2.81639
2.8166
2.81927
2.82527
2.82706
2.82909
2.82945
2.83121
2.83353
2.83353
2.84089
2.84623
2.84623
2.84729
2.84782
2.85342
2.85383
2.8595
2.8595
2.8595
2.8595
2.8595
2.8595
2.8595
2.86252
2.86363
2.86431
2.86431
2.86431
2.86431
2.86431
2.86431
2.86431
2.86431
2.86431
2.86431
2.86431
2.86431
2.86431
2.86431
2.86674
2.86674
2.86674
2.86674
2.86968
2.86968
2.86968
2.87806
2.88063
2.88253
2.89746
2.90258
2.90339
2.90495
2.90731
2.91115
2.91932
2.93643
2.93702
2.94007
2.94055
2.94194
2.94306
2.94587
2.9473
2.95152
2.95462
2.95813
2.96524
2.96823
2.97688
2.98734
2.98765
2.99025
2.99317
2.99521
3.00002
3.00002
3.00002
3.00002
3.00002
3.00002
3.00002
3.00002
3.00002
3.00344
3.00412
3.00539
3.01125
3.016
3.01674
3.01674
3.01674
3.0261
3.02856
3.02886
3.03073
3.03073
3.03161
3.03199
3.03199
3.03199
3.03199
3.03199
3.03199
3.03199
3.03199
3.03199
3.03206
3.03436
3.04266
3.04507
3.04808
3.04808
3.04851
3.06542
3.06594
3.07262
3.07325
3.08143
3.08545
3.08545
3.0888
3.08969
3.0906
3.0913
3.09302
3.09437
3.09838
3.10095
3.10307
3.10423
3.10423
3.10614
3.10732
3.11242
3.11302
3.11377
3.11377
3.116
3.11734
3.12917
3.12917
3.12965
3.13056
3.13056
3.13056
3.13056
3.13056
3.13056
3.13056
3.13056
3.13056
3.13056
3.13233
3.13507
3.13592
3.13667
3.1382
3.14871
3.15205
3.15288
3.15576
3.16101
3.16432
3.17989
3.18416
3.18771
3.18916
3.18953
3.19097
3.19321
3.20002
3.202
3.20609
3.20609
3.20609
3.21019
3.21238
3.21349
3.21397
3.21495
3.21915
3.21934
3.21937
3.21937
3.2203
3.22075
3.22075
3.22075
3.22075
3.22075
3.22075
3.22255
3.22279
3.22487
3.22626
3.22626
3.22626
3.22626
3.22626
3.22816
3.23267
3.23764
3.24398
3.2515
3.25358
3.26177
3.26607
3.26789
3.26866
3.27549
3.28153
3.28249
3.28259
3.28761
3.29059
3.2926
3.29277
3.29367
3.30572
3.30572
3.30716
3.30884
3.30923
3.31451
3.31461
3.31697
3.31748
3.32043
3.32477
3.32531
3.32698
3.32699
3.32699
3.32699
3.32699
3.32699
3.32699
3.32699
3.32699
3.32821
3.33218
3.3359
3.3359
3.3359
3.3359
3.33936
3.34623
3.34885
3.34975
3.35055
3.35322
3.3596
3.36919
3.36977
3.36977
3.36977
3.36977
3.36977
3.37091
3.37146
3.37266
3.3741
3.37646
3.37649
3.37649
3.37734
3.37734
3.37734
3.37734
3.37734
3.37734
3.37734
3.37734
3.37734
3.37826
3.38031
3.38537
3.38598
3.39276
3.39496
3.39496
3.40193
3.4032
3.4054
3.40593
3.406
3.41129
3.41349
3.41818
3.42879
3.4314
3.43262
3.4354
3.43681
3.43754
3.43775
3.44577
3.45398
3.45838
3.47432
3.47792
3.47873
3.48553
3.49245
3.49245
3.502
3.502
3.51599
3.53695
3.53828
3.54379
3.54515
3.54771
3.55026
3.5505
3.55473
3.55805
3.56416
3.56616
3.5697
3.58027
3.58027
3.58027
3.58027
3.58301
3.58372
3.58559
3.58848
3.59138
3.59328
3.60442
3.6084
3.61043
3.61692
3.63075
3.63114
3.63701
3.6406
3.64107
3.65136
3.65518
3.65787
3.65826
3.66918
3.67436
3.67617
3.67617
3.68752
3.68752
3.68752
3.68752
3.68752
3.68752
3.6884
3.69727
3.70542
3.70648
3.70742
3.70781
3.70929
3.71048
3.71944
3.71944
3.72023
3.72305
3.72425
3.72425
3.72463
3.7263
3.73206
3.73313
3.73313
3.7385
3.74113
3.74181
3.74181
3.74718
3.75199
3.75216
3.75512
3.75827
3.76197
3.76247
3.76691
3.76935
3.77616
3.78015
3.78153
3.78749
3.7911
3.80153
3.80392
3.81091
3.81334
3.81407
3.81576
3.81738
3.81738
3.81738
3.8198
3.82023
3.82127
3.82127
3.82127
3.82127
3.82127
3.82127
3.82389
3.82847
3.82949
3.8298
3.83384
3.83384
3.83789
3.84085
3.8436
3.85882
3.8627
3.86679
3.87632
3.87883
3.88326
3.89338
3.89649
3.89689
3.90764
3.91446
3.91448
3.91448
3.91448
3.91448
3.91448
3.91568
3.91806
3.92365
3.92832
3.93859
3.93859
3.93859
3.9403
3.94358
3.94458
3.95332
3.95332
3.95332
3.95332
3.95332
3.95332
3.95332
3.95674
3.9696
3.97119
3.97395
3.98401
3.98436
3.98919
3.98974
3.98974
3.99926
4.0029
4.00927
4.01046
4.01187
4.01745
4.01959
4.02467
4.03524
4.03648
4.03651
4.03854
4.04736
4.04921
4.05706
4.05873
4.06049
4.06049
4.06049
4.06268
4.06359
4.07392
4.07587
4.08164
4.08297
4.1035
4.10383
4.1045
4.10701
4.10759
4.10969
4.11092
4.12426
4.13334
4.1371
4.13962
4.14382
4.15111
4.15406
4.15829
4.16354
4.1647
4.169
4.17142
4.17459
4.18901
4.18932
4.19615
4.19868
4.20037
4.20076
4.21172
4.21829
4.22232
4.22718
4.23378
4.23417
4.23505
4.23585
4.23859
4.24085
4.25102
4.25159
4.25265
4.25923
4.26302
4.28231
4.28231
4.28231
4.28969
4.28997
4.30073
4.30073
4.30073
4.30073
4.30073
4.30073
4.30826
4.31474
4.31474
4.31474
4.31667
4.31943
4.32662
4.33016
4.33052
4.33646
4.34311
4.35416
4.35736
4.35736
4.35736
4.35736
4.35736
4.35736
4.35736
4.35736
4.35741
4.3578
4.36022
4.36322
4.36813
4.36844
4.36915
4.37424
4.37629
4.38419
4.39247
4.39454
4.3948
4.40567
4.41318
4.41684
4.42044
4.42207
4.4234
4.42581
4.42824
4.43422
4.43836
4.43883
4.44617
4.44875
4.44875
4.45037
4.45565
4.45744
4.45744
4.45785
4.47632
4.47902
4.48239
4.48882
4.4918
4.50033
4.50723
4.51365
4.51686
4.51834
4.52811
4.5324
4.53675
4.53797
4.53913
4.55635
4.56842
4.56981
4.57956
4.58105
4.58181
4.58538
4.58953
4.59018
4.59277
4.5992
4.60026
4.6069
4.61036
4.62585
4.63296
4.63476
4.63534
4.63534
4.64071
4.64493
4.64673
4.65372
4.65778
4.67886
4.68421
4.69597
4.69597
4.69606
4.69752
4.70476
4.70476
4.70476
4.70609
4.7153
4.72215
4.75152
4.75261
4.75726
4.75802
4.75847
4.75964
4.77391
4.78303
4.78365
4.78587
4.7865
4.79101
4.79386
4.80065
4.8018
4.80432
4.8046
4.81057
4.81413
4.82361
4.82486
4.82908
4.84458
4.84585
4.85532
4.85561
4.85641
4.85684
4.86481
4.86529
4.87663
4.87888
4.88408
4.88708
4.88776
4.89823
4.90041
4.90243
4.90538
4.90557
4.90808
4.90808
4.90808
4.91129
4.91547
4.91562
4.92262
4.92609
4.92759
4.92925
4.92925
4.9326
4.9326
4.94118
4.94661
4.94661
4.94661
4.94661
4.94661
4.94661
4.94661
4.94661
4.94661
4.9473
4.9545
4.95464
4.95478
4.95749
4.95749
4.95906
4.9671
4.97097
4.9715
4.97618
4.97707
4.9882
4.99191
4.99408
5.00192
5.00793
5.00992
5.01381
5.01459
5.01485
5.01897
5.01897
5.01897
5.01901
5.03542
5.03653
5.04008
5.0428
5.04632
5.05824
5.06471
5.07393
5.07528
5.08247
5.08519
5.09741
5.10095
5.10954
5.11003
5.11376
5.11782
5.11798
5.11942
5.12564
5.12779
5.13378
5.13378
5.13778
5.14257
5.14589
5.15241
5.15562
5.16077
5.17173
5.17208
5.17687
5.18409
5.18688
5.18821
5.1899
5.1899
5.19263
5.19333
5.19508
5.19631
5.2061
5.2061
5.20657
5.20657
5.2135
5.22677
5.22992
5.23313
5.23686
5.24001
5.24263
5.24959
5.25764
5.26719
5.26902
5.27599
5.2776
5.30926
5.31011
5.31459
5.31511
5.32113
5.32351
5.33141
5.33785
5.34451
5.35331
5.35467
5.35923
5.3678
5.3696
5.37518
5.37813
5.37813
5.37858
5.3852
5.39386
5.39386
5.39386
5.40356
5.40834
5.40902
5.40997
5.40997
5.40997
5.40997
5.40997
5.41384
5.41533
5.42131
5.43511
5.43539
5.44167
5.44231
5.44459
5.45064
5.46127
5.46622
5.46622
5.46622
5.46638
5.47338
5.47843
5.50889
5.51157
5.51654
5.51654
5.5191
5.53098
5.5352
5.53604
5.54413
5.54764
5.55237
5.55777
5.55988
5.56141
5.56244
5.5786
5.58459
5.5889
5.5889
5.59599
5.59621
5.59739
5.60011
5.60683
5.62941
5.63226
5.64727
5.65078
5.65099
5.65957
5.66019
5.6696
5.67292
5.67552
5.67807
5.69819
5.69876
5.70473
5.71268
5.71717
5.71894
5.72462
5.72615
5.72719
5.72922
5.72922
5.74846
5.75044
5.75553
5.76084
5.76256
5.76278
5.76359
5.77378
5.77896
5.7909
5.7987
5.7987
5.80027
5.80119
5.80342
5.80467
5.8141
5.81482
5.81524
5.82352
5.82579
5.82688
5.82781
5.83592
5.84376
5.84694
5.85144
5.8527
5.85343
5.85938
5.87978
5.88491
5.88621
5.88881
5.8902
5.90842
5.91559
5.92014
5.92064
5.92275
5.93743
5.93856
5.94094
5.95697
5.97771
5.98202
5.98786
5.98786
5.99656
6.00158
6.00248
6.00364
6.00568
6.00755
6.0077
6.00984
6.01063
6.01975
6.02479
6.02605
6.02853
6.03981
6.04792
6.04792
6.04792
6.05932
6.06543
6.06543
6.06543
6.07295
6.09411
6.09612
6.09753
6.09896
6.10075
6.10356
6.11011
6.11228
6.11802
6.11835
6.12142
6.13172
6.13551
6.14339
6.14347
6.14647
6.14751
6.14776
6.15131
6.15902
6.16006
6.16332
6.16779
6.16927
6.17053
6.18293
6.18951
6.19129
6.19654
6.1977
6.20708
6.20989
6.2245
6.22952
6.23687
6.23847
6.2446
6.2455
6.25926
6.27034
6.28309
6.30442
6.30783
6.30911
6.30967
6.31964
6.3202
6.32721
6.32721
6.32721
6.33116
6.33642
6.33758
6.34279
6.34512
6.34714
6.34748
6.3478
6.35191
6.35191
6.35284
6.35323
6.36041
6.36576
6.37249
6.37483
6.37842
6.38006
6.38114
6.38332
6.38724
6.38724
6.38738
6.38955
6.39641
6.39787
6.39977
6.40691
6.40747
6.41904
6.42295
6.42324
6.42329
6.42524
6.43512
6.4463
6.4467
6.45038
6.45753
6.46031
6.46137
6.49255
6.49534
6.53096
6.53338
6.53456
6.5351
6.53544
6.54564
6.54564
6.54965
6.55076
6.55227
6.55464
6.55713
6.56277
6.56589
6.5662
6.5662
6.56634
6.56859
6.56948
6.5747
6.57598
6.58295
6.58389
6.58926
6.59003
6.59687
6.60735
6.61822
6.62373
6.64099
6.65226
6.65507
6.65738
6.65809
6.66419
6.69737
6.6982
6.71278
6.716
6.72223
6.72766
6.72874
6.73699
6.73808
6.74943
6.77068
6.77624
6.77863
6.78632
6.78692
6.79943
6.80358
6.80425
6.80506
6.81406
6.81445
6.81563
6.8264
6.82996
6.82996
6.82996
6.82996
6.83417
6.83533
6.85209
6.85252
6.85533
6.86089
6.86541
6.8679
6.87512
6.87692
6.88122
6.88293
6.88822
6.89365
6.89752
6.89917
6.90034
6.91254
6.91486
6.91688
6.92444
6.92481
6.9266
6.93241
6.93439
6.93673
6.93956
6.94165
6.9438
6.95346
6.95627
6.95833
6.95982
6.96198
6.96607
6.9684
6.9778
6.97885
6.99196
6.99656
6.99746
6.99796
7.00078
7.00443
7.01159
7.01379
7.01776
7.01776
7.01776
7.02948
7.03112
7.03274
7.03487
7.03684
7.03947
7.04724
7.05301
7.05667
7.06442
7.0675
7.07343
7.075
7.07802
7.0785
7.07994
7.08464
7.09419
7.09925
7.10081
7.11263
7.11473
7.12849
7.13814
7.13951
7.14444
7.14812
7.15065
7.15065
7.15362
7.15392
7.15392
7.15695
7.15909
7.16468
7.16617
7.16617
7.17211
7.17642
7.18285
7.18543
7.18735
7.18911
7.19104
7.19209
7.20148
7.20418
7.20543
7.20752
7.2174
7.21937
7.22233
7.22795
7.23355
7.23366
7.23953
7.25145
7.25355
7.25497
7.262
7.26748
7.26811
7.27339
7.27645
7.27701
7.279
7.28415
7.28764
7.2892
7.28984
7.29736
7.2995
7.30665
7.31192
7.31192
7.31192
7.31192
7.31478
7.31774
7.31996
7.32524
7.33158
7.33406
7.33748
7.34044
7.34859
7.34981
7.35001
7.35182
7.35244
7.36257
7.3626
7.36641
7.36716
7.36843
7.37823
7.38048
7.39329
7.39547
7.39579
7.39657
7.39722
7.40046
7.40727
7.41578
7.41871
7.42135
7.42317
7.42471
7.42888
7.42951
7.43695
7.44674
7.44965
7.45053
7.45622
7.46084
7.46571
7.47735
7.48623
7.49448
7.50245
7.50856
7.52012
7.52012
7.52171
7.53178
7.53181
7.53921
7.54526
7.55246
7.55783
7.56405
7.56578
7.56741
7.573
7.57691
7.57724
7.58168
7.58168
7.58168
7.58168
7.58168
7.58561
7.58705
7.58941
7.59245
7.59384
7.60621
7.60691
7.60807
7.61575
7.61613
7.61928
7.62092
7.62448
7.63031
7.63031
7.63031
7.63031
7.63031
7.63654
7.64485
7.64677
7.64677
7.64776
7.65073
7.65186
7.65629
7.65691
7.65698
7.66272
7.66654
7.66691
7.67186
7.67408
7.67417
7.67511
7.68604
7.68963
7.69068
7.69437
7.69703
7.69923
7.69967
7.69967
7.70104
7.70388
7.71072
7.71437
7.72145
7.72235
7.72812
7.72828
7.72828
7.73177
7.73365
7.73518
7.73518
7.73685
7.73818
7.74715
7.75022
7.75069
7.75097
7.76129
7.7638
7.76748
7.77347
7.77951
7.78299
7.79134
7.79154
7.79423
7.79433
7.79862
7.8093
7.80944
7.80952
7.81138
7.81569
7.81965
7.83041
7.83476
7.84262
7.8485
7.84888
7.85295
7.85601
7.85786
7.86153
7.86776
7.86892
7.87393
7.87446
7.8812
7.88141
7.8822
7.88421
7.89128
7.89136
7.89559
7.89602
7.89742
7.901
7.90185
7.90207
7.90377
7.90426
7.90618
7.90909
7.90909
7.90954
7.91116
7.9123
7.91479
7.9158
7.91828
7.91887
7.92803
7.93145
7.93393
7.94136
7.9428
7.94315
7.94374
7.94741
7.94893
7.95091
7.95722
7.9622
7.96324
7.96971
7.97988
7.9846
7.98627
7.9927
7.99354
7.99597
7.9967
8.00173
8.00463
8.00781
8.00912
8.01261
8.01261
8.01261
8.01261
8.01373
8.01447
8.01807
8.02061
8.02117
8.02302
8.02755
8.03614
8.03691
8.03708
8.03708
8.03799
8.03838
8.04125
8.04563
8.04715
8.04715
8.04892
8.04936
8.0506
8.05283
8.05456
8.05809
8.05813
8.05828
8.06012
8.06165
8.0689
8.07152
8.07817
8.07875
8.08134
8.08434
8.08434
8.09113
8.09943
8.09981
8.10002
8.10002
8.10002
8.10002
8.10004
8.10334
8.10448
8.10842
8.10872
8.10943
8.11702
8.11942
8.12439
8.12594
8.12594
8.1373
8.1373
8.13825
8.14018
8.14765
8.14805
8.14805
8.15064
8.15314
8.15651
8.15712
8.15712
8.15732
8.15769
8.1678
8.17377
8.17408
8.17452
8.17885
8.179
8.17994
8.18475
8.1869
8.18883
8.18902
8.19059
8.19135
8.19242
8.19386
8.19496
8.19669
8.19826
8.20304
8.20853
8.21333
8.21395
8.2156
8.21843
8.22056
8.22135
8.22246
8.2253
8.2253
8.22819
8.23407
8.2353
8.23543
8.23724
8.24392
8.24445
8.25083
8.25102
8.25329
8.25451
8.25557
8.25638
8.25837
8.26227
8.26227
8.26591
8.27101
8.27629
8.27786
8.27786
8.27786
8.27786
8.27786
8.27786
8.27786
8.27786
8.27786
8.27786
8.27786
8.27806
8.27931
8.27946
8.27946
8.28593
8.28606
8.28606
8.28752
8.2923
8.29365
8.29647
8.30073
8.30151
8.30151
8.30821
8.30937
8.31149
8.31173
8.31265
8.31404
8.31734
8.31804
8.32509
8.33246
8.33259
8.3328
8.33315
8.33514
8.33601
8.33687
8.33731
8.34538
8.34877
8.35098
8.3603
8.36555
8.371
8.37327
8.37327
8.37327
8.37327
8.37327
8.37521
8.37782
8.38323
8.38374
8.38648
8.3881
8.38923
8.39001
8.39005
8.3926
8.3932
8.39339
8.40328
8.40769
8.40771
8.40874
8.40889
8.41806
8.42453
8.4275
8.43383
8.43449
8.43613
8.44026
8.44144
8.44144
8.44342
8.44354
8.44891
8.45055
8.45237
8.45395
8.45631
8.45679
8.45712
8.45712
8.45712
8.45712
8.4584
8.4584
8.4584
8.4584
8.4584
8.4584
8.4584
8.46215
8.46354
8.46681
8.47436
8.48051
8.48059
8.48317
8.48318
8.48815
8.50039
8.50642
8.50647
8.50838
8.51241
8.51268
8.51379
8.51504
8.51755
8.51767
8.5184
8.51976
8.51976
8.51976
8.52314
8.52324
8.52569
8.5271
8.53063
8.53155
8.53407
8.53534
8.53534
8.53534
8.53534
8.53534
8.53534
8.53626
8.53893
8.54071
8.54109
8.54123
8.54901
8.55026
8.55032
8.55185
8.55373
8.5629
8.5629
8.56412
8.56642
8.57039
8.57039
8.57247
8.57462
8.57521
8.58357
8.58716
8.58766
8.58816
8.58949
8.59339
8.59339
8.59339
8.59583
8.59606
8.6049
8.6049
8.60726
8.61327
8.61646
8.62893
8.62924
8.63119
8.63821
8.64193
8.64429
8.64705
8.649
8.64966
8.65302
8.65514
8.65554
8.65865
8.65999
8.66099
8.66369
8.67184
8.67628
8.67653
8.67667
8.68196
8.68677
8.68686
8.6881
8.6923
8.69399
8.69399
8.69408
8.69446
8.69735
8.69911
8.70031
8.70044
8.70543
8.70664
8.70885
8.70885
8.70885
8.70885
8.70885
8.70885
8.70885
8.70885
8.71017
8.71169
8.71302
8.71959
8.72347
8.72353
8.73021
8.73133
8.73181
8.73258
8.74175
8.74522
8.74684
8.75208
8.75412
8.75436
8.75653
8.75886
8.7629
8.76423
8.7648
8.76593
8.77186
8.77256
8.77328
8.7735
8.77366
8.77828
8.78053
8.78308
8.78342
8.79164
8.7942
8.79828
8.79964
8.8018
8.80425
8.80443
8.80808
8.81056
8.81258
8.81667
8.81667
8.81667
8.81923
8.8196
8.82066
8.82115
8.83431
8.83805
8.84259
8.8454
8.84722
8.84722
8.84722
8.84722
8.84891
8.85627
8.85772
8.86203
8.86203
8.86203
8.86203
8.86711
8.87249
8.87294
8.87571
8.87738
8.87932
8.88339
8.88543
8.88769
8.88775
8.88775
8.88775
8.88775
8.88775
8.88775
8.88894
8.89262
8.89396
8.8966
8.90322
8.90687
8.91065
8.91078
8.91702
8.92676
8.92814
8.92912
8.92956
8.93183
8.93526
8.94087
8.94307
8.94471
8.96842
8.9689
8.96909
8.97024
8.97056
8.9737
8.98155
8.98167
8.98188
8.98188
8.98601
8.98705
8.98824
8.9901
8.99105
8.99135
8.99285
8.99448
8.99448
8.99735
8.99735
8.99735
8.99735
8.99735
8.99843
8.99938
8.99944
9.00107
9.00107
9.003
9.00589
9.00599
9.0153
9.0157
9.01576
9.01727
9.01789
9.0243
9.02438
9.02742
9.02812
9.02913
9.02945
9.0304
9.03311
9.04132
9.04322
9.04653
9.04707
9.04847
9.05045
9.0523
9.05578
9.05578
9.05783
9.05783
9.05783
9.05783
9.0581
9.06044
9.06319
9.06347
9.06383
9.06438
9.06588
9.06725
9.06741
9.06741
9.06799
9.06911
9.07241
9.07543
9.0761
9.07849
9.07887
9.08025
9.08118
9.0829
9.08753
9.08877
9.09264
9.09417
9.09546
9.0967
9.0967
9.0967
9.09766
9.09799
9.1056
9.10607
9.10649
9.10739
9.10995
9.11295
9.11296
9.11372
9.11914
9.13203
9.13426
9.13849
9.14363
9.14385
9.14678
9.14886
9.15171
9.15227
9.1551
9.15844
9.16202
9.16412
9.16456
9.16462
9.16637
9.16714
9.16773
9.16944
9.17003
9.17078
9.17244
9.17449
9.1762
9.17878
9.17902
9.18178
9.18295
9.18755
9.19009
9.19465
9.20386
9.20546
9.20782
9.21315
9.21436
9.21522
9.21937
9.22111
9.22396
9.22444
9.22556
9.22634
9.22707
9.22998
9.23169
9.23265
9.23414
9.23864
9.23988
9.24142
9.25009
9.25056
9.25205
9.25283
9.2615
9.26347
9.26368
9.26472
9.2649
9.26556
9.2664
9.27099
9.27232
9.2725
9.27442
9.27442
9.27442
9.27442
9.27442
9.27718
9.27994
9.28539
9.28539
9.28539
9.30827
9.31345
9.31345
9.31345
9.31345
9.31345
9.32454
9.32695
9.32695
9.32755
9.32755
9.32755
9.32755
9.32991
9.32993
9.33081
9.33244
9.336
9.33777
9.34072
9.3425
9.34815
9.35157
9.35157
9.35157
9.35333
9.35608
9.36048
9.36142
9.36354
9.36534
9.37054
9.37204
9.38017
9.38209
9.38434
9.38935
9.39081
9.39459
9.39703
9.3971
9.39752
9.39779
9.40634
9.40832
9.41107
9.41452
9.4169
9.41709
9.41709
9.41709
9.4192
9.42042
9.4211
9.42304
9.42632
9.42824
9.4286
9.42878
9.4299
9.4378
9.43954
9.43954
9.44002
9.4497
9.45025
9.45025
9.45025
9.45096
9.45392
9.45943
9.46436
9.46558
9.46574
9.46578
9.46827
9.46993
9.47106
9.47155
9.47359
9.47396
9.47396
9.47396
9.47396
9.47396
9.47396
9.47556
9.47692
9.4799
9.48798
9.48863
9.49411
9.4973
9.50095
9.5021
9.50234
9.50241
9.50421
9.50522
9.5072
9.50756
9.50954
9.51401
9.51779
9.51785
9.51801
9.52632
9.52713
9.53065
9.53361
9.53428
9.53659
9.54115
9.54207
9.54415
9.54624
9.54848
9.54848
9.54895
9.54919
9.55304
9.5623
9.56565
9.56643
9.56771
9.56825
9.57374
9.57381
9.57436
9.58198
9.58335
9.58387
9.59381
9.59425
9.59495
9.59638
9.59935
9.5995
9.60259
9.60361
9.60536
9.60983
9.6105
9.61327
9.61327
9.61362
9.61464
9.61609
9.62
9.62363
9.62784
9.62838
9.62993
9.63298
9.63706
9.63706
9.63756
9.64468
9.64664
9.64704
9.64933
9.65691
9.65817
9.66167
9.6695
9.6736
9.67699
9.67733
9.67897
9.67936
9.68827
9.68889
9.68898
9.69042
9.69128
9.693
9.69393
9.69435
9.70543
9.70543
9.70773
9.70773
9.70773
9.71422
9.71422
9.71578
9.72275
9.72638
9.73467
9.73594
9.73594
9.7395
9.74382
9.7471
9.75047
9.77145
9.77181
9.77704
9.77921
9.78477
9.78803
9.79233
9.7937
9.79551
9.80139
9.80166
9.80908
9.81978
9.82234
9.8248
9.82869
9.8344
9.83486
9.83561
9.83727
9.84493
9.84554
9.84821
9.84907
9.85174
9.85243
9.86046
9.86215
9.86305
9.86557
9.86651
9.86894
9.86928
9.86949
9.87906
9.87909
9.88832
9.8916
9.89299
9.89497
9.90252
9.9136
9.91386
9.91789
9.91854
9.91997
9.92431
9.92451
9.9316
9.93271
9.93498
9.93856
9.94023
9.94059
9.94097
9.94222
9.94814
9.94815
9.94947
9.94947
9.95035
9.95145
9.95521
9.95793
9.96261
9.96272
9.96865
9.9698
9.96994
9.97014
9.97477
9.9754
9.97643
9.97742
9.97841
9.98064
9.98085
9.98197
9.98382
9.98574
9.98574
9.98835
9.99205
9.99457
9.99478
9.99748
9.99995
10.0036
10.0036
10.0036
10.0045
10.0045
10.0045
10.0045
10.0045
10.0052
10.0069
10.0207
10.0207
10.0238
10.0252
10.0292
10.0306
10.0325
10.037
10.0396
10.0421
10.0429
10.0439
10.05
10.0553
10.0585
10.0636
10.0636
10.0639
10.0661
10.0669
10.068
10.0683
10.0703
10.0754
10.078
10.078
10.0786
10.0856
10.0867
10.0891
10.0929
10.0945
10.0971
10.1033
10.1049
10.1053
10.1077
10.108
10.1081
10.1084
10.1085
10.1087
10.1112
10.113
10.1152
10.1161
10.1176
10.1218
10.1221
10.1234
10.1272
10.1346
10.138
10.1419
10.1422
10.1434
10.1434
10.1446
10.1453
10.1471
10.1472
10.1472
10.1496
10.1505
10.1506
10.1517
10.1523
10.1526
10.1545
10.1559
10.1585
10.1617
10.1632
10.1637
10.1716
10.1745
10.1745
10.1768
10.1793
10.1793
10.1821
10.1866
10.1883
10.1897
10.1912
10.1918
10.1919
10.195
10.1951
10.1984
10.1984
10.2029
10.204
10.2064
10.2102
10.2102
10.212
10.2125
10.2125
10.2133
10.2139
10.2139
10.215
10.2157
10.22
10.2253
10.2263
10.2299
10.2325
10.2344
10.2357
10.2378
10.2391
10.2406
10.2477
10.2492
10.2515
10.2566
10.2572
10.2614
10.2614
10.2634
10.2678
10.2684
10.2706
10.274
10.2779
10.2825
10.284
10.2847
10.2858
10.2886
10.2886
10.29
10.2976
10.2997
10.3014
10.3021
10.3041
10.3049
10.305
10.3057
10.306
10.3073
10.3081
10.3085
10.3111
10.3122
10.3124
10.3142
10.3191
10.3195
10.3207
10.3247
10.3251
10.3251
10.327
10.3425
10.3438
10.3447
10.3448
10.3451
10.3465
10.3466
10.349
10.3509
10.3602
10.3605
10.3613
10.3631
10.3644
10.3658
10.369
10.371
10.3777
10.3784
10.3793
10.3818
10.3828
10.3837
10.3864
10.3881
10.3887
10.3887
10.3887
10.3895
10.3916
10.3923
10.3955
10.397
10.397
10.399
10.3991
10.3995
10.4008
10.4021
10.4041
10.4101
10.4113
10.4117
10.4117
10.4124
10.4125
10.4189
10.4211
10.4215
10.4224
10.4277
10.4305
10.4316
10.4318
10.4356
10.4367
10.437
10.4374
10.4398
10.441
10.442
10.446
10.4516
10.4583
10.4584
10.4589
10.4603
10.4603
10.4612
10.4638
10.4638
10.4658
10.4663
10.4683
10.4767
10.4772
10.4805
10.4884
10.4888
10.4894
10.4905
10.4964
10.5051
10.5094
10.5128
10.5135
10.515
10.5184
10.5189
10.5198
10.5206
10.5226
10.527
10.5311
10.5332
10.5351
10.536
10.5376
10.5407
10.5429
10.5475
10.5484
10.5508
10.5533
10.5579
10.5614
10.5621
10.5725
10.5801
10.586
10.5881
10.593
10.5941
10.5951
10.5967
10.5972
10.6006
10.6026
10.603
10.6107
10.6109
10.6195
10.6195
10.6212
10.6239
10.6307
10.6374
10.6395
10.6457
10.6474
10.6524
10.6583
10.6614
10.6622
10.6659
10.6691
10.6706
10.6708
10.6728
10.6778
10.683
10.6887
10.6889
10.691
10.7033
10.7108
10.7227
10.7249
10.7286
10.7313
10.7429
10.7475
10.7489
10.7519
10.7524
10.754
10.754
10.7597
10.7625
10.7628
10.7646
10.7666
10.7668
10.7783
10.7783
10.783
10.7836
10.7867
10.7908
10.7922
10.7979
10.8044
10.8149
10.8149
10.8205
10.8226
10.8255
10.8269
10.8408
10.8434
10.8456
10.8491
10.8513
10.8526
10.8529
10.8529
10.8592
10.8646
10.8655
10.8663
10.8697
10.8756
10.8786
10.8814
10.8862
10.8913
10.9043
10.9199
10.9242
10.9278
10.9308
10.9335
10.9356
10.9466
10.9471
10.9519
10.9637
10.9654
10.9718
10.9723
10.9786
10.9799
10.9812
10.9829
10.9835
10.9919
10.9948
10.9957
10.9983
11.0012
11.0104
11.0106
11.0146
11.022
11.0224
11.0305
11.0323
11.0409
11.0422
11.0431
11.0442
11.0455
11.0477
11.0544
11.0552
11.065
11.0735
11.0854
11.0884
11.0894
11.0927
11.0976
11.0987
11.1031
11.1056
11.1133
11.114
11.1203
11.1203
11.1275
11.1298
11.1335
11.1353
11.1358
11.1409
11.1476
11.1572
11.1622
11.1656
11.1727
11.1794
11.1827
11.1855
11.1931
11.1936
11.1969
11.2021
11.2035
11.2081
11.2082
11.2186
11.2193
11.2206
11.2268
11.2271
11.2487
11.2489
11.2547
11.2548
11.258
11.2587
11.2602
11.2615
11.2639
11.268
11.2732
11.2798
11.28
11.2831
11.2841
11.3036
11.3062
11.3258
11.3287
11.3426
11.3516
11.3568
11.3586
11.3613
11.3625
11.3648
11.3769
11.3774
11.3789
11.3797
11.3821
11.3849
11.3899
11.3903
11.3987
11.4052
11.411
11.4239
11.427
11.4288
11.4308
11.4385
11.4481
11.4487
11.4492
11.4514
11.4557
11.4615
11.465
11.4702
11.4712
11.4719
11.4774
11.4871
11.4881
11.4899
11.4904
11.4945
11.5005
11.5011
11.507
11.5115
11.5431
11.548
11.5523
11.5544
11.568
11.5688
11.5819
11.5824
11.583
11.586
11.5929
11.5946
11.5979
11.6025
11.6035
11.6297
11.6315
11.6416
11.6429
11.6465
11.6517
11.6538
11.6617
11.6661
11.6688
11.6865
11.702
11.7083
11.7102
11.7171
11.7187
11.7309
11.7349
11.7434
11.7437
11.7462
11.7489
11.7514
11.7602
11.7648
11.7659
11.8001
11.8019
11.8189
11.8232
11.8303
11.842
11.8514
11.8633
11.8633
11.8655
11.8712
11.8712
11.8816
11.8889
11.8957
11.8997
11.9016
11.9047
11.9084
11.9085
11.9218
11.9232
11.9297
11.9338
11.9378
11.943
11.9431
11.9455
11.9526
11.9537
11.9538
11.9543
11.9558
11.9592
11.9887
11.9898
12.0026
12.0036
12.0076
12.0171
12.0221
12.0335
12.0341
12.0437
12.0469
12.0488
12.0864
12.093
12.1121
12.1369
12.1378
12.1404
12.1446
12.1532
12.1573
12.1633
12.1648
12.1696
12.1713
12.1826
12.1858
12.1955
12.2203
12.2209
12.2301
12.2404
12.2427
12.2434
12.2467
12.2708
12.276
12.2815
12.285
12.3022
12.3036
12.3231
12.3283
12.3298
12.3386
12.3591
12.3664
12.3696
12.3787
12.3964
12.3964
12.4019
12.4048
12.4051
12.4127
12.4213
12.4237
12.4249
12.427
12.4278
12.4547
12.4647
12.4653
12.4692
12.4714
12.4773
12.482
12.483
12.4893
12.4913
12.4954
12.5053
12.5411
12.5539
12.5657
12.5769
12.5981
12.6038
12.6054
12.6354
12.6392
12.6501
12.6509
12.6622
12.6784
12.6843
12.6882
12.6887
12.6909
12.7172
12.7412
12.7805
12.786
12.7951
12.7974
12.7993
12.8182
12.8183
12.8208
12.8227
12.8232
12.8299
12.8418
12.8531
12.8697
12.8905
12.896
12.912
12.914
12.9161
12.9201
12.9206
12.9238
12.9396
12.9434
12.9542
12.971
12.974
12.9744
12.9903
13.0018
13.0124
13.0176
13.0201
13.0367
13.0573
13.0738
13.0742
13.0886
13.0888
13.0993
13.1045
13.1205
13.1221
13.1251
13.1376
13.1407
13.1433
13.1818
13.2426
13.2679
13.2766
13.2928
13.2981
13.3075
13.3113
13.3194
13.3237
13.3719
13.3719
13.3857
13.3997
13.419
13.4386
13.4395
13.4446
13.4519
13.4677
13.4807
13.4914
13.5177
13.5462
13.5507
13.5511
13.571
13.5801
13.5851
13.5895
13.613
13.621
13.622
13.6515
13.6564
13.6739
13.6745
13.6826
13.6897
13.6901
13.6999
13.702
13.7034
13.7274
13.7307
13.7402
13.7659
13.7887
13.7926
13.7978
13.8212
13.8245
13.8325
13.833
13.8339
13.8574
13.8677
13.8742
13.9026
13.9246
13.9477
13.956
13.9804
13.9822
13.9893
13.9906
13.9951
14.0082
14.0388
14.0389
14.0785
14.0977
14.0999
14.105
14.1067
14.1128
14.1444
14.1546
14.1558
14.172
14.1747
14.1889
14.1944
14.1966
14.2112
14.2138
14.214
14.2548
14.2685
14.2707
14.2741
14.2869
14.3259
14.3331
14.3434
14.3534
14.3724
14.3893
14.422
14.4701
14.4727
14.4757
14.4829
14.5266
14.5322
14.5482
14.5536
14.5562
14.5617
14.5687
14.5699
14.575
14.5889
14.5952
14.5999
14.6119
14.6272
14.6276
14.6542
14.6684
14.6926
14.7154
14.752
14.7726
14.7998
14.8006
14.812
14.8346
14.8419
14.8465
14.8539
14.8637
14.8694
14.8853
14.9082
14.9086
14.9107
14.9305
14.9314
14.9315
14.9393
14.9396
14.9467
14.969
14.9858
14.9946
15.0039
15.0127
15.0593
15.0626
15.0659
15.0869
15.0945
15.0963
15.101
15.111
15.1181
15.1412
15.1865
15.2061
15.2426
15.2795
15.2803
15.2913
15.3395
15.3606
15.3939
15.4089
15.4256
15.4774
15.4828
15.512
15.5314
15.5725
15.5752
15.5947
15.5962
15.6304
15.6311
15.638
15.6433
15.6674
15.6714
15.688
15.7043
15.7141
15.7709
15.7729
15.7735
15.7818
15.7827
15.7839
15.799
15.8394
15.8691
15.8694
15.8817
15.8835
15.8986
15.9083
15.9278
15.9747
15.9779
15.9818
15.9821
15.9843
15.9958
15.9975
16.0087
16.0211
16.052
16.0539
16.0747
16.1027
16.1242
16.1349
16.138
16.1754
16.1797
16.1821
16.2269
16.2592
16.3129
16.3256
16.328
16.3287
16.347
16.3502
16.3714
16.377
16.3855
16.4244
16.4269
16.4369
16.4407
16.453
16.4635
16.4834
16.4846
16.4868
16.4924
16.499
16.5215
16.5389
16.5476
16.572
16.5815
16.642
16.6546
16.6573
16.6711
16.6798
16.6946
16.7153
16.718
16.7285
16.7479
16.771
16.7842
16.7905
16.7993
16.8004
16.8401
16.8411
16.8819
16.8822
16.8844
16.898
16.9633
16.9846
16.9964
16.9987
17.0134
17.0259
17.0286
17.0291
17.0631
17.0954
17.1225
17.1342
17.1349
17.1403
17.1668
17.1966
17.2007
17.224
17.2322
17.2852
17.3014
17.3052
17.3545
17.3967
17.409
17.4149
17.4257
17.4288
17.4424
17.4763
17.5026
17.5116
17.5406
17.5768
17.6062
17.6062
17.6078
17.6683
17.6776
17.6886
17.6951
17.6958
17.7395
17.8146
17.8146
17.8314
17.839
17.8437
17.864
17.867
17.8725
17.8832
17.9515
17.9728
17.9853
17.9992
18.0187
18.038
18.1178
18.1314
18.1661
18.1677
18.1821
18.1866
18.1868
18.189
18.203
18.2578
18.263
18.3032
18.3164
18.3488
18.352
18.3622
18.3852
18.3893
18.5096
18.5368
18.5486
18.6332
18.8414
18.9064
18.9217
18.9594
19.0338
19.3191
19.3596
19.5966
19.6915
19.725
19.8325
20.0038
20.0444
20.0855
20.0965
20.1213
20.1327
20.2201
20.2679
20.4996
20.5019
20.6104
20.9573
21.1366
21.3056
21.366
21.4019
21.4784
21.4886
21.5084
21.6871
21.7526
21.9852
22.024
22.2403
22.3081
22.4852
22.5848
22.634
23.062
23.1096
23.3478
23.679
23.7437
23.8707
24.0055
24.0306
24.061
24.2544
24.4014
26.208
28.3656
28.5887