#Generations: 160
#Individuals: 6000
16.4803
15.8611
15.3613
14.9457
14.5623
14.2065
13.8493
13.5133
13.1933
12.8891
12.5972
12.3296
12.0631
11.8206
11.5946
11.3711
11.1628
10.9584
10.7637
10.587
10.4105
10.2418
10.0666
9.90867
9.75815
9.59862
9.45481
9.30446
9.17075
9.02626
8.87945
8.73734
8.60465
8.46347
8.33559
8.20454
8.07634
7.95871
7.84554
7.72728
7.62308
7.51127
7.41213
7.3144
7.20864
7.11115
7.02128
6.93049
6.84267
6.75746
6.66238
6.5717
6.47207
6.37422
6.2719
6.17388
6.07375
5.97653
5.88238
5.78396
5.69129
5.60305
5.52595
5.45097
5.37933
5.31578
5.25432
5.2004
5.1514
5.10402
5.06416
5.02443
4.99436
4.96324
4.93408
4.90505
4.87858
4.85243
4.82959
4.8073
4.78176
4.75679
4.73462
4.71917
4.71097
4.70496
4.702
4.7002
4.69868
4.69672
4.69446
4.69105
4.68753
4.68713
4.68713
4.68713
4.68713
4.68713
4.68713
4.68713
4.68713
4.68713
4.68713
4.68713
4.68713
4.68713
4.68713
4.68713
4.68713
4.68713
4.68713
4.68713
4.68713
4.68713
4.68713
4.68713
4.68713
4.68713
4.68713
4.68713
4.68713
4.68713
4.68713
4.68713
4.68713
4.68713
4.68713
4.68713
4.68713
4.68713
4.68713
4.68713
4.68713
4.68713
4.68713
4.68713
4.68713
4.68713
4.68713
4.68713
4.68713
4.68713
4.68713
4.68713
4.68713
4.68713
4.68713
4.68713
4.68713
4.68713
4.68713
4.68713
4.68713
4.68713
4.68713
4.68713
4.68713
4.68713
4.68713
4.68713
#
4.68713
4.68713
4.68713
4.68713
4.68713
4.68713
4.68713
4.68713
4.68713
4.68713
4.68713
4.68713
4.68713
4.68713
4.68713
4.68713
4.68713
4.68713
4.68713
4.68713
4.68713
4.68713
4.68713
4.68713
4.68713
4.68713
4.68713
4.68713
4.68713
4.68713
4.68713
4.68713
4.68713
4.68713
4.68713
4.68713
4.68713
4.68713
4.68713
4.68713
4.68713
4.68713
4.68713
4.68713
4.68713
4.68713
4.68713
4.68713
4.68713
4.68713
4.68713
4.68713
4.68713
4.68713
4.68713
4.68713
4.68713
4.68713
4.68713
4.68713
4.68713
4.68713
4.68713
4.68713
4.68713
4.68713
4.68713
4.68713
4.68713
4.68713
4.68713
4.68713
4.68713
4.68713
4.68713
4.68713
4.68713
4.68713
4.68713
4.68713
4.68713
4.68713
4.68713
4.68713
4.68713
4.68713
4.68713
4.68713
4.68713
4.68713
4.68713
4.68713
4.68713
4.68713
4.68713
4.68713
4.68713
4.68713
4.68713
4.68713
4.68713
4.68713
4.68713
4.68713
4.68713
4.68713
4.68713
4.68713
4.68713
4.68713
4.68713
4.68713
4.68713
4.68713
4.68713
4.68713
4.68713
4.68713
4.68713
4.68713
4.68713
4.68713
4.68713
4.68713
4.68713
4.68713
4.68713
4.68713
4.68713
4.68713
4.68713
4.68713
4.68713
4.68713
4.68713
4.68713
4.68713
4.68713
4.68713
4.68713
4.68713
4.68713
4.68713
4.68713
4.68713
4.68713
4.68713
4.68713
4.68713
4.68713
4.68713
4.68713
4.68713
4.68713
4.68713
4.68713
4.68713
4.68713
4.68713
4.68713
4.68713
4.68713
4.68713
4.68713
4.68713
4.68713
4.68713
4.68713
4.68713
4.68713
4.68713
4.68713
4.68713
4.68713
4.68713
4.68713
4.68713
4.68713
4.68713
4.68713
4.68713
4.68713
4.68713
4.68713
4.68713
4.68713
4.68713
4.68713
4.68713
4.68713
4.68713
4.68713
4.68713
4.68713
4.68713
4.68713
4.68713
4.68713
4.68713
4.68713
4.68713
4.68713
4.68713
4.68713
4.68713
4.68713
4.68713
4.68713
4.68713
4.68713
4.68713
4.68713
4.68713
4.68713
4.68713
4.68713
4.68713
4.68713
4.68713
4.68713
4.68713
4.68713
4.68713
4.68713
4.68713
4.68713
4.68713
4.68713
4.68713
4.68713
4.68713
4.68713
4.68713
4.68713
4.68713
4.68713
4.68713
4.68713
4.68713
4.68713
4.68713
4.68713
4.68713
4.68713
4.68713
4.68713
4.68713
4.68713
4.68713
4.68713
4.68713
4.68713
4.68713
4.68713
4.68713
4.68713
4.68713
4.68713
4.68713
4.68713
4.68713
4.68713
4.68713
4.68713
4.68713
4.68713
4.68713
4.68713
4.68713
4.68713
4.68713
4.68713
4.68713
4.68713
4.68713
4.68713
4.68713
4.68713
4.68713
4.68713
4.68713
4.68713
4.68713
4.68713
4.68713
4.68713
4.68713
4.68713
4.68713
4.68713
4.68713
4.68713
4.68713
4.68713
4.68713
4.68713
4.68713
4.68713
4.68713
4.68713
4.68713
4.68713
4.68713
4.68713
4.68713
4.68713
4.68713
4.68713
4.68713
4.68713
4.68713
4.68713
4.68713
4.68713
4.68713
4.68713
4.68713
4.68713
4.68713
4.68713
4.68713
4.68713
4.68713
4.68713
4.68713
4.68713
4.68713
4.68713
4.68713
4.68713
4.68713
4.68713
4.68713
4.68713
4.68713
4.68713
4.68713
4.68713
4.68713
4.68713
4.68713
4.68713
4.68713
4.68713
4.68713
4.68713
4.68713
4.68713
4.68713
4.68713
4.68713
4.68713
4.68713
4.68713
4.68713
4.68713
4.68713
4.68713
4.68713
4.68713
4.68713
4.68713
4.68713
4.68713
4.68713
4.68713
4.68713
4.68713
4.68713
4.68713
4.68713
4.68713
4.68713
4.68713
4.68713
4.68713
4.68713
4.68713
4.68713
4.68713
4.68713
4.68713
4.68713
4.68713
4.68713
4.68713
4.68713
4.68713
4.68713
4.68713
4.68713
4.68713
4.68713
4.68713
4.68713
4.68713
4.68713
4.68713
4.68713
4.68713
4.68713
4.68713
4.68713
4.68713
4.68713
4.68713
4.68713
4.68713
4.68713
4.68713
4.68713
4.68713
4.68713
4.68713
4.68713
4.68713
4.68713
4.68713
4.68713
4.68713
4.68713
4.68713
4.68713
4.68713
4.68713
4.68713
4.68713
4.68713
4.68713
4.68713
4.68713
4.68713
4.68713
4.68713
4.68713
4.68713
4.68713
4.68713
4.68713
4.68713
4.68713
4.68713
4.68713
4.68713
4.68713
4.68713
4.68713
4.68713
4.68713
4.68713
4.68713
4.68713
4.68713
4.68713
4.68713
4.68713
4.68713
4.68713
4.68713
4.68713
4.68713
4.68713
4.68713
4.68713
4.68713
4.68713
4.68713
4.68713
4.68713
4.68713
4.68713
4.68713
4.68713
4.68713
4.68713
4.68713
4.68713
4.68713
4.68713
4.68713
4.68713
4.68713
4.68713
4.68713
4.68713
4.68713
4.68713
4.68713
4.68713
4.68713
4.68713
4.68713
4.68713
4.68713
4.68713
4.68713
4.68713
4.68713
4.68713
4.68713
4.68713
4.68713
4.68713
4.68713
4.68713
4.68713
4.68713
4.68713
4.68713
4.68713
4.68713
4.68713
4.68713
4.68713
4.68713
4.68713
4.68713
4.68713
4.68713
4.68713
4.68713
4.68713
4.68713
4.68713
4.68713
4.68713
4.68713
4.68713
4.68713
4.68713
4.68713
4.68713
4.68713
4.68713
4.68713
4.68713
4.68713
4.68713
4.68713
4.68713
4.68713
4.68713
4.68713
4.68713
4.68713
4.68713
4.68713
4.68713
4.68713
4.68713
4.68713
4.68713
4.68713
4.68713
4.68713
4.68713
4.68713
4.68713
4.68713
4.68713
4.68713
4.68713
4.68713
4.68713
4.68713
4.68713
4.68713
4.68713
4.68713
4.68713
4.68713
4.68713
4.68713
4.68713
4.68713
4.68713
4.68713
4.68713
4.68713
4.68713
4.68713
4.68713
4.68713
4.68713
4.68713
4.68713
4.68713
4.68713
4.68713
4.68713
4.68713
4.68713
4.68713
4.68713
4.68713
4.68713
4.68713
4.68713
4.68713
4.68713
4.68713
4.68713
4.68713
4.68713
4.68713
4.68713
4.68713
4.68713
4.68713
4.68713
4.68713
4.68713
4.68713
4.68713
4.68713
4.68713
4.68713
4.68713
4.68713
4.68713
4.68713
4.68713
4.68713
4.68713
4.68713
4.68713
4.68713
4.68713
4.68713
4.68713
4.68713
4.68713
4.68713
4.68713
4.68713
4.68713
4.68713
4.68713
4.68713
4.68713
4.68713
4.68713
4.68713
4.68713
4.68713
4.68713
4.68713
4.68713
4.68713
4.68713
4.68713
4.68713
4.68713
4.68713
4.68713
4.68713
4.68713
4.68713
4.68713
4.68713
4.68713
4.68713
4.68713
4.68713
4.68713
4.68713
4.68713
4.68713
4.68713
4.68713
4.68713
4.68713
4.68713
4.68713
4.68713
4.68713
4.68713
4.68713
4.68713
4.68713
4.68713
4.68713
4.68713
4.68713
4.68713
4.68713
4.68713
4.68713
4.68713
4.68713
4.68713
4.68713
4.68713
4.68713
4.68713
4.68713
4.68713
4.68713
4.68713
4.68713
4.68713
4.68713
4.68713
4.68713
4.68713
4.68713
4.68713
4.68713
4.68713
4.68713
4.68713
4.68713
4.68713
4.68713
4.68713
4.68713
4.68713
4.68713
4.68713
4.68713
4.68713
4.68713
4.68713
4.68713
4.68713
4.68713
4.68713
4.68713
4.68713
4.68713
4.68713
4.68713
4.68713
4.68713
4.68713
4.68713
4.68713
4.68713
4.68713
4.68713
4.68713
4.68713
4.68713
4.68713
4.68713
4.68713
4.68713
4.68713
4.68713
4.68713
4.68713
4.68713
4.68713
4.68713
4.68713
4.68713
4.68713
4.68713
4.68713
4.68713
4.68713
4.68713
4.68713
4.68713
4.68713
4.68713
4.68713
4.68713
4.68713
4.68713
4.68713
4.68713
4.68713
4.68713
4.68713
4.68713
4.68713
4.68713
4.68713
4.68713
4.68713
4.68713
4.68713
4.68713
4.68713
4.68713
4.68713
4.68713
4.68713
4.68713
4.68713
4.68713
4.68713
4.68713
4.68713
4.68713
4.68713
4.68713
4.68713
4.68713
4.68713
4.68713
4.68713
4.68713
4.68713
4.68713
4.68713
4.68713
4.68713
4.68713
4.68713
4.68713
4.68713
4.68713
4.68713
4.68713
4.68713
4.68713
4.68713
4.68713
4.68713
4.68713
4.68713
4.68713
4.68713
4.68713
4.68713
4.68713
4.68713
4.68713
4.68713
4.68713
4.68713
4.68713
4.68713
4.68713
4.68713
4.68713
4.68713
4.68713
4.68713
4.68713
4.68713
4.68713
4.68713
4.68713
4.68713
4.68713
4.68713
4.68713
4.68713
4.68713
4.68713
4.68713
4.68713
4.68713
4.68713
4.68713
4.68713
4.68713
4.68713
4.68713
4.68713
4.68713
4.68713
4.68713
4.68713
4.68713
4.68713
4.68713
4.68713
4.68713
4.68713
4.68713
4.68713
4.68713
4.68713
4.68713
4.68713
4.68713
4.68713
4.68713
4.68713
4.68713
4.68713
4.68713
4.68713
4.68713
4.68713
4.68713
4.68713
4.68713
4.68713
4.68713
4.68713
4.68713
4.68713
4.68713
4.68713
4.68713
4.68713
4.68713
4.68713
4.68713
4.68713
4.68713
4.68713
4.68713
4.68713
4.68713
4.68713
4.68713
4.68713
4.68713
4.68713
4.68713
4.68713
4.68713
4.68713
4.68713
4.68713
4.68713
4.68713
4.68713
4.68713
4.68713
4.68713
4.68713
4.68713
4.68713
4.68713
4.68713
4.68713
4.68713
4.68713
4.68713
4.68713
4.68713
4.68713
4.68713
4.68713
4.68713
4.68713
4.68713
4.68713
4.68713
4.68713
4.68713
4.68713
4.68713
4.68713
4.68713
4.68713
4.68713
4.68713
4.68713
4.68713
4.68713
4.68713
4.68713
4.68713
4.68713
4.68713
4.68713
4.68713
4.68713
4.68713
4.68713
4.68713
4.68713
4.68713
4.68713
4.68713
4.68713
4.68713
4.68713
4.68713
4.68713
4.68713
4.68713
4.68713
4.68713
4.68713
4.68713
4.68713
4.68713
4.68713
4.68713
4.68713
4.68713
4.68713
4.68713
4.68713
4.68713
4.68713
4.68713
4.68713
4.68713
4.68713
4.68713
4.68713
4.68713
4.68713
4.68713
4.68713
4.68713
4.68713
4.68713
4.68713
4.68713
4.68713
4.68713
4.68713
4.68713
4.68713
4.68713
4.68713
4.68713
4.68713
4.68713
4.68713
4.68713
4.68713
4.68713
4.68713
4.68713
4.68713
4.68713
4.68713
4.68713
4.68713
4.68713
4.68713
4.68713
4.68713
4.68713
4.68713
4.68713
4.68713
4.68713
4.68713
4.68713
4.68713
4.68713
4.68713
4.68713
4.68713
4.68713
4.68713
4.68713
4.68713
4.68713
4.68713
4.68713
4.68713
4.68713
4.68713
4.68713
4.68713
4.68713
4.68713
4.68713
4.68713
4.68713
4.68713
4.68713
4.68713
4.68713
4.68713
4.68713
4.68713
4.68713
4.68713
4.68713
4.68713
4.68713
4.68713
4.68713
4.68713
4.68713
4.68713
4.68713
4.68713
4.68713
4.68713
4.68713
4.68713
4.68713
4.68713
4.68713
4.68713
4.68713
4.68713
4.68713
4.68713
4.68713
4.68713
4.68713
4.68713
4.68713
4.68713
4.68713
4.68713
4.68713
4.68713
4.68713
4.68713
4.68713
4.68713
4.68713
4.68713
4.68713
4.68713
4.68713
4.68713
4.68713
4.68713
4.68713
4.68713
4.68713
4.68713
4.68713
4.68713
4.68713
4.68713
4.68713
4.68713
4.68713
4.68713
4.68713
4.68713
4.68713
4.68713
4.68713
4.68713
4.68713
4.68713
4.68713
4.68713
4.68713
4.68713
4.68713
4.68713
4.68713
4.68713
4.68713
4.68713
4.68713
4.68713
4.68713
4.68713
4.68713
4.68713
4.68713
4.68713
4.68713
4.68713
4.68713
4.68713
4.68713
4.68713
4.68713
4.68713
4.68713
4.68713
4.68713
4.68713
4.68713
4.68713
4.68713
4.68713
4.68713
4.68713
4.68713
4.68713
4.68713
4.68713
4.68713
4.68713
4.68713
4.68713
4.68713
4.68713
4.68713
4.68713
4.68713
4.68713
4.68713
4.68713
4.68713
4.68713
4.68713
4.68713
4.68713
4.68713
4.68713
4.68713
4.68713
4.68713
4.68713
4.68713
4.68713
4.68713
4.68713
4.68713
4.68713
4.68713
4.68713
4.68713
4.68713
4.68713
4.68713
4.68713
4.68713
4.68713
4.68713
4.68713
4.68713
4.68713
4.68713
4.68713
4.68713
4.68713
4.68713
4.68713
4.68713
4.68713
4.68713
4.68713
4.68713
4.68713
4.68713
4.68713
4.68713
4.68713
4.68713
4.68713
4.68713
4.68713
4.68713
4.68713
4.68713
4.68713
4.68713
4.68713
4.68713
4.68713
4.68713
4.68713
4.68713
4.68713
4.68713
4.68713
4.68713
4.68713
4.68713
4.68713
4.68713
4.68713
4.68713
4.68713
4.68713
4.68713
4.68713
4.68713
4.68713
4.68713
4.68713
4.68713
4.68713
4.68713
4.68713
4.68713
4.68713
4.68713
4.68713
4.68713
4.68713
4.68713
4.68713
4.68713
4.68713
4.68713
4.68713
4.68713
4.68713
4.68713
4.68713
4.68713
4.68713
4.68713
4.68713
4.68713
4.68713
4.68713
4.68713
4.68713
4.68713
4.68713
4.68713
4.68713
4.68713
4.68713
4.68713
4.68713
4.68713
4.68713
4.68713
4.68713
4.68713
4.68713
4.68713
4.68713
4.68713
4.68713
4.68713
4.68713
4.68713
4.68713
4.68713
4.68713
4.68713
4.68713
4.68713
4.68713
4.68713
4.68713
4.68713
4.68713
4.68713
4.68713
4.68713
4.68713
4.68713
4.68713
4.68713
4.68713
4.68713
4.68713
4.68713
4.68713
4.68713
4.68713
4.68713
4.68713
4.68713
4.68713
4.68713
4.68713
4.68713
4.68713
4.68713
4.68713
4.68713
4.68713
4.68713
4.68713
4.68713
4.68713
4.68713
4.68713
4.68713
4.68713
4.68713
4.68713
4.68713
4.68713
4.68713
4.68713
4.68713
4.68713
4.68713
4.68713
4.68713
4.68713
4.68713
4.68713
4.68713
4.68713
4.68713
4.68713
4.68713
4.68713
4.68713
4.68713
4.68713
4.68713
4.68713
4.68713
4.68713
4.68713
4.68713
4.68713
4.68713
4.68713
4.68713
4.68713
4.68713
4.68713
4.68713
4.68713
4.68713
4.68713
4.68713
4.68713
4.68713
4.68713
4.68713
4.68713
4.68713
4.68713
4.68713
4.68713
4.68713
4.68713
4.68713
4.68713
4.68713
4.68713
4.68713
4.68713
4.68713
4.68713
4.68713
4.68713
4.68713
4.68713
4.68713
4.68713
4.68713
4.68713
4.68713
4.68713
4.68713
4.68713
4.68713
4.68713
4.68713
4.68713
4.68713
4.68713
4.68713
4.68713
4.68713
4.68713
4.68713
4.68713
4.68713
4.68713
4.68713
4.68713
4.68713
4.68713
4.68713
4.68713
4.68713
4.68713
4.68713
4.68713
4.68713
4.68713
4.68713
4.68713
4.68713
4.68713
4.68713
4.68713
4.68713
4.68713
4.68713
4.68713
4.68713
4.68713
4.68713
4.68713
4.68713
4.68713
4.68713
4.68713
4.68713
4.68713
4.68713
4.68713
4.68713
4.68713
4.68713
4.68713
4.68713
4.68713
4.68713
4.68713
4.68713
4.68713
4.68713
4.68713
4.68713
4.68713
4.68713
4.68713
4.68713
4.68713
4.68713
4.68713
4.68713
4.68713
4.68713
4.68713
4.68713
4.68713
4.68713
4.68713
4.68713
4.68713
4.68713
4.68713
4.68713
4.68713
4.68713
4.68713
4.68713
4.68713
4.68713
4.68713
4.68713
4.68713
4.68713
4.68713
4.68713
4.68713
4.68713
4.68713
4.68713
4.68713
4.68713
4.68713
4.68713
4.68713
4.68713
4.68713
4.68713
4.68713
4.68713
4.68713
4.68713
4.68713
4.68713
4.68713
4.68713
4.68713
4.68713
4.68713
4.68713
4.68713
4.68713
4.68713
4.68713
4.68713
4.68713
4.68713
4.68713
4.68713
4.68713
4.68713
4.68713
4.68713
4.68713
4.68713
4.68713
4.68713
4.68713
4.68713
4.68713
4.68713
4.68713
4.68713
4.68713
4.68713
4.68713
4.68713
4.68713
4.68713
4.68713
4.68713
4.68713
4.68713
4.68713
4.68713
4.68713
4.68713
4.68713
4.68713
4.68713
4.68713
4.68713
4.68713
4.68713
4.68713
4.68713
4.68713
4.68713
4.68713
4.68713
4.68713
4.68713
4.68713
4.68713
4.68713
4.68713
4.68713
4.68713
4.68713
4.68713
4.68713
4.68713
4.68713
4.68713
4.68713
4.68713
4.68713
4.68713
4.68713
4.68713
4.68713
4.68713
4.68713
4.68713
4.68713
4.68713
4.68713
4.68713
4.68713
4.68713
4.68713
4.68713
4.68713
4.68713
4.68713
4.68713
4.68713
4.68713
4.68713
4.68713
4.68713
4.68713
4.68713
4.68713
4.68713
4.68713
4.68713
4.68713
4.68713
4.68713
4.68713
4.68713
4.68713
4.68713
4.68713
4.68713
4.68713
4.68713
4.68713
4.68713
4.68713
4.68713
4.68713
4.68713
4.68713
4.68713
4.68713
4.68713
4.68713
4.68713
4.68713
4.68713
4.68713
4.68713
4.68713
4.68713
4.68713
4.68713
4.68713
4.68713
4.68713
4.68713
4.68713
4.68713
4.68713
4.68713
4.68713
4.68713
4.68713
4.68713
4.68713
4.68713
4.68713
4.68713
4.68713
4.68713
4.68713
4.68713
4.68713
4.68713
4.68713
4.68713
4.68713
4.68713
4.68713
4.68713
4.68713
4.68713
4.68713
4.68713
4.68713
4.68713
4.68713
4.68713
4.68713
4.68713
4.68713
4.68713
4.68713
4.68713
4.68713
4.68713
4.68713
4.68713
4.68713
4.68713
4.68713
4.68713
4.68713
4.68713
4.68713
4.68713
4.68713
4.68713
4.68713
4.68713
4.68713
4.68713
4.68713
4.68713
4.68713
4.68713
4.68713
4.68713
4.68713
4.68713
4.68713
4.68713
4.68713
4.68713
4.68713
4.68713
4.68713
4.68713
4.68713
4.68713
4.68713
4.68713
4.68713
4.68713
4.68713
4.68713
4.68713
4.68713
4.68713
4.68713
4.68713
4.68713
4.68713
4.68713
4.68713
4.68713
4.68713
4.68713
4.68713
4.68713
4.68713
4.68713
4.68713
4.68713
4.68713
4.68713
4.68713
4.68713
4.68713
4.68713
4.68713
4.68713
4.68713
4.68713
4.68713
4.68713
4.68713
4.68713
4.68713
4.68713
4.68713
4.68713
4.68713
4.68713
4.68713
4.68713
4.68713
4.68713
4.68713
4.68713
4.68713
4.68713
4.68713
4.68713
4.68713
4.68713
4.68713
4.68713
4.68713
4.68713
4.68713
4.68713
4.68713
4.68713
4.68713
4.68713
4.68713
4.68713
4.68713
4.68713
4.68713
4.68713
4.68713
4.68713
4.68713
4.68713
4.68713
4.68713
4.68713
4.68713
4.68713
4.68713
4.68713
4.68713
4.68713
4.68713
4.68713
4.68713
4.68713
4.68713
4.68713
4.68713
4.68713
4.68713
4.68713
4.68713
4.68713
4.68713
4.68713
4.68713
4.68713
4.68713
4.68713
4.68713
4.68713
4.68713
4.68713
4.68713
4.68713
4.68713
4.68713
4.68713
4.68713
4.68713
4.68713
4.68713
4.68713
4.68713
4.68713
4.68713
4.68713
4.68713
4.68713
4.68713
4.68713
4.68713
4.68713
4.68713
4.68713
4.68713
4.68713
4.68713
4.68713
4.68713
4.68713
4.68713
4.68713
4.68713
4.68713
4.68713
4.68713
4.68713
4.68713
4.68713
4.68713
4.68713
4.68713
4.68713
4.68713
4.68713
4.68713
4.68713
4.68713
4.68713
4.68713
4.68713
4.68713
4.68713
4.68713
4.68713
4.68713
4.68713
4.68713
4.68713
4.68713
4.68713
4.68713
4.68713
4.68713
4.68713
4.68713
4.68713
4.68713
4.68713
4.68713
4.68713
4.68713
4.68713
4.68713
4.68713
4.68713
4.68713
4.68713
4.68713
4.68713
4.68713
4.68713
4.68713
4.68713
4.68713
4.68713
4.68713
4.68713
4.68713
4.68713
4.68713
4.68713
4.68713
4.68713
4.68713
4.68713
4.68713
4.68713
4.68713
4.68713
4.68713
4.68713
4.68713
4.68713
4.68713
4.68713
4.68713
4.68713
4.68713
4.68713
4.68713
4.68713
4.68713
4.68713
4.68713
4.68713
4.68713
4.68713
4.68713
4.68713
4.68713
4.68713
4.68713
4.68713
4.68713
4.68713
4.68713
4.68713
4.68713
4.68713
4.68713
4.68713
4.68713
4.68713
4.68713
4.68713
4.68713
4.68713
4.68713
4.68713
4.68713
4.68713
4.68713
4.68713
4.68713
4.68713
4.68713
4.68713
4.68713
4.68713
4.68713
4.68713
4.68713
4.68713
4.68713
4.68713
4.68713
4.68713
4.68713
4.68713
4.68713
4.68713
4.68713
4.68713
4.68713
4.68713
4.68713
4.68713
4.68713
4.68713
4.68713
4.68713
4.68713
4.68713
4.68713
4.68713
4.68713
4.68713
4.68713
4.68713
4.68713
4.68713
4.68713
4.68713
4.68713
4.68713
4.68713
4.68713
4.68713
4.68713
4.68713
4.68713
4.68713
4.68713
4.68713
4.68713
4.68713
4.68713
4.68713
4.68713
4.68713
4.68713
4.68713
4.68713
4.68713
4.68713
4.68713
4.68713
4.68713
4.68713
4.68713
4.68713
4.68713
4.68713
4.68713
4.68713
4.68713
4.68713
4.68713
4.68713
4.68713
4.68713
4.68713
4.68713
4.68713
4.68713
4.68713
4.68713
4.68713
4.68713
4.68713
4.68713
4.68713
4.68713
4.68713
4.68713
4.68713
4.68713
4.68713
4.68713
4.68713
4.68713
4.68713
4.68713
4.68713
4.68713
4.68713
4.68713
4.68713
4.68713
4.68713
4.68713
4.68713
4.68713
4.68713
4.68713
4.68713
4.68713
4.68713
4.68713
4.68713
4.68713
4.68713
4.68713
4.68713
4.68713
4.68713
4.68713
4.68713
4.68713
4.68713
4.68713
4.68713
4.68713
4.68713
4.68713
4.68713
4.68713
4.68713
4.68713
4.68713
4.68713
4.68713
4.68713
4.68713
4.68713
4.68713
4.68713
4.68713
4.68713
4.68713
4.68713
4.68713
4.68713
4.68713
4.68713
4.68713
4.68713
4.68713
4.68713
4.68713
4.68713
4.68713
4.68713
4.68713
4.68713
4.68713
4.68713
4.68713
4.68713
4.68713
4.68713
4.68713
4.68713
4.68713
4.68713
4.68713
4.68713
4.68713
4.68713
4.68713
4.68713
4.68713
4.68713
4.68713
4.68713
4.68713
4.68713
4.68713
4.68713
4.68713
4.68713
4.68713
4.68713
4.68713
4.68713
4.68713
4.68713
4.68713
4.68713
4.68713
4.68713
4.68713
4.68713
4.68713
4.68713
4.68713
4.68713
4.68713
4.68713
4.68713
4.68713
4.68713
4.68713
4.68713
4.68713
4.68713
4.68713
4.68713
4.68713
4.68713
4.68713
4.68713
4.68713
4.68713
4.68713
4.68713
4.68713
4.68713
4.68713
4.68713
4.68713
4.68713
4.68713
4.68713
4.68713
4.68713
4.68713
4.68713
4.68713
4.68713
4.68713
4.68713
4.68713
4.68713
4.68713
4.68713
4.68713
4.68713
4.68713
4.68713
4.68713
4.68713
4.68713
4.68713
4.68713
4.68713
4.68713
4.68713
4.68713
4.68713
4.68713
4.68713
4.68713
4.68713
4.68713
4.68713
4.68713
4.68713
4.68713
4.68713
4.68713
4.68713
4.68713
4.68713
4.68713
4.68713
4.68713
4.68713
4.68713
4.68713
4.68713
4.68713
4.68713
4.68713
4.68713
4.68713
4.68713
4.68713
4.68713
4.68713
4.68713
4.68713
4.68713
4.68713
4.68713
4.68713
4.68713
4.68713
4.68713
4.68713
4.68713
4.68713
4.68713
4.68713
4.68713
4.68713
4.68713
4.68713
4.68713
4.68713
4.68713
4.68713
4.68713
4.68713
4.68713
4.68713
4.68713
4.68713
4.68713
4.68713
4.68713
4.68713
4.68713
4.68713
4.68713
4.68713
4.68713
4.68713
4.68713
4.68713
4.68713
4.68713
4.68713
4.68713
4.68713
4.68713
4.68713
4.68713
4.68713
4.68713
4.68713
4.68713
4.68713
4.68713
4.68713
4.68713
4.68713
4.68713
4.68713
4.68713
4.68713
4.68713
4.68713
4.68713
4.68713
4.68713
4.68713
4.68713
4.68713
4.68713
4.68713
4.68713
4.68713
4.68713
4.68713
4.68713
4.68713
4.68713
4.68713
4.68713
4.68713
4.68713
4.68713
4.68713
4.68713
4.68713
4.68713
4.68713
4.68713
4.68713
4.68713
4.68713
4.68713
4.68713
4.68713
4.68713
4.68713
4.68713
4.68713
4.68713
4.68713
4.68713
4.68713
4.68713
4.68713
4.68713
4.68713
4.68713
4.68713
4.68713
4.68713
4.68713
4.68713
4.68713
4.68713
4.68713
4.68713
4.68713
4.68713
4.68713
4.68713
4.68713
4.68713
4.68713
4.68713
4.68713
4.68713
4.68713
4.68713
4.68713
4.68713
4.68713
4.68713
4.68713
4.68713
4.68713
4.68713
4.68713
4.68713
4.68713
4.68713
4.68713
4.68713
4.68713
4.68713
4.68713
4.68713
4.68713
4.68713
4.68713
4.68713
4.68713
4.68713
4.68713
4.68713
4.68713
4.68713
4.68713
4.68713
4.68713
4.68713
4.68713
4.68713
4.68713
4.68713
4.68713
4.68713
4.68713
4.68713
4.68713
4.68713
4.68713
4.68713
4.68713
4.68713
4.68713
4.68713
4.68713
4.68713
4.68713
4.68713
4.68713
4.68713
4.68713
4.68713
4.68713
4.68713
4.68713
4.68713
4.68713
4.68713
4.68713
4.68713
4.68713
4.68713
4.68713
4.68713
4.68713
4.68713
4.68713
4.68713
4.68713
4.68713
4.68713
4.68713
4.68713
4.68713
4.68713
4.68713
4.68713
4.68713
4.68713
4.68713
4.68713
4.68713
4.68713
4.68713
4.68713
4.68713
4.68713
4.68713
4.68713
4.68713
4.68713
4.68713
4.68713
4.68713
4.68713
4.68713
4.68713
4.68713
4.68713
4.68713
4.68713
4.68713
4.68713
4.68713
4.68713
4.68713
4.68713
4.68713
4.68713
4.68713
4.68713
4.68713
4.68713
4.68713
4.68713
4.68713
4.68713
4.68713
4.68713
4.68713
4.68713
4.68713
4.68713
4.68713
4.68713
4.68713
4.68713
4.68713
4.68713
4.68713
4.68713
4.68713
4.68713
4.68713
4.68713
4.68713
4.68713
4.68713
4.68713
4.68713
4.68713
4.68713
4.68713
4.68713
4.68713
4.68713
4.68713
4.68713
4.68713
4.68713
4.68713
4.68713
4.68713
4.68713
4.68713
4.68713
4.68713
4.68713
4.68713
4.68713
4.68713
4.68713
4.68713
4.68713
4.68713
4.68713
4.68713
4.68713
4.68713
4.68713
4.68713
4.68713
4.68713
4.68713
4.68713
4.68713
4.68713
4.68713
4.68713
4.68713
4.68713
4.68713
4.68713
4.68713
4.68713
4.68713
4.68713
4.68713
4.68713
4.68713
4.68713
4.68713
4.68713
4.68713
4.68713
4.68713
4.68713
4.68713
4.68713
4.68713
4.68713
4.68713
4.68713
4.68713
4.68713
4.68713
4.68713
4.68713
4.68713
4.68713
4.68713
4.68713
4.68713
4.68713
4.68713
4.68713
4.68713
4.68713
4.68713
4.68713
4.68713
4.68713
4.68713
4.68713
4.68713
4.68713
4.68713
4.68713
4.68713
4.68713
4.68713
4.68713
4.68713
4.68713
4.68713
4.68713
4.68713
4.68713
4.68713
4.68713
4.68713
4.68713
4.68713
4.68713
4.68713
4.68713
4.68713
4.68713
4.68713
4.68713
4.68713
4.68713
4.68713
4.68713
4.68713
4.68713
4.68713
4.68713
4.68713
4.68713
4.68713
4.68713
4.68713
4.68713
4.68713
4.68713
4.68713
4.68713
4.68713
4.68713
4.68713
4.68713
4.68713
4.68713
4.68713
4.68713
4.68713
4.68713
4.68713
4.68713
4.68713
4.68713
4.68713
4.68713
4.68713
4.68713
4.68713
4.68713
4.68713
4.68713
4.68713
4.68713
4.68713
4.68713
4.68713
4.68713
4.68713
4.68713
4.68713
4.68713
4.68713
4.68713
4.68713
4.68713
4.68713
4.68713
4.68713
4.68713
4.68713
4.68713
4.68713
4.68713
4.68713
4.68713
4.68713
4.68713
4.68713
4.68713
4.68713
4.68713
4.68713
4.68713
4.68713
4.68713
4.68713
4.68713
4.68713
4.68713
4.68713
4.68713
4.68713
4.68713
4.68713
4.68713
4.68713
4.68713
4.68713
4.68713
4.68713
4.68713
4.68713
4.68713
4.68713
4.68713
4.68713
4.68713
4.68713
4.68713
4.68713
4.68713
4.68713
4.68713
4.68713
4.68713
4.68713
4.68713
4.68713
4.68713
4.68713
4.68713
4.68713
4.68713
4.68713
4.68713
4.68713
4.68713
4.68713
4.68713
4.68713
4.68713
4.68713
4.68713
4.68713
4.68713
4.68713
4.68713
4.68713
4.68713
4.68713
4.68713
4.68713
4.68713
4.68713
4.68713
4.68713
4.68713
4.68713
4.68713
4.68713
4.68713
4.68713
4.68713
4.68713
4.68713
4.68713
4.68713
4.68713
4.68713
4.68713
4.68713
4.68713
4.68713
4.68713
4.68713
4.68713
4.68713
4.68713
4.68713
4.68713
4.68713
4.68713
4.68713
4.68713
4.68713
4.68713
4.68713
4.68713
4.68713
4.68713
4.68713
4.68713
4.68713
4.68713
4.68713
4.68713
4.68713
4.68713
4.68713
4.68713
4.68713
4.68713
4.68713
4.68713
4.68713
4.68713
4.68713
4.68713
4.68713
4.68713
4.68713
4.68713
4.68713
4.68713
4.68713
4.68713
4.68713
4.68713
4.68713
4.68713
4.68713
4.68713
4.68713
4.68713
4.68713
4.68713
4.68713
4.68713
4.68713
4.68713
4.68713
4.68713
4.68713
4.68713
4.68713
4.68713
4.68713
4.68713
4.68713
4.68713
4.68713
4.68713
4.68713
4.68713
4.68713
4.68713
4.68713
4.68713
4.68713
4.68713
4.68713
4.68713
4.68713
4.68713
4.68713
4.68713
4.68713
4.68713
4.68713
4.68713
4.68713
4.68713
4.68713
4.68713
4.68713
4.68713
4.68713
4.68713
4.68713
4.68713
4.68713
4.68713
4.68713
4.68713
4.68713
4.68713
4.68713
4.68713
4.68713
4.68713
4.68713
4.68713
4.68713
4.68713
4.68713
4.68713
4.68713
4.68713
4.68713
4.68713
4.68713
4.68713
4.68713
4.68713
4.68713
4.68713
4.68713
4.68713
4.68713
4.68713
4.68713
4.68713
4.68713
4.68713
4.68713
4.68713
4.68713
4.68713
4.68713
4.68713
4.68713
4.68713
4.68713
4.68713
4.68713
4.68713
4.68713
4.68713
4.68713
4.68713
4.68713
4.68713
4.68713
4.68713
4.68713
4.68713
4.68713
4.68713
4.68713
4.68713
4.68713
4.68713
4.68713
4.68713
4.68713
4.68713
4.68713
4.68713
4.68713
4.68713
4.68713
4.68713
4.68713
4.68713
4.68713
4.68713
4.68713
4.68713
4.68713
4.68713
4.68713
4.68713
4.68713
4.68713
4.68713
4.68713
4.68713
4.68713
4.68713
4.68713
4.68713
4.68713
4.68713
4.68713
4.68713
4.68713
4.68713
4.68713
4.68713
4.68713
4.68713
4.68713
4.68713
4.68713
4.68713
4.68713
4.68713
4.68713
4.68713
4.68713
4.68713
4.68713
4.68713
4.68713
4.68713
4.68713
4.68713
4.68713
4.68713
4.68713
4.68713
4.68713
4.68713
4.68713
4.68713
4.68713
4.68713
4.68713
4.68713
4.68713
4.68713
4.68713
4.68713
4.68713
4.68713
4.68713
4.68713
4.68713
4.68713
4.68713
4.68713
4.68713
4.68713
4.68713
4.68713
4.68713
4.68713
4.68713
4.68713
4.68713
4.68713
4.68713
4.68713
4.68713
4.68713
4.68713
4.68713
4.68713
4.68713
4.68713
4.68713
4.68713
4.68713
4.68713
4.68713
4.68713
4.68713
4.68713
4.68713
4.68713
4.68713
4.68713
4.68713
4.68713
4.68713
4.68713
4.68713
4.68713
4.68713
4.68713
4.68713
4.68713
4.68713
4.68713
4.68713
4.68713
4.68713
4.68713
4.68713
4.68713
4.68713
4.68713
4.68713
4.68713
4.68713
4.68713
4.68713
4.68713
4.68713
4.68713
4.68713
4.68713
4.68713
4.68713
4.68713
4.68713
4.68713
4.68713
4.68713
4.68713
4.68713
4.68713
4.68713
4.68713
4.68713
4.68713
4.68713
4.68713
4.68713
4.68713
4.68713
4.68713
4.68713
4.68713
4.68713
4.68713
4.68713
4.68713
4.68713
4.68713
4.68713
4.68713
4.68713
4.68713
4.68713
4.68713
4.68713
4.68713
4.68713
4.68713
4.68713
4.68713
4.68713
4.68713
4.68713
4.68713
4.68713
4.68713
4.68713
4.68713
4.68713
4.68713
4.68713
4.68713
4.68713
4.68713
4.68713
4.68713
4.68713
4.68713
4.68713
4.68713
4.68713
4.68713
4.68713
4.68713
4.68713
4.68713
4.68713
4.68713
4.68713
4.68713
4.68713
4.68713
4.68713
4.68713
4.68713
4.68713
4.68713
4.68713
4.68713
4.68713
4.68713
4.68713
4.68713
4.68713
4.68713
4.68713
4.68713
4.68713
4.68713
4.68713
4.68713
4.68713
4.68713
4.68713
4.68713
4.68713
4.68713
4.68713
4.68713
4.68713
4.68713
4.68713
4.68713
4.68713
4.68713
4.68713
4.68713
4.68713
4.68713
4.68713
4.68713
4.68713
4.68713
4.68713
4.68713
4.68713
4.68713
4.68713
4.68713
4.68713
4.68713
4.68713
4.68713
4.68713
4.68713
4.68713
4.68713
4.68713
4.68713
4.68713
4.68713
4.68713
4.68713
4.68713
4.68713
4.68713
4.68713
4.68713
4.68713
4.68713
4.68713
4.68713
4.68713
4.68713
4.68713
4.68713
4.68713
4.68713
4.68713
4.68713
4.68713
4.68713
4.68713
4.68713
4.68713
4.68713
4.68713
4.68713
4.68713
4.68713
4.68713
4.68713
4.68713
4.68713
4.68713
4.68713
4.68713
4.68713
4.68713
4.68713
4.68713
4.68713
4.68713
4.68713
4.68713
4.68713
4.68713
4.68713
4.68713
4.68713
4.68713
4.68713
4.68713
4.68713
4.68713
4.68713
4.68713
4.68713
4.68713
4.68713
4.68713
4.68713
4.68713
4.68713
4.68713
4.68713
4.68713
4.68713
4.68713
4.68713
4.68713
4.68713
4.68713
4.68713
4.68713
4.68713
4.68713
4.68713
4.68713
4.68713
4.68713
4.68713
4.68713
4.68713
4.68713
4.68713
4.68713
4.68713
4.68713
4.68713
4.68713
4.68713
4.68713
4.68713
4.68713
4.68713
4.68713
4.68713
4.68713
4.68713
4.68713
4.68713
4.68713
4.68713
4.68713
4.68713
4.68713
4.68713
4.68713
4.68713
4.68713
4.68713
4.68713
4.68713
4.68713
4.68713
4.68713
4.68713
4.68713
4.68713
4.68713
4.68713
4.68713
4.68713
4.68713
4.68713
4.68713
4.68713
4.68713
4.68713
4.68713
4.68713
4.68713
4.68713
4.68713
4.68713
4.68713
4.68713
4.68713
4.68713
4.68713
4.68713
4.68713
4.68713
4.68713
4.68713
4.68713
4.68713
4.68713
4.68713
4.68713
4.68713
4.68713
4.68713
4.68713
4.68713
4.68713
4.68713
4.68713
4.68713
4.68713
4.68713
4.68713
4.68713
4.68713
4.68713
4.68713
4.68713
4.68713
4.68713
4.68713
4.68713
4.68713
4.68713
4.68713
4.68713
4.68713
4.68713
4.68713
4.68713
4.68713
4.68713
4.68713
4.68713
4.68713
4.68713
4.68713
4.68713
4.68713
4.68713
4.68713
4.68713
4.68713
4.68713
4.68713
4.68713
4.68713
4.68713
4.68713
4.68713
4.68713
4.68713
4.68713
4.68713
4.68713
4.68713
4.68713
4.68713
4.68713
4.68713
4.68713
4.68713
4.68713
4.68713
4.68713
4.68713
4.68713
4.68713
4.68713
4.68713
4.68713
4.68713
4.68713
4.68713
4.68713
4.68713
4.68713
4.68713
4.68713
4.68713
4.68713
4.68713
4.68713
4.68713
4.68713
4.68713
4.68713
4.68713
4.68713
4.68713
4.68713
4.68713
4.68713
4.68713
4.68713
4.68713
4.68713
4.68713
4.68713
4.68713
4.68713
4.68713
4.68713
4.68713
4.68713
4.68713
4.68713
4.68713
4.68713
4.68713
4.68713
4.68713
4.68713
4.68713
4.68713
4.68713
4.68713
4.68713
4.68713
4.68713
4.68713
4.68713
4.68713
4.68713
4.68713
4.68713
4.68713
4.68713
4.68713
4.68713
4.68713
4.68713
4.68713
4.68713
4.68713
4.68713
4.68713
4.68713
4.68713
4.68713
4.68713
4.68713
4.68713
4.68713
4.68713
4.68713
4.68713
4.68713
4.68713
4.68713
4.68713
4.68713
4.68713
4.68713
4.68713
4.68713
4.68713
4.68713
4.68713
4.68713
4.68713
4.68713
4.68713
4.68713
4.68713
4.68713
4.68713
4.68713
4.68713
4.68713
4.68713
4.68713
4.68713
4.68713
4.68713
4.68713
4.68713
4.68713
4.68713
4.68713
4.68713
4.68713
4.68713
4.68713
4.68713
4.68713
4.68713
4.68713
4.68713
4.68713
4.68713
4.68713
4.68713
4.68713
4.68713
4.68713
4.68713
4.68713
4.68713
4.68713
4.68713
4.68713
4.68713
4.68713
4.68713
4.68713
4.68713
4.68713
4.68713
4.68713
4.68713
4.68713
4.68713
4.68713
4.68713
4.68713
4.68713
4.68713
4.68713
4.68713
4.68713
4.68713
4.68713
4.68713
4.68713
4.68713
4.68713
4.68713
4.68713
4.68713
4.68713
4.68713
4.68713
4.68713
4.68713
4.68713
4.68713
4.68713
4.68713
4.68713
4.68713
4.68713
4.68713
4.68713
4.68713
4.68713
4.68713
4.68713
4.68713
4.68713
4.68713
4.68713
4.68713
4.68713
4.68713
4.68713
4.68713
4.68713
4.68713
4.68713
4.68713
4.68713
4.68713
4.68713
4.68713
4.68713
4.68713
4.68713
4.68713
4.68713
4.68713
4.68713
4.68713
4.68713
4.68713
4.68713
4.68713
4.68713
4.68713
4.68713
4.68713
4.68713
4.68713
4.68713
4.68713
4.68713
4.68713
4.68713
4.68713
4.68713
4.68713
4.68713
4.68713
4.68713
4.68713
4.68713
4.68713
4.68713
4.68713
4.68713
4.68713
4.68713
4.68713
4.68713
4.68713
4.68713
4.68713
4.68713
4.68713
4.68713
4.68713
4.68713
4.68713
4.68713
4.68713
4.68713
4.68713
4.68713
4.68713
4.68713
4.68713
4.68713
4.68713
4.68713
4.68713
4.68713
4.68713
4.68713
4.68713
4.68713
4.68713
4.68713
4.68713
4.68713
4.68713
4.68713
4.68713
4.68713
4.68713
4.68713
4.68713
4.68713
4.68713
4.68713
4.68713
4.68713
4.68713
4.68713
4.68713
4.68713
4.68713
4.68713
4.68713
4.68713
4.68713
4.68713
4.68713
4.68713
4.68713
4.68713
4.68713
4.68713
4.68713
4.68713
4.68713
4.68713
4.68713
4.68713
4.68713
4.68713
4.68713
4.68713
4.68713
4.68713
4.68713
4.68713
4.68713
4.68713
4.68713
4.68713
4.68713
4.68713
4.68713
4.68713
4.68713
4.68713
4.68713
4.68713
4.68713
4.68713
4.68713
4.68713
4.68713
4.68713
4.68713
4.68713
4.68713
4.68713
4.68713
4.68713
4.68713
4.68713
4.68713
4.68713
4.68713
4.68713
4.68713
4.68713
4.68713
4.68713
4.68713
4.68713
4.68713
4.68713
4.68713
4.68713
4.68713
4.68713
4.68713
4.68713
4.68713
4.68713
4.68713
4.68713
4.68713
4.68713
4.68713
4.68713
4.68713
4.68713
4.68713
4.68713
4.68713
4.68713
4.68713
4.68713
4.68713
4.68713
4.68713
4.68713
4.68713
4.68713
4.68713
4.68713
4.68713
4.68713
4.68713
4.68713
4.68713
4.68713
4.68713
4.68713
4.68713
4.68713
4.68713
4.68713
4.68713
4.68713
4.68713
4.68713
4.68713
4.68713
4.68713
4.68713
4.68713
4.68713
4.68713
4.68713
4.68713
4.68713
4.68713
4.68713
4.68713
4.68713
4.68713
4.68713
4.68713
4.68713
4.68713
4.68713
4.68713
4.68713
4.68713
4.68713
4.68713
4.68713
4.68713
4.68713
4.68713
4.68713
4.68713
4.68713
4.68713
4.68713
4.68713
4.68713
4.68713
4.68713
4.68713
4.68713
4.68713
4.68713
4.68713
4.68713
4.68713
4.68713
4.68713
4.68713
4.68713
4.68713
4.68713
4.68713
4.68713
4.68713
4.68713
4.68713
4.68713
4.68713
4.68713
4.68713
4.68713
4.68713
4.68713
4.68713
4.68713
4.68713
4.68713
4.68713
4.68713
4.68713
4.68713
4.68713
4.68713
4.68713
4.68713
4.68713
4.68713
4.68713
4.68713
4.68713
4.68713
4.68713
4.68713
4.68713
4.68713
4.68713
4.68713
4.68713
4.68713
4.68713
4.68713
4.68713
4.68713
4.68713
4.68713
4.68713
4.68713
4.68713
4.68713
4.68713
4.68713
4.68713
4.68713
4.68713
4.68713
4.68713
4.68713
4.68713
4.68713
4.68713
4.68713
4.68713
4.68713
4.68713
4.68713
4.68713
4.68713
4.68713
4.68713
4.68713
4.68713
4.68713
4.68713
4.68713
4.68713
4.68713
4.68713
4.68713
4.68713
4.68713
4.68713
4.68713
4.68713
4.68713
4.68713
4.68713
4.68713
4.68713
4.68713
4.68713
4.68713
4.68713
4.68713
4.68713
4.68713
4.68713
4.68713
4.68713
4.68713
4.68713
4.68713
4.68713
4.68713
4.68713
4.68713
4.68713
4.68713
4.68713
4.68713
4.68713
4.68713
4.68713
4.68713
4.68713
4.68713
4.68713
4.68713
4.68713
4.68713
4.68713
4.68713
4.68713
4.68713
4.68713
4.68713
4.68713
4.68713
4.68713
4.68713
4.68713
4.68713
4.68713
4.68713
4.68713
4.68713
4.68713
4.68713
4.68713
4.68713
4.68713
4.68713
4.68713
4.68713
4.68713
4.68713
4.68713
4.68713
4.68713
4.68713
4.68713
4.68713
4.68713
4.68713
4.68713
4.68713
4.68713
4.68713
4.68713
4.68713
4.68713
4.68713
4.68713
4.68713
4.68713
4.68713
4.68713
4.68713
4.68713
4.68713
4.68713
4.68713
4.68713
4.68713
4.68713
4.68713
4.68713
4.68713
4.68713
4.68713
4.68713
4.68713
4.68713
4.68713
4.68713
4.68713
4.68713
4.68713
4.68713
4.68713
4.68713
4.68713
4.68713
4.68713
4.68713
4.68713
4.68713
4.68713
4.68713
4.68713
4.68713
4.68713
4.68713
4.68713
4.68713
4.68713
4.68713
4.68713
4.68713
4.68713
4.68713
4.68713
4.68713
4.68713
4.68713
4.68713
4.68713
4.68713
4.68713
4.68713
4.68713
4.68713
4.68713
4.68713
4.68713
4.68713
4.68713
4.68713
4.68713
4.68713
4.68713
4.68713
4.68713
4.68713
4.68713
4.68713
4.68713
4.68713
4.68713
4.68713
4.68713
4.68713
4.68713
4.68713
4.68713
4.68713
4.68713
4.68713
4.68713
4.68713
4.68713
4.68713
4.68713
4.68713
4.68713
4.68713
4.68713
4.68713
4.68713
4.68713
4.68713
4.68713
4.68713
4.68713
4.68713
4.68713
4.68713
4.68713
4.68713
4.68713
4.68713
4.68713
4.68713
4.68713
4.68713
4.68713
4.68713
4.68713
4.68713
4.68713
4.68713
4.68713
4.68713
4.68713
4.68713
4.68713
4.68713
4.68713
4.68713
4.68713
4.68713
4.68713
4.68713
4.68713
4.68713
4.68713
4.68713
4.68713
4.68713
4.68713
4.68713
4.68713
4.68713
4.68713
4.68713
4.68713
4.68713
4.68713
4.68713
4.68713
4.68713
4.68713
4.68713
4.68713
4.68713
4.68713
4.68713
4.68713
4.68713
4.68713
4.68713
4.68713
4.68713
4.68713
4.68713
4.68713
4.68713
4.68713
4.68713
4.68713
4.68713
4.68713
4.68713
4.68713
4.68713
4.68713
4.68713
4.68713
4.68713
4.68713
4.68713
4.68713
4.68713
4.68713
4.68713
4.68713
4.68713
4.68713
4.68713
4.68713
4.68713
4.68713
4.68713
4.68713
4.68713
4.68713
4.68713
4.68713
4.68713
4.68713
4.68713
4.68713
4.68713
4.68713
4.68713
4.68713
4.68713
4.68713
4.68713
4.68713
4.68713
4.68713
4.68713
4.68713
4.68713
4.68713
4.68713
4.68713
4.68713
4.68713
4.68713
4.68713
4.68713
4.68713
4.68713
4.68713
4.68713
4.68713
4.68713
4.68713
4.68713
4.68713
4.68713
4.68713
4.68713
4.68713
4.68713
4.68713
4.68713
4.68713
4.68713
4.68713
4.68713
4.68713
4.68713
4.68713
4.68713
4.68713
4.68713
4.68713
4.68713
4.68713
4.68713
4.68713
4.68713
4.68713
4.68713
4.68713
4.68713
4.68713
4.68713
4.68713
4.68713
4.68713
4.68713
4.68713
4.68713
4.68713
4.68713
4.68713
4.68713
4.68713
4.68713
4.68713
4.68713
4.68713
4.68713
4.68713
4.68713
4.68713
4.68713
4.68713
4.68713
4.68713
4.68713
4.68713
4.68713
4.68713
4.68713
4.68713
4.68713
4.68713
4.68713
4.68713
4.68713
4.68713
4.68713
4.68713
4.68713
4.68713
4.68713
4.68713
4.68713
4.68713
4.68713
4.68713
4.68713
4.68713
4.68713
4.68713
4.68713
4.68713
4.68713
4.68713
4.68713
4.68713
4.68713
4.68713
4.68713
4.68713
4.68713
4.68713
4.68713
4.68713
4.68713
4.68713
4.68713
4.68713
4.68713
4.68713
4.68713
4.68713
4.68713
4.68713
4.68713
4.68713
4.68713
4.68713
4.68713
4.68713
4.68713
4.68713
4.68713
4.68713
4.68713
4.68713
4.68713
4.68713
4.68713
4.68713
4.68713
4.68713
4.68713
4.68713
4.68713
4.68713
4.68713
4.68713
4.68713
4.68713
4.68713
4.68713
4.68713
4.68713
4.68713
4.68713
4.68713
4.68713
4.68713
4.68713
4.68713
4.68713
4.68713
4.68713
4.68713
4.68713
4.68713
4.68713
4.68713
4.68713
4.68713
4.68713
4.68713
4.68713
4.68713
4.68713
4.68713
4.68713
4.68713
4.68713
4.68713
4.68713
4.68713
4.68713
4.68713
4.68713
4.68713
4.68713
4.68713
4.68713
4.68713
4.68713
4.68713
4.68713
4.68713
4.68713
4.68713
4.68713
4.68713
4.68713
4.68713
4.68713
4.68713
4.68713
4.68713
4.68713
4.68713
4.68713
4.68713
4.68713
4.68713
4.68713
4.68713
4.68713
4.68713
4.68713
4.68713
4.68713
4.68713
4.68713
4.68713
4.68713
4.68713
4.68713
4.68713
4.68713
4.68713
4.68713
4.68713
4.68713
4.68713
4.68713
4.68713
4.68713
4.68713
4.68713
4.68713
4.68713
4.68713
4.68713
4.68713
4.68713
4.68713
4.68713
4.68713
4.68713
4.68713
4.68713
4.68713
4.68713
4.68713
4.68713
4.68713
4.68713
4.68713
4.68713
4.68713
4.68713
4.68713
4.68713
4.68713
4.68713
4.68713
4.68713
4.68713
4.68713
4.68713
4.68713
4.68713
4.68713
4.68713
4.68713
4.68713
4.68713
4.68713
4.68713
4.68713
4.68713
4.68713
4.68713
4.68713
4.68713
4.68713
4.68713
4.68713
4.68713
4.68713
4.68713
4.68713
4.68713
4.68713
4.68713
4.68713
4.68713
4.68713
4.68713
4.68713
4.68713
4.68713
4.68713
4.68713
4.68713
4.68713
4.68713
4.68713
4.68713
4.68713
4.68713
4.68713
4.68713
4.68713
4.68713
4.68713
4.68713
4.68713
4.68713
4.68713
4.68713
4.68713
4.68713
4.68713
4.68713
4.68713
4.68713
4.68713
4.68713
4.68713
4.68713
4.68713
4.68713
4.68713
4.68713
4.68713
4.68713
4.68713
4.68713
4.68713
4.68713
4.68713
4.68713
4.68713
4.68713
4.68713
4.68713
4.68713
4.68713
4.68713
4.68713
4.68713
4.68713
4.68713
4.68713
4.68713
4.68713
4.68713
4.68713
4.68713
4.68713
4.68713
4.68713
4.68713
4.68713
4.68713
4.68713
4.68713
4.68713
4.68713
4.68713
4.68713
4.68713
4.68713
4.68713
4.68713
4.68713
4.68713
4.68713
4.68713
4.68713
4.68713
4.68713
4.69196
4.69196
4.69196
4.69196
4.69536
4.69536
4.69536
4.70778
4.70778
4.71039
4.71039
4.71039
4.71039
4.71039
4.71039
4.71039
4.71039
4.71039
4.71039
4.71039
4.71949
4.71949
4.72082
4.72416
4.7281
4.73129
4.73129
4.73165
4.73165
4.73165
4.73165
4.73165
4.73632
4.76287
4.76287
4.76287
4.76607
4.76607
4.76673
4.76673
4.76673
4.76673
4.76673
4.79354
4.79354
4.7939
4.7939
4.7939
4.7939
4.7939
4.7939
4.80569
4.80569
4.81161
4.81323
4.81323
4.82108
4.82134
4.82134
4.82134
4.82134
4.82134
4.82134
4.82134
4.82134
4.82134
4.82134
4.82392
4.82392
4.8299
4.83536
4.83536
4.83595
4.83595
4.84241
4.84241
4.84292
4.86289
4.86289
4.86289
4.86511
4.86511
4.86511
4.86554
4.86554
4.86554
4.86905
4.86905
4.86905
4.86905
4.86905
4.86905
4.87273
4.87273
4.87273
4.87273
4.87273
4.87385
4.87392
4.87392
4.87392
4.88212
4.88316
4.88316
4.88316
4.88915
4.88915
4.88915
4.88915
4.88915
4.88915
4.88915
4.891
4.891
4.891
4.891
4.89339
4.89444
4.89456
4.89456
4.89673
4.89673
4.89673
4.89673
4.89673
4.89673
4.89673
4.89673
4.89673
4.89673
4.89673
4.89673
4.89673
4.8973
4.90214
4.90215
4.9098
4.9098
4.91114
4.91114
4.91114
4.91114
4.91114
4.91346
4.91346
4.91346
4.914
4.91717
4.91724
4.91724
4.91724
4.91724
4.91753
4.91753
4.91753
4.91753
4.92183
4.92235
4.92283
4.92283
4.92283
4.92283
4.92769
4.92769
4.92769
4.92769
4.92769
4.92769
4.93068
4.93195
4.9414
4.94217
4.94539
4.94539
4.95763
4.95763
4.96078
4.96259
4.97829
4.98092
4.98287
4.998
4.99831
4.99892
4.99963
4.99963
5.01076
5.01207
5.01207
5.01207
5.01854
5.01854
5.02375
5.02624
5.02787
5.02816
5.02816
5.02816
5.02816
5.02816
5.02816
5.02816
5.02816
5.03534
5.03534
5.03826
5.04116
5.0464
5.0464
5.05314
5.0601
5.06031
5.06031
5.06226
5.06226
5.06226
5.06245
5.06245
5.06799
5.069
5.069
5.069
5.069
5.07189
5.0719
5.07533
5.07533
5.07533
5.07667
5.07694
5.08034
5.08078
5.08747
5.08747
5.08925
5.08944
5.08944
5.08944
5.09044
5.09138
5.09138
5.09138
5.11479
5.11479
5.11479
5.11559
5.11845
5.12051
5.12567
5.13174
5.13996
5.14138
5.14138
5.14138
5.14138
5.14138
5.14138
5.14138
5.14194
5.14423
5.14423
5.14423
5.14587
5.14705
5.14705
5.1487
5.15008
5.15008
5.15008
5.15064
5.15678
5.15678
5.15678
5.15869
5.17006
5.17172
5.17172
5.17172
5.17572
5.18062
5.18741
5.19409
5.19846
5.19846
5.19846
5.19846
5.20176
5.20449
5.21293
5.22023
5.22023
5.22023
5.221
5.22137
5.22164
5.22164
5.22182
5.22182
5.22182
5.22182
5.22665
5.233
5.23636
5.23636
5.23793
5.23943
5.23999
5.24049
5.24622
5.24622
5.24622
5.24622
5.24672
5.24672
5.24746
5.24746
5.24746
5.24746
5.24924
5.24924
5.24924
5.24926
5.25456
5.25456
5.25456
5.25456
5.25456
5.25456
5.25641
5.26443
5.26505
5.26505
5.26776
5.26776
5.26994
5.27183
5.27183
5.27183
5.27304
5.27304
5.27421
5.27797
5.27797
5.28465
5.28465
5.28465
5.28489
5.28505
5.28505
5.28721
5.2904
5.29167
5.29388
5.29522
5.29522
5.29759
5.29789
5.30026
5.30313
5.30487
5.30639
5.30759
5.30759
5.30952
5.30971
5.31276
5.31276
5.31467
5.31541
5.31541
5.31541
5.31541
5.31541
5.31541
5.31657
5.31671
5.31714
5.32036
5.33216
5.33275
5.33288
5.3373
5.3373
5.33734
5.33756
5.34058
5.34164
5.34164
5.34253
5.34253
5.34418
5.34534
5.34596
5.34748
5.34862
5.34911
5.3496
5.35206
5.35632
5.35778
5.35778
5.35811
5.36198
5.36438
5.36779
5.36782
5.36782
5.36934
5.36964
5.36964
5.37349
5.37409
5.37409
5.37454
5.37647
5.37724
5.38028
5.38175
5.38245
5.38526
5.38595
5.3881
5.38996
5.38996
5.38996
5.38996
5.38996
5.38996
5.38996
5.39387
5.3943
5.3943
5.39553
5.39771
5.39823
5.4002
5.40462
5.40462
5.4073
5.4108
5.4108
5.4108
5.4108
5.4108
5.4108
5.41142
5.41198
5.41198
5.4125
5.41949
5.41949
5.42097
5.42097
5.42109
5.42167
5.42167
5.42193
5.42517
5.42909
5.42935
5.43258
5.43538
5.43834
5.44027
5.44027
5.44142
5.44232
5.44366
5.44626
5.44879
5.44879
5.44879
5.45299
5.45602
5.45602
5.45602
5.45636
5.45827
5.45864
5.46079
5.46125
5.46443
5.46443
5.46443
5.46443
5.46556
5.46567
5.46567
5.46567
5.46567
5.46567
5.47209
5.47209
5.47209
5.47292
5.47359
5.47359
5.47503
5.47552
5.47552
5.4772
5.47746
5.47762
5.47801
5.47836
5.48022
5.48029
5.48279
5.48462
5.48673
5.48851
5.48978
5.49003
5.49003
5.49212
5.49784
5.49916
5.50134
5.50501
5.50747
5.51258
5.51258
5.51258
5.52019
5.52227
5.52227
5.52377
5.52377
5.52782
5.53035
5.53113
5.53113
5.53113
5.53258
5.53263
5.53353
5.53354
5.53359
5.53368
5.53368
5.53368
5.53633
5.53965
5.5426
5.54429
5.54449
5.54463
5.54463
5.5454
5.5454
5.5454
5.54706
5.5495
5.55119
5.55268
5.55424
5.55424
5.55424
5.55681
5.55803
5.55847
5.55847
5.55994
5.56018
5.56178
5.56346
5.56346
5.56346
5.56346
5.56484
5.56662
5.56697
5.56697
5.56732
5.57034
5.57113
5.57149
5.57263
5.57657
5.57794
5.58006
5.58006
5.58013
5.58181
5.58183
5.58431
5.58431
5.58484
5.58512
5.5857
5.58596
5.58879
5.58879
5.59373
5.5962
5.60618
5.60618
5.60631
5.60652
5.60883
5.60987
5.60987
5.6151
5.6151
5.62125
5.62469
5.62519
5.62519
5.62519
5.62579
5.62727
5.62727
5.62737
5.62882
5.63268
5.63366
5.63524
5.63524
5.63524
5.63524
5.63777
5.63849
5.63992
5.64408
5.64654
5.64654
5.64654
5.64675
5.65014
5.6502
5.6502
5.65462
5.65533
5.65533
5.6554
5.6583
5.66005
5.66386
5.66386
5.66433
5.66681
5.66995
5.67025
5.67025
5.67059
5.67152
5.67571
5.67827
5.67827
5.67879
5.68056
5.6816
5.6816
5.68183
5.68183
5.68183
5.68183
5.683
5.683
5.68306
5.68371
5.68818
5.68818
5.69055
5.69387
5.69547
5.69557
5.69657
5.69657
5.69661
5.69661
5.69741
5.70212
5.70447
5.70532
5.70532
5.70676
5.70795
5.71072
5.71226
5.71226
5.71335
5.71335
5.71335
5.71409
5.71429
5.71429
5.71429
5.71744
5.71759
5.71794
5.72259
5.72484
5.72516
5.72575
5.72689
5.72734
5.7307
5.7307
5.7307
5.73092
5.73224
5.7363
5.73881
5.7389
5.73933
5.73933
5.74116
5.74158
5.74158
5.74158
5.74187
5.74482
5.74485
5.74626
5.74672
5.74779
5.74868
5.74898
5.74898
5.75419
5.75419
5.75498
5.75658
5.7598
5.76182
5.76396
5.76495
5.76509
5.76512
5.76704
5.76707
5.77098
5.77427
5.77427
5.7744
5.77556
5.78
5.78025
5.78035
5.78061
5.78062
5.78182
5.78182
5.78182
5.78182
5.78182
5.78183
5.78463
5.78584
5.78584
5.78667
5.78981
5.797
5.80375
5.80399
5.8045
5.8045
5.80588
5.80648
5.80668
5.80668
5.80668
5.80822
5.8109
5.81572
5.81653
5.81733
5.81805
5.81849
5.82125
5.82678
5.83298
5.83461
5.83461
5.83641
5.83988
5.83988
5.84112
5.84149
5.84617
5.84617
5.84626
5.84838
5.84838
5.84838
5.85083
5.85087
5.85613
5.8573
5.86253
5.86454
5.86603
5.86603
5.87049
5.87372
5.87637
5.87637
5.87684
5.87798
5.88279
5.88379
5.88382
5.88415
5.88602
5.88602
5.88602
5.88913
5.89177
5.89677
5.90019
5.90067
5.90393
5.90606
5.90606
5.90687
5.91283
5.91283
5.91525
5.9174
5.91814
5.91814
5.91897
5.9196
5.92004
5.92058
5.92059
5.92059
5.9241
5.9241
5.92413
5.92413
5.92413
5.92423
5.92779
5.92779
5.92897
5.93066
5.93066
5.93066
5.9317
5.9317
5.9317
5.9317
5.93465
5.93533
5.93568
5.93684
5.93733
5.93913
5.94034
5.94034
5.94243
5.94346
5.94346
5.9507
5.95316
5.95578
5.9571
5.96161
5.96244
5.96262
5.96625
5.96625
5.96743
5.96743
5.96795
5.96901
5.96939
5.9779
5.9779
5.9779
5.98171
5.99
5.99
5.99
5.99039
5.99286
5.99426
5.99457
5.99526
5.99773
5.99862
6.00294
6.00331
6.00701
6.00732
6.00732
6.00732
6.00758
6.01264
6.01366
6.01422
6.01569
6.01605
6.01738
6.01878
6.01878
6.01921
6.02264
6.02264
6.02984
6.03015
6.03109
6.03656
6.03691
6.03994
6.04111
6.04111
6.04232
6.04246
6.0449
6.04631
6.04977
6.0503
6.05206
6.05332
6.05408
6.05408
6.05408
6.05489
6.05564
6.05564
6.05564
6.05574
6.06148
6.06283
6.06367
6.06383
6.06998
6.07214
6.07567
6.0773
6.08126
6.0832
6.08359
6.0837
6.08384
6.08486
6.08486
6.08552
6.08552
6.08577
6.08759
6.08996
6.09047
6.09194
6.09194
6.09194
6.09271
6.09412
6.09458
6.09458
6.09565
6.09741
6.1012
6.10734
6.10811
6.11179
6.11377
6.11392
6.11393
6.11393
6.11393
6.11774
6.1179
6.11896
6.11962
6.12099
6.12428
6.1247
6.12478
6.12534
6.12763
6.12772
6.12786
6.12786
6.12786
6.12786
6.13259
6.1339
6.13615
6.13615
6.14073
6.14073
6.14267
6.1432
6.14323
6.14779
6.14954
6.14956
6.15094
6.15211
6.15488
6.15835
6.16235
6.16388
6.16516
6.16516
6.16516
6.17252
6.17439
6.18066
6.18344
6.18509
6.18509
6.18509
6.18752
6.18984
6.19109
6.19162
6.19254
6.19378
6.19378
6.19403
6.1946
6.19487
6.19526
6.19574
6.19681
6.19766
6.19803
6.19898
6.19898
6.19934
6.19941
6.19941
6.19941
6.20486
6.20602
6.20631
6.20904
6.20904
6.21137
6.21648
6.21985
6.22132
6.22148
6.22224
6.22559
6.22646
6.22865
6.23896
6.2423
6.24329
6.24329
6.24329
6.24396
6.24408
6.24506
6.24654
6.24914
6.25369
6.25561
6.25597
6.2637
6.26379
6.26413
6.26428
6.26428
6.26428
6.26433
6.26766
6.26766
6.26766
6.26921
6.26975
6.26975
6.27068
6.27354
6.27398
6.27942
6.27978
6.29431
6.29513
6.31277
6.31381
6.31433
6.31973
6.32195
6.3291
6.33124
6.33506
6.33598
6.33613
6.33709
6.33943
6.34184
6.34226
6.34553
6.34748
6.34958
6.35114
6.35258
6.35766
6.36517
6.36534
6.36584
6.36601
6.36623
6.36865
6.37038
6.37117
6.37132
6.37286
6.37318
6.37584
6.37695
6.3793
6.3808
6.3858
6.38722
6.38722
6.38794
6.39325
6.39343
6.3943
6.39493
6.39922
6.40058
6.40484
6.40491
6.40491
6.4103
6.4103
6.41283
6.41537
6.4194
6.42018
6.42018
6.42119
6.42824
6.43946
6.43987
6.43987
6.44284
6.44611
6.44788
6.45024
6.45024
6.45024
6.46713
6.47247
6.47353
6.4755
6.4755
6.47805
6.48369
6.50089
6.50159
6.50204
6.50204
6.52248
6.52248
6.52302
6.52318
6.52731
6.53173
6.53606
6.53621
6.53683
6.53683
6.53683
6.53764
6.53847
6.5386
6.54035
6.54209
6.54781
6.55266
6.55541
6.55772
6.562
6.57078
6.59001
6.59001
6.59025
6.61051
6.61051
6.61069
6.61069
6.63243
6.63379
6.63458
6.63571
6.64316
6.64316
6.64468
6.65171
6.65412
6.65847
6.65865
6.67059
6.67412
6.67667
6.67829
6.68512
6.68937
6.68988
6.69772
6.69784
6.69943
6.70126
6.71036
6.71142
6.717
6.72121
6.72415
6.72477
6.7256
6.72974
6.74516
6.75262
6.75337
6.75352
6.76254
6.769
6.76943
6.77146
6.77146
6.77146
6.77391
6.77531
6.79026
6.79248
6.79894
6.80851
6.80992
6.81497
6.81609
6.82753
6.8345
6.84091
6.84561
6.85056
6.86389
6.86839
6.87895
6.87936
6.87936
6.87936
6.89403
6.89758
6.90148
6.90518
6.90972
6.93006
6.93704
6.93778
6.9417
6.96054
6.96054
6.96509
6.96773
6.96773
6.97448
6.97482
6.98516
6.98661
6.98661
6.99358
6.99415
7.02858
7.02858
7.05263
7.05782
7.07795
7.0969
7.10039
7.10912
7.12724
7.13427
7.13427
7.13827
7.16163
7.16983
7.16983
7.18446
7.18446
7.19881
7.21452
7.24592
7.24592
7.25546
7.30273
7.30273
7.32014
7.32571
7.32571
7.33626
7.33626
7.34239
7.34239
7.35933
7.37269
7.37321
7.38618
7.38618
7.43717
7.43717
7.50179
7.54824
7.54897
7.54897
7.54897
7.54897
7.55425
7.55969
7.57717
7.58993
7.63228
7.66092
7.67073
7.68289
7.68289
7.68962
7.71788
7.72535
7.72535
7.73429
7.73881
7.77988
7.78821
7.80489
7.86623
7.8678
7.92693
7.95973
8.10833
8.16289
8.38842
8.47001
8.57461