#Generations: 160
#Individuals: 6000
10.4832
9.84855
9.34755
8.9264
8.53874
8.18375
7.86418
7.55991
7.29013
7.01361
6.75904
6.51003
6.28617
6.07785
5.88088
5.70068
5.51719
5.34037
5.17536
5.03393
4.87512
4.72634
4.58182
4.44277
4.30683
4.16858
4.03428
3.9164
3.80726
3.69677
3.59562
3.49274
3.3959
3.29801
3.20756
3.11011
3.02827
2.95054
2.87079
2.79559
2.72289
2.64821
2.58732
2.52841
2.46836
2.40244
2.3352
2.27165
2.21443
2.16163
2.10499
2.05383
1.99991
1.94986
1.89702
1.84181
1.78579
1.73686
1.68549
1.63311
1.58435
1.53742
1.4944
1.45234
1.41203
1.37624
1.34343
1.31434
1.28541
1.25911
1.23466
1.21079
1.19007
1.16989
1.15224
1.13371
1.11658
1.1001
1.08445
1.06982
1.05615
1.04365
1.03172
1.01909
1.00537
0.991269
0.976127
0.961146
0.948336
0.938549
0.931647
0.926882
0.923239
0.920344
0.9183
0.916546
0.915484
0.915262
0.915023
0.914943
0.914872
0.914753
0.91461
0.91458
0.91458
0.91458
0.91458
0.91458
0.91458
0.91458
0.91458
0.91458
0.91458
0.91458
0.91458
0.91458
0.91458
0.91458
0.91458
0.91458
0.91458
0.91458
0.91458
0.91458
0.91458
0.91458
0.91458
0.91458
0.91458
0.91458
0.91458
0.91458
0.91458
0.91458
0.91458
0.91458
0.91458
0.91458
0.91458
0.91458
0.91458
0.91458
0.91458
0.91458
0.91458
0.91458
0.91458
0.91458
0.91458
0.91458
0.91458
0.91458
0.91458
0.91458
0.91458
0.91458
0.91458
0.91458
0.91458
0.91458
#
0.91458
0.91458
0.91458
0.91458
0.91458
0.91458
0.91458
0.91458
0.91458
0.91458
0.91458
0.91458
0.91458
0.91458
0.91458
0.91458
0.91458
0.91458
0.91458
0.91458
0.91458
0.91458
0.91458
0.91458
0.91458
0.91458
0.91458
0.91458
0.91458
0.91458
0.91458
0.91458
0.91458
0.91458
0.91458
0.91458
0.91458
0.91458
0.91458
0.91458
0.91458
0.91458
0.91458
0.91458
0.91458
0.91458
0.91458
0.91458
0.91458
0.91458
0.91458
0.91458
0.91458
0.91458
0.91458
0.91458
0.91458
0.91458
0.91458
0.91458
0.91458
0.91458
0.91458
0.91458
0.91458
0.91458
0.91458
0.91458
0.91458
0.91458
0.91458
0.91458
0.91458
0.91458
0.91458
0.91458
0.91458
0.91458
0.91458
0.91458
0.91458
0.91458
0.91458
0.91458
0.91458
0.91458
0.91458
0.91458
0.91458
0.91458
0.91458
0.91458
0.91458
0.91458
0.91458
0.91458
0.91458
0.91458
0.91458
0.91458
0.91458
0.91458
0.91458
0.91458
0.91458
0.91458
0.91458
0.91458
0.91458
0.91458
0.91458
0.91458
0.91458
0.91458
0.91458
0.91458
0.91458
0.91458
0.91458
0.91458
0.91458
0.91458
0.91458
0.91458
0.91458
0.91458
0.91458
0.91458
0.91458
0.91458
0.91458
0.91458
0.91458
0.91458
0.91458
0.91458
0.91458
0.91458
0.91458
0.91458
0.91458
0.91458
0.91458
0.91458
0.91458
0.91458
0.91458
0.91458
0.91458
0.91458
0.91458
0.91458
0.91458
0.91458
0.91458
0.91458
0.91458
0.91458
0.91458
0.91458
0.91458
0.91458
0.91458
0.91458
0.91458
0.91458
0.91458
0.91458
0.91458
0.91458
0.91458
0.91458
0.91458
0.91458
0.91458
0.91458
0.91458
0.91458
0.91458
0.91458
0.91458
0.91458
0.91458
0.91458
0.91458
0.91458
0.91458
0.91458
0.91458
0.91458
0.91458
0.91458
0.91458
0.91458
0.91458
0.91458
0.91458
0.91458
0.91458
0.91458
0.91458
0.91458
0.91458
0.91458
0.91458
0.91458
0.91458
0.91458
0.91458
0.91458
0.91458
0.91458
0.91458
0.91458
0.91458
0.91458
0.91458
0.91458
0.91458
0.91458
0.91458
0.91458
0.91458
0.91458
0.91458
0.91458
0.91458
0.91458
0.91458
0.91458
0.91458
0.91458
0.91458
0.91458
0.91458
0.91458
0.91458
0.91458
0.91458
0.91458
0.91458
0.91458
0.91458
0.91458
0.91458
0.91458
0.91458
0.91458
0.91458
0.91458
0.91458
0.91458
0.91458
0.91458
0.91458
0.91458
0.91458
0.91458
0.91458
0.91458
0.91458
0.91458
0.91458
0.91458
0.91458
0.91458
0.91458
0.91458
0.91458
0.91458
0.91458
0.91458
0.91458
0.91458
0.91458
0.91458
0.91458
0.91458
0.91458
0.91458
0.91458
0.91458
0.91458
0.91458
0.91458
0.91458
0.91458
0.91458
0.91458
0.91458
0.91458
0.91458
0.91458
0.91458
0.91458
0.91458
0.91458
0.91458
0.91458
0.91458
0.91458
0.91458
0.91458
0.91458
0.91458
0.91458
0.91458
0.91458
0.91458
0.91458
0.91458
0.91458
0.91458
0.91458
0.91458
0.91458
0.91458
0.91458
0.91458
0.91458
0.91458
0.91458
0.91458
0.91458
0.91458
0.91458
0.91458
0.91458
0.91458
0.91458
0.91458
0.91458
0.91458
0.91458
0.91458
0.91458
0.91458
0.91458
0.91458
0.91458
0.91458
0.91458
0.91458
0.91458
0.91458
0.91458
0.91458
0.91458
0.91458
0.91458
0.91458
0.91458
0.91458
0.91458
0.91458
0.91458
0.91458
0.91458
0.91458
0.91458
0.91458
0.91458
0.91458
0.91458
0.91458
0.91458
0.91458
0.91458
0.91458
0.91458
0.91458
0.91458
0.91458
0.91458
0.91458
0.91458
0.91458
0.91458
0.91458
0.91458
0.91458
0.91458
0.91458
0.91458
0.91458
0.91458
0.91458
0.91458
0.91458
0.91458
0.91458
0.91458
0.91458
0.91458
0.91458
0.91458
0.91458
0.91458
0.91458
0.91458
0.91458
0.91458
0.91458
0.91458
0.91458
0.91458
0.91458
0.91458
0.91458
0.91458
0.91458
0.91458
0.91458
0.91458
0.91458
0.91458
0.91458
0.91458
0.91458
0.91458
0.91458
0.91458
0.91458
0.91458
0.91458
0.91458
0.91458
0.91458
0.91458
0.91458
0.91458
0.91458
0.91458
0.91458
0.91458
0.91458
0.91458
0.91458
0.91458
0.91458
0.91458
0.91458
0.91458
0.91458
0.91458
0.91458
0.91458
0.91458
0.91458
0.91458
0.91458
0.91458
0.91458
0.91458
0.91458
0.91458
0.91458
0.91458
0.91458
0.91458
0.91458
0.91458
0.91458
0.91458
0.91458
0.91458
0.91458
0.91458
0.91458
0.91458
0.91458
0.91458
0.91458
0.91458
0.91458
0.91458
0.91458
0.91458
0.91458
0.91458
0.91458
0.91458
0.91458
0.91458
0.91458
0.91458
0.91458
0.91458
0.91458
0.91458
0.91458
0.91458
0.91458
0.91458
0.91458
0.91458
0.91458
0.91458
0.91458
0.91458
0.91458
0.91458
0.91458
0.91458
0.91458
0.91458
0.91458
0.91458
0.91458
0.91458
0.91458
0.91458
0.91458
0.91458
0.91458
0.91458
0.91458
0.91458
0.91458
0.91458
0.91458
0.91458
0.91458
0.91458
0.91458
0.91458
0.91458
0.91458
0.91458
0.91458
0.91458
0.91458
0.91458
0.91458
0.91458
0.91458
0.91458
0.91458
0.91458
0.91458
0.91458
0.91458
0.91458
0.91458
0.91458
0.91458
0.91458
0.91458
0.91458
0.91458
0.91458
0.91458
0.91458
0.91458
0.91458
0.91458
0.91458
0.91458
0.91458
0.91458
0.91458
0.91458
0.91458
0.91458
0.91458
0.91458
0.91458
0.91458
0.91458
0.91458
0.91458
0.91458
0.91458
0.91458
0.91458
0.91458
0.91458
0.91458
0.91458
0.91458
0.91458
0.91458
0.91458
0.91458
0.91458
0.91458
0.91458
0.91458
0.91458
0.91458
0.91458
0.91458
0.91458
0.91458
0.91458
0.91458
0.91458
0.91458
0.91458
0.91458
0.91458
0.91458
0.91458
0.91458
0.91458
0.91458
0.91458
0.91458
0.91458
0.91458
0.91458
0.91458
0.91458
0.91458
0.91458
0.91458
0.91458
0.91458
0.91458
0.91458
0.91458
0.91458
0.91458
0.91458
0.91458
0.91458
0.91458
0.91458
0.91458
0.91458
0.91458
0.91458
0.91458
0.91458
0.91458
0.91458
0.91458
0.91458
0.91458
0.91458
0.91458
0.91458
0.91458
0.91458
0.91458
0.91458
0.91458
0.91458
0.91458
0.91458
0.91458
0.91458
0.91458
0.91458
0.91458
0.91458
0.91458
0.91458
0.91458
0.91458
0.91458
0.91458
0.91458
0.91458
0.91458
0.91458
0.91458
0.91458
0.91458
0.91458
0.91458
0.91458
0.91458
0.91458
0.91458
0.91458
0.91458
0.91458
0.91458
0.91458
0.91458
0.91458
0.91458
0.91458
0.91458
0.91458
0.91458
0.91458
0.91458
0.91458
0.91458
0.91458
0.91458
0.91458
0.91458
0.91458
0.91458
0.91458
0.91458
0.91458
0.91458
0.91458
0.91458
0.91458
0.91458
0.91458
0.91458
0.91458
0.91458
0.91458
0.91458
0.91458
0.91458
0.91458
0.91458
0.91458
0.91458
0.91458
0.91458
0.91458
0.91458
0.91458
0.91458
0.91458
0.91458
0.91458
0.91458
0.91458
0.91458
0.91458
0.91458
0.91458
0.91458
0.91458
0.91458
0.91458
0.91458
0.91458
0.91458
0.91458
0.91458
0.91458
0.91458
0.91458
0.91458
0.91458
0.91458
0.91458
0.91458
0.91458
0.91458
0.91458
0.91458
0.91458
0.91458
0.91458
0.91458
0.91458
0.91458
0.91458
0.91458
0.91458
0.91458
0.91458
0.91458
0.91458
0.91458
0.91458
0.91458
0.91458
0.91458
0.91458
0.91458
0.91458
0.91458
0.91458
0.91458
0.91458
0.91458
0.91458
0.91458
0.91458
0.91458
0.91458
0.91458
0.91458
0.91458
0.91458
0.91458
0.91458
0.91458
0.91458
0.91458
0.91458
0.91458
0.91458
0.91458
0.91458
0.91458
0.91458
0.91458
0.91458
0.91458
0.91458
0.91458
0.91458
0.91458
0.91458
0.91458
0.91458
0.91458
0.91458
0.91458
0.91458
0.91458
0.91458
0.91458
0.91458
0.91458
0.91458
0.91458
0.91458
0.91458
0.91458
0.91458
0.91458
0.91458
0.91458
0.91458
0.91458
0.91458
0.91458
0.91458
0.91458
0.91458
0.91458
0.91458
0.91458
0.91458
0.91458
0.91458
0.91458
0.91458
0.91458
0.91458
0.91458
0.91458
0.91458
0.91458
0.91458
0.91458
0.91458
0.91458
0.91458
0.91458
0.91458
0.91458
0.91458
0.91458
0.91458
0.91458
0.91458
0.91458
0.91458
0.91458
0.91458
0.91458
0.91458
0.91458
0.91458
0.91458
0.91458
0.91458
0.91458
0.91458
0.91458
0.91458
0.91458
0.91458
0.91458
0.91458
0.91458
0.91458
0.91458
0.91458
0.91458
0.91458
0.91458
0.91458
0.91458
0.91458
0.91458
0.91458
0.91458
0.91458
0.91458
0.91458
0.91458
0.91458
0.91458
0.91458
0.91458
0.91458
0.91458
0.91458
0.91458
0.91458
0.91458
0.91458
0.91458
0.91458
0.91458
0.91458
0.91458
0.91458
0.91458
0.91458
0.91458
0.91458
0.91458
0.91458
0.91458
0.91458
0.91458
0.91458
0.91458
0.91458
0.91458
0.91458
0.91458
0.91458
0.91458
0.91458
0.91458
0.91458
0.91458
0.91458
0.91458
0.91458
0.91458
0.91458
0.91458
0.91458
0.91458
0.91458
0.91458
0.91458
0.91458
0.91458
0.91458
0.91458
0.91458
0.91458
0.91458
0.91458
0.91458
0.91458
0.91458
0.91458
0.91458
0.91458
0.91458
0.91458
0.91458
0.91458
0.91458
0.91458
0.91458
0.91458
0.91458
0.91458
0.91458
0.91458
0.91458
0.91458
0.91458
0.91458
0.91458
0.91458
0.91458
0.91458
0.91458
0.91458
0.91458
0.91458
0.91458
0.91458
0.91458
0.91458
0.91458
0.91458
0.91458
0.91458
0.91458
0.91458
0.91458
0.91458
0.91458
0.91458
0.91458
0.91458
0.91458
0.91458
0.91458
0.91458
0.91458
0.91458
0.91458
0.91458
0.91458
0.91458
0.91458
0.91458
0.91458
0.91458
0.91458
0.91458
0.91458
0.91458
0.91458
0.91458
0.91458
0.91458
0.91458
0.91458
0.91458
0.91458
0.91458
0.91458
0.91458
0.91458
0.91458
0.91458
0.91458
0.91458
0.91458
0.91458
0.91458
0.91458
0.91458
0.91458
0.91458
0.91458
0.91458
0.91458
0.91458
0.91458
0.91458
0.91458
0.91458
0.91458
0.91458
0.91458
0.91458
0.91458
0.91458
0.91458
0.91458
0.91458
0.91458
0.91458
0.91458
0.91458
0.91458
0.91458
0.91458
0.91458
0.91458
0.91458
0.91458
0.91458
0.91458
0.91458
0.91458
0.91458
0.91458
0.91458
0.91458
0.91458
0.91458
0.91458
0.91458
0.91458
0.91458
0.91458
0.91458
0.91458
0.91458
0.91458
0.91458
0.91458
0.91458
0.91458
0.91458
0.91458
0.91458
0.91458
0.91458
0.91458
0.91458
0.91458
0.91458
0.91458
0.91458
0.91458
0.91458
0.91458
0.91458
0.91458
0.91458
0.91458
0.91458
0.91458
0.91458
0.91458
0.91458
0.91458
0.91458
0.91458
0.91458
0.91458
0.91458
0.91458
0.91458
0.91458
0.91458
0.91458
0.91458
0.91458
0.91458
0.91458
0.91458
0.91458
0.91458
0.91458
0.91458
0.91458
0.91458
0.91458
0.91458
0.91458
0.91458
0.91458
0.91458
0.91458
0.91458
0.91458
0.91458
0.91458
0.91458
0.91458
0.91458
0.91458
0.91458
0.91458
0.91458
0.91458
0.91458
0.91458
0.91458
0.91458
0.91458
0.91458
0.91458
0.91458
0.91458
0.91458
0.91458
0.91458
0.91458
0.91458
0.91458
0.91458
0.91458
0.91458
0.91458
0.91458
0.91458
0.91458
0.91458
0.91458
0.91458
0.91458
0.91458
0.91458
0.91458
0.91458
0.91458
0.91458
0.91458
0.91458
0.91458
0.91458
0.91458
0.91458
0.91458
0.91458
0.91458
0.91458
0.91458
0.91458
0.91458
0.91458
0.91458
0.91458
0.91458
0.91458
0.91458
0.91458
0.91458
0.91458
0.91458
0.91458
0.91458
0.91458
0.91458
0.91458
0.91458
0.91458
0.91458
0.91458
0.91458
0.91458
0.91458
0.91458
0.91458
0.91458
0.91458
0.91458
0.91458
0.91458
0.91458
0.91458
0.91458
0.91458
0.91458
0.91458
0.91458
0.91458
0.91458
0.91458
0.91458
0.91458
0.91458
0.91458
0.91458
0.91458
0.91458
0.91458
0.91458
0.91458
0.91458
0.91458
0.91458
0.91458
0.91458
0.91458
0.91458
0.91458
0.91458
0.91458
0.91458
0.91458
0.91458
0.91458
0.91458
0.91458
0.91458
0.91458
0.91458
0.91458
0.91458
0.91458
0.91458
0.91458
0.91458
0.91458
0.91458
0.91458
0.91458
0.91458
0.91458
0.91458
0.91458
0.91458
0.91458
0.91458
0.91458
0.91458
0.91458
0.91458
0.91458
0.91458
0.91458
0.91458
0.91458
0.91458
0.91458
0.91458
0.91458
0.91458
0.91458
0.91458
0.91458
0.91458
0.91458
0.91458
0.91458
0.91458
0.91458
0.91458
0.91458
0.91458
0.91458
0.91458
0.91458
0.91458
0.91458
0.91458
0.91458
0.91458
0.91458
0.91458
0.91458
0.91458
0.91458
0.91458
0.91458
0.91458
0.91458
0.91458
0.91458
0.91458
0.91458
0.91458
0.91458
0.91458
0.91458
0.91458
0.91458
0.91458
0.91458
0.91458
0.91458
0.91458
0.91458
0.91458
0.91458
0.91458
0.91458
0.91458
0.91458
0.91458
0.91458
0.91458
0.91458
0.91458
0.91458
0.91458
0.91458
0.91458
0.91458
0.91458
0.91458
0.91458
0.91458
0.91458
0.91458
0.91458
0.91458
0.91458
0.91458
0.91458
0.91458
0.91458
0.91458
0.91458
0.91458
0.91458
0.91458
0.91458
0.91458
0.91458
0.91458
0.91458
0.91458
0.91458
0.91458
0.91458
0.91458
0.91458
0.91458
0.91458
0.91458
0.91458
0.91458
0.91458
0.91458
0.91458
0.91458
0.91458
0.91458
0.91458
0.91458
0.91458
0.91458
0.91458
0.91458
0.91458
0.91458
0.91458
0.91458
0.91458
0.91458
0.91458
0.91458
0.91458
0.91458
0.91458
0.91458
0.91458
0.91458
0.91458
0.91458
0.91458
0.91458
0.91458
0.91458
0.91458
0.91458
0.91458
0.91458
0.91458
0.91458
0.91458
0.91458
0.91458
0.91458
0.91458
0.91458
0.91458
0.91458
0.91458
0.91458
0.91458
0.91458
0.91458
0.91458
0.91458
0.91458
0.91458
0.91458
0.91458
0.91458
0.91458
0.91458
0.91458
0.91458
0.91458
0.91458
0.91458
0.91458
0.91458
0.91458
0.91458
0.91458
0.91458
0.91458
0.91458
0.91458
0.91458
0.91458
0.91458
0.91458
0.91458
0.91458
0.91458
0.91458
0.91458
0.91458
0.91458
0.91458
0.91458
0.91458
0.91458
0.91458
0.91458
0.91458
0.91458
0.91458
0.91458
0.91458
0.91458
0.91458
0.91458
0.91458
0.91458
0.91458
0.91458
0.91458
0.91458
0.91458
0.91458
0.91458
0.91458
0.91458
0.91458
0.91458
0.91458
0.91458
0.91458
0.91458
0.91458
0.91458
0.91458
0.91458
0.91458
0.91458
0.91458
0.91458
0.91458
0.91458
0.91458
0.91458
0.91458
0.91458
0.91458
0.91458
0.91458
0.91458
0.91458
0.91458
0.91458
0.91458
0.91458
0.91458
0.91458
0.91458
0.91458
0.91458
0.91458
0.91458
0.91458
0.91458
0.91458
0.91458
0.91458
0.91458
0.91458
0.91458
0.91458
0.91458
0.91458
0.91458
0.91458
0.91458
0.91458
0.91458
0.91458
0.91458
0.91458
0.91458
0.91458
0.91458
0.91458
0.91458
0.91458
0.91458
0.91458
0.91458
0.91458
0.91458
0.91458
0.91458
0.91458
0.91458
0.91458
0.91458
0.91458
0.91458
0.91458
0.91458
0.91458
0.91458
0.91458
0.91458
0.91458
0.91458
0.91458
0.91458
0.91458
0.91458
0.91458
0.91458
0.91458
0.91458
0.91458
0.91458
0.91458
0.91458
0.91458
0.91458
0.91458
0.91458
0.91458
0.91458
0.91458
0.91458
0.91458
0.91458
0.91458
0.91458
0.91458
0.91458
0.91458
0.91458
0.91458
0.91458
0.91458
0.91458
0.91458
0.91458
0.91458
0.91458
0.91458
0.91458
0.91458
0.91458
0.91458
0.91458
0.91458
0.91458
0.91458
0.91458
0.91458
0.91458
0.91458
0.91458
0.91458
0.91458
0.91458
0.91458
0.91458
0.91458
0.91458
0.91458
0.91458
0.91458
0.91458
0.91458
0.91458
0.91458
0.91458
0.91458
0.91458
0.91458
0.91458
0.91458
0.91458
0.91458
0.91458
0.91458
0.91458
0.91458
0.91458
0.91458
0.91458
0.91458
0.91458
0.91458
0.91458
0.91458
0.91458
0.91458
0.91458
0.91458
0.91458
0.91458
0.91458
0.91458
0.91458
0.91458
0.91458
0.91458
0.91458
0.91458
0.91458
0.91458
0.91458
0.91458
0.91458
0.91458
0.91458
0.91458
0.91458
0.91458
0.91458
0.91458
0.91458
0.91458
0.91458
0.91458
0.91458
0.91458
0.91458
0.91458
0.91458
0.91458
0.91458
0.91458
0.91458
0.91458
0.91458
0.91458
0.91458
0.91458
0.91458
0.91458
0.91458
0.91458
0.91458
0.91458
0.91458
0.91458
0.91458
0.91458
0.91458
0.91458
0.91458
0.91458
0.91458
0.91458
0.91458
0.91458
0.91458
0.91458
0.91458
0.91458
0.91458
0.91458
0.91458
0.91458
0.91458
0.91458
0.91458
0.91458
0.91458
0.91458
0.91458
0.91458
0.91458
0.91458
0.91458
0.91458
0.91458
0.91458
0.91458
0.91458
0.91458
0.91458
0.91458
0.91458
0.91458
0.91458
0.91458
0.91458
0.91458
0.91458
0.91458
0.91458
0.91458
0.91458
0.91458
0.91458
0.91458
0.91458
0.91458
0.91458
0.91458
0.91458
0.91458
0.91458
0.91458
0.91458
0.91458
0.91458
0.91458
0.91458
0.91458
0.91458
0.91458
0.91458
0.91458
0.91458
0.91458
0.91458
0.91458
0.91458
0.91458
0.91458
0.91458
0.91458
0.91458
0.91458
0.91458
0.91458
0.91458
0.91458
0.91458
0.91458
0.91458
0.91458
0.91458
0.91458
0.91458
0.91458
0.91458
0.91458
0.91458
0.91458
0.91458
0.91458
0.91458
0.91458
0.91458
0.91458
0.91458
0.91458
0.91458
0.91458
0.91458
0.91458
0.91458
0.91458
0.91458
0.91458
0.91458
0.91458
0.91458
0.91458
0.91458
0.91458
0.91458
0.91458
0.91458
0.91458
0.91458
0.91458
0.91458
0.91458
0.91458
0.91458
0.91458
0.91458
0.91458
0.91458
0.91458
0.91458
0.91458
0.91458
0.91458
0.91458
0.91458
0.91458
0.91458
0.91458
0.91458
0.91458
0.91458
0.91458
0.91458
0.91458
0.91458
0.91458
0.91458
0.91458
0.91458
0.91458
0.91458
0.91458
0.91458
0.91458
0.91458
0.91458
0.91458
0.91458
0.91458
0.91458
0.91458
0.91458
0.91458
0.91458
0.91458
0.91458
0.91458
0.91458
0.91458
0.91458
0.91458
0.91458
0.91458
0.91458
0.91458
0.91458
0.91458
0.91458
0.91458
0.91458
0.91458
0.91458
0.91458
0.91458
0.91458
0.91458
0.91458
0.91458
0.91458
0.91458
0.91458
0.91458
0.91458
0.91458
0.91458
0.91458
0.91458
0.91458
0.91458
0.91458
0.91458
0.91458
0.91458
0.91458
0.91458
0.91458
0.91458
0.91458
0.91458
0.91458
0.91458
0.91458
0.91458
0.91458
0.91458
0.91458
0.91458
0.91458
0.91458
0.91458
0.91458
0.91458
0.91458
0.91458
0.91458
0.91458
0.91458
0.91458
0.91458
0.91458
0.91458
0.91458
0.91458
0.91458
0.91458
0.91458
0.91458
0.91458
0.91458
0.91458
0.91458
0.91458
0.91458
0.91458
0.91458
0.91458
0.91458
0.91458
0.91458
0.91458
0.91458
0.91458
0.91458
0.91458
0.91458
0.91458
0.91458
0.91458
0.91458
0.91458
0.91458
0.91458
0.91458
0.91458
0.91458
0.91458
0.91458
0.91458
0.91458
0.91458
0.91458
0.91458
0.91458
0.91458
0.91458
0.91458
0.91458
0.91458
0.91458
0.91458
0.91458
0.91458
0.91458
0.91458
0.91458
0.91458
0.91458
0.91458
0.91458
0.91458
0.91458
0.91458
0.91458
0.91458
0.91458
0.91458
0.91458
0.91458
0.91458
0.91458
0.91458
0.91458
0.91458
0.91458
0.91458
0.91458
0.91458
0.91458
0.91458
0.91458
0.91458
0.91458
0.91458
0.91458
0.91458
0.91458
0.91458
0.91458
0.91458
0.91458
0.91458
0.91458
0.91458
0.91458
0.91458
0.91458
0.91458
0.91458
0.91458
0.91458
0.91458
0.91458
0.91458
0.91458
0.91458
0.91458
0.91458
0.91458
0.91458
0.91458
0.91458
0.91458
0.91458
0.91458
0.91458
0.91458
0.91458
0.91458
0.91458
0.91458
0.91458
0.91458
0.91458
0.91458
0.91458
0.91458
0.91458
0.91458
0.91458
0.91458
0.91458
0.91458
0.91458
0.91458
0.91458
0.91458
0.91458
0.91458
0.91458
0.91458
0.91458
0.91458
0.91458
0.91458
0.91458
0.91458
0.91458
0.91458
0.91458
0.91458
0.91458
0.91458
0.91458
0.91458
0.91458
0.91458
0.91458
0.91458
0.91458
0.91458
0.91458
0.91458
0.91458
0.91458
0.91458
0.91458
0.91458
0.91458
0.91458
0.91458
0.91458
0.91458
0.91458
0.91458
0.91458
0.91458
0.91458
0.91458
0.91458
0.91458
0.91458
0.91458
0.91458
0.91458
0.91458
0.91458
0.91458
0.91458
0.91458
0.91458
0.91458
0.91458
0.91458
0.91458
0.91458
0.91458
0.91458
0.91458
0.91458
0.91458
0.91458
0.91458
0.91458
0.91458
0.91458
0.91458
0.91458
0.91458
0.91458
0.91458
0.91458
0.91458
0.91458
0.91458
0.91458
0.91458
0.91458
0.91458
0.91458
0.91458
0.91458
0.91458
0.91458
0.91458
0.91458
0.91458
0.91458
0.91458
0.91458
0.91458
0.91458
0.91458
0.91458
0.91458
0.91458
0.91458
0.91458
0.91458
0.91458
0.91458
0.91458
0.91458
0.91458
0.91458
0.91458
0.91458
0.91458
0.91458
0.91458
0.91458
0.91458
0.91458
0.91458
0.91458
0.91458
0.91458
0.91458
0.91458
0.91458
0.91458
0.91458
0.91458
0.91458
0.91458
0.91458
0.91458
0.91458
0.91458
0.91458
0.91458
0.91458
0.91458
0.91458
0.91458
0.91458
0.91458
0.91458
0.91458
0.91458
0.91458
0.91458
0.91458
0.91458
0.91458
0.91458
0.91458
0.91458
0.91458
0.91458
0.91458
0.91458
0.91458
0.91458
0.91458
0.91458
0.91458
0.91458
0.91458
0.91458
0.91458
0.91458
0.91458
0.91458
0.91458
0.91458
0.91458
0.91458
0.91458
0.91458
0.91458
0.91458
0.91458
0.91458
0.91458
0.91458
0.91458
0.91458
0.91458
0.91458
0.91458
0.91458
0.91458
0.91458
0.91458
0.91458
0.91458
0.91458
0.91458
0.91458
0.91458
0.91458
0.91458
0.91458
0.91458
0.91458
0.91458
0.91458
0.91458
0.91458
0.91458
0.91458
0.91458
0.91458
0.91458
0.91458
0.91458
0.91458
0.91458
0.91458
0.91458
0.91458
0.91458
0.91458
0.91458
0.91458
0.91458
0.91458
0.91458
0.91458
0.91458
0.91458
0.91458
0.91458
0.91458
0.91458
0.91458
0.91458
0.91458
0.91458
0.91458
0.91458
0.91458
0.91458
0.91458
0.91458
0.91458
0.91458
0.91458
0.91458
0.91458
0.91458
0.91458
0.91458
0.91458
0.91458
0.91458
0.91458
0.91458
0.91458
0.91458
0.91458
0.91458
0.91458
0.91458
0.91458
0.91458
0.91458
0.91458
0.91458
0.91458
0.91458
0.91458
0.91458
0.91458
0.91458
0.91458
0.91458
0.91458
0.91458
0.91458
0.91458
0.91458
0.91458
0.91458
0.91458
0.91458
0.91458
0.91458
0.91458
0.91458
0.91458
0.91458
0.91458
0.91458
0.91458
0.91458
0.91458
0.91458
0.91458
0.91458
0.91458
0.91458
0.91458
0.91458
0.91458
0.91458
0.91458
0.91458
0.91458
0.91458
0.91458
0.91458
0.91458
0.91458
0.91458
0.91458
0.91458
0.91458
0.91458
0.91458
0.91458
0.91458
0.91458
0.91458
0.91458
0.91458
0.91458
0.91458
0.91458
0.91458
0.91458
0.91458
0.91458
0.91458
0.91458
0.91458
0.91458
0.91458
0.91458
0.91458
0.91458
0.91458
0.91458
0.91458
0.91458
0.91458
0.91458
0.91458
0.91458
0.91458
0.91458
0.91458
0.91458
0.91458
0.91458
0.91458
0.91458
0.91458
0.91458
0.91458
0.91458
0.91458
0.91458
0.91458
0.91458
0.91458
0.91458
0.91458
0.91458
0.91458
0.91458
0.91458
0.91458
0.91458
0.91458
0.91458
0.91458
0.91458
0.91458
0.91458
0.91458
0.91458
0.91458
0.91458
0.91458
0.91458
0.91458
0.91458
0.91458
0.91458
0.91458
0.91458
0.91458
0.91458
0.91458
0.91458
0.91458
0.91458
0.91458
0.91458
0.91458
0.91458
0.91458
0.91458
0.91458
0.91458
0.91458
0.91458
0.91458
0.91458
0.91458
0.91458
0.91458
0.91458
0.91458
0.91458
0.91458
0.91458
0.91458
0.91458
0.91458
0.91458
0.91458
0.91458
0.91458
0.91458
0.91458
0.91458
0.91458
0.91458
0.91458
0.91458
0.91458
0.91458
0.91458
0.91458
0.91458
0.91458
0.91458
0.91458
0.91458
0.91458
0.91458
0.91458
0.91458
0.91458
0.91458
0.91458
0.91458
0.91458
0.91458
0.91458
0.91458
0.91458
0.91458
0.91458
0.91458
0.91458
0.91458
0.91458
0.91458
0.91458
0.91458
0.91458
0.91458
0.91458
0.91458
0.91458
0.91458
0.91458
0.91458
0.91458
0.91458
0.91458
0.91458
0.91458
0.91458
0.91458
0.91458
0.91458
0.91458
0.91458
0.91458
0.91458
0.91458
0.91458
0.91458
0.91458
0.91458
0.91458
0.91458
0.91458
0.91458
0.91458
0.91458
0.91458
0.91458
0.91458
0.91458
0.91458
0.91458
0.91458
0.91458
0.91458
0.91458
0.91458
0.91458
0.91458
0.91458
0.91458
0.91458
0.91458
0.91458
0.91458
0.91458
0.91458
0.91458
0.91458
0.91458
0.91458
0.91458
0.91458
0.91458
0.91458
0.91458
0.91458
0.91458
0.91458
0.91458
0.91458
0.91458
0.91458
0.91458
0.91458
0.91458
0.91458
0.91458
0.91458
0.91458
0.91458
0.91458
0.91458
0.91458
0.91458
0.91458
0.91458
0.91458
0.91458
0.91458
0.91458
0.91458
0.91458
0.91458
0.91458
0.91458
0.91458
0.91458
0.91458
0.91458
0.91458
0.91458
0.91458
0.91458
0.91458
0.91458
0.91458
0.91458
0.91458
0.91458
0.91458
0.91458
0.91458
0.91458
0.91458
0.91458
0.91458
0.91458
0.91458
0.91458
0.91458
0.91458
0.91458
0.91458
0.91458
0.91458
0.91458
0.91458
0.91458
0.91458
0.91458
0.91458
0.91458
0.91458
0.91458
0.91458
0.91458
0.91458
0.91458
0.91458
0.91458
0.91458
0.91458
0.91458
0.91458
0.91458
0.91458
0.91458
0.91458
0.91458
0.91458
0.91458
0.91458
0.91458
0.91458
0.91458
0.91458
0.91458
0.91458
0.91458
0.91458
0.91458
0.91458
0.91458
0.91458
0.91458
0.91458
0.91458
0.91458
0.91458
0.91458
0.91458
0.91458
0.91458
0.91458
0.91458
0.91458
0.91458
0.91458
0.91458
0.91458
0.91458
0.91458
0.91458
0.91458
0.91458
0.91458
0.91458
0.91458
0.91458
0.91458
0.91458
0.91458
0.91458
0.91458
0.91458
0.91458
0.91458
0.91458
0.91458
0.91458
0.91458
0.91458
0.91458
0.91458
0.91458
0.91458
0.91458
0.91458
0.91458
0.91458
0.91458
0.91458
0.91458
0.91458
0.91458
0.91458
0.91458
0.91458
0.91458
0.91458
0.91458
0.91458
0.91458
0.91458
0.91458
0.91458
0.91458
0.91458
0.91458
0.91458
0.91458
0.91458
0.91458
0.91458
0.91458
0.91458
0.91458
0.91458
0.91458
0.91458
0.91458
0.91458
0.91458
0.91458
0.91458
0.91458
0.91458
0.91458
0.91458
0.91458
0.91458
0.91458
0.91458
0.91458
0.91458
0.91458
0.91458
0.91458
0.91458
0.91458
0.91458
0.91458
0.91458
0.91458
0.91458
0.91458
0.91458
0.91458
0.91458
0.91458
0.91458
0.91458
0.91458
0.91458
0.91458
0.91458
0.91458
0.91458
0.91458
0.91458
0.91458
0.91458
0.91458
0.91458
0.91458
0.91458
0.91458
0.91458
0.91458
0.91458
0.91458
0.91458
0.91458
0.91458
0.91458
0.91458
0.91458
0.91458
0.91458
0.91458
0.91458
0.91458
0.91458
0.91458
0.91458
0.91458
0.91458
0.91458
0.91458
0.91458
0.91458
0.91458
0.91458
0.91458
0.91458
0.91458
0.91458
0.91458
0.91458
0.91458
0.91458
0.91458
0.91458
0.91458
0.91458
0.91458
0.91458
0.91458
0.91458
0.91458
0.91458
0.91458
0.91458
0.91458
0.91458
0.91458
0.91458
0.91458
0.91458
0.91458
0.91458
0.91458
0.91458
0.91458
0.91458
0.91458
0.91458
0.91458
0.91458
0.91458
0.91458
0.91458
0.91458
0.91458
0.91458
0.91458
0.91458
0.91458
0.91458
0.91458
0.91458
0.91458
0.91458
0.91458
0.91458
0.91458
0.91458
0.91458
0.91458
0.91458
0.91458
0.91458
0.91458
0.91458
0.91458
0.91458
0.91458
0.91458
0.91458
0.91458
0.91458
0.91458
0.91458
0.91458
0.91458
0.91458
0.91458
0.91458
0.91458
0.91458
0.91458
0.91458
0.91458
0.91458
0.91458
0.91458
0.91458
0.91458
0.91458
0.91458
0.91458
0.91458
0.91458
0.91458
0.91458
0.91458
0.91458
0.91458
0.91458
0.91458
0.91458
0.91458
0.91458
0.91458
0.91458
0.91458
0.91458
0.91458
0.91458
0.91458
0.91458
0.91458
0.91458
0.91458
0.91458
0.91458
0.91458
0.91458
0.91458
0.91458
0.91458
0.91458
0.91458
0.91458
0.91458
0.91458
0.91458
0.91458
0.91458
0.91458
0.91458
0.91458
0.91458
0.91458
0.91458
0.91458
0.91458
0.91458
0.91458
0.91458
0.91458
0.91458
0.91458
0.91458
0.91458
0.91458
0.91458
0.91458
0.91458
0.91458
0.91458
0.91458
0.91458
0.91458
0.91458
0.91458
0.91458
0.91458
0.91458
0.91458
0.91458
0.91458
0.91458
0.91458
0.91458
0.91458
0.91458
0.91458
0.91458
0.91458
0.91458
0.91458
0.91458
0.91458
0.91458
0.91458
0.91458
0.91458
0.91458
0.91458
0.91458
0.91458
0.91458
0.91458
0.91458
0.91458
0.91458
0.91458
0.91458
0.91458
0.91458
0.91458
0.91458
0.91458
0.91458
0.91458
0.91458
0.91458
0.91458
0.91458
0.91458
0.91458
0.91458
0.91458
0.91458
0.91458
0.91458
0.91458
0.91458
0.91458
0.91458
0.91458
0.91458
0.91458
0.91458
0.91458
0.91458
0.91458
0.91458
0.91458
0.91458
0.91458
0.91458
0.91458
0.91458
0.91458
0.91458
0.91458
0.91458
0.91458
0.91458
0.91458
0.91458
0.91458
0.91458
0.91458
0.91458
0.91458
0.91458
0.91458
0.91458
0.91458
0.91458
0.91458
0.91458
0.91458
0.91458
0.91458
0.91458
0.91458
0.91458
0.91458
0.91458
0.91458
0.91458
0.91458
0.91458
0.91458
0.91458
0.91458
0.91458
0.91458
0.91458
0.91458
0.91458
0.91458
0.91458
0.91458
0.91458
0.91458
0.91458
0.91458
0.91458
0.91458
0.91458
0.91458
0.91458
0.91458
0.91458
0.91458
0.91458
0.91458
0.91458
0.91458
0.91458
0.91458
0.91458
0.91458
0.91458
0.91458
0.91458
0.91458
0.91458
0.91458
0.91458
0.91458
0.91458
0.91458
0.91458
0.91458
0.91458
0.91458
0.91458
0.91458
0.91458
0.91458
0.91458
0.91458
0.91458
0.91458
0.91458
0.91458
0.91458
0.91458
0.91458
0.91458
0.91458
0.91458
0.91458
0.91458
0.91458
0.91458
0.91458
0.91458
0.91458
0.91458
0.91458
0.91458
0.91458
0.91458
0.91458
0.91458
0.91458
0.91458
0.91458
0.91458
0.91458
0.91458
0.91458
0.91458
0.91458
0.91458
0.91458
0.91458
0.91458
0.91458
0.91458
0.91458
0.91458
0.91458
0.91458
0.91458
0.91458
0.91458
0.91458
0.91458
0.91458
0.91458
0.91458
0.91458
0.91458
0.91458
0.91458
0.91458
0.91458
0.91458
0.91458
0.91458
0.91458
0.91458
0.91458
0.91458
0.91458
0.91458
0.91458
0.91458
0.91458
0.91458
0.91458
0.91458
0.91458
0.91458
0.91458
0.91458
0.91458
0.91458
0.91458
0.91458
0.91458
0.91458
0.91458
0.91458
0.91458
0.91458
0.91458
0.91458
0.91458
0.91458
0.91458
0.91458
0.91458
0.91458
0.91458
0.91458
0.91458
0.91458
0.91458
0.91458
0.91458
0.91458
0.91458
0.91458
0.91458
0.91458
0.91458
0.91458
0.91458
0.91458
0.91458
0.91458
0.91458
0.91458
0.91458
0.91458
0.91458
0.91458
0.91458
0.91458
0.91458
0.91458
0.91458
0.91458
0.91458
0.91458
0.91458
0.91458
0.91458
0.91458
0.91458
0.91458
0.91458
0.91458
0.91458
0.91458
0.91458
0.91458
0.91458
0.91458
0.91458
0.91458
0.91458
0.91458
0.91458
0.91458
0.91458
0.91458
0.91458
0.91458
0.91458
0.91458
0.91458
0.91458
0.91458
0.91458
0.91458
0.91458
0.91458
0.91458
0.91458
0.91458
0.91458
0.91458
0.91458
0.91458
0.91458
0.91458
0.91458
0.91458
0.91458
0.91458
0.91458
0.91458
0.91458
0.91458
0.91458
0.91458
0.91458
0.91458
0.91458
0.91458
0.91458
0.91458
0.91458
0.91458
0.91458
0.91458
0.91458
0.91458
0.91458
0.91458
0.91458
0.91458
0.91458
0.91458
0.91458
0.91458
0.91458
0.91458
0.91458
0.91458
0.91458
0.91458
0.91458
0.91458
0.91458
0.91458
0.91458
0.91458
0.91458
0.91458
0.91458
0.91458
0.91458
0.91458
0.91458
0.91458
0.91458
0.91458
0.91458
0.91458
0.91458
0.91458
0.91458
0.91458
0.91458
0.91458
0.91458
0.91458
0.91458
0.91458
0.91458
0.91458
0.91458
0.91458
0.91458
0.91458
0.91458
0.91458
0.91458
0.91458
0.91458
0.91458
0.91458
0.91458
0.91458
0.91458
0.91458
0.91458
0.91458
0.91458
0.91458
0.91458
0.91458
0.91458
0.91458
0.91458
0.91458
0.91458
0.91458
0.91458
0.91458
0.91458
0.91458
0.91458
0.91458
0.91458
0.91458
0.91458
0.91458
0.91458
0.91458
0.91458
0.91458
0.91458
0.91458
0.91458
0.91458
0.91458
0.91458
0.91458
0.91458
0.91458
0.91458
0.91458
0.91458
0.91458
0.91458
0.91458
0.91458
0.91458
0.91458
0.91458
0.91458
0.91458
0.91458
0.91458
0.91458
0.91458
0.91458
0.91458
0.91458
0.91458
0.91458
0.91458
0.91458
0.91458
0.91458
0.91458
0.91458
0.91458
0.91458
0.91458
0.91458
0.91458
0.91458
0.91458
0.91458
0.91458
0.91458
0.91458
0.91458
0.91458
0.91458
0.91458
0.91458
0.91458
0.91458
0.91458
0.91458
0.91458
0.91458
0.91458
0.91458
0.91458
0.91458
0.91458
0.91458
0.91458
0.91458
0.91458
0.91458
0.91458
0.91458
0.91458
0.91458
0.91458
0.91458
0.91458
0.91458
0.91458
0.91458
0.91458
0.91458
0.91458
0.91458
0.91458
0.91458
0.91458
0.91458
0.91458
0.91458
0.91458
0.91458
0.91458
0.91458
0.91458
0.91458
0.91458
0.91458
0.91458
0.91458
0.91458
0.91458
0.91458
0.91458
0.91458
0.91458
0.91458
0.91458
0.91458
0.91458
0.91458
0.91458
0.91458
0.91458
0.91458
0.91458
0.91458
0.91458
0.91458
0.91458
0.91458
0.91458
0.91458
0.91458
0.91458
0.91458
0.91458
0.91458
0.91458
0.91458
0.91458
0.91458
0.91458
0.91458
0.91458
0.91458
0.91458
0.91458
0.91458
0.91458
0.91458
0.91458
0.91458
0.91458
0.91458
0.91458
0.91458
0.91458
0.91458
0.91458
0.91458
0.91458
0.91458
0.91458
0.91458
0.91458
0.91458
0.91458
0.91458
0.91458
0.91458
0.91458
0.91458
0.91458
0.91458
0.91458
0.91458
0.91458
0.91458
0.91458
0.91458
0.91458
0.91458
0.91458
0.91458
0.91458
0.91458
0.91458
0.91458
0.91458
0.91458
0.91458
0.91458
0.91458
0.91458
0.91458
0.91458
0.91458
0.91458
0.91458
0.91458
0.91458
0.91458
0.91458
0.91458
0.91458
0.91458
0.91458
0.91458
0.91458
0.91458
0.91458
0.91458
0.91458
0.91458
0.91458
0.91458
0.91458
0.91458
0.91458
0.91458
0.91458
0.91458
0.91458
0.91458
0.91458
0.91458
0.91458
0.91458
0.91458
0.91458
0.91458
0.91458
0.91458
0.91458
0.91458
0.91458
0.91458
0.91458
0.91458
0.91458
0.91458
0.91458
0.91458
0.91458
0.91458
0.91458
0.91458
0.91458
0.91458
0.91458
0.91458
0.91458
0.91458
0.91458
0.91458
0.91458
0.91458
0.91458
0.91458
0.91458
0.91458
0.91458
0.91458
0.91458
0.91458
0.91458
0.91458
0.91458
0.91458
0.91458
0.91458
0.91458
0.91458
0.91458
0.91458
0.91458
0.91458
0.91458
0.91458
0.91458
0.91458
0.91458
0.91458
0.91458
0.91458
0.91458
0.91458
0.91458
0.91458
0.91458
0.91458
0.91458
0.91458
0.91458
0.91458
0.91458
0.91458
0.91458
0.91458
0.91458
0.91458
0.91458
0.91458
0.91458
0.91458
0.91458
0.91458
0.91458
0.91458
0.91458
0.91458
0.91458
0.91458
0.91458
0.91458
0.91458
0.91458
0.91458
0.91458
0.91458
0.91458
0.91458
0.91458
0.91458
0.91458
0.91458
0.91458
0.91458
0.91458
0.91458
0.91458
0.91458
0.91458
0.91458
0.91458
0.91458
0.91458
0.91458
0.91458
0.91458
0.91458
0.91458
0.91458
0.91458
0.91458
0.91458
0.91458
0.91458
0.91458
0.91458
0.91458
0.91458
0.91458
0.91458
0.91458
0.91458
0.91458
0.91458
0.91458
0.91458
0.91458
0.91458
0.91458
0.91458
0.91458
0.91458
0.91458
0.91458
0.91458
0.91458
0.91458
0.91458
0.91458
0.91458
0.91458
0.91458
0.91458
0.91458
0.91458
0.91458
0.91458
0.91458
0.91458
0.91458
0.91458
0.91458
0.91458
0.91458
0.91458
0.91458
0.91458
0.91458
0.91458
0.91458
0.91458
0.91458
0.91458
0.91458
0.91458
0.91458
0.91458
0.91458
0.91458
0.91458
0.91458
0.91458
0.91458
0.91458
0.91458
0.91458
0.91458
0.91458
0.91458
0.91458
0.91458
0.91458
0.91458
0.91458
0.91458
0.91458
0.91458
0.91458
0.91458
0.91458
0.91458
0.91458
0.91458
0.91458
0.91458
0.91458
0.91458
0.91458
0.91458
0.91458
0.91458
0.91458
0.91458
0.91458
0.91458
0.91458
0.91458
0.91458
0.91458
0.91458
0.91458
0.91458
0.91458
0.91458
0.91458
0.91458
0.91458
0.91458
0.91458
0.91458
0.91458
0.91458
0.91458
0.91458
0.91458
0.91458
0.91458
0.91458
0.91458
0.91458
0.91458
0.91458
0.91458
0.91458
0.91458
0.91458
0.91458
0.91458
0.91458
0.91458
0.91458
0.91458
0.91458
0.91458
0.91458
0.91458
0.91458
0.91458
0.91458
0.91458
0.91458
0.91458
0.91458
0.91458
0.91458
0.91458
0.91458
0.91458
0.91458
0.91458
0.91458
0.91458
0.91458
0.91458
0.91458
0.91458
0.91458
0.91458
0.91458
0.91458
0.91458
0.91458
0.91458
0.91458
0.91458
0.91458
0.91458
0.91458
0.91458
0.91458
0.91458
0.91458
0.91458
0.91458
0.91458
0.91458
0.91458
0.91458
0.91458
0.91458
0.91458
0.91458
0.91458
0.91458
0.91458
0.91458
0.91458
0.91458
0.91458
0.91458
0.91458
0.91458
0.91458
0.91458
0.91458
0.91458
0.91458
0.91458
0.91458
0.91458
0.91458
0.91458
0.91458
0.91458
0.91458
0.91458
0.91458
0.91458
0.91458
0.91458
0.91458
0.91458
0.91458
0.91458
0.91458
0.91458
0.91458
0.91458
0.91458
0.91458
0.91458
0.91458
0.91458
0.91458
0.91458
0.91458
0.91458
0.91458
0.91458
0.91458
0.91458
0.91458
0.91458
0.91458
0.91458
0.91458
0.91458
0.91458
0.91458
0.91458
0.91458
0.91458
0.91458
0.91458
0.91458
0.91458
0.91458
0.91458
0.91458
0.91458
0.91458
0.91458
0.91458
0.91458
0.91458
0.91458
0.91458
0.91458
0.91458
0.91458
0.91458
0.91458
0.91458
0.91458
0.91458
0.91458
0.91458
0.91458
0.91458
0.91458
0.91458
0.91458
0.91458
0.91458
0.91458
0.91458
0.91458
0.91458
0.91458
0.91458
0.91458
0.91458
0.91458
0.91458
0.91458
0.91458
0.91458
0.91458
0.91458
0.91458
0.91458
0.91458
0.91458
0.91458
0.91458
0.91458
0.91458
0.91458
0.91458
0.91458
0.91458
0.91458
0.91458
0.91458
0.91458
0.91458
0.91458
0.91458
0.91458
0.91458
0.91458
0.91458
0.91458
0.91458
0.91458
0.91458
0.91458
0.91458
0.91458
0.91458
0.91458
0.91458
0.91458
0.91458
0.91458
0.91458
0.91458
0.91458
0.91458
0.91458
0.91458
0.91458
0.91458
0.91458
0.91458
0.91458
0.91458
0.91458
0.91458
0.91458
0.91458
0.91458
0.91458
0.91458
0.91458
0.91458
0.91458
0.91458
0.91458
0.91458
0.91458
0.91458
0.91458
0.91458
0.91458
0.91458
0.91458
0.91458
0.91458
0.91458
0.91458
0.91458
0.91458
0.91458
0.91458
0.91458
0.91458
0.91458
0.91458
0.91458
0.91458
0.91458
0.91458
0.91458
0.91458
0.91458
0.91458
0.91458
0.91458
0.91458
0.91458
0.91458
0.91458
0.91458
0.91458
0.91458
0.91458
0.91458
0.91458
0.91458
0.91458
0.91458
0.91458
0.91458
0.91458
0.91458
0.91458
0.91458
0.91458
0.91458
0.91458
0.91458
0.91458
0.91458
0.91458
0.91458
0.91458
0.91458
0.91458
0.91458
0.91458
0.91458
0.91458
0.91458
0.91458
0.91458
0.91458
0.91458
0.91458
0.91458
0.91458
0.91458
0.91458
0.91458
0.91458
0.91458
0.91458
0.91458
0.91458
0.91458
0.91458
0.91458
0.91458
0.91458
0.91458
0.91458
0.91458
0.91458
0.91458
0.91458
0.91458
0.91458
0.91458
0.91458
0.91458
0.91458
0.91458
0.91458
0.91458
0.91458
0.91458
0.91458
0.91458
0.91458
0.91458
0.91458
0.91458
0.91458
0.91458
0.91458
0.91458
0.91458
0.91458
0.91458
0.91458
0.91458
0.91458
0.91458
0.91458
0.91458
0.91458
0.91458
0.91458
0.91458
0.91458
0.91458
0.91458
0.91458
0.91458
0.91458
0.91458
0.91458
0.91458
0.91458
0.91458
0.91458
0.91458
0.91458
0.91458
0.91458
0.91458
0.91458
0.91458
0.91458
0.91458
0.91458
0.91458
0.91458
0.91458
0.91458
0.91458
0.91458
0.91458
0.91458
0.91458
0.91458
0.91458
0.91458
0.91458
0.91458
0.91458
0.91458
0.91458
0.91458
0.91458
0.91458
0.91458
0.91458
0.91458
0.91458
0.91458
0.91458
0.91458
0.91458
0.91458
0.91458
0.91458
0.91458
0.91458
0.91458
0.91458
0.91458
0.91458
0.91458
0.91458
0.91458
0.91458
0.91458
0.91458
0.91458
0.91458
0.91458
0.91458
0.91458
0.91458
0.91458
0.91458
0.91458
0.91458
0.91458
0.91458
0.91458
0.91458
0.91458
0.91458
0.91458
0.91458
0.91458
0.91458
0.91458
0.91458
0.91458
0.91458
0.91458
0.91458
0.91458
0.91458
0.91458
0.91458
0.91458
0.91458
0.91458
0.91458
0.91458
0.91458
0.91458
0.91458
0.91458
0.91458
0.91458
0.91458
0.91458
0.91458
0.91458
0.91458
0.91458
0.91458
0.91458
0.91458
0.91458
0.91458
0.91458
0.91458
0.91458
0.91458
0.91458
0.91458
0.91458
0.91458
0.91458
0.91458
0.91458
0.91458
0.91458
0.91458
0.91458
0.91458
0.91458
0.91458
0.91458
0.91458
0.91458
0.91458
0.91458
0.91458
0.91458
0.91458
0.91458
0.91458
0.91458
0.91458
0.91458
0.91458
0.91458
0.91458
0.91458
0.91458
0.91458
0.91458
0.91458
0.91458
0.91458
0.91458
0.91458
0.91458
0.91458
0.91458
0.91458
0.91458
0.91458
0.91458
0.91458
0.91458
0.91458
0.91458
0.91458
0.91458
0.91458
0.91458
0.91458
0.91458
0.91458
0.91458
0.91458
0.91458
0.91458
0.91458
0.91458
0.91458
0.91458
0.91458
0.91458
0.91458
0.91458
0.91458
0.91458
0.91458
0.91458
0.91458
0.91458
0.91458
0.91458
0.91458
0.91458
0.91458
0.91458
0.91458
0.91458
0.91458
0.91458
0.91458
0.91458
0.91458
0.91458
0.91458
0.91458
0.91458
0.91458
0.91458
0.91458
0.91458
0.91458
0.91458
0.91458
0.91458
0.91458
0.91458
0.91458
0.91458
0.91458
0.91458
0.91458
0.91458
0.91458
0.91458
0.91458
0.91458
0.91458
0.91458
0.91458
0.91458
0.91458
0.91458
0.91458
0.91458
0.91458
0.91458
0.91458
0.91458
0.91458
0.91458
0.91458
0.91458
0.91458
0.91458
0.91458
0.91458
0.91458
0.91458
0.91458
0.91458
0.91458
0.91458
0.91458
0.91458
0.91458
0.91458
0.91458
0.91458
0.91458
0.91458
0.91458
0.91458
0.91458
0.91458
0.91458
0.91458
0.91458
0.91458
0.91458
0.91458
0.91458
0.91458
0.91458
0.91458
0.91458
0.91458
0.91458
0.91458
0.91458
0.91458
0.91458
0.91458
0.91458
0.91458
0.91458
0.91458
0.91458
0.91458
0.91458
0.91458
0.91458
0.91458
0.91458
0.91458
0.91458
0.91458
0.91458
0.91458
0.91458
0.91458
0.91458
0.91458
0.91458
0.91458
0.91458
0.91458
0.91458
0.91458
0.91458
0.91458
0.91458
0.91458
0.91458
0.91458
0.91458
0.91458
0.91458
0.91458
0.91458
0.91458
0.91458
0.91458
0.91458
0.91458
0.91458
0.91458
0.91458
0.91458
0.91458
0.91458
0.91458
0.91458
0.91458
0.91458
0.91458
0.91458
0.91458
0.91458
0.91458
0.91458
0.91458
0.91458
0.91458
0.91458
0.91458
0.91458
0.91458
0.91458
0.91458
0.91458
0.91458
0.91458
0.91458
0.91458
0.91458
0.91458
0.91458
0.91458
0.91458
0.91458
0.91458
0.91458
0.91458
0.91458
0.91458
0.91458
0.91458
0.91458
0.91458
0.91458
0.91458
0.91458
0.91458
0.91458
0.91458
0.91458
0.91458
0.91458
0.91458
0.91458
0.91458
0.91458
0.91458
0.91458
0.91458
0.91458
0.91458
0.91458
0.91458
0.91458
0.91458
0.91458
0.91458
0.91458
0.91458
0.91458
0.91458
0.91458
0.91458
0.91458
0.91458
0.91458
0.91458
0.91458
0.91458
0.91458
0.91458
0.91458
0.91458
0.91458
0.91458
0.91458
0.915041
0.915041
0.915041
0.915041
0.915372
0.915372
0.915372
0.920557
0.920557
0.929271
0.930105
0.930105
0.930242
0.932419
0.932419
0.932419
0.932419
0.932419
0.932419
0.932419
0.932419
0.932419
0.932419
0.932419
0.933391
0.933391
0.933391
0.933391
0.933391
0.944151
0.944151
0.944156
0.944156
0.944156
0.944156
0.944156
0.944403
0.947031
0.947031
0.947031
0.947031
0.947031
0.947031
0.94815
0.94815
0.948768
0.948892
0.948892
0.950493
0.950573
0.950573
0.950573
0.95108
0.95108
0.95108
0.953875
0.953875
0.953875
0.953875
0.953875
0.955152
0.957616
0.957616
0.963544
0.963544
0.968142
0.968142
0.968701
0.970754
0.970754
0.970754
0.970754
0.970754
0.970754
0.970754
0.971516
0.973515
0.973515
0.973977
0.973977
0.973977
0.975441
0.975531
0.975531
0.979031
0.979031
0.979031
0.981002
0.981002
0.981002
0.981002
0.981002
0.981002
0.985558
0.985558
0.985558
0.985558
0.987192
0.987443
0.987443
0.987443
0.987443
0.987443
0.987443
0.987443
0.987443
0.987443
0.987443
0.988806
0.988806
0.988806
0.996336
0.996336
0.996336
0.996336
0.996336
0.996336
0.996336
0.996336
0.996336
0.996336
0.996336
0.996336
0.996336
0.998693
1.00066
1.00171
1.00249
1.00249
1.00249
1.00249
1.00296
1.00505
1.00505
1.00505
1.00824
1.00824
1.00824
1.00824
1.00824
1.01269
1.015
1.015
1.015
1.015
1.01573
1.01573
1.02497
1.02497
1.02497
1.02497
1.03064
1.03241
1.03241
1.03322
1.03322
1.03346
1.03346
1.03346
1.03403
1.03656
1.03723
1.03876
1.03876
1.03876
1.03876
1.03876
1.03876
1.04019
1.0421
1.04436
1.04555
1.04861
1.05103
1.05103
1.05557
1.05557
1.05557
1.06163
1.06196
1.06332
1.06464
1.06464
1.06464
1.06515
1.06515
1.06583
1.06608
1.06608
1.07041
1.07056
1.07056
1.07056
1.07056
1.07056
1.07056
1.07056
1.07056
1.07288
1.07335
1.07687
1.07687
1.07919
1.07919
1.07919
1.07919
1.07919
1.07919
1.07919
1.08129
1.08129
1.08291
1.08309
1.08533
1.08757
1.08757
1.08867
1.09089
1.09089
1.09104
1.09339
1.09507
1.09507
1.09507
1.09507
1.0983
1.1028
1.10297
1.10472
1.10481
1.1067
1.1067
1.11145
1.11656
1.11682
1.11682
1.11682
1.11855
1.11876
1.11876
1.11895
1.11895
1.11991
1.12036
1.12036
1.12076
1.12293
1.12293
1.12293
1.12458
1.12458
1.12507
1.12507
1.13005
1.13005
1.13005
1.13081
1.1312
1.13605
1.13605
1.13605
1.13628
1.1407
1.14414
1.14557
1.14772
1.14772
1.14772
1.14866
1.15015
1.15015
1.15015
1.15034
1.15548
1.15548
1.15548
1.1559
1.15675
1.16389
1.16743
1.16743
1.1684
1.16946
1.17204
1.1727
1.17766
1.17766
1.17771
1.17914
1.18114
1.18114
1.18114
1.18213
1.18213
1.18213
1.18213
1.18341
1.18605
1.18828
1.18828
1.18946
1.18958
1.19095
1.19095
1.1912
1.1912
1.1912
1.19212
1.19338
1.19406
1.19406
1.19406
1.19537
1.19537
1.19537
1.19713
1.19929
1.19929
1.19929
1.19929
1.20208
1.20208
1.20208
1.20208
1.20588
1.2093
1.20983
1.2129
1.21314
1.21574
1.21574
1.21574
1.21574
1.21574
1.21574
1.21619
1.21664
1.21722
1.21937
1.22055
1.22055
1.222
1.22283
1.22689
1.22856
1.23217
1.23293
1.23355
1.23357
1.23357
1.23445
1.23523
1.23523
1.23523
1.23523
1.2391
1.23943
1.24137
1.24137
1.24163
1.24167
1.24167
1.24167
1.24179
1.24179
1.24499
1.25014
1.25022
1.25095
1.25426
1.25426
1.2549
1.25719
1.25719
1.25751
1.25786
1.2632
1.26377
1.26377
1.26471
1.26543
1.26688
1.26706
1.27159
1.27312
1.27351
1.27401
1.27658
1.27658
1.27691
1.27847
1.27969
1.28252
1.28252
1.28296
1.28353
1.28818
1.28898
1.29418
1.29426
1.30176
1.30241
1.30241
1.30576
1.30616
1.30849
1.30984
1.30984
1.31264
1.31315
1.31951
1.31951
1.31951
1.31951
1.31951
1.31951
1.32228
1.32268
1.32388
1.32706
1.33446
1.33446
1.33446
1.33446
1.33446
1.33446
1.33446
1.3349
1.33758
1.3377
1.3377
1.33998
1.34128
1.34168
1.34221
1.34284
1.34542
1.34542
1.34542
1.34542
1.34542
1.34542
1.34556
1.34621
1.34621
1.34621
1.34636
1.34879
1.35065
1.35169
1.3541
1.35486
1.35544
1.35544
1.35571
1.36037
1.36137
1.36289
1.36289
1.3646
1.36534
1.36571
1.36571
1.36594
1.36594
1.36836
1.36916
1.36916
1.3693
1.37016
1.37016
1.3718
1.37185
1.37276
1.37276
1.37332
1.37343
1.37385
1.37421
1.37982
1.37992
1.38302
1.38443
1.38546
1.38546
1.38546
1.38546
1.38616
1.38796
1.39222
1.39276
1.39276
1.39276
1.39276
1.39339
1.39367
1.39409
1.39494
1.39494
1.39604
1.40121
1.40163
1.40283
1.40822
1.40997
1.41028
1.41034
1.41034
1.4163
1.4163
1.41634
1.41974
1.4208
1.42203
1.42381
1.42508
1.4303
1.4303
1.4303
1.43034
1.43034
1.43378
1.43474
1.43578
1.43578
1.43695
1.43899
1.43899
1.4416
1.4416
1.4416
1.44354
1.44505
1.44811
1.44933
1.45198
1.45284
1.45298
1.45298
1.45387
1.45421
1.45552
1.4563
1.45773
1.45773
1.45944
1.45944
1.45994
1.46402
1.46909
1.46933
1.46933
1.46953
1.46961
1.47143
1.47172
1.47263
1.47304
1.47375
1.47596
1.47644
1.47644
1.4769
1.47838
1.47838
1.47898
1.47898
1.48136
1.48136
1.48136
1.48183
1.48264
1.48289
1.48399
1.48399
1.48399
1.48399
1.48399
1.48697
1.48937
1.49025
1.4904
1.4904
1.49057
1.49057
1.50062
1.50062
1.50062
1.50062
1.50151
1.50162
1.50332
1.50335
1.51338
1.51338
1.51338
1.51446
1.51701
1.51742
1.51843
1.52028
1.52162
1.52603
1.52623
1.52623
1.52623
1.5302
1.53031
1.53075
1.53109
1.5318
1.53954
1.54099
1.54219
1.54219
1.54485
1.54565
1.54596
1.54738
1.54745
1.54746
1.54746
1.54941
1.55067
1.55225
1.55282
1.55677
1.55704
1.55787
1.55787
1.55787
1.55846
1.5643
1.5643
1.56527
1.56632
1.56637
1.56682
1.56682
1.5671
1.5671
1.5671
1.56718
1.5693
1.5693
1.5693
1.56945
1.56968
1.56968
1.57356
1.57435
1.5785
1.57939
1.58174
1.58344
1.58393
1.58407
1.58672
1.58672
1.58965
1.59227
1.59307
1.59395
1.59395
1.59503
1.59744
1.5988
1.59973
1.59973
1.59973
1.60005
1.60016
1.60234
1.60449
1.60566
1.60597
1.60597
1.60946
1.60998
1.61151
1.61151
1.61209
1.61209
1.61248
1.61248
1.61248
1.6146
1.61999
1.62155
1.6217
1.62242
1.62244
1.62281
1.62281
1.62281
1.62281
1.62281
1.62289
1.6265
1.6265
1.62681
1.6305
1.6305
1.6305
1.63223
1.63259
1.63259
1.63426
1.6348
1.6348
1.63503
1.63641
1.63644
1.6448
1.64793
1.64805
1.64901
1.64955
1.64955
1.65093
1.65093
1.65093
1.65093
1.65155
1.6553
1.65759
1.65954
1.66345
1.66459
1.66488
1.66488
1.66776
1.66973
1.67294
1.67294
1.6731
1.6781
1.68152
1.68441
1.68441
1.68441
1.68598
1.68841
1.68841
1.68841
1.68876
1.68876
1.689
1.689
1.69181
1.69229
1.70097
1.71095
1.71095
1.71789
1.71794
1.72106
1.72409
1.72409
1.72603
1.72603
1.72603
1.72611
1.72691
1.72939
1.73156
1.73309
1.7432
1.74369
1.74369
1.74545
1.74545
1.74545
1.74657
1.74683
1.74684
1.75005
1.7543
1.75683
1.77096
1.77472
1.77472
1.77589
1.77621
1.778
1.7805
1.7853
1.78678
1.78692
1.78749
1.78817
1.79275
1.79275
1.79275
1.79279
1.79317
1.79317
1.79979
1.80138
1.80576
1.80879
1.80908
1.80908
1.81138
1.81198
1.81294
1.81432
1.81632
1.81916
1.82125
1.82434
1.82434
1.82434
1.82467
1.82636
1.82752
1.82752
1.83217
1.83502
1.83502
1.8351
1.83884
1.83981
1.84715
1.8498
1.85185
1.85695
1.85696
1.85967
1.86001
1.86045
1.86054
1.86398
1.86748
1.86748
1.86767
1.87003
1.87003
1.87003
1.87003
1.87095
1.87218
1.87501
1.87571
1.87689
1.87852
1.88845
1.88845
1.88845
1.88925
1.89007
1.89463
1.89673
1.90246
1.90267
1.90313
1.90504
1.90656
1.9068
1.91253
1.91253
1.91276
1.91482
1.91568
1.91598
1.91598
1.92428
1.92599
1.92651
1.92905
1.92905
1.92905
1.92905
1.92967
1.92979
1.9302
1.93112
1.93734
1.93896
1.93993
1.94861
1.95185
1.9539
1.95604
1.95678
1.95678
1.95678
1.95775
1.95835
1.95835
1.95835
1.96255
1.96508
1.96689
1.96808
1.97529
1.97529
1.97529
1.97555
1.97555
1.9757
1.98009
1.98118
1.98119
1.98571
1.98571
1.98661
1.98661
1.99508
1.99701
2.0016
2.00371
2.00558
2.00671
2.01006
2.01781
2.01856
2.01856
2.01856
2.02013
2.02771
2.03057
2.04314
2.04458
2.04546
2.04546
2.04721
2.04721
2.04798
2.04817
2.05547
2.05583
2.06041
2.06111
2.06111
2.06329
2.06851
2.06865
2.06949
2.06989
2.07299
2.07299
2.07497
2.07542
2.07675
2.07675
2.07853
2.07996
2.0826
2.08383
2.08771
2.08953
2.09396
2.09512
2.09711
2.09734
2.09877
2.10244
2.10244
2.10244
2.10964
2.10978
2.1099
2.11041
2.11308
2.11344
2.11344
2.11554
2.1157
2.12365
2.12435
2.12596
2.12837
2.12837
2.12837
2.12959
2.12964
2.13125
2.13211
2.13344
2.13515
2.13606
2.13606
2.13606
2.1378
2.13984
2.14025
2.14497
2.14543
2.14543
2.14611
2.14765
2.14765
2.14821
2.14997
2.15058
2.15093
2.15979
2.16416
2.16681
2.16979
2.17422
2.17595
2.17765
2.17833
2.17956
2.18128
2.18587
2.18731
2.19399
2.19399
2.19702
2.19809
2.19809
2.19898
2.20329
2.20917
2.20984
2.21279
2.21354
2.21607
2.21635
2.21815
2.21815
2.21815
2.22524
2.22524
2.22822
2.23136
2.23146
2.23245
2.23284
2.24122
2.24589
2.24616
2.2468
2.25463
2.25921
2.27116
2.2722
2.27537
2.27776
2.27884
2.28053
2.28655
2.28757
2.28923
2.28923
2.28923
2.28973
2.28973
2.29046
2.29062
2.29259
2.29603
2.29774
2.29866
2.29945
2.30103
2.30103
2.30116
2.30116
2.30246
2.30312
2.30517
2.30517
2.31227
2.31749
2.32046
2.32095
2.32095
2.32129
2.32129
2.32191
2.32329
2.32491
2.32733
2.32791
2.32951
2.33266
2.33266
2.33266
2.33385
2.33513
2.33613
2.3372
2.33968
2.34713
2.34725
2.35032
2.36334
2.36907
2.36907
2.37037
2.3769
2.37723
2.37723
2.37729
2.38202
2.38297
2.38328
2.38328
2.38328
2.38517
2.38532
2.38909
2.38957
2.39312
2.40407
2.40924
2.41042
2.41352
2.41531
2.41732
2.41789
2.42771
2.43099
2.43478
2.4399
2.44195
2.44195
2.44455
2.44575
2.45211
2.46658
2.46804
2.46893
2.46911
2.471
2.471
2.47117
2.47666
2.48893
2.49112
2.50067
2.50121
2.50357
2.50558
2.5166
2.52314
2.52469
2.52654
2.52654
2.53317
2.53539
2.54498
2.54704
2.54789
2.55481
2.55673
2.55673
2.55673
2.559
2.55934
2.55989
2.56001
2.56187
2.56187
2.57799
2.57921
2.57982
2.58619
2.60334
2.6076
2.61036
2.61721
2.61946
2.61946
2.61946
2.622
2.62489
2.62908
2.62971
2.64699
2.64712
2.64779
2.66248
2.66977
2.67556
2.68085
2.68472
2.69423
2.69552
2.69552
2.70837
2.70983
2.72894
2.73081
2.73081
2.73103
2.73188
2.74436
2.74436
2.74436
2.75188
2.75643
2.7581
2.75952
2.76064
2.76144
2.76561
2.77057
2.77249
2.78735
2.80021
2.80253
2.80514
2.80514
2.80863
2.80947
2.80947
2.81824
2.82245
2.82328
2.83432
2.83545
2.85338
2.86642
2.87416
2.89093
2.89629
2.90983
2.91961
2.9225
2.92283
2.92596
2.93079
2.94102
2.94501
2.94897
2.9492
2.97632
2.97632
2.97632
2.99493
3.00386
3.00588
3.00876
3.01199
3.02201
3.02201
3.03598
3.04206
3.0662
3.07015
3.07087
3.07087
3.07695
3.08795
3.08795
3.09517
3.09517
3.1058
3.11484
3.12559
3.14847
3.15673
3.15699
3.15699
3.16031
3.16541
3.19661
3.20707
3.20707
3.20707
3.21196
3.22763
3.22907
3.24027
3.26193
3.29304
3.29574
3.31186
3.3297
3.3351
3.3412
3.37274
3.37868
3.37868
3.38786
3.40495
3.42284
3.45517
3.45517
3.48807
3.52087
3.53195
3.5343
3.5343
3.53946
3.54821
3.54821
3.54821
3.54821
3.56523
3.56523
3.61221
3.61538
3.62461
3.62638
3.63564
3.63564
3.63616
3.63616
3.65318
3.69684
3.69684
3.70967
3.82972
3.86753
3.88995
3.88995
3.93809
3.94318
3.94336
3.98169
4.00503
4.02392
4.03037
4.07516
4.10449
4.14747
4.16807
4.29835
4.29835
4.41287
4.5261
4.56462
4.62672
4.89685
5.34325
5.51399
5.66435