40000 0.500522 0
80000 0.501896 0.00137404
120000 0.501002 0.00119516
160000 0.500629 0.000923833
200000 0.500841 0.000746404
240000 0.500632 0.00064417
280000 0.501211 0.000794384
320000 0.501044 0.000707802
360000 0.500753 0.000688846
400000 0.50089 0.000631236
440000 0.500779 0.000581634
480000 0.50061 0.000557238
520000 0.50053 0.000518906
560000 0.500468 0.000484293
600000 0.500454 0.000451086
640000 0.500273 0.000458915
680000 0.500247 0.00043188
720000 0.500306 0.000411388
760000 0.500324 0.000389544
800000 0.500256 0.000375605
840000 0.500161 0.000369888
880000 0.500101 0.000357697
920000 0.500126 0.000342736
960000 0.500184 0.000333095
1000000 0.500114 0.000326901
1040000 0.500084 0.000315585
1080000 0.500044 0.000306265
1120000 0.499974 0.000303287
1160000 0.499931 0.000295712
1200000 0.499981 0.000289962
1240000 0.499936 0.000284041
1280000 0.499835 0.000292884
1320000 0.499898 0.00029072
1360000 0.499919 0.000282828
1400000 0.49995 0.000276403
1440000 0.499915 0.000270926
1480000 0.499942 0.000264908
1520000 0.499903 0.000260797
1560000 0.499874 0.000255667
1600000 0.499886 0.000249469
1640000 0.499859 0.0002448
1680000 0.499819 0.000242154
1720000 0.499836 0.000237031
1760000 0.499844 0.000231725
1800000 0.499846 0.000226527
1840000 0.499847 0.000221548
1880000 0.499851 0.000216837
1920000 0.499891 0.000215931
1960000 0.49987 0.000212494
2000000 0.499899 0.000210208
2040000 0.49993 0.000208367
2080000 0.499913 0.000205074
2120000 0.499963 0.000207286
2160000 0.499975 0.00020381
2200000 0.499986 0.000200375
2240000 0.499944 0.000201238
2280000 0.499985 0.000201906
2320000 0.499982 0.00019843
2360000 0.49998 0.000195047
2400000 0.499965 0.000192317
2440000 0.500034 0.000201284
2480000 0.500013 0.000199119
2520000 0.499982 0.000198329
2560000 0.499999 0.00019591
2600000 0.500015 0.000193509
2640000 0.500015 0.000190557
2680000 0.499987 0.000189832
2720000 0.499981 0.000187127
2760000 0.499944 0.000187942
2800000 0.499941 0.000185265
2840000 0.499988 0.000188493
2880000 0.499984 0.000185892
2920000 0.499965 0.00018432
2960000 0.499972 0.000181946
3000000 0.499978 0.00017961
3040000 0.499953 0.000179002
3080000 0.499924 0.000178999
3120000 0.499915 0.000176951
3160000 0.499884 0.000177337
3200000 0.49989 0.000175205
3240000 0.499905 0.000173646
3280000 0.499909 0.000171582
3320000 0.49993 0.000170778
3360000 0.499917 0.00016926
3400000 0.499932 0.000167956
3440000 0.499951 0.000167092
3480000 0.499918 0.000168461
3520000 0.499936 0.000167521
3560000 0.499922 0.000166284
3600000 0.499903 0.000165528
3640000 0.499917 0.000164314
3680000 0.499918 0.000162521
3720000 0.499906 0.00016121
3760000 0.499889 0.000160348
3800000 0.499889 0.000158651
3840000 0.499899 0.000157288
3880000 0.499895 0.000155698
3920000 0.499877 0.000155192
3960000 0.499855 0.000155179
4000000 0.499849 0.000153744
4040000 0.499852 0.000152241
4080000 0.499855 0.000150771
4120000 0.499848 0.000149452
4160000 0.499852 0.000148053
4200000 0.499838 0.000147309
4240000 0.49984 0.000145933
4280000 0.499825 0.000145316
4320000 0.499817 0.000144181
4360000 0.499839 0.000144432
4400000 0.499834 0.000143202
4440000 0.499857 0.000143732
4480000 0.499836 0.000143863
4520000 0.499844 0.000142814
4560000 0.499834 0.000141954
4600000 0.499821 0.000141255
4640000 0.499817 0.000140118
4680000 0.499822 0.000139025
4720000 0.499816 0.000137996
4760000 0.499826 0.000137193
4800000 0.499833 0.000136249
4840000 0.499839 0.00013527
4880000 0.499834 0.000134267
4920000 0.499815 0.000134556
4960000 0.499831 0.000134487
5000000 0.499818 0.000134061
5040000 0.499837 0.000134359
5080000 0.499859 0.000135159
5120000 0.49987 0.000134542
5160000 0.499856 0.000134244
5200000 0.49986 0.000133255
5240000 0.499869 0.000132538
5280000 0.499871 0.000131557
5320000 0.499864 0.000130775
5360000 0.499859 0.000129907
5400000 0.499851 0.000129192
5440000 0.499857 0.000128386
5480000 0.499852 0.000127548
5520000 0.499848 0.000126683
5560000 0.499868 0.000127373
5600000 0.499868 0.000126461
5640000 0.499862 0.00012571
5680000 0.499863 0.000124829
5720000 0.499875 0.000124487
5760000 0.499873 0.000123636
5800000 0.499865 0.000123026
5840000 0.499875 0.000122588
5880000 0.499887 0.000122286
5920000 0.499883 0.000121502
5960000 0.499906 0.000122798
6000000 0.499891 0.000122865
6040000 0.499889 0.000122071
6080000 0.499894 0.000121366
6120000 0.499902 0.000120866
6160000 0.499908 0.000120238
6200000 0.499926 0.000120691
6240000 0.499934 0.000120189
6280000 0.499947 0.000120115
6320000 0.499933 0.000120088
6360000 0.499945 0.00011991
6400000 0.499942 0.000119206
6440000 0.499939 0.000118507
6480000 0.49994 0.000117783
6520000 0.499943 0.000117105
6560000 0.499947 0.000116457
6600000 0.499938 0.00011611
6640000 0.499937 0.00011542
6680000 0.499935 0.000114735
6720000 0.499942 0.000114273
6760000 0.499949 0.000113778
6800000 0.499941 0.000113394
6840000 0.499946 0.000112861
6880000 0.499943 0.000112252
6920000 0.499957 0.000112521
6960000 0.499956 0.000111876
7000000 0.499936 0.000113128
7040000 0.499941 0.000112621
7080000 0.499954 0.0001127
7120000 0.499965 0.000112607
7160000 0.499969 0.000112058
7200000 0.499966 0.000111473
7240000 0.499967 0.000110858
7280000 0.499975 0.000110557
7320000 0.499975 0.000109954
7360000 0.499969 0.000109507
7400000 0.499972 0.00010896
7440000 0.499968 0.000108466
7480000 0.499968 0.000107888
7520000 0.499967 0.000107325
7560000 0.499966 0.00010676
7600000 0.499966 0.000106197
7640000 0.499971 0.00010576
7680000 0.499971 0.000105209
7720000 0.49999 0.000106313
7760000 0.500008 0.000107243
7800000 0.500012 0.000106798
7840000 0.500015 0.00010629
7880000 0.500015 0.000105749
7920000 0.500012 0.000105275
7960000 0.500014 0.000104773
8000000 0.500008 0.0001044
8040000 0.500008 0.000103882
8080000 0.500004 0.000103443
8120000 0.500017 0.000103825
8160000 0.500023 0.000103483
8200000 0.500023 0.000102977
8240000 0.500015 0.000102793
8280000 0.500007 0.000102588
8320000 0.500009 0.000102113
8360000 0.500008 0.000101626
8400000 0.500003 0.000101301
8440000 0.500002 0.000100822
8480000 0.500001 0.000100355
8520000 0.500002 9.98881e-05
8560000 0.500004 9.94522e-05
8600000 0.500004 9.89909e-05
8640000 0.500007 9.8587e-05
8680000 0.50001 9.81948e-05
8720000 0.500007 9.78081e-05
8760000 0.500005 9.73708e-05
8800000 0.500005 9.69305e-05
8840000 0.500015 9.70638e-05
8880000 0.500008 9.6896e-05
8920000 0.500014 9.66704e-05
8960000 0.500013 9.62443e-05
9000000 0.500008 9.59649e-05
9040000 0.500015 9.57788e-05
9080000 0.500014 9.53579e-05
9120000 0.500001 9.58331e-05
9160000 0.500007 9.55772e-05
9200000 0.500004 9.51863e-05
9240000 0.499992 9.55625e-05
9280000 0.49999 9.51716e-05
9320000 0.499994 9.48482e-05
9360000 0.499988 9.46086e-05
9400000 0.499996 9.44964e-05
9440000 0.500003 9.43975e-05
9480000 0.5 9.408e-05
9520000 0.500009 9.41913e-05
9560000 0.500002 9.40875e-05
9600000 0.499997 9.38209e-05
9640000 0.499995 9.34447e-05
9680000 0.499992 9.31232e-05
9720000 0.499998 9.29349e-05
9760000 0.500003 9.26928e-05
9800000 0.500003 9.23149e-05
9840000 0.500012 9.24085e-05
9880000 0.500022 9.26083e-05
9920000 0.500024 9.22611e-05
9960000 0.500022 9.19123e-05
10000000 0.500018 9.16677e-05
