100 10000 80.108
0.1849
1.0201
0.1681
0.2916
0.2809
0.5329
4.0804
0.5929
1.0201
0.3721
1.3456
0.1936
0.0064
0.6241
0.0625
0.3969
0.5041
0.0576
0.0441
0.0576
1.1449
0.5041
0.0324
3.3124
0.64
0.1849
0.2209
0.3969
3.4596
0.0289
0.1849
1.7161
0.2116
1.0201
0.3136
0.8464
0.2601
0.0049
0.3025
0.2704
0.1156
0.0576
0.49
0.2304
0.04
1.1449
3.9204
3.8416
0.36
0.4624
1.6129
2.8561
0.36
0.4489
0.64
1.6384
0.4225
3.8025
2.25
2.89
1.1664
1.3924
0.7396
0.1024
0.64
0.6561
0.4489
0.8464
0.0144
0.6889
0.6084
0.8649
1.21
0.0049
0.1296
0.0441
0.7921
0.49
0.2916
1.9321
0.1369
0.6084
0.3136
0.3969
0.0441
0.2116
0.0441
0.2916
0.1089
0.8281
0.4489
0.1936
0.4761
0.0121
1.2544
3.4225
0.2401
2.1316
0.2601
1.1449
