40000 0.0834716 0
80000 0.0836932 0.000221615
120000 0.0834267 0.000295624
160000 0.0835141 0.00022657
200000 0.0835041 0.00017579
240000 0.0835772 0.000161112
280000 0.0835403 0.000141089
320000 0.0835369 0.000122234
360000 0.0835452 0.000108121
400000 0.0834464 0.000138252
440000 0.0834348 0.000125592
480000 0.0833905 0.000122909
520000 0.0833979 0.000113303
560000 0.0834022 0.000104987
600000 0.0833938 9.81049e-05
640000 0.0834056 9.25341e-05
680000 0.083399 8.71771e-05
720000 0.0833905 8.26244e-05
760000 0.0834002 7.87591e-05
800000 0.083389 7.55649e-05
840000 0.0833663 7.53599e-05
880000 0.0833924 7.64415e-05
920000 0.083418 7.73912e-05
960000 0.0833962 7.7218e-05
1000000 0.0834056 7.46532e-05
1040000 0.0833992 7.20109e-05
1080000 0.0833997 6.92943e-05
1120000 0.0833989 6.67784e-05
1160000 0.083395 6.45541e-05
1200000 0.0834151 6.55219e-05
1240000 0.0834059 6.40306e-05
1280000 0.0834144 6.25833e-05
1320000 0.0834136 6.06629e-05
1360000 0.083412 5.88747e-05
1400000 0.0834201 5.77476e-05
1440000 0.0834222 5.61599e-05
1480000 0.0834006 5.8762e-05
1520000 0.0833892 5.83026e-05
1560000 0.0833879 5.68041e-05
1600000 0.0833869 5.53751e-05
1640000 0.0833954 5.46776e-05
1680000 0.0833911 5.35311e-05
1720000 0.0833804 5.3364e-05
1760000 0.0833791 5.2154e-05
1800000 0.08338 5.09906e-05
1840000 0.0833822 4.99203e-05
1880000 0.0833727 4.9772e-05
1920000 0.0833686 4.88975e-05
1960000 0.0833727 4.80689e-05
2000000 0.0833525 5.12648e-05
2040000 0.0833617 5.10874e-05
2080000 0.0833546 5.06e-05
2120000 0.0833451 5.05319e-05
2160000 0.083332 5.12812e-05
2200000 0.08333 5.03812e-05
2240000 0.0833356 4.97842e-05
2280000 0.0833289 4.93517e-05
2320000 0.0833272 4.85233e-05
2360000 0.0833264 4.77002e-05
2400000 0.0833256 4.69054e-05
2440000 0.0833168 4.69722e-05
2480000 0.0833118 4.64716e-05
2520000 0.0833149 4.58322e-05
2560000 0.0833077 4.56842e-05
2600000 0.0833043 4.51043e-05
2640000 0.0832952 4.53291e-05
2680000 0.0832916 4.47978e-05
2720000 0.0832951 4.42745e-05
2760000 0.0832965 4.36502e-05
2800000 0.083293 4.31635e-05
2840000 0.0832952 4.26065e-05
2880000 0.0832914 4.21749e-05
2920000 0.0832918 4.15943e-05
2960000 0.0832937 4.10728e-05
3000000 0.0832927 4.05327e-05
3040000 0.0832944 4.00308e-05
3080000 0.083291 3.96539e-05
3120000 0.0832941 3.92646e-05
3160000 0.0832995 3.91462e-05
3200000 0.0833049 3.90207e-05
3240000 0.0833078 3.8651e-05
3280000 0.0833213 4.04874e-05
3320000 0.0833243 4.01043e-05
3360000 0.083325 3.96301e-05
3400000 0.0833274 3.92373e-05
3440000 0.0833318 3.90213e-05
3480000 0.0833333 3.86013e-05
3520000 0.083334 3.81661e-05
3560000 0.083337 3.78568e-05
3600000 0.083335 3.74899e-05
3640000 0.0833443 3.82369e-05
3680000 0.0833403 3.80276e-05
3720000 0.0833413 3.76292e-05
3760000 0.0833436 3.72949e-05
3800000 0.0833439 3.69017e-05
3840000 0.0833402 3.67047e-05
3880000 0.0833371 3.64559e-05
3920000 0.0833374 3.60835e-05
3960000 0.0833316 3.61897e-05
4000000 0.0833333 3.58687e-05
4040000 0.0833349 3.55473e-05
4080000 0.0833314 3.53682e-05
4120000 0.0833345 3.51575e-05
4160000 0.083339 3.51012e-05
4200000 0.0833414 3.48507e-05
4240000 0.0833379 3.46942e-05
4280000 0.0833406 3.44715e-05
4320000 0.0833425 3.42059e-05
4360000 0.0833453 3.40037e-05
4400000 0.083347 3.37365e-05
4440000 0.0833484 3.34601e-05
4480000 0.0833492 3.31702e-05
4520000 0.0833468 3.29652e-05
4560000 0.0833472 3.26776e-05
4600000 0.0833512 3.26294e-05
4640000 0.0833525 3.23746e-05
4680000 0.0833526 3.20968e-05
4720000 0.083351 3.18606e-05
4760000 0.0833475 3.17892e-05
4800000 0.08334 3.23948e-05
4840000 0.0833459 3.26639e-05
4880000 0.0833465 3.23991e-05
4920000 0.0833495 3.22788e-05
4960000 0.083353 3.2203e-05
5000000 0.0833548 3.19999e-05
5040000 0.0833536 3.17693e-05
5080000 0.0833516 3.15815e-05
5120000 0.0833514 3.13343e-05
5160000 0.0833538 3.11798e-05
5200000 0.0833531 3.09471e-05
5240000 0.0833493 3.09393e-05
5280000 0.0833522 3.08406e-05
5320000 0.0833521 3.06081e-05
5360000 0.0833525 3.03821e-05
5400000 0.0833471 3.06471e-05
5440000 0.0833448 3.0506e-05
5480000 0.0833481 3.04673e-05
5520000 0.0833522 3.05144e-05
5560000 0.0833539 3.03408e-05
5600000 0.0833584 3.04654e-05
5640000 0.0833594 3.02659e-05
5680000 0.0833579 3.00935e-05
5720000 0.0833617 3.01335e-05
5760000 0.0833631 2.99544e-05
5800000 0.0833616 2.97849e-05
5840000 0.083359 2.96898e-05
5880000 0.0833568 2.95706e-05
5920000 0.083354 2.95044e-05
5960000 0.0833551 2.93256e-05
6000000 0.0833567 2.91752e-05
6040000 0.0833524 2.93035e-05
6080000 0.0833493 2.92747e-05
6120000 0.0833495 2.90834e-05
6160000 0.0833537 2.9204e-05
6200000 0.0833541 2.90168e-05
6240000 0.083356 2.8894e-05
6280000 0.0833583 2.88024e-05
6320000 0.0833632 2.90425e-05
6360000 0.0833584 2.92596e-05
6400000 0.0833575 2.90914e-05
6440000 0.08336 2.90231e-05
6480000 0.0833575 2.89576e-05
6520000 0.0833579 2.87834e-05
6560000 0.0833563 2.86537e-05
6600000 0.0833554 2.84952e-05
6640000 0.0833535 2.83859e-05
6680000 0.0833513 2.8302e-05
6720000 0.0833525 2.816e-05
6760000 0.0833505 2.80618e-05
6800000 0.0833552 2.82848e-05
6840000 0.0833538 2.8155e-05
6880000 0.0833543 2.7996e-05
6920000 0.0833537 2.78406e-05
6960000 0.0833525 2.77076e-05
7000000 0.0833535 2.75695e-05
7040000 0.0833541 2.74184e-05
7080000 0.0833529 2.72885e-05
7120000 0.0833509 2.72073e-05
7160000 0.0833501 2.7068e-05
7200000 0.0833534 2.7122e-05
7240000 0.0833557 2.70701e-05
7280000 0.083355 2.69303e-05
7320000 0.0833546 2.67863e-05
7360000 0.0833579 2.68436e-05
7400000 0.0833552 2.68363e-05
7440000 0.0833579 2.6832e-05
7480000 0.0833591 2.67144e-05
7520000 0.0833573 2.66314e-05
7560000 0.0833575 2.64905e-05
7600000 0.0833576 2.63511e-05
7640000 0.0833532 2.6584e-05
7680000 0.0833516 2.64939e-05
7720000 0.0833561 2.67459e-05
7760000 0.0833559 2.66088e-05
7800000 0.0833566 2.64806e-05
7840000 0.0833533 2.65407e-05
7880000 0.0833543 2.64232e-05
7920000 0.0833496 2.67049e-05
7960000 0.083349 2.65779e-05
8000000 0.0833478 2.64703e-05
8040000 0.0833484 2.63452e-05
8080000 0.0833483 2.62146e-05
8120000 0.0833482 2.60854e-05
8160000 0.0833497 2.59982e-05
8200000 0.0833476 2.59532e-05
8240000 0.0833484 2.584e-05
8280000 0.0833428 2.63268e-05
8320000 0.0833424 2.62022e-05
8360000 0.0833415 2.60941e-05
8400000 0.0833403 2.59946e-05
8440000 0.0833437 2.60893e-05
8480000 0.0833423 2.60017e-05
8520000 0.0833431 2.58902e-05
8560000 0.0833428 2.57708e-05
8600000 0.0833398 2.58204e-05
8640000 0.0833403 2.57054e-05
8680000 0.0833378 2.57086e-05
8720000 0.0833379 2.55906e-05
8760000 0.083336 2.55454e-05
8800000 0.0833363 2.5431e-05
8840000 0.0833365 2.53165e-05
8880000 0.0833372 2.5211e-05
8920000 0.083339 2.51662e-05
8960000 0.0833342 2.55213e-05
9000000 0.083333 2.5433e-05
9040000 0.083332 2.53425e-05
9080000 0.0833298 2.53283e-05
9120000 0.0833276 2.5309e-05
9160000 0.0833282 2.5206e-05
9200000 0.0833297 2.51387e-05
9240000 0.0833298 2.50297e-05
9280000 0.0833285 2.49549e-05
9320000 0.0833267 2.49082e-05
9360000 0.0833236 2.49991e-05
9400000 0.0833262 2.50319e-05
9440000 0.0833278 2.4977e-05
9480000 0.0833276 2.4873e-05
9520000 0.0833256 2.4846e-05
9560000 0.0833232 2.4857e-05
9600000 0.0833225 2.47634e-05
9640000 0.0833218 2.46692e-05
9680000 0.0833211 2.45788e-05
9720000 0.0833193 2.45398e-05
9760000 0.0833195 2.44397e-05
9800000 0.0833197 2.43406e-05
9840000 0.0833215 2.4306e-05
9880000 0.0833228 2.42448e-05
9920000 0.0833254 2.42826e-05
9960000 0.0833257 2.41868e-05
10000000 0.0833263 2.40971e-05
