#Walks 1000
#Steps 100
1 1 0 1 0
2 1.33497 0.508762 1.29528 0.600207
3 1.63654 0.628439 1.63226 0.582867
4 1.87519 0.773076 1.85407 0.770982
5 2.10318 0.875613 2.06114 0.803564
6 2.33286 0.961277 2.2473 0.885247
7 2.50673 1.05417 2.41948 0.948746
8 2.66172 1.1325 2.59912 1.03855
9 2.79761 1.19338 2.75064 1.06957
10 2.9187 1.26284 2.90153 1.18284
11 3.06812 1.33559 3.05504 1.20279
12 3.19393 1.33858 3.15032 1.26945
13 3.3281 1.3825 3.30312 1.30667
14 3.45236 1.42579 3.41052 1.39081
15 3.59863 1.50648 3.5633 1.45426
16 3.71688 1.5709 3.66272 1.49014
17 3.81609 1.59661 3.80145 1.52413
18 3.90597 1.68483 3.89094 1.5889
19 4.0103 1.71808 4.01802 1.66297
20 4.12745 1.76635 4.16055 1.74064
21 4.20838 1.79995 4.29867 1.77016
22 4.31628 1.82774 4.41202 1.86012
23 4.40224 1.87331 4.53984 1.90469
24 4.49164 1.93618 4.64453 1.95048
25 4.56937 1.97805 4.74028 1.97275
26 4.68422 2.01384 4.82514 2.0214
27 4.78054 2.05773 4.92229 2.05695
28 4.8708 2.12023 5.01777 2.08948
29 4.97794 2.16328 5.12234 2.14422
30 5.06739 2.21774 5.16053 2.17184
31 5.14853 2.24165 5.22643 2.16804
32 5.2482 2.31889 5.33423 2.18496
33 5.33802 2.34944 5.40162 2.23169
34 5.3992 2.37542 5.46699 2.27464
35 5.49464 2.40525 5.53376 2.32367
36 5.59591 2.43611 5.57299 2.33447
37 5.67104 2.47115 5.65735 2.36017
38 5.71 2.4995 5.74451 2.4159
39 5.79152 2.52899 5.84315 2.41156
40 5.88692 2.55312 5.94384 2.46064
41 5.93636 2.60224 5.99372 2.50586
42 6.00346 2.66338 6.08808 2.53126
43 6.04992 2.68589 6.13127 2.55491
44 6.1353 2.73948 6.20456 2.54978
45 6.21805 2.79049 6.26218 2.61325
46 6.2829 2.82848 6.29937 2.66118
47 6.37474 2.85904 6.34867 2.67177
48 6.41853 2.92773 6.38014 2.70625
49 6.44336 2.95034 6.44244 2.72634
50 6.51258 2.94531 6.50699 2.7483
51 6.57436 2.97512 6.58044 2.76329
52 6.61052 2.95924 6.64405 2.80119
53 6.64618 3.00346 6.72198 2.84868
54 6.68888 2.99253 6.81717 2.87511
55 6.73705 3.01056 6.88782 2.92915
56 6.79462 3.0556 6.94642 3.00087
57 6.87254 3.06879 6.9934 3.06927
58 6.9237 3.11127 7.03967 3.08335
59 6.97046 3.11499 7.09138 3.09004
60 7.05158 3.16157 7.13686 3.09891
61 7.10618 3.16682 7.19632 3.11207
62 7.17806 3.20462 7.22868 3.10905
63 7.24408 3.22787 7.32366 3.13497
64 7.2768 3.25118 7.35547 3.15422
65 7.33532 3.29674 7.4417 3.16434
66 7.3649 3.32853 7.49463 3.15666
67 7.39382 3.33534 7.55169 3.19343
68 7.42773 3.33459 7.62838 3.184
69 7.49167 3.36731 7.68347 3.20441
70 7.54365 3.35132 7.73546 3.24232
71 7.56691 3.3669 7.82224 3.29523
72 7.60316 3.37249 7.92635 3.32882
73 7.63826 3.39442 7.95773 3.38504
74 7.67964 3.41734 7.9938 3.42859
75 7.74362 3.44515 8.01743 3.42474
76 7.79851 3.47294 8.05364 3.41891
77 7.87592 3.4904 8.10637 3.43551
78 7.92186 3.50998 8.14952 3.43501
79 7.94474 3.52931 8.17755 3.45828
80 7.99559 3.5526 8.18631 3.48486
81 8.04549 3.58345 8.26814 3.52333
82 8.10546 3.61275 8.31273 3.54803
83 8.14684 3.59618 8.40636 3.5574
84 8.19566 3.62224 8.44918 3.53912
85 8.22732 3.62817 8.48037 3.55265
86 8.29253 3.68597 8.52101 3.55083
87 8.33549 3.6959 8.57945 3.56301
88 8.37726 3.7132 8.62857 3.56872
89 8.42873 3.71874 8.63991 3.60638
90 8.48399 3.70323 8.6911 3.57112
91 8.53632 3.71992 8.73383 3.59642
92 8.54885 3.78157 8.80365 3.60691
93 8.57305 3.7802 8.87223 3.61711
94 8.63274 3.80722 8.92628 3.65507
95 8.68353 3.87813 8.97975 3.67588
96 8.76349 3.88958 9.02808 3.66085
97 8.77995 3.94418 9.04787 3.67044
98 8.83748 3.975 9.07145 3.69552
99 8.8883 3.99631 9.06746 3.69745
100 8.94158 3.99096 9.07449 3.72499
