#SpaceDimension: 2
#NumberOfPoints: 32
#L: 4.50701
1   0.136962 0.147024
2   0.249409 0.267679
3   0.280432 0.208419
4   0.45181 -0.00317118
5   0.374486 -0.247913
6   0.318409 -0.272956
7   0.249036 -0.433848
8   0.21085 -0.451916
9   0.144426 -0.39494
10   0.0994662 -0.349305
11   0.0873271 -0.347847
12   0.199474 -0.287878
13   0.144582 -0.104546
14   0.0971408 -0.0826872
15   0.0663229 -0.0740127
16   0.00338346 -0.0511028
17   -0.215598 -0.217951
18   -0.251189 -0.433272
19   -0.339482 -0.47509
20   -0.487163 -0.33404
21   -0.449618 -0.168266
22   -0.374907 -0.157223
23   -0.335929 0.14487
24   -0.45334 0.164466
25   -0.409198 0.188023
26   -0.392452 0.396022
27   -0.375576 0.494897
28   0.0738738 0.445687
29   0.110517 0.273745
30   0.0244249 0.224565
31   -0.0500375 0.223366
32   0.114937 0.177131