#SpaceDimension: 2
#NumberOfPoints: 32
#L: 1.01226
1   0.495443 -0.048223
2   0.269657 -0.0923917
3   0.236348 -0.0315876
4   0.169879 -0.0587564
5   0.199956 -0.0189172
6   0.347623 0.151622
7   0.45337 0.264208
8   0.260838 0.342152
9   0.269843 0.404125
10   0.108945 0.399178
11   0.0316752 0.400092
12   0.00942641 0.128669
13   -0.00431105 0.0101759
14   -0.152926 0.127541
15   -0.134469 0.250755
16   -0.224115 0.333024
17   -0.166248 0.494592
18   -0.441271 0.355873
19   -0.498114 0.232402
20   -0.448665 0.0530949
21   -0.241268 0.0408259
22   -0.152665 -0.0997924
23   -0.254086 -0.104212
24   -0.284174 -0.170989
25   -0.346433 -0.186327
26   -0.384702 -0.242513
27   -0.310243 -0.207111
28   -0.10236 -0.410929
29   0.298584 -0.405407
30   0.334795 -0.2634
31   0.457054 -0.348412
32   0.412855 -0.28825