#SpaceDimension: 2
#NumberOfPoints: 32
#L: 2.53616
1   0.255413 0.966832
2   0.139531 0.990218
3   0.0316325 0.9995
4   0.201603 0.979467
5   0.418808 0.908075
6   0.587836 0.80898
7   0.593792 0.804619
8   0.772148 0.635443
9   0.985635 0.168888
10   0.993552 0.113377
11   0.995371 0.096111
12   0.96563 -0.259922
13   0.433135 -0.901329
14   0.193954 -0.981011
15   0.172753 -0.984965
16   -0.139102 -0.990278
17   -0.133796 -0.991009
18   -0.30261 -0.953115
19   -0.323973 -0.946066
20   -0.376125 -0.926569
21   -0.422244 -0.906482
22   -0.658807 -0.752312
23   -0.680985 -0.732298
24   -0.919054 -0.394131
25   -0.977247 -0.212107
26   -0.989318 -0.145773
27   -0.990269 0.139169
28   -0.934104 0.357002
29   -0.900037 0.435813
30   -0.646018 0.763323
31   -0.625598 0.780146
32   -0.281556 0.959545