#SpaceDimension: 2
#NumberOfPoints: 32
#L: 6.2159
1   -0.856113 -0.516789
2   -0.84055 -0.541735
3   -0.807061 -0.590469
4   -0.797323 -0.603553
5   -0.63346 -0.773775
6   -0.579929 -0.814667
7   -0.128975 -0.991648
8   0.0399984 -0.9992
9   0.100893 -0.994897
10   0.26828 -0.963341
11   0.864935 -0.501885
12   0.919378 -0.393376
13   0.999643 0.0267065
14   0.990591 0.136853
15   0.910871 0.412691
16   0.899253 0.437428
17   0.864626 0.502417
18   0.782513 0.622634
19   0.759494 0.650514
20   0.739083 0.673614
21   0.490903 0.871214
22   0.346487 0.938055
23   0.316826 0.948484
24   0.272186 0.962245
25   0.0713522 0.997451
26   -0.176734 0.984259
27   -0.493937 0.869498
28   -0.524349 0.851504
29   -0.776645 0.629938
30   -0.972809 -0.23161
31   -0.91127 -0.41181
32   -0.907684 -0.419653