#Measures: 1000000
#Blocks: 500
#NeedleLength: 12
#LineSeparation: 25
1 2.99532 0
2 3.04855 0.0532286
3 3.07471 0.0403597
4 3.07403 0.0285466
5 3.10678 0.0395144
6 3.10678 0.0322634
7 3.11483 0.0284295
8 3.11827 0.0248605
9 3.11812 0.0219255
10 3.13677 0.0270649
11 3.13822 0.024524
12 3.1267 0.0251766
13 3.13234 0.0238356
14 3.12909 0.0223057
15 3.12111 0.0222457
16 3.11037 0.023416
17 3.1144 0.0223608
18 3.11426 0.0210825
19 3.11126 0.0201659
20 3.11282 0.0191942
21 3.09944 0.0226346
22 3.10352 0.021965
23 3.10818 0.0214994
24 3.11004 0.0206675
25 3.10416 0.0206781
26 3.10909 0.0204693
27 3.1061 0.0199221
28 3.10721 0.0192296
29 3.10384 0.0188587
30 3.10904 0.0189461
31 3.10674 0.0184676
32 3.11205 0.018651
33 3.11823 0.019105
34 3.11986 0.0186058
35 3.11992 0.0180665
36 3.11685 0.0178238
37 3.11768 0.0173552
38 3.11673 0.0169186
39 3.11766 0.0165049
40 3.11471 0.0163537
41 3.11589 0.0159934
42 3.11739 0.0156797
43 3.11809 0.0153268
44 3.11923 0.0150178
45 3.12223 0.0149837
46 3.12278 0.0146647
47 3.12558 0.0146193
48 3.12306 0.0145314
49 3.12074 0.0144195
50 3.12087 0.0141288
51 3.12059 0.0138517
52 3.12141 0.0136073
53 3.12361 0.0135274
54 3.12463 0.0133139
55 3.12367 0.0131045
56 3.12293 0.01289
57 3.12327 0.0126665
58 3.12369 0.0124532
59 3.12143 0.0124463
60 3.12239 0.0122744
61 3.12255 0.0120725
62 3.12414 0.0119829
63 3.12451 0.011797
64 3.12561 0.0116629
65 3.12767 0.0116661
66 3.12934 0.0116084
67 3.12834 0.0114777
68 3.12715 0.0113698
69 3.12572 0.0112949
70 3.12509 0.01115
71 3.12484 0.0109948
72 3.12297 0.0110001
73 3.12546 0.0111301
74 3.12765 0.0111954
75 3.12698 0.0110658
76 3.12836 0.0110068
77 3.12916 0.0108918
78 3.12973 0.0107663
79 3.12944 0.0106331
80 3.13079 0.0105863
81 3.12982 0.0104995
82 3.13029 0.0103812
83 3.13062 0.0102608
84 3.1301 0.0101513
85 3.12908 0.0100836
86 3.1299 0.00999976
87 3.12798 0.0100687
88 3.12632 0.0100921
89 3.12788 0.0100995
90 3.1281 0.00998906
91 3.1286 0.0098913
92 3.12949 0.00982382
93 3.13059 0.00978032
94 3.1305 0.00967615
95 3.12958 0.00961817
96 3.12977 0.0095193
97 3.12968 0.00942099
98 3.12925 0.00933462
99 3.12877 0.00925224
100 3.1286 0.00916081
101 3.12915 0.00908628
102 3.13043 0.00908743
103 3.12921 0.00908119
104 3.12919 0.00899347
105 3.13075 0.00904351
106 3.12912 0.00910416
107 3.12901 0.0090194
108 3.12987 0.00897642
109 3.12989 0.00889371
110 3.12995 0.00881275
111 3.13107 0.00880447
112 3.13212 0.00878852
113 3.13311 0.00876573
114 3.13441 0.00878618
115 3.13391 0.00872378
116 3.13321 0.00867671
117 3.13502 0.00879053
118 3.13517 0.008717
119 3.13581 0.00866671
120 3.13639 0.0086137
121 3.13669 0.00854773
122 3.13743 0.00850956
123 3.1376 0.00844173
124 3.1381 0.00838848
125 3.13773 0.00832935
126 3.13694 0.00830082
127 3.13808 0.00831409
128 3.13753 0.00826751
129 3.13789 0.0082111
130 3.13841 0.0081642
131 3.13783 0.00812249
132 3.13692 0.00811095
133 3.13748 0.00806882
134 3.13791 0.00801975
135 3.13902 0.00803705
136 3.13942 0.00798823
137 3.13851 0.00798227
138 3.13892 0.00793466
139 3.13971 0.00791689
140 3.14025 0.00787905
141 3.1403 0.00782314
142 3.13986 0.00778066
143 3.14013 0.00773086
144 3.14015 0.007677
145 3.1388 0.00774201
146 3.13756 0.00778745
147 3.13746 0.00773502
148 3.13708 0.00769176
149 3.13642 0.00766886
150 3.13502 0.00774465
151 3.13599 0.00775457
152 3.13519 0.00774499
153 3.13604 0.00774106
154 3.13649 0.00770378
155 3.13656 0.00765425
156 3.13618 0.00761463
157 3.13718 0.00763188
158 3.13768 0.00759985
159 3.13758 0.00755255
160 3.13814 0.00752592
161 3.13839 0.0074833
162 3.13771 0.00746789
163 3.13746 0.00742618
164 3.13715 0.00738722
165 3.13697 0.00734462
166 3.13725 0.00730575
167 3.13695 0.00726815
168 3.13739 0.00723809
169 3.13802 0.00722234
170 3.13766 0.00718872
171 3.13834 0.007179
172 3.13864 0.0071433
173 3.13822 0.00711392
174 3.1379 0.00708033
175 3.13642 0.00719405
176 3.13633 0.00715353
177 3.13564 0.00714643
178 3.13622 0.00712929
179 3.13594 0.00709472
180 3.13586 0.00705562
181 3.13498 0.00707139
182 3.13614 0.00712643
183 3.13637 0.00709121
184 3.13618 0.00705507
185 3.13616 0.00701687
186 3.13628 0.00698002
187 3.13626 0.00694263
188 3.13706 0.00695241
189 3.1372 0.0069169
190 3.13699 0.00688369
191 3.13652 0.00686352
192 3.13578 0.00686717
193 3.13538 0.00684358
194 3.1351 0.0068138
195 3.13535 0.00678342
196 3.13607 0.00678701
197 3.13522 0.00680644
198 3.13554 0.00677988
199 3.13568 0.00674714
200 3.13619 0.0067327
201 3.13622 0.00669919
202 3.13571 0.00668544
203 3.13606 0.00666126
204 3.13616 0.00662939
205 3.13693 0.00664136
206 3.1362 0.00664953
207 3.13575 0.00663269
208 3.13595 0.00660398
209 3.13586 0.00657293
210 3.13597 0.0065424
211 3.136 0.00651139
212 3.13677 0.00652604
213 3.1374 0.00652577
214 3.13764 0.00649974
215 3.1374 0.00647376
216 3.13728 0.00644481
217 3.13733 0.00641521
218 3.13762 0.00639218
219 3.13732 0.00636998
220 3.13659 0.00638283
221 3.13712 0.00637614
222 3.13701 0.00634838
223 3.13687 0.0063213
224 3.13755 0.00632892
225 3.1375 0.0063009
226 3.13699 0.00629317
227 3.13684 0.0062673
228 3.13624 0.00626855
229 3.13596 0.00624742
230 3.13614 0.00622298
231 3.13663 0.00621513
232 3.13644 0.0061913
233 3.13644 0.00616467
234 3.13671 0.00614427
235 3.13654 0.00612043
236 3.13617 0.00610608
237 3.1365 0.0060896
238 3.13666 0.00606596
239 3.13645 0.00604413
240 3.13734 0.00608478
241 3.1372 0.00606128
242 3.13667 0.00605924
243 3.13616 0.00605528
244 3.13686 0.00606982
245 3.13692 0.00604534
246 3.1372 0.00602714
247 3.13778 0.00603127
248 3.13808 0.00601409
249 3.13808 0.00598989
250 3.13847 0.00597919
251 3.13833 0.00595712
252 3.1389 0.00596078
253 3.13887 0.00593723
254 3.13918 0.00592162
255 3.13874 0.00591433
256 3.1388 0.00589143
257 3.13863 0.00587074
258 3.13887 0.00585278
259 3.13888 0.00583015
260 3.13874 0.00580944
261 3.13837 0.0057988
262 3.13837 0.00577663
263 3.13856 0.00575789
264 3.13962 0.00583176
265 3.14005 0.00582579
266 3.14027 0.00580823
267 3.14019 0.0057871
268 3.13946 0.00581138
269 3.13962 0.00579211
270 3.13965 0.00577069
271 3.13976 0.00575033
272 3.1396 0.00573133
273 3.13937 0.00571491
274 3.13948 0.005695
275 3.13964 0.00567657
276 3.13967 0.00565604
277 3.14 0.0056455
278 3.14024 0.00563006
279 3.14055 0.00561844
280 3.1414 0.00566343
281 3.1419 0.00566539
282 3.14198 0.00564577
283 3.14265 0.00566627
284 3.14199 0.00568529
285 3.14188 0.00566629
286 3.14212 0.00565157
287 3.142 0.00563319
288 3.14255 0.00563999
289 3.14241 0.00562221
290 3.14182 0.00563347
291 3.14122 0.00564593
292 3.14097 0.00563229
293 3.14124 0.00561976
294 3.14131 0.0056011
295 3.1405 0.00564155
296 3.14068 0.00562544
297 3.1404 0.00561349
298 3.14095 0.0056217
299 3.14135 0.00561694
300 3.14158 0.00560296
301 3.14214 0.00561239
302 3.14235 0.00559769
303 3.14209 0.00558545
304 3.14157 0.00559067
305 3.14154 0.0055724
306 3.14143 0.00555532
307 3.14176 0.00554712
308 3.14155 0.00553308
309 3.1414 0.00551705
310 3.14104 0.0055113
311 3.14125 0.00549744
312 3.14149 0.00548503
313 3.14142 0.00546784
314 3.14109 0.00546034
315 3.14135 0.00544896
316 3.1411 0.00543746
317 3.14137 0.00542703
318 3.14154 0.00541254
319 3.14159 0.00539579
320 3.14191 0.00538827
321 3.14224 0.00538176
322 3.14259 0.00537628
323 3.14223 0.00537126
324 3.14179 0.00537262
325 3.14166 0.00535786
326 3.1418 0.0053434
327 3.14183 0.00532714
328 3.14206 0.00531569
329 3.14183 0.00530441
330 3.14165 0.00529143
331 3.14158 0.00527595
332 3.14118 0.00527508
333 3.14139 0.00526336
334 3.14148 0.00524846
335 3.14158 0.00523365
336 3.14177 0.0052215
337 3.14193 0.00520834
338 3.14199 0.00519329
339 3.14194 0.00517814
340 3.14258 0.00520136
341 3.14244 0.00518782
342 3.14243 0.00517265
343 3.14228 0.00515966
344 3.14206 0.00514928
345 3.14243 0.00514789
346 3.14271 0.00514038
347 3.14311 0.00514125
348 3.14293 0.00512948
349 3.14324 0.00512374
350 3.14375 0.00513448
351 3.14367 0.00512041
352 3.14376 0.00510655
353 3.1442 0.00511101
354 3.14424 0.0050967
355 3.14399 0.00508821
356 3.14334 0.00511504
357 3.14234 0.00519763
358 3.14213 0.00518735
359 3.14153 0.00520753
360 3.14133 0.00519716
361 3.14126 0.00518318
362 3.14104 0.00517346
363 3.14109 0.0051594
364 3.14086 0.00515035
365 3.14071 0.00513835
366 3.14062 0.00512513
367 3.14132 0.00515912
368 3.14136 0.00514528
369 3.1412 0.00513385
370 3.14136 0.00512242
371 3.14117 0.00511201
372 3.14105 0.00509965
373 3.1409 0.00508844
374 3.14052 0.00508878
375 3.14071 0.00507864
376 3.14072 0.00506515
377 3.14097 0.00505753
378 3.14067 0.00505292
379 3.14074 0.0050401
380 3.14082 0.00502734
381 3.14107 0.00502058
382 3.14118 0.00500869
383 3.14124 0.00499592
384 3.14141 0.00498569
385 3.1414 0.00497273
386 3.14145 0.00496015
387 3.14148 0.0049474
388 3.1415 0.00493466
389 3.14173 0.00492749
390 3.14155 0.00491809
391 3.14181 0.00491239
392 3.14213 0.00490996
393 3.14195 0.0049007
394 3.14155 0.00490424
395 3.14116 0.00490764
396 3.14147 0.00490526
397 3.14157 0.00489379
398 3.14178 0.00488618
399 3.14213 0.00488658
400 3.1423 0.00487737
401 3.1423 0.00486519
402 3.14271 0.00486984
403 3.14245 0.00486469
404 3.14214 0.00486227
405 3.14239 0.00485667
406 3.14232 0.00484527
407 3.14239 0.00483396
408 3.14259 0.00482599
409 3.14217 0.00483219
410 3.14182 0.00483284
411 3.14158 0.00482709
412 3.14119 0.00483103
413 3.14094 0.0048258
414 3.14097 0.00481421
415 3.14083 0.00480471
416 3.14075 0.00479384
417 3.14061 0.00478442
418 3.14045 0.00477539
419 3.14033 0.0047657
420 3.14011 0.00475946
421 3.14056 0.00477027
422 3.1404 0.00476172
423 3.14064 0.00475667
424 3.14049 0.00474782
425 3.14026 0.00474221
426 3.14017 0.00473193
427 3.14016 0.00472087
428 3.13998 0.00471292
429 3.1399 0.00470276
430 3.14047 0.00472666
431 3.14059 0.00471736
432 3.14022 0.00472169
433 3.14007 0.00471304
434 3.14042 0.0047154
435 3.14038 0.00470474
436 3.14027 0.00469526
437 3.14027 0.00468451
438 3.14006 0.00467859
439 3.13986 0.00467218
440 3.13959 0.00466965
441 3.13933 0.00466587
442 3.13925 0.00465608
443 3.13911 0.00464768
444 3.13903 0.00463797
445 3.13925 0.00463285
446 3.13936 0.00462382
447 3.13939 0.00461356
448 3.13958 0.00460739
449 3.13965 0.00459756
450 3.13972 0.00458795
451 3.14034 0.00461868
452 3.14043 0.00460947
453 3.14051 0.00459986
454 3.1406 0.00459072
455 3.14078 0.00458407
456 3.14071 0.00457461
457 3.1408 0.00456558
458 3.14113 0.00456775
459 3.14082 0.00456885
460 3.14076 0.0045592
461 3.14111 0.00456223
462 3.14087 0.00455833
463 3.14059 0.00455733
464 3.14091 0.00455853
465 3.14094 0.00454887
466 3.1408 0.0045415
467 3.14079 0.00453178
468 3.14058 0.00452693
469 3.14086 0.0045258
470 3.14099 0.00451824
471 3.14118 0.00451233
472 3.14103 0.00450514
473 3.14087 0.00449832
474 3.14059 0.00449801
475 3.14072 0.0044906
476 3.14121 0.00450795
477 3.14152 0.00450896
478 3.14161 0.00450039
479 3.1416 0.004491
480 3.14182 0.00448719
481 3.14203 0.00448281
482 3.14195 0.00447428
483 3.14186 0.00446599
484 3.14192 0.00445723
485 3.14158 0.00446105
486 3.1413 0.00446076
487 3.14154 0.00445823
488 3.14159 0.00444931
489 3.14192 0.0044527
490 3.14204 0.00444519
491 3.14225 0.00444091
492 3.14186 0.00444839
493 3.14208 0.00444464
494 3.1422 0.00443719
495 3.14203 0.00443153
496 3.14232 0.00443233
497 3.14244 0.00442492
498 3.14266 0.00442173
499 3.1427 0.00441305
500 3.14318 0.00442977
