#Samples 240000
#Blocks 300
1.51289 0
1.44742 0.0654649
1.52906 0.0899648
1.53139 0.0636573
1.5652 0.0597877
1.53706 0.0563465
1.53491 0.0476702
1.54052 0.0416641
1.55997 0.0415736
1.55854 0.037212
1.56565 0.0344006
1.56563 0.0314033
1.55253 0.0317172
1.55665 0.0296519
1.55121 0.0281346
1.55059 0.0263249
1.56724 0.0298117
1.55789 0.0296221
1.56662 0.0293499
1.5633 0.0280414
1.55901 0.0270147
1.55912 0.0257577
1.54551 0.0281266
1.54169 0.0271985
1.54484 0.0262776
1.54042 0.0256318
1.53745 0.0248421
1.53025 0.0249977
1.52621 0.0244564
1.52582 0.0236303
1.52639 0.0228623
1.52715 0.0221495
1.53013 0.0216732
1.52952 0.0210348
1.52956 0.020425
1.52739 0.0199682
1.52827 0.0194408
1.52616 0.019039
1.52118 0.0192009
1.52155 0.0187183
1.53048 0.0203239
1.5294 0.0198639
1.52605 0.0196824
1.52748 0.0192823
1.52889 0.0189017
1.52812 0.0185022
1.52899 0.018125
1.52605 0.0179849
1.52368 0.0177721
1.52609 0.0175785
1.53165 0.0181052
1.53474 0.0180207
1.53225 0.0178518
1.52977 0.0176935
1.53478 0.0180788
1.53089 0.0181757
1.52844 0.0180204
1.52305 0.0185109
1.52274 0.0181971
1.52274 0.0178912
1.51907 0.017974
1.51784 0.0177242
1.51716 0.017454
1.51907 0.0172844
1.51824 0.0170366
1.5163 0.0168876
1.51482 0.0166994
1.51385 0.0164805
1.5194 0.0171601
1.5218 0.0170837
1.52351 0.0169277
1.52259 0.0167161
1.52341 0.0165055
1.52159 0.0163815
1.52181 0.016163
1.52033 0.0160174
1.52145 0.0158474
1.51912 0.0158156
1.51641 0.0158476
1.51492 0.0157187
1.51026 0.0162063
1.51013 0.016008
1.51044 0.0158169
1.51122 0.0156473
1.50893 0.0156305
1.50822 0.0154643
1.50871 0.0152935
1.50742 0.0151735
1.50622 0.0150503
1.50515 0.0149207
1.50573 0.0147675
1.50516 0.0146176
1.50619 0.0144968
1.50948 0.0147137
1.50735 0.0147129
1.50681 0.0145687
1.50802 0.0144685
1.50756 0.0143276
1.50598 0.0142706
1.50616 0.0141283
1.50405 0.0141458
1.50374 0.0140098
1.50414 0.0138788
1.50514 0.013781
1.50529 0.01365
1.50516 0.0135213
1.50554 0.0133998
1.50478 0.0132973
1.50569 0.0132061
1.5037 0.0132354
1.50237 0.013183
1.50323 0.0130929
1.50321 0.0129766
1.50307 0.012863
1.50214 0.0127846
1.50387 0.0127907
1.50083 0.0130391
1.50068 0.012929
1.5011 0.0128268
1.50119 0.0127197
1.50021 0.0126517
1.49992 0.012551
1.49962 0.012452
1.50035 0.0123725
1.49885 0.0123648
1.49745 0.0123453
1.49924 0.0123768
1.49866 0.0122934
1.49857 0.0121981
1.49815 0.0121112
1.49943 0.0120864
1.50034 0.0120291
1.49855 0.0120725
1.49905 0.0119924
1.50011 0.0119509
1.50005 0.0118628
1.50119 0.0118311
1.50282 0.0118564
1.50164 0.0118296
1.50204 0.0117518
1.50314 0.01172
1.50207 0.0116863
1.50062 0.0116952
1.50157 0.0116525
1.50122 0.011577
1.4996 0.0116116
1.50068 0.0115831
1.49994 0.011528
1.49999 0.0114505
1.50161 0.0114888
1.5025 0.0114473
1.50301 0.0113829
1.50349 0.0113188
1.50426 0.0112709
1.50426 0.0111979
1.50338 0.0111608
1.50292 0.0110988
1.50152 0.0111169
1.50276 0.0111165
1.50254 0.0110491
1.50182 0.011004
1.50221 0.0109429
1.50174 0.0108856
1.50009 0.0109442
1.49889 0.0109438
1.49871 0.0108791
1.49927 0.0108282
1.49902 0.0107664
1.49806 0.0107455
1.50005 0.0108656
1.49927 0.01083
1.49947 0.0107687
1.50152 0.0109008
1.50297 0.0109338
1.50217 0.0109003
1.50238 0.0108403
1.50364 0.0108516
1.50298 0.0108105
1.50312 0.0107509
1.50396 0.0107234
1.50483 0.0106995
1.50465 0.010642
1.50473 0.010584
1.50559 0.0105612
1.50534 0.0105069
1.50492 0.0104589
1.50581 0.0104414
1.50448 0.010471
1.50442 0.0104156
1.50572 0.0104418
1.50517 0.010402
1.50523 0.0103479
1.50402 0.0103644
1.50405 0.0103109
1.50326 0.0102877
1.50397 0.0102598
1.50339 0.0102243
1.50252 0.0102099
1.50176 0.0101868
1.50157 0.0101375
1.5013 0.0100904
1.50014 0.0101077
1.50143 0.0101405
1.50247 0.0101445
1.50175 0.0101211
1.50061 0.0101356
1.50061 0.0100865
1.50048 0.0100387
1.50052 0.00999061
1.50102 0.00995574
1.50113 0.00990903
1.50177 0.009883
1.50287 0.00989784
1.50162 0.00993056
1.50196 0.00989001
1.50183 0.00984503
1.50249 0.00982229
1.50276 0.00978076
1.50408 0.00982497
1.5032 0.00981948
1.50361 0.00978338
1.50372 0.00973985
1.504 0.00970027
1.50341 0.00967509
1.50287 0.00964728
1.50261 0.00960788
1.50241 0.00956764
1.50198 0.00953503
1.50217 0.00949503
1.50119 0.00950375
1.50208 0.00950408
1.50195 0.0094639
1.50152 0.00943319
1.50159 0.00939311
1.50212 0.0093679
1.50166 0.00933943
1.5016 0.00930011
1.5015 0.00926159
1.50118 0.00922819
1.5008 0.00919755
1.50075 0.00915945
1.50025 0.00913518
1.49957 0.00912241
1.49904 0.00910049
1.49814 0.00910815
1.49719 0.00912053
1.49853 0.00918133
1.49801 0.00915883
1.49768 0.00912799
1.49704 0.00911399
1.49753 0.00909087
1.49759 0.00905495
1.49763 0.00901916
1.49736 0.00898765
1.49827 0.00899852
1.49841 0.00896438
1.49812 0.00893407
1.49796 0.00890085
1.49798 0.00886644
1.49814 0.00883369
1.4986 0.00881198
1.49824 0.00878584
1.49785 0.00876067
1.4982 0.00873425
1.49856 0.00870859
1.49844 0.00867664
1.49922 0.00867982
1.49842 0.00868503
1.49834 0.00865301
1.49849 0.00862219
1.4983 0.00859238
1.49918 0.00860592
1.49923 0.00857449
1.49938 0.00854443
1.49931 0.00851366
1.49909 0.00848561
1.49921 0.00845588
1.49917 0.00842552
1.49925 0.0083956
1.49921 0.00836566
1.49957 0.00834397
1.49955 0.00831436
1.49962 0.00828518
1.50006 0.00826792
1.50004 0.00823889
1.4997 0.00821712
1.49966 0.00818855
1.49953 0.00816109
1.49903 0.0081481
1.49911 0.00812036
1.49954 0.00810376
1.49955 0.00807596
1.50047 0.00810075
1.50055 0.00807362
1.49998 0.00806649
1.5 0.0080392
1.49981 0.00801417
1.50007 0.00799128
1.50099 0.00801764
1.50115 0.00799249
