#Samples 240000
#Blocks 300
1.39961 0
1.44114 0.0415323
1.39155 0.0550791
1.40326 0.0406671
1.37435 0.0427576
1.36312 0.0366712
1.40975 0.0559912
1.44618 0.0606452
1.46237 0.0558815
1.45 0.0514897
1.46861 0.0501564
1.4743 0.0461384
1.4737 0.0424453
1.49208 0.0433797
1.48681 0.0407265
1.49603 0.0391967
1.50038 0.0370744
1.5104 0.0363614
1.50677 0.0345848
1.5083 0.0328457
1.5091 0.0312528
1.50463 0.0301327
1.50246 0.0288744
1.51282 0.0295219
1.51416 0.0283483
1.50569 0.0285213
1.50716 0.0274839
1.51051 0.0266943
1.52253 0.0284275
1.52226 0.027465
1.52222 0.0265643
1.52124 0.0257396
1.52489 0.0252132
1.51674 0.0257805
1.5125 0.0253897
1.51122 0.0247078
1.51293 0.0240914
1.51267 0.0234503
1.52616 0.0265316
1.52062 0.0264477
1.51413 0.0265976
1.51217 0.0260311
1.51819 0.0261219
1.5202 0.0256006
1.51841 0.0250889
1.51715 0.0245702
1.51595 0.0240716
1.52019 0.0239435
1.51798 0.0235533
1.51582 0.0231784
1.513 0.0228932
1.51202 0.0224702
1.50825 0.022363
1.50704 0.0219778
1.50769 0.0215843
1.51124 0.0214898
1.5073 0.0214731
1.5084 0.0211282
1.5073 0.0207962
1.50511 0.0205638
1.50409 0.0202497
1.50017 0.0203007
1.50242 0.0201016
1.5031 0.0197968
1.50032 0.0196869
1.49874 0.0194505
1.4961 0.0193396
1.4974 0.0190977
1.49766 0.0188207
1.49554 0.0186714
1.49758 0.0185194
1.49665 0.018284
1.49728 0.0180431
1.49316 0.0182689
1.49431 0.0180603
1.49559 0.0178666
1.49495 0.0176445
1.49465 0.0174194
1.49329 0.0172511
1.49212 0.0170745
1.49572 0.0172426
1.49594 0.0170326
1.49717 0.0168709
1.49757 0.0166737
1.49777 0.0164775
1.49937 0.0163629
1.4982 0.0162159
1.49896 0.0160484
1.49733 0.0159507
1.4958 0.0158466
1.49464 0.0157139
1.49504 0.0155473
1.49574 0.0153951
1.495 0.0152485
1.49424 0.0151061
1.49585 0.0150336
1.49696 0.0149192
1.49756 0.0147786
1.49657 0.0146619
1.49838 0.0146262
1.49886 0.0144885
1.49895 0.0143461
1.49875 0.0142075
1.50157 0.0143507
1.49932 0.0143914
1.50053 0.014307
1.50057 0.0141727
1.50013 0.0140478
1.50024 0.0139188
1.50264 0.0139997
1.50588 0.0142467
1.50487 0.0141553
1.50774 0.0143209
1.50617 0.0142815
1.50599 0.0141579
1.5046 0.0141038
1.5042 0.0139884
1.50494 0.0138888
1.50551 0.0137833
1.50444 0.0137096
1.50455 0.0135963
1.50368 0.0135122
1.50466 0.0134377
1.5056 0.0133615
1.50394 0.013358
1.50439 0.0132592
1.5053 0.0131863
1.5057 0.0130889
1.50596 0.0129896
1.50575 0.0128909
1.50605 0.0127955
1.50788 0.0128298
1.50748 0.0127395
1.50583 0.012751
1.50454 0.0127218
1.50367 0.0126578
1.5048 0.0126155
1.50394 0.012553
1.5037 0.0124647
1.50535 0.0124845
1.5045 0.0124243
1.50348 0.0123786
1.50218 0.0123608
1.50408 0.0124208
1.50391 0.012336
1.50443 0.0122622
1.5034 0.0122225
1.50362 0.0121417
1.50214 0.0121511
1.50246 0.012074
1.50371 0.0120591
1.50438 0.0119983
1.50446 0.0119199
1.50437 0.0118425
1.5049 0.0117777
1.50548 0.0117165
1.50568 0.0116434
1.50537 0.0115738
1.5043 0.0115499
1.50429 0.0114775
1.50484 0.0114194
1.5056 0.0113738
1.5067 0.0113575
1.50791 0.0113531
1.50873 0.0113133
1.50826 0.0112548
1.50803 0.0111894
1.50773 0.0111267
1.50844 0.0110835
1.50836 0.0110184
1.50839 0.0109538
1.50787 0.0109021
1.50927 0.0109289
1.50828 0.0109112
1.50769 0.0108645
1.50761 0.0108029
1.50664 0.0107851
1.50725 0.0107412
1.50653 0.0107047
1.50636 0.0106465
1.50545 0.0106261
1.50483 0.0105862
1.50416 0.010549
1.50535 0.0105582
1.50572 0.0105074
1.5046 0.0105104
1.50484 0.0104569
1.50444 0.0104092
1.50393 0.0103661
1.50308 0.0103469
1.505 0.0104702
1.50551 0.0104282
1.50512 0.0103814
1.50479 0.0103332
1.505 0.0102824
1.50428 0.0102554
1.50456 0.0102071
1.50527 0.0101802
1.50499 0.0101327
1.50457 0.0100908
1.50453 0.0100405
1.50474 0.00999284
1.50523 0.00995545
1.50442 0.00993921
1.50451 0.00989098
1.50409 0.00985181
1.50449 0.00981225
1.50488 0.00977284
1.50404 0.0097618
1.50476 0.00974163
1.50528 0.00970907
1.50583 0.00967913
1.50544 0.00964146
1.50486 0.0096137
1.50558 0.00959588
1.50568 0.00955189
1.50552 0.00950926
1.50673 0.00954362
1.50604 0.0095251
1.50607 0.00948176
1.50535 0.00946635
1.50448 0.0094635
1.50472 0.00942385
1.50526 0.00939727
1.50611 0.00939402
1.50671 0.00937166
1.50706 0.00933707
1.50664 0.00930578
1.50631 0.00927092
1.50565 0.00925408
1.50499 0.00923727
1.50535 0.00920435
1.50489 0.00917649
1.505 0.00913786
1.50607 0.0091616
1.50509 0.00917464
1.50589 0.00917052
1.50592 0.00913197
1.5064 0.00910611
1.50619 0.00907046
1.50742 0.009116
1.50742 0.00907826
1.50732 0.00904144
1.50786 0.00902078
1.50771 0.00898522
1.50802 0.008954
1.50893 0.00896473
1.50877 0.00893002
1.5086 0.00889563
1.50843 0.00886161
1.50782 0.00884726
1.50774 0.00881251
1.50831 0.00879613
1.50743 0.0088055
1.50896 0.00890421
1.50977 0.00890574
1.50962 0.00887215
1.50987 0.00884125
1.50984 0.00880713
1.51044 0.00879431
1.51124 0.0087962
1.51116 0.00876287
1.51153 0.00873707
1.51194 0.00871364
1.51212 0.00868267
1.51214 0.00864999
1.51229 0.00861884
1.51174 0.00860404
1.51095 0.00860871
1.51158 0.00860004
1.51172 0.00856935
1.51262 0.00858486
1.51242 0.00855574
1.51186 0.00854265
1.51183 0.00851156
1.51157 0.00848468
1.51103 0.00847123
1.51136 0.0084469
1.51144 0.00841697
1.51037 0.00845429
1.50975 0.00844709
1.50943 0.00842308
1.50976 0.00839941
1.50946 0.00837507
1.50956 0.0083463
1.50958 0.00831709
1.50963 0.00828821
1.50978 0.00826072
1.51114 0.00834312
1.51046 0.00834195
1.51065 0.00831544
1.51138 0.00831866
1.51136 0.00829025
1.51077 0.00828293
1.51115 0.00826335
1.51094 0.00823805
1.51003 0.00825979
1.50972 0.00823786
1.50995 0.00821336
1.50981 0.00818719
