#Samples 240000
#Blocks 300
5.08796 0
4.74164 0.346321
4.56026 0.269958
4.63124 0.203658
4.5913 0.162731
4.60461 0.133534
4.81746 0.240919
4.89235 0.221677
5.03691 0.24314
5.05374 0.218122
5.04448 0.197516
5.03553 0.180528
5.02381 0.166475
5.04347 0.155374
5.04002 0.144687
4.99351 0.14311
5.04975 0.145716
5.05696 0.137572
5.06187 0.130222
5.08279 0.125299
5.07458 0.119465
5.0913 0.115126
5.08955 0.110021
5.10669 0.106722
5.08879 0.103917
5.09148 0.0998769
5.08031 0.0967535
5.07774 0.0932694
5.08323 0.0901634
5.07294 0.087712
5.05199 0.0873846
5.05067 0.0846201
5.04134 0.0825444
5.04141 0.0800798
5.04433 0.0778129
5.02245 0.078723
5.02663 0.0766802
5.03498 0.0750998
5.05197 0.0750976
5.03976 0.074208
5.04737 0.072774
5.04988 0.0710645
5.03831 0.0703498
5.04578 0.069137
5.04058 0.0677826
5.04188 0.0663054
5.0444 0.0649282
5.04198 0.0636071
5.03875 0.0623792
5.03892 0.0611191
5.032 0.0603066
5.02483 0.0595681
5.02558 0.0584382
5.01949 0.057669
5.0225 0.056691
5.01479 0.0562012
5.02603 0.0563389
5.02776 0.0553859
5.03089 0.0545288
5.03237 0.0536328
5.03131 0.052757
5.04013 0.0526442
5.04421 0.0519624
5.03795 0.0515263
5.04656 0.0514536
5.04091 0.0509823
5.04487 0.0503714
5.04081 0.049791
5.03483 0.0494275
5.02383 0.0499407
5.01471 0.0500715
5.01185 0.0494537
5.0176 0.0491091
5.01856 0.0484504
5.01672 0.0478353
5.0141 0.0472747
5.00936 0.0468964
5.01058 0.0463072
5.01119 0.0457214
5.01147 0.0451471
5.00241 0.0454974
5.00546 0.0450428
5.00338 0.0445456
5.00217 0.0440287
5.01213 0.0446326
5.0158 0.0442629
5.02 0.0439532
5.01966 0.0434522
5.02453 0.0432366
5.02481 0.0427544
5.01896 0.0426854
5.01549 0.0423613
5.0198 0.0421243
5.02086 0.0416875
5.01845 0.041317
5.01848 0.0408844
5.0179 0.0404649
5.01889 0.040062
5.01239 0.0401843
5.01342 0.0397937
5.01625 0.0394993
5.01289 0.0392543
5.01525 0.038943
5.01521 0.0385667
5.01531 0.0381978
5.01857 0.0379762
5.01527 0.0377641
5.01353 0.0374534
5.01304 0.0371114
5.01363 0.0367772
5.01242 0.0364646
5.00697 0.0365456
5.00738 0.036223
5.00922 0.0359512
5.01313 0.0358513
5.01238 0.0355488
5.01685 0.0355255
5.01213 0.0355384
5.01567 0.0354166
5.01569 0.0351202
5.0145 0.0348489
5.01892 0.0348433
5.02127 0.0346387
5.01894 0.0344373
5.01989 0.0341741
5.01638 0.0340831
5.01623 0.0338141
5.02321 0.0342673
5.02318 0.0340007
5.02325 0.0337382
5.02127 0.0335383
5.01991 0.0333109
5.01339 0.0336963
5.01496 0.0334805
5.01435 0.033237
5.01585 0.0330258
5.0172 0.0328118
5.01604 0.0325941
5.01249 0.0325529
5.01328 0.0323292
5.0132 0.0320992
5.01083 0.0319604
5.01284 0.0317999
5.01388 0.0315952
5.00717 0.0320841
5.009 0.0319158
5.01064 0.0317402
5.00656 0.0317876
5.00298 0.0317762
5.00506 0.0316326
5.00681 0.0314709
5.00683 0.0312631
5.0066 0.031059
5.00609 0.0308608
5.00633 0.030662
5.00939 0.030618
5.00784 0.0304615
5.00841 0.0302734
5.00568 0.0302059
5.00878 0.0301762
5.00698 0.0300425
5.0078 0.0298679
5.00487 0.0298282
5.0102 0.0301207
5.01025 0.0299377
5.00743 0.0298904
5.00507 0.0298042
5.00742 0.0297187
5.01021 0.0296743
5.01217 0.0295641
5.01042 0.0294429
5.01222 0.0293268
5.01137 0.0291691
5.01844 0.0298506
5.01864 0.0296802
5.01685 0.0295655
5.01749 0.0294049
5.0165 0.029256
5.01546 0.0291108
5.01792 0.0290528
5.01747 0.0288952
5.01841 0.0287514
5.01959 0.0286183
5.01653 0.0286269
5.01463 0.0285353
5.01716 0.0284941
5.01696 0.0283419
5.01684 0.0281911
5.0166 0.0280425
5.01773 0.0279177
5.01714 0.0277775
5.01522 0.0276992
5.01659 0.0275891
5.01811 0.027489
5.01697 0.0273716
5.01684 0.0272319
5.01667 0.0270938
5.01754 0.0269704
5.01653 0.0268534
5.01499 0.0267631
5.01487 0.0266298
5.01307 0.0265586
5.01134 0.0264843
5.00861 0.0264954
5.00712 0.026408
5.00639 0.0262894
5.00582 0.0261684
5.00364 0.0261335
5.00111 0.0261308
5.00032 0.0260179
4.9984 0.0259656
4.99679 0.0258928
4.99966 0.0259299
4.99766 0.025886
4.99875 0.0257885
4.9992 0.0256728
4.99695 0.025653
4.9968 0.0255356
4.99343 0.0256409
4.99771 0.02588
4.9999 0.0258554
5.00172 0.0258032
5.00491 0.0258844
5.00555 0.0257765
5.00331 0.025759
5.00192 0.0256823
5.0025 0.0255755
5.00601 0.0257039
5.00532 0.0256008
5.00328 0.0255707
5.00235 0.0254766
5.00213 0.0253676
5.003 0.0252737
4.99902 0.0254792
4.99945 0.0253743
5.00039 0.0252842
5.00012 0.0251787
4.99929 0.0250866
4.99887 0.0249849
4.99622 0.0250206
4.99437 0.0249852
4.9975 0.0250767
4.9987 0.0250025
4.9992 0.0249048
4.99874 0.0248073
4.99871 0.0247063
4.99803 0.0246156
4.99831 0.0245177
4.99937 0.0244424
4.99955 0.0243451
5.00022 0.0242571
4.99969 0.0241664
5.00008 0.0240737
5.00015 0.0239788
5.00166 0.023932
5.0037 0.0239258
5.00454 0.0238474
5.00541 0.0237705
5.00625 0.0236936
5.00539 0.0236178
5.00357 0.0235973
5.00307 0.0235125
5.0029 0.0234235
5.00448 0.0233879
5.00248 0.0233853
4.99922 0.0235246
4.99829 0.0234546
4.99827 0.0233669
4.99784 0.0232839
4.99577 0.0232891
4.9958 0.0232031
4.9938 0.023204
4.99283 0.023139
4.99316 0.0230568
4.99446 0.0230099
4.99429 0.022927
4.9954 0.022871
4.99573 0.022791
4.99526 0.0227139
4.99319 0.0227274
4.99361 0.0226503
4.9914 0.0226775
4.99278 0.0226396
4.99271 0.0225598
4.99035 0.0226039
4.98879 0.0225786
4.98973 0.0225192
4.99087 0.0224701
4.99085 0.0223923
4.98957 0.0223514
4.9906 0.0222983
4.99073 0.0222222
4.99114 0.0221501
4.99125 0.0220749
4.99179 0.0220065
4.99122 0.0219393
4.99145 0.0218666
4.99262 0.0218243
4.99302 0.0217548
4.99249 0.0216887
