#Samples 240000
#Blocks 300
4.99847 0
5.11675 0.118276
5.0335 0.107671
5.06324 0.0817355
5.0739 0.0642033
5.03124 0.0675839
4.96342 0.0886696
4.88672 0.108531
4.88223 0.0958203
4.86848 0.0867998
4.86143 0.0788299
4.85473 0.0722722
4.84705 0.0669236
4.89544 0.0786178
4.89668 0.0731998
4.93917 0.0805821
4.97745 0.0848224
4.96931 0.0803841
4.98315 0.0772842
4.9893 0.0735755
4.96921 0.0728096
4.96381 0.0696308
4.96239 0.0665498
4.97892 0.0658261
4.9605 0.0657696
4.9621 0.0632095
4.95433 0.061317
4.96827 0.0607091
4.95875 0.0593481
4.97772 0.0603944
4.96773 0.0592623
4.9801 0.0586992
4.98865 0.0575316
4.98585 0.0558841
4.98257 0.0543633
4.97935 0.0529297
4.98503 0.0517925
4.9905 0.0507065
4.98747 0.0494819
4.98618 0.0482464
4.98453 0.0470837
4.98142 0.0460546
4.97739 0.0451507
4.96067 0.0471766
4.95788 0.0462001
4.95831 0.0451867
4.95859 0.0442156
4.95429 0.0434974
4.94022 0.0448646
4.9385 0.0439918
4.93504 0.0432591
4.93127 0.0425863
4.92555 0.0421653
4.92673 0.0413939
4.91819 0.0415204
4.92736 0.0417895
4.92637 0.0410616
4.93802 0.0419959
4.94843 0.0425702
4.94845 0.0418547
4.95272 0.0413836
4.95519 0.0407854
4.94794 0.0407829
4.94634 0.0401724
4.94754 0.0395676
4.94412 0.0391133
4.94033 0.0387111
4.92948 0.0396499
4.93042 0.0390824
4.92932 0.0385358
4.92768 0.0380244
4.92266 0.0378269
4.925 0.0373785
4.92041 0.0371544
4.92013 0.0366568
4.92188 0.0362134
4.91883 0.0358692
4.91891 0.0354065
4.92354 0.0352603
4.93872 0.0379821
4.93788 0.0375195
4.94073 0.0371689
4.94215 0.0367456
4.94224 0.0363056
4.94835 0.0363933
4.94935 0.0359814
4.95043 0.035582
4.94677 0.0353653
4.93926 0.0357643
4.93619 0.0354977
4.93392 0.0351787
4.93323 0.034801
4.93248 0.0344329
4.92942 0.0342021
4.92889 0.0338443
4.92807 0.0334999
4.9243 0.0333665
4.92538 0.033042
4.92681 0.0327376
4.92743 0.0324145
4.93228 0.0324563
4.92812 0.0324041
4.93013 0.032151
4.92555 0.0321688
4.92467 0.0318732
4.92146 0.0317335
4.92284 0.0314656
4.92188 0.0311875
4.92763 0.0314301
4.92794 0.0311446
4.92937 0.0308961
4.92664 0.030741
4.92687 0.0304687
4.92485 0.0302678
4.92628 0.0300375
4.92797 0.0298251
4.93021 0.0296541
4.9416 0.0315295
4.94454 0.0314018
4.95122 0.0318464
4.95191 0.0315897
4.9503 0.0313707
4.95202 0.0311621
4.95368 0.0309544
4.95613 0.0308027
4.9519 0.0308484
4.95796 0.0311985
4.95649 0.0309885
4.9616 0.0311688
4.96281 0.0309517
4.96624 0.0309062
4.96819 0.0307328
4.97021 0.0305678
4.96743 0.0304662
4.96955 0.0303144
4.96622 0.030275
4.96596 0.0300543
4.96529 0.0298433
4.96839 0.0297895
4.96708 0.029605
4.96572 0.0294256
4.96241 0.0294047
4.96051 0.0292598
4.95962 0.0290695
4.96396 0.0291927
4.96649 0.0291026
4.96666 0.0289044
4.96828 0.0287544
4.96716 0.028583
4.96623 0.0284069
4.96843 0.028304
4.96718 0.0281448
4.96993 0.0280947
4.97433 0.0282565
4.97306 0.0281025
4.97779 0.0283201
4.97905 0.0281676
4.97968 0.0279957
4.97822 0.0278575
4.98215 0.0279604
4.98227 0.0277865
4.98274 0.0276184
4.98923 0.0282043
4.99098 0.0280866
4.99472 0.0281657
4.99474 0.0279956
4.99601 0.0278567
4.99462 0.0277254
4.99827 0.0278019
5.00134 0.0278076
5.00171 0.027647
5.00318 0.0275251
5.00388 0.0273744
5.00239 0.0272577
5.00249 0.0271017
5.00192 0.0269533
5.00566 0.0270597
5.00819 0.0270267
5.00938 0.0269015
5.009 0.0267543
5.00746 0.0266507
5.01037 0.0266638
5.00933 0.0265383
5.00842 0.0264092
5.00575 0.0264015
5.00439 0.0262947
5.00309 0.0261858
5.00132 0.0261064
5.00133 0.025968
5.00259 0.0258616
5.0017 0.0257412
5.00213 0.0256104
5.00331 0.0255044
5.00612 0.0255276
5.00611 0.0253964
5.00983 0.0255388
5.00964 0.0254095
5.01106 0.0253205
5.00923 0.0252588
5.00766 0.0251814
5.00853 0.0250707
5.00583 0.0250916
5.00578 0.0249678
5.00417 0.024897
5.0035 0.0247844
5.00072 0.0248196
5.0008 0.0246995
4.99781 0.0247625
4.99736 0.0246477
4.99809 0.0245409
4.99825 0.0244248
4.99773 0.0243148
4.99718 0.0242066
4.99781 0.0241014
4.99626 0.024039
4.99662 0.0239303
4.99461 0.0239048
4.99362 0.0238153
4.99308 0.0237125
4.99186 0.0236363
4.99108 0.0235417
4.99217 0.0234604
4.99378 0.023411
4.99325 0.0233123
4.9922 0.0232323
4.99026 0.0232101
4.98746 0.0232765
4.98578 0.0232353
4.98591 0.023134
4.9848 0.0230602
4.98333 0.023007
4.98452 0.0229387
4.98539 0.0228565
4.98551 0.0227589
4.98437 0.0226906
4.98455 0.022595
4.98493 0.0225027
4.98503 0.0224082
4.98549 0.0223189
4.98614 0.0222351
4.98644 0.0221447
4.98575 0.0220637
4.98414 0.0220319
4.98155 0.0220932
4.98168 0.0220032
4.98208 0.0219172
4.98286 0.0218422
4.98298 0.0217543
4.98143 0.021722
4.97936 0.021734
4.97845 0.0216665
4.97877 0.0215829
4.97635 0.0216338
4.97811 0.0216204
4.97817 0.0215355
4.97922 0.0214767
4.97795 0.0214302
4.97857 0.0213559
4.98175 0.0215104
4.98114 0.0214364
4.98248 0.0213965
4.98307 0.0213227
4.98248 0.0212497
4.98064 0.0212491
4.98136 0.0211811
4.98199 0.0211108
4.98384 0.0211128
4.9826 0.0210704
4.98367 0.0210191
4.98652 0.0211344
4.98425 0.0211788
4.98184 0.0212382
4.98105 0.0211747
4.98127 0.0210984
4.98193 0.0210318
4.98131 0.0209645
4.98273 0.020937
4.98154 0.0208959
4.98284 0.0208613
4.9837 0.0208045
4.98275 0.0207521
4.98605 0.0209411
4.98633 0.0208688
4.98669 0.0207983
4.98802 0.0207684
4.98951 0.0207489
4.98949 0.0206765
4.98859 0.0206241
4.98784 0.0205662
4.9877 0.0204957
4.98736 0.020428
4.9846 0.0205438
4.98347 0.0205047
4.98195 0.020491
4.98351 0.0204809
4.98188 0.0204764
4.98227 0.0204109
4.98089 0.0203891
4.98073 0.0203214
4.98069 0.0202536
