#Samples 240000
#Blocks 300
18.4771 0
19.0083 0.531177
18.8721 0.335566
18.9933 0.266444
19.0271 0.209143
19.0923 0.182767
19.2867 0.24834
19.4781 0.287898
19.5424 0.261914
19.539 0.234288
19.5849 0.216839
19.5493 0.201119
19.5273 0.186312
19.4899 0.176495
19.5662 0.18115
19.5576 0.169666
19.6316 0.175693
19.667 0.169384
19.5835 0.180656
19.6259 0.176543
19.6421 0.168705
19.6782 0.164868
19.6141 0.170071
19.6024 0.163252
19.6257 0.158313
19.6274 0.152111
19.6117 0.147213
19.5929 0.143092
19.586 0.138241
19.6222 0.138356
19.6056 0.134843
19.6419 0.13552
19.6288 0.132005
19.5959 0.132216
19.6041 0.128648
19.5779 0.12774
19.5942 0.125304
19.5932 0.121966
19.621 0.122004
19.5947 0.121776
19.5979 0.11881
19.5929 0.116055
19.605 0.113969
19.601 0.111422
19.5964 0.109013
19.5837 0.107373
19.5626 0.107173
19.54 0.107313
19.5152 0.107983
19.5119 0.105854
19.4967 0.104869
19.4926 0.102912
19.5102 0.102466
19.5236 0.101446
19.5395 0.100839
19.5359 0.0990873
19.5537 0.0989445
19.5503 0.0972813
19.5578 0.0959124
19.5618 0.0943836
19.5748 0.0937382
19.59 0.0934465
19.5871 0.0919966
19.5883 0.0905566
19.5897 0.0891635
19.6001 0.0884124
19.5947 0.0872503
19.5921 0.085996
19.5629 0.0896294
19.5511 0.0891331
19.5509 0.087869
19.5328 0.0884953
19.5303 0.0873109
19.5131 0.0878298
19.5246 0.0874158
19.5103 0.0874469
19.5174 0.0865976
19.5144 0.0855316
19.5171 0.0844831
19.5056 0.0841976
19.5111 0.0833336
19.493 0.0842914
19.5049 0.0841142
19.5027 0.0831349
19.4994 0.0822163
19.4948 0.081384
19.4871 0.0808121
19.4764 0.0806015
19.4692 0.0800142
19.4648 0.0792435
19.4523 0.0793618
19.4438 0.0789526
19.4337 0.0787471
19.4345 0.0779087
19.447 0.0780934
19.4493 0.0773082
19.4315 0.0785517
19.4453 0.0789694
19.4474 0.0781968
19.4571 0.0780082
19.449 0.0776577
19.4539 0.07705
19.463 0.0768416
19.4646 0.0761168
19.4701 0.0755858
19.4667 0.0749474
19.4598 0.0745633
19.4749 0.0754075
19.4696 0.0749033
19.4755 0.0744568
19.4704 0.0739611
19.473 0.0733426
19.4744 0.0727054
19.472 0.0721058
19.4705 0.0714915
19.474 0.0709567
19.4728 0.0703578
19.4723 0.0697605
19.4773 0.0693521
19.4896 0.0698542
19.4942 0.0694287
19.4828 0.0697925
19.4799 0.0692824
19.4823 0.0687637
19.4841 0.0682334
19.4782 0.0679434
19.4799 0.0674283
19.4746 0.0671098
19.4711 0.0666785
19.4698 0.0661769
19.468 0.0656952
19.4766 0.0657582
19.4826 0.0655424
19.4781 0.0652097
19.4804 0.0647657
19.4789 0.0643056
19.4852 0.064152
19.4876 0.0637299
19.4821 0.0635133
19.476 0.0633459
19.4776 0.0629132
19.4872 0.0632084
19.4831 0.0628978
19.4852 0.0624949
19.4844 0.062068
19.4921 0.0621192
19.4953 0.0617817
19.4978 0.0614138
19.4954 0.0610504
19.4938 0.0606621
19.4894 0.060422
19.4832 0.0603352
19.4796 0.0600473
19.4814 0.0596812
19.4792 0.0593341
19.4763 0.0590259
19.4732 0.058727
19.4843 0.0593881
19.4843 0.0590134
19.4818 0.0586951
19.4727 0.0590436
19.465 0.0591778
19.4592 0.0590933
19.4635 0.0588877
19.4651 0.058552
19.4691 0.0583311
19.4719 0.0580521
19.4767 0.0579001
19.4744 0.0576016
19.4738 0.0572654
19.4736 0.0569299
19.4784 0.0568009
19.4765 0.0565024
19.4758 0.0561815
19.4702 0.0561353
19.4669 0.0559157
19.4652 0.055624
19.4699 0.0555084
19.4661 0.0553232
19.4652 0.0550233
19.4711 0.0550353
19.4699 0.0547454
19.4726 0.0545146
19.4743 0.054244
19.4742 0.0539502
19.4783 0.0538166
19.4801 0.0535613
19.4895 0.0540943
19.4911 0.0538296
19.4927 0.0535713
19.4889 0.0534285
19.4901 0.0531638
19.4903 0.0528881
19.488 0.0526671
19.4841 0.0525424
19.4818 0.052325
19.4782 0.0521785
19.4771 0.0519259
19.4735 0.0517896
19.4702 0.0516359
19.4689 0.0513945
19.4759 0.0516065
19.4753 0.0513544
19.4776 0.0511522
19.4736 0.0510557
19.4788 0.0510653
19.4787 0.050818
19.4796 0.0505798
19.4792 0.0503387
19.4821 0.0501868
19.4755 0.0503861
19.4749 0.050152
19.4719 0.050005
19.4757 0.0499187
19.4688 0.0501734
19.4706 0.0499751
19.475 0.0499341
19.4844 0.050589
19.4829 0.0503803
19.4815 0.0501705
19.4792 0.0499947
19.4772 0.0498092
19.4782 0.0495954
19.4712 0.0498705
19.4716 0.04965
19.4698 0.0494628
19.4676 0.0492914
19.4618 0.0494128
19.4621 0.0491974
19.4635 0.049002
19.4615 0.0488285
19.4587 0.0487009
19.4583 0.0484928
19.4582 0.0482852
19.4578 0.0480812
19.4625 0.0481081
19.4627 0.0479049
19.4657 0.0477972
19.4713 0.0479304
19.4723 0.0477401
19.4759 0.047681
19.4774 0.0475067
19.4733 0.0474866
19.4725 0.0472994
19.4702 0.0471626
19.4738 0.0471091
19.4774 0.0470553
19.4812 0.0470172
19.4852 0.0470023
19.4901 0.0470686
19.4887 0.0469005
19.4928 0.0468939
19.492 0.0467154
19.4935 0.0465551
19.4923 0.0463888
19.4885 0.0463575
19.4889 0.0461787
19.49 0.0460116
19.4864 0.0459753
19.4872 0.0458058
19.4887 0.0456523
19.4878 0.045486
19.4863 0.0453363
19.4827 0.0453149
19.4799 0.0452266
19.4769 0.0451573
19.4791 0.0450417
19.4781 0.0448853
19.4796 0.0447436
19.4784 0.0445932
19.4753 0.0445335
19.4762 0.0443776
19.4716 0.0444546
19.4707 0.0442996
19.468 0.0442238
19.469 0.0440744
19.4678 0.0439296
19.4691 0.0437879
19.475 0.0440387
19.4735 0.0439067
19.4784 0.0440206
19.4765 0.043905
19.477 0.0437521
19.4828 0.0439874
19.4829 0.0438329
19.4834 0.0436821
19.4849 0.0435558
19.4833 0.0434332
19.4852 0.0433222
19.4833 0.0432144
19.4796 0.0432237
19.4783 0.0430928
19.4809 0.0430233
19.4781 0.0429728
19.4769 0.0428416
19.4786 0.0427284
19.481 0.0426553
19.4794 0.0425421
19.4775 0.0424457
19.4795 0.0423555
