#Samples 240000
#Blocks 300
19.9223 0
19.1429 0.779349
19.1068 0.451408
19.0816 0.320183
19.1326 0.253195
19.0719 0.215454
19.3666 0.346448
19.2171 0.335215
19.4366 0.368201
19.4392 0.329339
19.4247 0.298252
19.3599 0.279865
19.2764 0.270657
19.3579 0.263519
19.3674 0.245505
19.3982 0.231702
19.4008 0.217662
19.4979 0.227014
19.4734 0.216124
19.471 0.205048
19.444 0.196896
19.4115 0.190518
19.4532 0.186754
19.4567 0.178837
19.4718 0.172196
19.4996 0.167765
19.4719 0.163797
19.5066 0.161614
19.5168 0.156274
19.5033 0.151578
19.5175 0.147296
19.5285 0.143036
19.53 0.138642
19.5442 0.135252
19.5291 0.132201
19.5019 0.131309
19.4946 0.127924
19.4582 0.129715
19.4902 0.130335
19.4743 0.128024
19.4382 0.129988
19.4395 0.126863
19.4196 0.125472
19.4302 0.123048
19.4167 0.121046
19.4098 0.118583
19.393 0.117249
19.3751 0.116161
19.396 0.115674
19.3945 0.113347
19.3945 0.111102
19.3935 0.108949
19.3778 0.10803
19.4003 0.108386
19.3972 0.106444
19.3755 0.106758
19.3652 0.105366
19.3561 0.103936
19.3545 0.102171
19.3569 0.100482
19.3463 0.0993839
19.3631 0.0991926
19.3612 0.0976224
19.3674 0.0962811
19.3929 0.0981534
19.4232 0.101312
19.4113 0.100496
19.4265 0.100157
19.4258 0.098697
19.441 0.0984639
19.4583 0.0986032
19.4567 0.0972382
19.4558 0.095901
19.4672 0.0952805
19.4667 0.0940029
19.4679 0.0927659
19.4621 0.0917354
19.4613 0.0905553
19.4465 0.0906243
19.4523 0.0896745
19.474 0.0911845
19.4771 0.0901174
19.507 0.0939089
19.513 0.0929784
19.5185 0.0920441
19.5145 0.0910558
19.5054 0.0904577
19.495 0.0900279
19.4913 0.0890903
19.4838 0.088413
19.4808 0.0874851
19.4836 0.0865733
19.4822 0.0856495
19.4779 0.0848395
19.4793 0.0839526
19.4701 0.0835814
19.4596 0.0833771
19.4705 0.083239
19.4604 0.0830112
19.4565 0.0822689
19.4613 0.0815931
19.4573 0.0808881
19.4435 0.0812764
19.4367 0.0807801
19.4309 0.0802199
19.4265 0.0795819
19.4368 0.0795033
19.4451 0.0792068
19.4301 0.0799003
19.4321 0.0791944
19.4246 0.0788323
19.4261 0.07814
19.4355 0.0780171
19.4393 0.0774199
19.4436 0.0768648
19.4378 0.0764171
19.4423 0.0758957
19.4461 0.0753461
19.4436 0.0747526
19.4469 0.0742007
19.4467 0.0735852
19.4522 0.0731852
19.4513 0.0725931
19.4475 0.0721046
19.4527 0.0717102
19.458 0.0713372
19.4672 0.0713632
19.4672 0.0708035
19.4612 0.0705056
19.47 0.0705024
19.4701 0.0699622
19.4619 0.0699111
19.466 0.0695039
19.4646 0.0689959
19.4638 0.0684882
19.4646 0.0679882
19.4638 0.0674949
19.4613 0.0670533
19.4646 0.0666505
19.4662 0.0661926
19.4637 0.065768
19.4612 0.0653505
19.4732 0.0659834
19.4837 0.066357
19.4831 0.0659005
19.4878 0.065617
19.4906 0.0652309
19.4846 0.0650688
19.4864 0.0646576
19.494 0.0646691
19.4987 0.0644112
19.4995 0.0639908
19.4996 0.0635713
19.498 0.0631776
19.5038 0.0630367
19.5001 0.0627387
19.4945 0.0625896
19.495 0.062194
19.4955 0.061804
19.4898 0.061683
19.491 0.0613111
19.4888 0.0609712
19.4794 0.0613211
19.4835 0.0610841
19.4821 0.0607299
19.4811 0.0603716
19.4808 0.0600096
19.4792 0.0596732
19.4785 0.0593232
19.4772 0.0589876
19.4783 0.0586522
19.4785 0.0583107
19.4722 0.0583221
19.4737 0.0580077
19.4756 0.0577035
19.4769 0.0573904
19.4793 0.0571141
19.4829 0.0569084
19.4817 0.0566029
19.4805 0.0563006
19.4731 0.0564626
19.4749 0.0561789
19.4764 0.0558901
19.4715 0.0558006
19.4724 0.055506
19.4685 0.0553448
19.4711 0.0551087
19.4693 0.0548445
19.4661 0.0546474
19.462 0.054514
19.4538 0.0548334
19.4554 0.0545693
19.4521 0.0543834
19.4532 0.0541133
19.4544 0.0538486
19.4519 0.0536308
19.4581 0.0537171
19.4539 0.0536121
19.4572 0.0534421
19.4663 0.0539566
19.4651 0.0537018
19.4707 0.0537227
19.47 0.053461
19.4687 0.0532156
19.4686 0.0529554
19.4736 0.0529351
19.4708 0.0527527
19.4758 0.0527397
19.4755 0.0524879
19.4765 0.0522477
19.483 0.0524003
19.4907 0.0527182
19.4952 0.0526621
19.4928 0.052468
19.4952 0.0522762
19.4919 0.0521392
19.4933 0.0519168
19.496 0.0517517
19.4978 0.0515459
19.4908 0.0517823
19.4899 0.0515569
19.494 0.0514945
19.4991 0.0515083
19.4972 0.0513125
19.4944 0.0511616
19.4935 0.0509419
19.4896 0.0508692
19.4879 0.0506719
19.4917 0.0505873
19.4894 0.0504166
19.4851 0.0503806
19.4853 0.0501634
19.4824 0.0500342
19.4776 0.0500451
19.4806 0.0499183
19.4813 0.0497121
19.4794 0.049538
19.476 0.0494468
19.4817 0.0495654
19.4817 0.0493585
19.4859 0.0493353
19.4834 0.0491973
19.4853 0.0490333
19.486 0.0488366
19.4848 0.0486531
19.4788 0.0488142
19.4776 0.0486322
19.4795 0.0484717
19.4756 0.0484296
19.4825 0.0487244
19.4819 0.0485332
19.4816 0.0483417
19.4808 0.0481556
19.4841 0.0480734
19.4839 0.0478849
19.4837 0.0476978
19.4831 0.0475155
19.4861 0.0474277
19.4913 0.0475228
19.4919 0.0473444
19.4921 0.047163
19.4919 0.0469831
19.4883 0.046943
19.4852 0.0468646
19.4827 0.0467574
19.4772 0.0468955
19.4864 0.0476137
19.488 0.0474604
19.4855 0.0473455
19.4876 0.0472162
19.4843 0.047163
19.4869 0.0470624
19.4833 0.0470233
19.4817 0.0468791
19.4833 0.0467368
19.4875 0.0467535
19.4889 0.0466063
19.4877 0.0464553
19.4933 0.0466328
19.4955 0.0465178
19.4997 0.0465375
19.4998 0.0463723
19.4991 0.0462141
19.4989 0.0460513
19.4972 0.0459197
19.4984 0.0457749
19.4951 0.0457413
19.4969 0.0456187
19.4961 0.0454673
19.496 0.0453103
19.4954 0.0451586
19.495 0.0450051
19.4952 0.0448516
19.4971 0.0447373
19.4982 0.0445998
19.5003 0.0444983
19.5023 0.0443904
19.5002 0.0442892
19.4978 0.0442082
19.496 0.0440946
