50 2 1 0 -0.462182 0.000183439
50 1.92105 1 0 -0.477919 0.000174869
50 1.84211 1 0 -0.495277 0.000234811
50 1.76316 1 0 -0.513489 0.000286941
50 1.68421 1 0 -0.532359 0.000270827
50 1.60526 1 0 -0.553225 0.000247616
50 1.52632 1 0 -0.575295 0.000241972
50 1.44737 1 0 -0.598586 0.000267299
50 1.36842 1 0 -0.623403 0.000285218
50 1.28947 1 0 -0.650366 0.000283906
50 1.21053 1 0 -0.679064 0.000321638
50 1.13158 1 0 -0.708322 0.000349178
50 1.05263 1 0 -0.739325 0.000358708
50 0.973684 1 0 -0.772005 0.00036344
50 0.894737 1 0 -0.807295 0.000366704
50 0.815789 1 0 -0.841102 0.000459434
50 0.736842 1 0 -0.875862 0.000431062
50 0.657895 1 0 -0.910652 0.000544999
50 0.578947 1 0 -0.944458 0.000831006
50 0.5 1 0 -0.974214 0.000677003
