50 2 1 0 -0.462426 0.000238914
50 1.92105 1 0 -0.478301 0.0003093
50 1.84211 1 0 -0.494633 0.000226632
50 1.76316 1 0 -0.513002 0.000326396
50 1.68421 1 0 -0.53231 0.000290559
50 1.60526 1 0 -0.553634 0.000300032
50 1.52632 1 0 -0.57484 0.000287495
50 1.44737 1 0 -0.59845 0.000342994
50 1.36842 1 0 -0.623062 0.000288134
50 1.28947 1 0 -0.650072 0.000380937
50 1.21053 1 0 -0.678648 0.000363227
50 1.13158 1 0 -0.7081 0.000354689
50 1.05263 1 0 -0.739707 0.00037267
50 0.973684 1 0 -0.773084 0.000420699
50 0.894737 1 0 -0.806159 0.000379295
50 0.815789 1 0 -0.840124 0.000521231
50 0.736842 1 0 -0.876553 0.000601747
50 0.657895 1 0 -0.910524 0.000681843
50 0.578947 1 0 -0.944795 0.000772376
50 0.5 1 0 -0.975363 0.00112096
