50 2 1 0 0.197037 0.000420968
50 1.92105 1 0 0.208886 0.000453606
50 1.84211 1 0 0.222156 0.000584769
50 1.76316 1 0 0.236795 0.000574796
50 1.68421 1 0 0.252995 0.000662731
50 1.60526 1 0 0.26968 0.000743163
50 1.52632 1 0 0.286381 0.000716981
50 1.44737 1 0 0.306946 0.000846438
50 1.36842 1 0 0.32652 0.00080365
50 1.28947 1 0 0.347775 0.00106279
50 1.21053 1 0 0.368701 0.000841693
50 1.13158 1 0 0.390145 0.00114605
50 1.05263 1 0 0.409124 0.00128005
50 0.973684 1 0 0.423946 0.00173047
50 0.894737 1 0 0.438072 0.00167541
50 0.815789 1 0 0.442458 0.00214246
50 0.736842 1 0 0.435675 0.0032056
50 0.657895 1 0 0.428663 0.00352557
50 0.578947 1 0 0.414429 0.0032747
50 0.5 1 0 0.327057 0.00588675
