50 2 1 0 0.196774 0.000488268
50 1.92105 1 0 0.208217 0.000413616
50 1.84211 1 0 0.222448 0.000485866
50 1.76316 1 0 0.236047 0.000542527
50 1.68421 1 0 0.251712 0.000578545
50 1.60526 1 0 0.269909 0.000634028
50 1.52632 1 0 0.287508 0.00074133
50 1.44737 1 0 0.308435 0.000830623
50 1.36842 1 0 0.325088 0.000784634
50 1.28947 1 0 0.345587 0.00086508
50 1.21053 1 0 0.369953 0.00109295
50 1.13158 1 0 0.389502 0.00119044
50 1.05263 1 0 0.406407 0.00154487
50 0.973684 1 0 0.424567 0.00185809
50 0.894737 1 0 0.433743 0.00188087
50 0.815789 1 0 0.440489 0.00232394
50 0.736842 1 0 0.431284 0.00385959
50 0.657895 1 0 0.432521 0.00374823
50 0.578947 1 0 0.413833 0.00444552
50 0.5 1 0 0.311419 0.00962223
