50 2 1 0.02 0.0273395 0.000908911
50 1.92105 1 0.02 0.0300409 0.000885059
50 1.84211 1 0.02 0.0322017 0.000875411
50 1.76316 1 0.02 0.0364211 0.000759877
50 1.68421 1 0.02 0.0395422 0.000909342
50 1.60526 1 0.02 0.0423249 0.00112332
50 1.52632 1 0.02 0.0499878 0.00135467
50 1.44737 1 0.02 0.0544056 0.00109513
50 1.36842 1 0.02 0.0612094 0.00117889
50 1.28947 1 0.02 0.0746095 0.00149109
50 1.21053 1 0.02 0.0848136 0.00182909
50 1.13158 1 0.02 0.104008 0.00195866
50 1.05263 1 0.02 0.129353 0.00235533
50 0.973684 1 0.02 0.161247 0.00242142
50 0.894737 1 0.02 0.204411 0.00433574
50 0.815789 1 0.02 0.275319 0.00724404
50 0.736842 1 0.02 0.379437 0.00776284
50 0.657895 1 0.02 0.542378 0.00959647
50 0.578947 1 0.02 0.70942 0.0115185
50 0.5 1 0.02 0.894079 0.0125886
