50 2 1 0.02 0.0257934 0.000923189
50 1.92105 1 0.02 0.0279571 0.000959505
50 1.84211 1 0.02 0.0304353 0.00115449
50 1.76316 1 0.02 0.0357227 0.00145591
50 1.68421 1 0.02 0.0387562 0.000972867
50 1.60526 1 0.02 0.0436458 0.00143221
50 1.52632 1 0.02 0.0486342 0.00183906
50 1.44737 1 0.02 0.0566882 0.00181579
50 1.36842 1 0.02 0.0619373 0.00201862
50 1.28947 1 0.02 0.0672442 0.00184081
50 1.21053 1 0.02 0.0832267 0.0028332
50 1.13158 1 0.02 0.107576 0.00290302
50 1.05263 1 0.02 0.126691 0.00386743
50 0.973684 1 0.02 0.14683 0.00398503
50 0.894737 1 0.02 0.211552 0.00572213
50 0.815789 1 0.02 0.271499 0.00750162
50 0.736842 1 0.02 0.374905 0.0109944
50 0.657895 1 0.02 0.515746 0.0113687
50 0.578947 1 0.02 0.725871 0.0148805
50 0.5 1 0.02 0.88081 0.017471
