50 2 1 0 1.36308 0.00371579
50 1.92105 1 0 1.46821 0.00389201
50 1.84211 1 0 1.61391 0.0047165
50 1.76316 1 0 1.75992 0.00591052
50 1.68421 1 0 1.94153 0.00637999
50 1.60526 1 0 2.17165 0.00799326
50 1.52632 1 0 2.4335 0.00934922
50 1.44737 1 0 2.73496 0.0112963
50 1.36842 1 0 3.16603 0.0153476
50 1.28947 1 0 3.6604 0.015735
50 1.21053 1 0 4.32627 0.0239586
50 1.13158 1 0 5.17565 0.0325772
50 1.05263 1 0 6.27754 0.0435579
50 0.973684 1 0 7.8803 0.0598706
50 0.894737 1 0 10.6007 0.086088
50 0.815789 1 0 14.1352 0.141433
50 0.736842 1 0 20.0858 0.163493
50 0.657895 1 0 31.1515 0.400004
50 0.578947 1 0 48.7109 0.69934
50 0.5 1 0 71.2965 1.40823
