50 2 1 0 1.37585 0.00554748
50 1.92105 1 0 1.47049 0.00601322
50 1.84211 1 0 1.60801 0.00699322
50 1.76316 1 0 1.7506 0.00804169
50 1.68421 1 0 1.93831 0.00967213
50 1.60526 1 0 2.17088 0.00975236
50 1.52632 1 0 2.39531 0.0113495
50 1.44737 1 0 2.76721 0.0143653
50 1.36842 1 0 3.13563 0.0164625
50 1.28947 1 0 3.61178 0.0204104
50 1.21053 1 0 4.33935 0.0321075
50 1.13158 1 0 5.12446 0.0371662
50 1.05263 1 0 6.27848 0.0515805
50 0.973684 1 0 7.93764 0.0784643
50 0.894737 1 0 10.3403 0.107998
50 0.815789 1 0 13.8903 0.121527
50 0.736842 1 0 20.3567 0.29018
50 0.657895 1 0 30.5005 0.388657
50 0.578947 1 0 47.7078 0.859476
50 0.5 1 0 66.7047 2.9188
