#SpaceDimension: 2
#NumberOfPoints: 32
#L: 1.14758
1   -0.377351 -0.330082
2   -0.366196 -0.44652
3   -0.266843 -0.306707
4   -0.242107 -0.260732
5   0.00185779 -0.475716
6   0.17838 -0.401786
7   0.213423 -0.388223
8   0.276048 -0.478862
9   0.313285 -0.482058
10   0.205029 -0.413993
11   0.229649 -0.168834
12   0.151955 -0.286148
13   0.186006 -0.130649
14   -0.0208621 -0.0057403
15   -0.0282034 0.0849169
16   0.116809 0.0804683
17   -0.0228853 0.0718346
18   -0.0067737 0.256047
19   0.0772691 0.340005
20   0.156019 0.405484
21   0.431865 0.254052
22   0.418855 0.439875
23   0.265764 0.470267
24   -0.128504 0.336567
25   -0.27389 0.49461
26   -0.435357 0.254654
27   -0.37904 0.180137
28   -0.220767 0.0458579
29   -0.331675 0.0724387
30   -0.482698 0.0831787
31   -0.447239 -0.0464925
32   -0.416046 -0.340741