#Measures: 60000
#Blocks: 500
1 1.01632 0
2 1.00748 0.00884653
3 1.00587 0.00535417
4 1.00515 0.00385309
5 1.00601 0.00310453
6 1.00735 0.00286646
7 1.00581 0.00287113
8 1.00534 0.00252916
9 1.00498 0.0022601
10 1.00512 0.00202619
11 1.00479 0.00186206
12 1.00529 0.00177237
13 1.00604 0.00179688
14 1.00695 0.00189415
15 1.00701 0.00176427
16 1.00696 0.00165106
17 1.00673 0.00156821
18 1.00707 0.00151855
19 1.00629 0.00163377
20 1.00569 0.00166455
21 1.00569 0.00158331
22 1.00446 0.00194569
23 1.00545 0.00210733
24 1.00571 0.00203402
25 1.0051 0.00204328
26 1.00508 0.00196319
27 1.00521 0.00189339
28 1.00468 0.00189974
29 1.00448 0.00184417
30 1.00399 0.00184893
31 1.00366 0.00181838
32 1.00377 0.00176444
33 1.00382 0.00171081
34 1.00391 0.00166214
35 1.00405 0.00161961
36 1.00428 0.00159135
37 1.00408 0.00156075
38 1.00403 0.00151987
39 1.00374 0.00150893
40 1.00375 0.00147079
41 1.00383 0.00143639
42 1.00373 0.00140502
43 1.00324 0.00145819
44 1.00282 0.00148587
45 1.00291 0.00145556
46 1.00338 0.00149891
47 1.00315 0.0014841
48 1.00331 0.00146139
49 1.00349 0.00144197
50 1.00364 0.00142129
51 1.00344 0.00140789
52 1.00369 0.00140337
53 1.00377 0.00137892
54 1.00399 0.00137062
55 1.00395 0.00134601
56 1.00394 0.00132177
57 1.00356 0.00135372
58 1.00372 0.00134025
59 1.00368 0.00131812
60 1.00323 0.00137084
61 1.00335 0.00135347
62 1.00322 0.00133807
63 1.00294 0.00134647
64 1.00256 0.00137712
65 1.0024 0.00136581
66 1.00217 0.00136466
67 1.00227 0.00134794
68 1.00208 0.0013416
69 1.002 0.00132393
70 1.00212 0.00131041
71 1.00221 0.00129433
72 1.00222 0.00127633
73 1.00174 0.00134602
74 1.00164 0.00133159
75 1.00165 0.00131374
76 1.00162 0.00129682
77 1.0016 0.00128
78 1.00172 0.00126965
79 1.00153 0.00126887
80 1.00162 0.0012563
81 1.0018 0.00125346
82 1.00175 0.00123887
83 1.00147 0.00125667
84 1.00154 0.00124402
85 1.0015 0.00123007
86 1.00155 0.00121688
87 1.00146 0.00120629
88 1.00157 0.00119745
89 1.00149 0.00118695
90 1.00132 0.00118523
91 1.00137 0.00117311
92 1.0014 0.00116081
93 1.00103 0.00120638
94 1.00097 0.00119527
95 1.00061 0.00123512
96 1.00046 0.00123129
97 1.00043 0.00121902
98 1.00034 0.0012096
99 1.00041 0.0011991
100 1.00019 0.00120641
101 1.00032 0.00120074
102 1.00052 0.00120708
103 1.0004 0.00120152
104 1.00048 0.00119229
105 1.0004 0.00118321
106 1.00023 0.00118545
107 1.00011 0.00118006
108 1.00006 0.00116997
109 1.00008 0.0011593
110 1.00015 0.00115112
111 1.00019 0.00114141
112 1.00015 0.00113186
113 1.00021 0.00112301
114 1.00018 0.00111354
115 1.00019 0.00110389
116 1.00026 0.00109636
117 1.00021 0.00108772
118 1.00021 0.00107848
119 1.00031 0.00107462
120 1.00049 0.00108029
121 1.00049 0.00107132
122 1.00065 0.00107392
123 1.00056 0.00106887
124 1.00056 0.00106021
125 1.00027 0.00109109
126 1.00023 0.00108303
127 1.00043 0.00109317
128 1.00033 0.00108889
129 1.00034 0.00108044
130 1.00033 0.00107217
131 1.00023 0.00106902
132 1.00031 0.00106396
133 1.0001 0.00107614
134 1.00011 0.00106815
135 1.00022 0.00106538
136 1.00008 0.00106593
137 1.00016 0.00106087
138 1.00019 0.0010536
139 1.00016 0.00104634
140 1.0001 0.00104045
141 1.00012 0.00103318
142 1.00016 0.00102661
143 1.0002 0.00102007
144 1.0003 0.00101846
145 1.00046 0.0010235
146 1.00054 0.00101985
147 1.00063 0.00101665
148 1.0006 0.00101018
149 1.00055 0.00100484
150 1.00046 0.00100158
151 1.00043 0.000995546
152 1.00033 0.000993649
153 1.0003 0.00098769
154 1.0003 0.000981259
155 1.00036 0.000977294
156 1.00033 0.000971482
157 1.00051 0.000980392
158 1.00054 0.000974953
159 1.0005 0.000969976
160 1.00057 0.000966621
161 1.00057 0.000960599
162 1.00049 0.000957548
163 1.00066 0.000966625
164 1.00069 0.000961003
165 1.00072 0.000955633
166 1.00081 0.0009546
167 1.00082 0.000948887
168 1.00073 0.000946926
169 1.00071 0.000941719
170 1.0008 0.000940629
171 1.00085 0.000936352
172 1.00086 0.00093093
173 1.00078 0.000928819
174 1.0007 0.000926362
175 1.00074 0.000921763
176 1.0007 0.000917333
177 1.00057 0.000922067
178 1.00045 0.000923603
179 1.00044 0.000918589
180 1.00045 0.000913511
181 1.00037 0.000911342
182 1.0004 0.000906852
183 1.00032 0.000906158
184 1.00026 0.00090333
185 1.00022 0.000899127
186 1.00033 0.000900763
187 1.00043 0.00090189
188 1.00041 0.000897248
189 1.0004 0.000892557
190 1.0004 0.000887849
191 1.00034 0.00088497
192 1.00024 0.000886274
193 1.00031 0.000884214
194 1.00023 0.000883441
195 1.00018 0.000880398
196 1.00015 0.000876253
197 1.0001 0.00087309
198 1.00008 0.000868936
199 1 0.000868083
200 1.00003 0.000864244
201 0.999993 0.000860897
202 0.999873 0.000864993
203 0.999879 0.00086074
204 0.999827 0.000858048
205 0.999854 0.000854276
206 0.999866 0.000850203
207 0.999905 0.000846971
208 0.999856 0.000844291
209 0.999861 0.000840253
210 0.999832 0.000836733
211 0.999905 0.000835918
212 0.999801 0.000838446
213 0.999897 0.000840081
214 0.999836 0.00083838
215 0.999866 0.000835008
216 0.999816 0.000832628
217 0.999786 0.000829315
218 0.999848 0.000827802
219 0.999793 0.000825838
220 0.999751 0.000823165
221 0.999737 0.000819546
222 0.999821 0.00082014
223 0.999994 0.000834504
224 1.00003 0.000831663
225 1.00004 0.000828045
226 1.00008 0.000825236
227 1.00013 0.000823284
228 1.00018 0.000821185
229 1.00014 0.000818649
230 1.00011 0.000815687
231 1.00017 0.000814168
232 1.00018 0.00081073
233 1.00019 0.000807304
234 1.00007 0.00081224
235 1.00015 0.000812355
236 1.00016 0.000809025
237 1.00019 0.000805898
238 1.00008 0.000809741
239 1.00005 0.000806687
240 1.00002 0.00080422
241 1.00009 0.000804562
242 1.00004 0.000802915
243 1 0.000800627
244 1.00003 0.000797964
245 1.00009 0.000797036
246 1.00004 0.000795587
247 1.00004 0.000792362
248 1.00007 0.000789896
249 1.00014 0.000790111
250 1.00014 0.000786946
251 1.00018 0.000784659
252 1.00019 0.000781608
253 1.00021 0.000778814
254 1.00022 0.000775796
255 1.0002 0.000773113
256 1.00022 0.000770552
257 1.00026 0.00076818
258 1.00023 0.000765505
259 1.00024 0.00076255
260 1.00025 0.000759822
261 1.0002 0.000758554
262 1.00014 0.000758291
263 1.00022 0.000759754
264 1.00019 0.000757503
265 1.0002 0.000754728
266 1.00017 0.000752713
267 1.00011 0.000752078
268 1.00013 0.000749458
269 1.00012 0.000746671
270 1.00013 0.000743913
271 1.00015 0.000741374
272 1.00015 0.000738644
273 1.00009 0.000737934
274 1.00018 0.000740879
275 1.00022 0.000739088
276 1.00023 0.000736446
277 1.00027 0.000734707
278 1.00021 0.00073385
279 1.00021 0.000731217
280 1.0002 0.000728725
281 1.00021 0.000726266
282 1.00022 0.000723692
283 1.00018 0.000721967
284 1.00016 0.00071973
285 1.00016 0.0007172
286 1.00015 0.000714816
287 1.00007 0.000716513
288 1.00008 0.000714071
289 1.00004 0.00071272
290 1.00009 0.000712262
291 1.00015 0.000712323
292 1.00015 0.000709893
293 1.00016 0.000707529
294 1.00018 0.000705495
295 1.00018 0.0007031
296 1.00018 0.000700727
297 1.00015 0.000698915
298 1.00013 0.000697042
299 1.00012 0.00069473
300 1.00012 0.000692426
301 1.00009 0.000690613
302 1.00023 0.000702715
303 1.00017 0.000703334
304 1.0002 0.00070159
305 1.00025 0.000701662
306 1.00029 0.000700342
307 1.00033 0.000699425
308 1.00033 0.000697201
309 1.00025 0.000698837
310 1.00036 0.000704534
311 1.0003 0.000704531
312 1.00023 0.00070589
313 1.00019 0.000705092
314 1.00015 0.000703577
315 1.00014 0.000701424
316 1.0001 0.000700492
317 1.00015 0.00069999
318 1.0002 0.000699909
319 1.00028 0.000701526
320 1.00031 0.000699985
321 1.0003 0.000697806
322 1.00031 0.000695657
323 1.00034 0.000694106
324 1.00039 0.000693749
325 1.00038 0.00069163
326 1.00035 0.000690102
327 1.00042 0.000691136
328 1.00041 0.000689166
329 1.00035 0.000689705
330 1.00033 0.000687824
331 1.00034 0.000685864
332 1.00035 0.000683914
333 1.00035 0.000681861
334 1.00029 0.000682377
335 1.00026 0.000681106
336 1.00022 0.000680338
337 1.00026 0.000679534
338 1.0003 0.000678623
339 1.00031 0.000676733
340 1.00029 0.000675107
341 1.00027 0.000673301
342 1.00022 0.000673177
343 1.00028 0.000673375
344 1.00028 0.000671424
345 1.00021 0.000672743
346 1.00019 0.00067122
347 1.00019 0.000669294
348 1.0002 0.000667489
349 1.00027 0.000669485
350 1.00022 0.000669307
351 1.0002 0.000667803
352 1.00017 0.00066649
353 1.00022 0.000666445
354 1.00021 0.000664703
355 1.0002 0.000662845
356 1.00017 0.000661668
357 1.00019 0.000659915
358 1.00018 0.00065811
359 1.00014 0.000657151
360 1.00016 0.000655561
361 1.00015 0.000653855
362 1.00015 0.000652056
363 1.00015 0.000650266
364 1.00017 0.000648907
365 1.00022 0.000649043
366 1.00023 0.00064727
367 1.00025 0.000645991
368 1.00025 0.000644243
369 1.00024 0.000642587
370 1.00025 0.000640902
371 1.00029 0.00064046
372 1.00031 0.000638892
373 1.00034 0.000638017
374 1.0003 0.000637359
375 1.00028 0.000636024
376 1.00023 0.00063608
377 1.00027 0.000635398
378 1.00024 0.000634277
379 1.00021 0.000633302
380 1.00021 0.000631662
381 1.00019 0.000630158
382 1.00017 0.000628917
383 1.00013 0.000628683
384 1.00006 0.000630681
385 1.00007 0.000629112
386 1.00005 0.000627748
387 1.00004 0.000626173
388 1.00011 0.000628331
389 1.00008 0.000627439
390 1.00009 0.000625882
391 1.00012 0.000624863
392 1.00013 0.000623321
393 1.00011 0.0006219
394 1.00013 0.000620773
395 1.00007 0.000622079
396 1.00006 0.000620746
397 1.00009 0.00061983
398 1.00005 0.000619337
399 1.00003 0.000618014
400 1 0.000617236
401 1.00003 0.000616323
402 0.99997 0.000617678
403 0.99995 0.000616477
404 0.999978 0.00061559
405 0.999965 0.000614204
406 0.999966 0.00061269
407 0.999979 0.000611331
408 0.999979 0.000609831
409 0.999968 0.000608439
410 1.00002 0.000609369
411 1.00001 0.000607934
412 1.00005 0.000607387
413 1.00008 0.00060683
414 1.00018 0.00061346
415 1.00019 0.0006121
416 1.00015 0.000612037
417 1.00015 0.000610569
418 1.00015 0.000609107
419 1.00011 0.000608672
420 1.00013 0.000607452
421 1.00015 0.000606465
422 1.00018 0.000605387
423 1.00017 0.000604001
424 1.00025 0.000607987
425 1.0002 0.00060871
426 1.00016 0.00060827
427 1.00018 0.000606983
428 1.00019 0.000605671
429 1.00022 0.000604965
430 1.00017 0.000605166
431 1.00016 0.000603941
432 1.00015 0.000602582
433 1.00018 0.00060207
434 1.00019 0.000600728
435 1.00017 0.000599748
436 1.00018 0.000598411
437 1.0002 0.000597604
438 1.00023 0.000596952
439 1.00021 0.000596054
440 1.00018 0.000595306
441 1.00016 0.000594301
442 1.00015 0.000592983
443 1.00016 0.000591731
444 1.0002 0.000591749
445 1.0002 0.000590422
446 1.00019 0.000589224
447 1.0002 0.000588021
448 1.00024 0.000587969
449 1.00024 0.000586669
450 1.00026 0.000585622
451 1.00024 0.000584568
452 1.00024 0.000583292
453 1.00027 0.000582592
454 1.00026 0.000581321
455 1.00024 0.000580288
456 1.00027 0.000579555
457 1.00028 0.000578347
458 1.00025 0.00057778
459 1.00022 0.000577426
460 1.00018 0.000577154
461 1.00016 0.000576312
462 1.00014 0.000575387
463 1.0001 0.000575627
464 1.00005 0.00057653
465 1.00004 0.000575416
466 1.00002 0.000574603
467 1.00002 0.000573374
468 1 0.00057234
469 0.999996 0.00057118
470 1.00002 0.000570585
471 1.00001 0.00056943
472 0.999976 0.000569531
473 1.00001 0.000569578
474 1.00001 0.000568427
475 0.999989 0.0005675
476 0.999986 0.000566314
477 0.999983 0.000565131
478 1 0.000564232
479 0.999988 0.0005632
480 0.999928 0.00056525
481 0.999971 0.000565685
482 0.999977 0.000564545
483 1 0.000564052
484 0.999975 0.00056364
485 0.999993 0.000562757
486 0.999997 0.000561614
487 1.00002 0.000560781
488 1.00003 0.000559849
489 1.00003 0.000558707
490 1.00004 0.00055767
491 1.00008 0.000558259
492 1.00006 0.000557754
493 1.00007 0.000556811
494 1.00006 0.000555951
495 1.00005 0.000554828
496 1.00003 0.000554101
497 1.00003 0.000553039
498 1.00005 0.000552548
499 1.00001 0.000553008
500 1.00004 0.000552532
