#Measures: 60000
#Blocks: 500
1 1.01541 0
2 1.02653 0.0111249
3 1.01121 0.0166154
4 1.00085 0.0156671
5 1.00866 0.0144353
6 1.00984 0.0118452
7 0.997372 0.0159912
8 0.990867 0.0153002
9 0.990739 0.0134941
10 0.986138 0.0129166
11 0.985638 0.0116942
12 0.988023 0.0109385
13 0.98357 0.0110035
14 0.983654 0.0101876
15 0.985737 0.00971012
16 0.986383 0.0091059
17 0.989528 0.00911357
18 0.992625 0.00913317
19 0.993372 0.00867143
20 0.992936 0.00823802
21 0.990951 0.0080835
22 0.988846 0.00798938
23 0.989259 0.00764526
24 0.986899 0.00769073
25 0.987856 0.00743847
26 0.990331 0.00756299
27 0.989968 0.00728652
28 0.989199 0.00706345
29 0.991306 0.00713389
30 0.991558 0.0068966
31 0.989651 0.0069379
32 0.991178 0.00688893
33 0.991842 0.00670987
34 0.99217 0.00651778
35 0.992282 0.00632981
36 0.992994 0.00619256
37 0.99369 0.00606293
38 0.99408 0.0059141
39 0.994229 0.00576239
40 0.994885 0.00565472
41 0.994896 0.00551509
42 0.994413 0.00540385
43 0.995086 0.00531948
44 0.994024 0.00530454
45 0.995537 0.00540159
46 0.996246 0.00533013
47 0.995841 0.00523117
48 0.995971 0.00512268
49 0.997188 0.00516254
50 0.996606 0.00509162
51 0.998258 0.00525715
52 0.996904 0.00532986
53 0.996301 0.00526299
54 0.996395 0.00516545
55 0.996227 0.00507345
56 0.994295 0.00534347
57 0.994045 0.00525482
58 0.992589 0.00536487
59 0.992027 0.00530295
60 0.991883 0.00521581
61 0.991951 0.00513004
62 0.993331 0.00523169
63 0.992517 0.00521185
64 0.993853 0.00530092
65 0.993042 0.00528147
66 0.991932 0.00531793
67 0.991198 0.00528903
68 0.990348 0.00527956
69 0.991005 0.0052437
70 0.990917 0.00516899
71 0.992031 0.00521619
72 0.992732 0.00519078
73 0.993094 0.00513193
74 0.993785 0.00510902
75 0.993776 0.00504044
76 0.995222 0.00517941
77 0.996247 0.00521355
78 0.995992 0.0051526
79 0.997005 0.00518677
80 0.997581 0.00515384
81 0.997595 0.00508983
82 0.998358 0.00508507
83 0.998129 0.00502866
84 0.997807 0.00497888
85 0.998908 0.00504161
86 0.998801 0.00498377
87 0.999433 0.00496645
88 1.00006 0.00494975
89 0.999796 0.00490098
90 0.999673 0.0048478
91 0.999667 0.00479423
92 0.999997 0.0047533
93 0.999506 0.00472748
94 0.999435 0.00467745
95 0.999536 0.00462906
96 0.999991 0.00460308
97 0.999686 0.00456556
98 0.999279 0.00453701
99 0.999054 0.00449663
100 0.999217 0.00445442
101 0.998651 0.00444622
102 0.99933 0.00445447
103 0.999248 0.00441177
104 0.998784 0.00439373
105 0.999476 0.00440632
106 0.999916 0.00438666
107 0.999956 0.00434566
108 0.998863 0.00444184
109 0.998732 0.00440286
110 0.998666 0.00436315
111 0.998506 0.0043266
112 0.998619 0.00428927
113 0.998823 0.00425605
114 0.998634 0.0042228
115 0.998414 0.0041917
116 0.99895 0.00418981
117 0.999087 0.00415613
118 0.999407 0.00413312
119 0.999165 0.00410537
120 0.999954 0.00414685
121 0.999551 0.00413218
122 0.999658 0.00409956
123 0.999238 0.00408766
124 0.999149 0.00405555
125 0.99894 0.00402837
126 0.998545 0.00401581
127 0.99811 0.00400772
128 0.997688 0.00399855
129 0.996973 0.00403151
130 0.996706 0.00400923
131 0.995967 0.0040466
132 0.995489 0.00404413
133 0.99559 0.00401488
134 0.995719 0.00398687
135 0.995532 0.00396164
136 0.995556 0.00393248
137 0.995351 0.00390907
138 0.995524 0.00388449
139 0.995786 0.00386539
140 0.995793 0.00383769
141 0.995891 0.00381163
142 0.995798 0.00378584
143 0.99607 0.00376915
144 0.995458 0.0037926
145 0.995625 0.00377005
146 0.995652 0.00374423
147 0.995973 0.00373253
148 0.995878 0.00370845
149 0.995744 0.00368592
150 0.995913 0.00366521
151 0.996248 0.00365618
152 0.996149 0.0036334
153 0.995665 0.0036419
154 0.995599 0.00361878
155 0.995753 0.00359867
156 0.995776 0.0035756
157 0.995388 0.00357383
158 0.995086 0.00356395
159 0.995561 0.00357319
160 0.995801 0.00355888
161 0.996253 0.0035654
162 0.99628 0.00354343
163 0.995855 0.00354723
164 0.995531 0.00354034
165 0.995625 0.00352008
166 0.995413 0.00350521
167 0.995491 0.00348502
168 0.995595 0.00346577
169 0.995168 0.00347151
170 0.995551 0.00347223
171 0.995775 0.00345911
172 0.995844 0.00343964
173 0.995798 0.00342002
174 0.995884 0.0034014
175 0.995894 0.00338193
176 0.995739 0.00336625
177 0.995305 0.00337513
178 0.995408 0.00335767
179 0.995498 0.00334009
180 0.995376 0.00332373
181 0.995553 0.00331005
182 0.995495 0.00329233
183 0.995761 0.00328509
184 0.995539 0.00327469
185 0.995582 0.00325723
186 0.995603 0.00323974
187 0.995346 0.00323264
188 0.995774 0.0032438
189 0.995803 0.00322672
190 0.995952 0.00321314
191 0.99666 0.00327365
192 0.996303 0.00327598
193 0.99637 0.00325964
194 0.996372 0.00324279
195 0.996586 0.00323319
196 0.996565 0.00321672
197 0.996742 0.00320528
198 0.996974 0.00319748
199 0.997586 0.00323955
200 0.997448 0.00322626
201 0.997481 0.00321034
202 0.997294 0.0031999
203 0.99774 0.0032152
204 0.997969 0.00320757
205 0.997453 0.00323329
206 0.997343 0.00321945
207 0.997156 0.0032093
208 0.997207 0.00319424
209 0.997468 0.00318961
210 0.997423 0.0031747
211 0.997546 0.00316201
212 0.997583 0.00314728
213 0.998061 0.00316863
214 0.998246 0.0031592
215 0.998611 0.00316557
216 0.998514 0.00315236
217 0.998715 0.00314425
218 0.999017 0.00314433
219 0.998899 0.00313216
220 0.998912 0.00311791
221 0.999078 0.00310819
222 0.999049 0.0030943
223 0.999024 0.00308049
224 0.999004 0.00306677
225 0.998951 0.00305358
226 0.998848 0.00304178
227 0.998794 0.00302882
228 0.999009 0.00302311
229 0.999366 0.00303103
230 0.999178 0.00302368
231 0.99943 0.00302107
232 0.999423 0.00300803
233 0.999128 0.00300964
234 0.999035 0.00299819
235 0.998875 0.00298969
236 0.998995 0.00297943
237 0.999279 0.00298043
238 0.999397 0.0029702
239 0.999351 0.00295809
240 0.999433 0.00294688
241 0.999467 0.00293482
242 0.999495 0.00292281
243 0.999461 0.00291095
244 0.999315 0.0029027
245 0.99949 0.00289615
246 0.999702 0.0028921
247 0.999563 0.00288371
248 0.999696 0.00287513
249 0.999547 0.00286741
250 0.999441 0.00285789
251 0.99942 0.00284656
252 0.999322 0.00283693
253 0.999446 0.00282841
254 0.999735 0.00283201
255 0.999897 0.00282555
256 0.999857 0.00281478
257 0.999764 0.00280535
258 1.00006 0.00280988
259 1.00005 0.00279902
260 1.00005 0.00278824
261 1.0001 0.00277805
262 0.999905 0.00277459
263 0.999933 0.00276416
264 1.00001 0.00275488
265 0.999812 0.00275193
266 0.999883 0.00274248
267 1.00022 0.00275271
268 1.00041 0.00274919
269 0.999972 0.00277393
270 0.999902 0.00276453
271 1.00001 0.00275639
272 0.999965 0.00274659
273 0.999965 0.00273651
274 1.00003 0.0027273
275 1.00013 0.00271914
276 1.00002 0.00271135
277 0.999945 0.00270266
278 0.99991 0.00269316
279 0.999921 0.00268351
280 0.999838 0.00267518
281 0.999937 0.00266746
282 1.0001 0.00266325
283 1.00014 0.00265402
284 1.0002 0.00264532
285 1.00031 0.00263856
286 1.0003 0.00262937
287 1.00004 0.00263291
288 0.999863 0.00262951
289 0.999492 0.00264655
290 0.999426 0.00263823
291 0.999169 0.00264166
292 0.999243 0.00263363
293 0.999221 0.00262471
294 0.998927 0.00263228
295 0.999133 0.00263145
296 0.999191 0.00262317
297 0.999176 0.00261437
298 0.999094 0.00260688
299 0.999038 0.00259875
300 0.999103 0.00259088
301 0.998944 0.00258716
302 0.999195 0.0025908
303 0.999312 0.0025849
304 0.999217 0.00257813
305 0.99931 0.00257134
306 0.999203 0.00256514
307 0.999084 0.00255954
308 0.99898 0.00255335
309 0.998764 0.0025542
310 0.998593 0.0025517
311 0.998582 0.0025435
312 0.998541 0.00253568
313 0.998599 0.00252822
314 0.998549 0.00252065
315 0.998713 0.00251802
316 0.998602 0.00251249
317 0.99875 0.00250886
318 0.998636 0.00250352
319 0.998737 0.0024977
320 0.998785 0.00249035
321 0.998905 0.00248544
322 0.998818 0.00247923
323 0.998879 0.0024723
324 0.999071 0.00247208
325 0.998988 0.00246584
326 0.998941 0.00245872
327 0.998638 0.00246983
328 0.998545 0.00246406
329 0.998485 0.00245728
330 0.998396 0.00245145
331 0.998629 0.00245519
332 0.998846 0.00245737
333 0.998824 0.00245008
334 0.998862 0.00244304
335 0.998693 0.00244163
336 0.998537 0.00243931
337 0.998494 0.00243244
338 0.998644 0.00242988
339 0.998512 0.0024263
340 0.998424 0.00242078
341 0.998225 0.00242184
342 0.998316 0.00241645
343 0.998302 0.00240943
344 0.99845 0.00240697
345 0.99827 0.00240673
346 0.998008 0.00241396
347 0.998038 0.00240717
348 0.997904 0.00240397
349 0.997858 0.00239751
350 0.997892 0.00239088
351 0.9978 0.00238581
352 0.997663 0.00238297
353 0.99747 0.00238408
354 0.997515 0.00237777
355 0.997418 0.00237302
356 0.997393 0.00236648
357 0.99733 0.00236069
358 0.997499 0.00236017
359 0.997664 0.00235937
360 0.997809 0.00235725
361 0.997829 0.0023508
362 0.997703 0.00234771
363 0.997788 0.0023428
364 0.998009 0.00234675
365 0.997814 0.0023484
366 0.99762 0.00235003
367 0.997766 0.00234816
368 0.997956 0.00234946
369 0.997988 0.0023433
370 0.998039 0.00233753
371 0.99808 0.00233158
372 0.99792 0.00233083
373 0.998068 0.00232928
374 0.998082 0.00232309
375 0.998059 0.002317
376 0.998064 0.00231083
377 0.997874 0.00231246
378 0.997968 0.00230823
379 0.99788 0.0023038
380 0.997896 0.00229779
381 0.99799 0.00229368
382 0.997775 0.00229774
383 0.997885 0.00229439
384 0.998041 0.00229371
385 0.998095 0.00228839
386 0.998129 0.00228269
387 0.997846 0.00229429
388 0.997842 0.00228837
389 0.997964 0.00228571
390 0.998008 0.00228027
391 0.9979 0.002277
392 0.997856 0.00227162
393 0.997784 0.00226697
394 0.99776 0.00226133
395 0.997938 0.00226259
396 0.997926 0.0022569
397 0.997883 0.00225163
398 0.997898 0.00224602
399 0.997747 0.00224541
400 0.997587 0.00224551
401 0.99752 0.0022409
402 0.997566 0.00223578
403 0.997456 0.00223293
404 0.997551 0.00222945
405 0.997529 0.00222404
406 0.997528 0.00221856
407 0.997595 0.0022141
408 0.997746 0.00221381
409 0.997607 0.00221272
410 0.99764 0.00220756
411 0.997744 0.0022046
412 0.997695 0.00219979
413 0.997613 0.00219598
414 0.997386 0.00220242
415 0.997289 0.00219925
416 0.997195 0.00219596
417 0.997107 0.00219246
418 0.997106 0.00218721
419 0.997085 0.00218208
420 0.997056 0.00217707
421 0.99701 0.00217238
422 0.996951 0.00216802
423 0.996963 0.00216292
424 0.996984 0.00215791
425 0.997124 0.00215734
426 0.997048 0.00215361
427 0.997095 0.00214908
428 0.997085 0.00214408
429 0.997115 0.00213928
430 0.996867 0.00214865
431 0.996973 0.0021463
432 0.996919 0.00214201
433 0.99718 0.00215292
434 0.997385 0.0021577
435 0.997418 0.00215299
436 0.997334 0.00214966
437 0.997289 0.00214522
438 0.997344 0.00214102
439 0.997333 0.00213616
440 0.997406 0.00213256
441 0.997314 0.00212972
442 0.99743 0.00212806
443 0.99747 0.00212362
444 0.997507 0.00211915
445 0.997464 0.0021148
446 0.997452 0.00211009
447 0.997466 0.00210542
448 0.997253 0.00211149
449 0.997225 0.00210697
450 0.997269 0.00210275
451 0.997325 0.00209883
452 0.997335 0.0020942
453 0.997446 0.00209251
454 0.997405 0.0020883
455 0.997518 0.00208676
456 0.997484 0.00208246
457 0.997438 0.0020784
458 0.997397 0.00207426
459 0.997522 0.0020735
460 0.997531 0.00206901
461 0.997433 0.00206683
462 0.997413 0.00206245
463 0.997357 0.00205873
464 0.997419 0.00205523
465 0.997454 0.0020511
466 0.997456 0.00204669
467 0.997478 0.00204243
468 0.997413 0.0020391
469 0.997334 0.00203629
470 0.997144 0.00204081
471 0.997103 0.00203687
472 0.996994 0.00203548
473 0.996897 0.00203351
474 0.99677 0.00203314
475 0.996868 0.00203119
476 0.996831 0.00202724
477 0.996568 0.00203999
478 0.996586 0.00203579
479 0.996701 0.00203479
480 0.996567 0.00203496
481 0.996622 0.00203146
482 0.996428 0.00203649
483 0.996444 0.00203233
484 0.996247 0.00203771
485 0.996219 0.0020337
486 0.996215 0.00202951
487 0.996187 0.00202553
488 0.996226 0.00202177
489 0.99614 0.00201946
490 0.996243 0.00201794
491 0.996319 0.00201526
492 0.996155 0.00201785
493 0.996024 0.00201799
494 0.996052 0.0020141
495 0.996108 0.0020108
496 0.996238 0.00201098
497 0.996297 0.0020078
498 0.996304 0.00200377
499 0.996253 0.00200039
500 0.996302 0.00199697
