#Measures 100000
#Blocks 200
15.0679 0
15.6891 0.621193
16.6163 0.994212
16.0152 0.924983
16.1909 0.737706
16.2236 0.603224
16.167 0.512947
15.9484 0.495118
16.0247 0.443269
15.9962 0.397494
16.0029 0.35961
16.1838 0.374802
16.1349 0.348218
16.2336 0.337172
16.1979 0.315913
16.2346 0.29778
16.2304 0.279748
16.2829 0.268942
16.1771 0.275532
16.1377 0.264352
16.1411 0.251473
16.058 0.253752
16.0005 0.249211
16.0138 0.238977
15.9807 0.231609
15.9539 0.224121
15.8885 0.225381
15.929 0.220929
15.9245 0.213222
15.9263 0.206
15.96 0.202081
16.0073 0.201284
16.1213 0.225947
16.144 0.220376
16.1488 0.214041
16.1771 0.209927
16.1489 0.206116
16.109 0.204534
16.0824 0.200987
16.0702 0.196281
16.0831 0.191869
16.0609 0.188555
16.0765 0.184777
16.0865 0.180806
16.1046 0.177666
16.1061 0.173768
16.0879 0.171008
16.0824 0.167497
16.0927 0.164366
16.0753 0.161982
16.0594 0.159567
16.0275 0.159695
16.0192 0.156873
16.008 0.154345
16.0072 0.151515
16.0338 0.151142
16.083 0.156425
16.0744 0.153943
16.0736 0.151314
16.0453 0.151453
16.0511 0.149065
16.0511 0.146641
16.0758 0.146383
16.0754 0.144078
16.0841 0.142105
16.0672 0.140942
16.0686 0.13883
16.0705 0.136785
16.0699 0.13479
16.0624 0.133061
16.053 0.131515
16.0443 0.129967
16.039 0.128284
16.043 0.126603
16.0398 0.124946
16.0234 0.124379
16.026 0.122782
16.0064 0.122776
15.973 0.125737
16.0007 0.127207
16.0097 0.12595
15.9917 0.1257
15.9788 0.124842
15.9772 0.123357
15.9756 0.121907
15.9516 0.122853
15.9573 0.121565
15.9421 0.12113
15.9337 0.120054
15.9366 0.118747
15.9424 0.11758
15.9411 0.116302
15.9429 0.11506
15.939 0.113899
15.9391 0.112693
15.9396 0.111514
15.9409 0.110367
15.9583 0.110602
15.9605 0.109502
15.9614 0.108405
15.9641 0.107361
15.9761 0.106972
15.9713 0.106037
15.9756 0.105098
15.9552 0.106056
15.9388 0.106326
15.9344 0.105421
15.9455 0.105029
15.9364 0.104456
15.9378 0.103512
15.9398 0.102594
15.959 0.103482
15.9422 0.103929
15.9395 0.103048
15.9427 0.102197
15.9538 0.10192
15.9443 0.101489
15.9336 0.101191
15.9192 0.101371
15.9212 0.100542
15.914 0.0999654
15.9027 0.0997815
15.9061 0.0990246
15.9068 0.0982248
15.9024 0.0975331
15.9161 0.0977236
15.9193 0.0970041
15.9133 0.0964346
15.9081 0.0958243
15.9141 0.0952744
15.9148 0.0945468
15.9191 0.0939272
15.9126 0.0934465
15.8949 0.0944197
15.9087 0.0947319
15.9069 0.0940507
15.9065 0.0933625
15.9079 0.0926947
15.9023 0.0921957
15.9027 0.0915356
15.9008 0.0909035
15.8969 0.0903453
15.9015 0.0898257
15.9138 0.0900515
15.9164 0.0894652
15.9152 0.088858
15.9101 0.0884015
15.9072 0.0878502
15.9072 0.0872586
15.9045 0.086715
15.9138 0.0866396
15.9266 0.0870081
15.9315 0.0865753
15.9312 0.0860116
15.9266 0.085583
15.9319 0.0852013
15.9214 0.0853046
15.9111 0.0853918
15.9133 0.0848834
15.911 0.0843828
15.9076 0.0839282
15.9115 0.0835026
15.9044 0.0832934
15.8978 0.0830527
15.9071 0.0830787
15.9001 0.0828753
15.903 0.0824272
15.9005 0.081972
15.8975 0.0815416
15.8941 0.0811289
15.8881 0.0808804
15.8959 0.0807881
15.8973 0.0803321
15.8974 0.0798692
15.8999 0.0794489
15.9033 0.079071
15.9082 0.0787733
15.9048 0.0784014
15.9064 0.0779793
15.8978 0.0780277
15.8872 0.078313
15.8765 0.0786152
15.8781 0.0782015
15.8858 0.0781568
15.8879 0.0777622
15.8871 0.0773475
15.8941 0.0772526
15.8998 0.0770484
15.8993 0.0766411
15.8998 0.0762383
15.8889 0.0766119
15.8866 0.0762493
15.8904 0.0759498
15.8884 0.0755829
15.8868 0.0752122
15.8759 0.0756104
15.8789 0.0752853
15.8838 0.075063
15.8724 0.0755495
15.8686 0.0752687
