#Measures 100000
#Blocks 200
15.8107 0
16.7245 0.913769
16.5496 0.555802
16.0202 0.659326
15.8566 0.536283
15.627 0.494433
15.6146 0.418054
15.4553 0.395554
15.4805 0.349754
15.4975 0.313292
15.6847 0.339631
15.6044 0.32026
15.6002 0.294627
15.6292 0.274312
15.6994 0.264856
15.6236 0.259094
15.6813 0.250126
15.5843 0.255019
15.5691 0.241701
15.6543 0.244635
15.6425 0.232997
15.6133 0.224062
15.6136 0.214099
15.556 0.212926
15.6321 0.217925
15.6267 0.209445
15.6074 0.202458
15.6766 0.206986
15.6544 0.200942
15.6426 0.194487
15.6713 0.190283
15.6996 0.186394
15.7042 0.180717
15.6846 0.17641
15.6848 0.171296
15.6432 0.171603
15.6299 0.167424
15.6665 0.167009
15.6327 0.16614
15.679 0.168407
15.6662 0.164746
15.6912 0.162721
15.7377 0.165532
15.7383 0.161728
15.7831 0.164322
15.7896 0.16084
15.7701 0.158575
15.8046 0.159009
15.8069 0.155747
15.809 0.152615
15.832 0.151351
15.8335 0.14842
15.8139 0.14691
15.8268 0.144747
15.8043 0.143869
15.8119 0.141482
15.8121 0.138978
15.8252 0.137188
15.8133 0.135373
15.8105 0.133127
15.8232 0.131539
15.8225 0.129402
15.8168 0.127455
15.8064 0.12588
15.8003 0.124078
15.8103 0.122592
15.8462 0.12597
15.8667 0.125779
15.843 0.126175
15.854 0.124845
15.8543 0.123074
15.8499 0.121433
15.8425 0.11999
15.8508 0.118652
15.8526 0.117073
15.8344 0.116949
15.8196 0.116368
15.8265 0.115074
15.8076 0.11516
15.8023 0.113835
15.8148 0.113108
15.803 0.112342
15.8033 0.110981
15.7961 0.109886
15.8005 0.108673
15.7891 0.107999
15.7956 0.106947
15.7864 0.106124
15.7652 0.107041
15.7779 0.106604
15.7576 0.107367
15.7583 0.106196
15.7539 0.10514
15.7532 0.104018
15.7583 0.103045
15.7623 0.102045
15.7667 0.101081
15.7828 0.101343
15.78 0.100354
15.7815 0.0993576
15.7816 0.098369
15.7952 0.0983377
15.7758 0.0992955
15.7775 0.0983524
15.7581 0.0993269
15.7535 0.0984937
15.7541 0.0975707
15.7439 0.0972041
15.7277 0.0976525
15.7222 0.0969181
15.738 0.0973349
15.7497 0.0971649
15.7401 0.0967814
15.7433 0.0959834
15.7374 0.0953293
15.739 0.094518
15.7312 0.0940325
15.7308 0.0932328
15.7237 0.0927202
15.7259 0.0919704
15.7401 0.0922991
15.7392 0.0915438
15.7559 0.0923264
15.7501 0.0917633
15.7464 0.0911014
15.7499 0.0904425
15.748 0.0897474
15.7552 0.0893389
15.7547 0.0886455
15.7531 0.0879754
15.7472 0.0874973
15.7323 0.088101
15.7313 0.0874425
15.7415 0.0873891
15.7372 0.0868464
15.7409 0.086286
15.7337 0.0859566
15.7486 0.0866197
15.7386 0.0865771
15.7491 0.0866007
15.7493 0.0859845
15.7576 0.0857836
15.7445 0.0861808
15.7522 0.0859243
15.7544 0.0853581
15.7527 0.0847898
15.7543 0.0842277
15.7548 0.0836578
15.755 0.0830947
15.7509 0.0826368
15.7513 0.0820886
15.7517 0.0815475
15.7541 0.081049
15.7576 0.0805968
15.7556 0.0801006
15.759 0.0796601
15.759 0.0791511
15.7517 0.0789856
15.75 0.0785067
15.7621 0.0789556
15.7651 0.0785212
15.7661 0.0780413
15.7544 0.078446
15.7521 0.0779987
15.7567 0.0776587
15.7528 0.077289
15.7576 0.0769772
15.7574 0.0765178
15.7762 0.0783409
15.7771 0.0778844
15.7747 0.0774649
15.7766 0.0770367
15.7793 0.0766366
15.776 0.0762653
15.7753 0.0758318
15.7669 0.0758697
15.77 0.0755044
15.769 0.0750853
15.7668 0.0746969
15.7712 0.074411
15.7735 0.0740353
15.7745 0.0736339
15.7699 0.0733766
15.7712 0.0729876
15.7682 0.0726503
15.7666 0.0722785
15.7654 0.0719006
15.7703 0.0716868
15.7663 0.0714168
15.7732 0.0713724
15.7697 0.0710835
15.7702 0.0707136
15.7777 0.0707467
15.7718 0.0706246
15.7761 0.0703939
15.7654 0.0708454
15.7669 0.0704998
15.7641 0.0701979
15.7569 0.0702119
15.7518 0.0700454
