#Measures 100000
#Blocks 200
4.80884 0
4.59117 0.217671
4.86499 0.301284
5.03519 0.272681
5.23243 0.288988
5.25641 0.237174
5.25372 0.200466
5.40609 0.230991
5.36096 0.208655
5.37481 0.18714
5.46945 0.193934
5.51142 0.181944
5.45353 0.177095
5.43513 0.164987
5.43161 0.153635
5.39482 0.148347
5.39434 0.139349
5.36541 0.134526
5.35606 0.127593
5.35468 0.121053
5.32862 0.118056
5.35956 0.116738
5.39422 0.116808
5.37703 0.113149
5.33564 0.116152
5.33781 0.111617
5.33106 0.107615
5.31862 0.104443
5.32913 0.101324
5.33949 0.0984344
5.35911 0.0972065
5.34196 0.0956686
5.35101 0.0931645
5.36074 0.0909058
5.36338 0.0883095
5.35198 0.0865751
5.34757 0.0843178
5.33334 0.0832947
5.33635 0.0811866
5.31569 0.0817834
5.32247 0.0800517
5.32237 0.0781225
5.30984 0.0773067
5.31082 0.0755356
5.29621 0.0752685
5.29069 0.0738209
5.31397 0.0758921
5.31039 0.0743805
5.3025 0.0732735
5.2882 0.0732024
5.28397 0.0718772
5.29245 0.0709899
5.30953 0.0717017
5.31525 0.0705934
5.31508 0.0692982
5.3206 0.0682728
5.31903 0.0670826
5.32211 0.0659877
5.32297 0.0648653
5.31831 0.0639452
5.31321 0.0630944
5.32784 0.0637691
5.32446 0.0628395
5.33047 0.0621405
5.332 0.0611963
5.33447 0.0603124
5.33864 0.059552
5.33128 0.0591304
5.33495 0.0583827
5.33702 0.0575799
5.33562 0.0567805
5.32846 0.0564422
5.32714 0.0556794
5.32302 0.0550757
5.33425 0.0554846
5.33234 0.0547829
5.33273 0.0540681
5.32938 0.0534756
5.33416 0.0530109
5.33744 0.0524466
5.33434 0.0518875
5.34443 0.0522345
5.33403 0.0526385
5.34843 0.053963
5.34413 0.0534973
5.3452 0.0528823
5.34824 0.0523593
5.35507 0.0522099
5.36096 0.0519546
5.35647 0.0515696
5.36326 0.0514496
5.36264 0.050891
5.36572 0.0504346
5.35474 0.0510886
5.35215 0.050614
5.34722 0.0503263
5.3524 0.0500732
5.3493 0.0496564
5.35295 0.0492873
5.35083 0.0488379
5.34971 0.048365
5.34969 0.0478884
5.35449 0.0476629
5.35321 0.0472198
5.36107 0.0474247
5.36343 0.0470343
5.36637 0.0466853
5.36548 0.0462595
5.36566 0.0458334
5.37105 0.0457339
5.36936 0.0453514
5.3636 0.0453126
5.35835 0.0452159
5.35828 0.0448176
5.3605 0.0444816
5.36527 0.0443539
5.35919 0.0443917
5.3619 0.0440973
5.3593 0.0438025
5.35225 0.0440045
5.35237 0.0436395
5.35817 0.0436668
5.35673 0.0433344
5.34957 0.0435755
5.35436 0.0434902
5.35665 0.0432042
5.35864 0.0429088
5.35895 0.0425734
5.35861 0.0422434
5.36329 0.0421777
5.36208 0.0418719
5.36953 0.0422154
5.37165 0.0419506
5.37092 0.0416428
5.37239 0.0413595
5.37163 0.0410614
5.37721 0.0411405
5.37863 0.040866
5.37588 0.0406635
5.37257 0.0405077
5.37368 0.0402348
5.3685 0.0402855
5.37081 0.0400693
5.37342 0.0398758
5.37283 0.0396043
5.37318 0.0393336
5.37518 0.0391165
5.37893 0.0390315
5.37537 0.0389314
5.37535 0.038671
5.37652 0.0384319
5.38342 0.0387962
5.38109 0.0386117
5.38138 0.0383612
5.38336 0.0381642
5.38168 0.0379561
5.38543 0.0379005
5.38529 0.0376601
5.38169 0.0375945
5.38026 0.0373864
5.38175 0.0371834
5.37988 0.0370006
5.37896 0.0367843
5.37759 0.0365849
5.37366 0.0365746
5.37459 0.0363656
5.37699 0.0362267
5.37686 0.0360107
5.37278 0.0360284
5.37417 0.0358427
5.37346 0.0356395
5.36977 0.0356233
5.3689 0.0354275
5.36671 0.0352915
5.36885 0.0351548
5.37049 0.0349928
5.37157 0.0348112
5.36822 0.0347765
5.36753 0.0345886
5.36567 0.0344462
5.36487 0.0342646
5.36605 0.034096
5.36902 0.0340395
5.36725 0.0339002
5.37156 0.0339896
5.36922 0.0338872
5.37304 0.0339217
5.37273 0.0337422
5.37148 0.0335865
5.37564 0.0336673
5.37758 0.033547
5.37659 0.0333866
5.37133 0.0336262
5.37214 0.0334622
5.36964 0.033384
5.37186 0.0332875
5.37018 0.033161
5.3681 0.0330586
5.36736 0.0329003
5.36616 0.0327574
