#Measures 100000
#Blocks 200
4.97253 0
5.19735 0.224827
5.1891 0.130067
5.2976 0.142237
5.35218 0.122957
5.4067 0.114238
5.36523 0.105076
5.41828 0.105331
5.37995 0.10049
5.34308 0.0971467
5.34462 0.087886
5.38098 0.088082
5.33685 0.0922601
5.3255 0.0861681
5.33531 0.0808162
5.36003 0.0795363
5.3499 0.0753958
5.312 0.0805535
5.32481 0.0772641
5.36337 0.0828249
5.3331 0.0843963
5.32736 0.0806736
5.33891 0.0779469
5.34587 0.0749523
5.34872 0.0719484
5.36074 0.0701625
5.36848 0.0679568
5.35933 0.0661215
5.34925 0.0645926
5.34615 0.0624793
5.3466 0.0604319
5.34337 0.0586017
5.31234 0.0647245
5.30965 0.0628495
5.324 0.0626916
5.32766 0.0610352
5.34062 0.0607607
5.35385 0.0606024
5.34153 0.060301
5.34598 0.0589424
5.33303 0.058926
5.33768 0.0576931
5.34118 0.0564443
5.34687 0.0554388
5.34708 0.0541933
5.35179 0.0532115
5.3512 0.0520703
5.33594 0.053211
5.31472 0.0562665
5.32383 0.0558766
5.3263 0.0548259
5.34742 0.0577584
5.34365 0.0567833
5.3543 0.0567296
5.34333 0.0567571
5.33954 0.0558633
5.33977 0.0548749
5.36003 0.0576002
5.35522 0.0568189
5.35738 0.0559056
5.35273 0.0551775
5.34623 0.0546686
5.34719 0.0538024
5.33958 0.0535
5.33558 0.0528216
5.35291 0.0548254
5.34918 0.0541298
5.34793 0.0533424
5.35051 0.052627
5.35051 0.0518697
5.35579 0.0514058
5.35488 0.0506951
5.3508 0.0501622
5.35386 0.0495742
5.36104 0.0494339
5.36594 0.049024
5.36394 0.0484241
5.37207 0.0484856
5.37956 0.0484507
5.37926 0.0478422
5.36915 0.048319
5.37704 0.048375
5.37827 0.0478043
5.371 0.0477869
5.36928 0.0472527
5.36854 0.0467059
5.37343 0.0464239
5.37314 0.0458942
5.38278 0.0463864
5.38174 0.0458798
5.38288 0.0453872
5.37742 0.0452224
5.37395 0.0448678
5.37562 0.0444192
5.38059 0.0442296
5.37652 0.0439551
5.37554 0.0435107
5.37264 0.0431619
5.36868 0.0429065
5.37261 0.0426565
5.3716 0.0422442
5.36992 0.0418615
5.37241 0.0415277
5.3693 0.041244
5.37053 0.0408678
5.37282 0.0405451
5.37046 0.0402336
5.36604 0.0401035
5.37062 0.0399969
5.37153 0.0396421
5.36678 0.0395698
5.36544 0.0392378
5.37222 0.0394741
5.36975 0.0392038
5.37098 0.0388809
5.37135 0.038546
5.37139 0.0382152
5.37795 0.0384529
5.37692 0.0381423
5.37264 0.038065
5.36855 0.0379694
5.36524 0.0378022
5.36593 0.0375
5.36437 0.0372292
5.37208 0.0377281
5.37168 0.0374297
5.36732 0.0373888
5.37008 0.037198
5.37279 0.0370077
5.36746 0.0371058
5.36821 0.036829
5.36709 0.0365662
5.37046 0.0364462
5.37785 0.0369212
5.37474 0.036779
5.37346 0.0365297
5.37306 0.0362643
5.3694 0.0361862
5.36025 0.0370717
5.35665 0.0369818
5.35612 0.0367223
5.35625 0.036463
5.35563 0.0362125
5.35719 0.035994
5.35813 0.0357574
5.35759 0.0355158
5.36403 0.0358567
5.3654 0.0356399
5.36817 0.0355081
5.36477 0.035434
5.36321 0.0352331
5.36117 0.0350596
5.36192 0.0348377
5.36279 0.0346216
5.36112 0.0344379
5.36213 0.0342315
5.36274 0.0340181
5.36399 0.0338253
5.36879 0.0339532
5.36953 0.0337484
5.37 0.0335415
5.37172 0.0333779
5.36871 0.0333082
5.3679 0.0331145
5.36337 0.033223
5.36387 0.033026
5.36239 0.0328608
5.36181 0.0326698
5.35885 0.0326111
5.35485 0.0326643
5.35423 0.0324786
5.35196 0.0323686
5.35225 0.0321823
5.35141 0.0320079
5.35547 0.0320826
5.35287 0.0320051
5.35537 0.0319211
5.35611 0.0317501
5.35777 0.0316159
5.36454 0.0321598
5.3693 0.0323335
5.37321 0.0323925
5.37254 0.032222
5.36935 0.0322049
5.3721 0.0321489
5.37219 0.0319757
5.37228 0.0318044
5.37196 0.0316364
5.37085 0.0314881
5.36944 0.0313537
5.37151 0.0312578
5.37373 0.0311734
5.36908 0.0313581
5.36706 0.0312613
5.36955 0.0312002
5.36945 0.0310408
5.36573 0.0311061
5.36662 0.0309615
5.37368 0.0316041
5.37492 0.03147
