Nblocks: 200
BlockLength: 100
Mean: 0.811383
Sigma: 0.620714
-0.443804    0
-0.443801    3.46926e-06
-0.443756    4.48225e-05
-0.44385    9.85387e-05
-0.443833    7.79966e-05
-0.443911    0.000100386
-0.443948    9.24856e-05
-0.443937    8.08548e-05
-0.443917    7.41269e-05
-0.443916    6.63027e-05
-0.44389    6.53286e-05
-0.443867    6.38215e-05
-0.443864    5.88264e-05
-0.44387    5.48242e-05
-0.443871    5.1054e-05
-0.443868    4.78436e-05
-0.443854    4.71953e-05
-0.443843    4.58563e-05
-0.443837    4.37209e-05
-0.443814    4.74057e-05
-0.443801    4.70158e-05
-0.443798    4.49201e-05
-0.443788    4.41856e-05
-0.443785    4.24235e-05
-0.443758    4.83703e-05
-0.443766    4.71378e-05
-0.443762    4.55275e-05
-0.443761    4.39081e-05
-0.443761    4.23722e-05
-0.443752    4.20921e-05
-0.443738    4.27616e-05
-0.443724    4.36975e-05
-0.443716    4.3137e-05
-0.443717    4.18537e-05
-0.44372    4.07557e-05
-0.443717    3.97436e-05
-0.443711    3.90682e-05
-0.443714    3.81737e-05
-0.44372    3.75696e-05
-0.443708    3.83512e-05
-0.443709    3.74145e-05
-0.443708    3.65513e-05
-0.443704    3.5826e-05
-0.443702    3.5108e-05
-0.443697    3.46084e-05
-0.443694    3.40142e-05
-0.443698    3.3567e-05
-0.443691    3.35565e-05
-0.443687    3.31099e-05
-0.443688    3.24557e-05
-0.443691    3.19225e-05
-0.44369    3.13228e-05
-0.44369    3.07281e-05
-0.443694    3.04608e-05
-0.443692    2.99747e-05
-0.443692    2.94376e-05
-0.443693    2.89207e-05
-0.443687    2.89058e-05
-0.443691    2.86684e-05
-0.443695    2.84002e-05
-0.443691    2.815e-05
-0.443692    2.77102e-05
-0.443688    2.75664e-05
-0.443693    2.75158e-05
-0.443693    2.70959e-05
-0.443691    2.68083e-05
-0.443691    2.64091e-05
-0.443695    2.62416e-05
-0.443685    2.76883e-05
-0.443677    2.82484e-05
-0.443677    2.78479e-05
-0.443674    2.76086e-05
-0.443676    2.72653e-05
-0.443677    2.69256e-05
-0.443676    2.65801e-05
-0.443675    2.62563e-05
-0.443675    2.59131e-05
-0.443675    2.55787e-05
-0.443677    2.53567e-05
-0.44368    2.51388e-05
-0.44368    2.48308e-05
-0.443678    2.46472e-05
-0.443674    2.46737e-05
-0.443676    2.45516e-05
-0.443678    2.42961e-05
-0.443676    2.4079e-05
-0.443677    2.38396e-05
-0.443678    2.35688e-05
-0.443682    2.36722e-05
-0.443682    2.341e-05
-0.443683    2.31744e-05
-0.443686    2.31551e-05
-0.443688    2.29366e-05
-0.443681    2.35484e-05
-0.443684    2.34573e-05
-0.443684    2.32148e-05
-0.44369    2.37026e-05
-0.443687    2.36255e-05
-0.443686    2.3451e-05
-0.443688    2.33354e-05
-0.443685    2.33264e-05
-0.443684    2.31314e-05
-0.443684    2.29215e-05
-0.443681    2.30411e-05
-0.443679    2.28935e-05
-0.443678    2.26951e-05
-0.44368    2.26016e-05
-0.443686    2.31144e-05
-0.44368    2.35629e-05
-0.443683    2.35379e-05
-0.443684    2.33487e-05
-0.44368    2.35842e-05
-0.44368    2.33843e-05
-0.443681    2.31783e-05
-0.443677    2.32112e-05
-0.443675    2.31549e-05
-0.443672    2.3062e-05
-0.443673    2.28738e-05
-0.443676    2.29053e-05
-0.443677    2.27252e-05
-0.443678    2.2575e-05
-0.443678    2.23939e-05
-0.443676    2.22629e-05
-0.443675    2.21013e-05
-0.443673    2.20374e-05
-0.443672    2.18847e-05
-0.443671    2.17673e-05
-0.443674    2.19336e-05
-0.44367    2.22316e-05
-0.443667    2.227e-05
-0.443667    2.21e-05
-0.443667    2.19356e-05
-0.443668    2.1834e-05
-0.443666    2.1746e-05
-0.443667    2.15853e-05
-0.443666    2.14421e-05
-0.443664    2.13968e-05
-0.443663    2.1254e-05
-0.443661    2.11606e-05
-0.443662    2.10123e-05
-0.443658    2.11565e-05
-0.44366    2.10548e-05
-0.443658    2.09702e-05
-0.443654    2.11174e-05
-0.443656    2.10243e-05
-0.443656    2.088e-05
-0.443657    2.07984e-05
-0.443657    2.06575e-05
-0.44366    2.06434e-05
-0.44366    2.05127e-05
-0.443661    2.0411e-05
-0.443659    2.04096e-05
-0.44366    2.02873e-05
-0.443659    2.01639e-05
-0.443658    2.00508e-05
-0.443659    1.99335e-05
-0.443658    1.98196e-05
-0.443659    1.97117e-05
-0.443659    1.95882e-05
-0.443658    1.9486e-05
-0.443658    1.93688e-05
-0.443658    1.92497e-05
-0.443657    1.91884e-05
-0.443657    1.90726e-05
-0.443658    1.90265e-05
-0.443658    1.89116e-05
-0.443659    1.88002e-05
-0.443661    1.88327e-05
-0.44366    1.87304e-05
-0.44366    1.86199e-05
-0.443662    1.85682e-05
-0.443662    1.84699e-05
-0.443663    1.83799e-05
-0.443664    1.8291e-05
-0.443663    1.82242e-05
-0.443663    1.81207e-05
-0.443663    1.80298e-05
-0.443665    1.79712e-05
-0.443663    1.79621e-05
-0.443661    1.79598e-05
-0.443657    1.82859e-05
-0.443655    1.83335e-05
-0.443654    1.82354e-05
-0.44365    1.86473e-05
-0.44365    1.85463e-05
-0.443648    1.85294e-05
-0.44365    1.85134e-05
-0.44365    1.84169e-05
-0.443651    1.83342e-05
-0.443653    1.82895e-05
-0.443652    1.82091e-05
-0.44365    1.82116e-05
-0.443647    1.83333e-05
-0.443647    1.82435e-05
-0.443647    1.81533e-05
-0.443648    1.80733e-05
-0.443648    1.79946e-05
-0.443649    1.79274e-05
-0.44365    1.78393e-05
-0.443649    1.77528e-05
